ARM GAS  /var/folders/fq/ltb3dbq95yq6ljzx21t9gnkc0000gn/T//ccSS1Vv2.s 			page 1


   1              		.cpu cortex-m0
   2              		.fpu softvfp
   3              		.eabi_attribute 20, 1
   4              		.eabi_attribute 21, 1
   5              		.eabi_attribute 23, 3
   6              		.eabi_attribute 24, 1
   7              		.eabi_attribute 25, 1
   8              		.eabi_attribute 26, 1
   9              		.eabi_attribute 30, 2
  10              		.eabi_attribute 34, 0
  11              		.eabi_attribute 18, 4
  12              		.code	16
  13              		.file	"board.c"
  14              		.text
  15              	.Ltext0:
  16              		.section	.gnu.lto_.profile.87213c1989d40a2e,"",%progbits
  17 0000 789C6366 		.ascii	"x\234cf```a\200\000F\006>f\000\000\223\000\032"
  17      60606061 
  17      80004606 
  17      3E660000 
  17      93001A
  18              		.text
  19              		.section	.gnu.lto_.jmpfuncs.87213c1989d40a2e,"",%progbits
  20 0000 789C6366 		.ascii	"x\234cf\300\0168\2414\023\210`\004b\000\001S\000\020"
  20      C00E38A1 
  20      34138860 
  20      04620001 
  20      530010
  21              		.text
  22              		.section	.gnu.lto_.inline.87213c1989d40a2e,"",%progbits
  23 0000 789C6366 		.ascii	"x\234cf\300\016\264\2414\023\003\003\013\017#\210b`"
  23      C00EB4A1 
  23      34130303 
  23      0B0F2388 
  23      6260
  24 0012 5B200FA2 		.ascii	"[ \017\242\030\030\271@\004\0033\023\2520\003\000,\231"
  24      1818B940 
  24      04033313 
  24      AA300300 
  24      2C99
  25 0024 01E6     		.ascii	"\001\346"
  26              		.text
  27              		.section	.gnu.lto_.pureconst.87213c1989d40a2e,"",%progbits
  28 0000 789C6366 		.ascii	"x\234cf```e\200\000&\006\011F\006\000\000\331\000$"
  28      60606065 
  28      80002606 
  28      09460600 
  28      00D90024 
  29              		.text
  30              		.section	.gnu.lto___early_init.87213c1989d40a2e,"",%progbits
  31 0000 789C6366 		.ascii	"x\234cf\300\004R@\274\010\210\215\200\230\221\231\201"
  31      C0045240 
  31      BC08888D 
  31      80989199 
  31      81
  32 0011 9169C239 		.ascii	"\221i\3029\006\206F\016&FF\020\203\201\221\241\236\211"
  32      0686460E 
ARM GAS  /var/folders/fq/ltb3dbq95yq6ljzx21t9gnkc0000gn/T//ccSS1Vv2.s 			page 2


  32      26464610 
  32      838191A1 
  32      9E89
  33 0023 B19EF125 		.ascii	"\261\236\361%\323G&\306\011\007V\317\340V_\332\320\320"
  33      D34726C6 
  33      090756CF 
  33      E0565FDA 
  33      D0D0
  34 0035 F0E1D146 		.ascii	"\360\341\321F\211V\211\237L\014\014\237\231 \3060.g"
  34      8956899F 
  34      4C0C0C9F 
  34      9920C630 
  34      2E67
  35 0047 546700AA 		.ascii	"Tg\000\252\371\330\362\367:7[\013P\215\000D\216q\005"
  35      F9D8F2F7 
  35      3A375B0B 
  35      508D0044 
  35      8E7105
  36 005a 231B2390 		.ascii	"#\033#\220^/t\240\341\377\377\307s\346lfaf`x\002\224"
  36      5E2F74A0 
  36      E1FFFFC7 
  36      73E66C66 
  36      61666078 
  37 0070 0299FF94 		.ascii	"\002\231\377\224\211\011D3\337al>\260\361\030#H1\310"
  37      89094433 
  37      DF616C3E 
  37      B0F11823 
  37      4831C8
  38 0083 947997FB 		.ascii	"\224y\227\373\3261\325\376n\350h\340\370\311\304\370"
  38      D631D5FE 
  38      6EE868E0 
  38      F8C9C4F8 
  39 0093 99096800 		.ascii	"\231\011h\000\343J\306Z\206\237@\345\367\030\033\017"
  39      E34AC65A 
  39      869F40E5 
  39      F7181B0F 
  40 00a3 6C7603AB 		.ascii	"lv\003\253d\000\031\304\0102\000h\234\201\236\236>\004"
  40      640019C4 
  40      08320068 
  40      9C819E9E 
  40      3E04
  41 00b5 E517EB67 		.ascii	"\345\027\353g$\346\350'\345'\026\245\024\353\007\207"
  41      24E6E827 
  41      E52716A5 
  41      14EB0787 
  42 00c5 C4FB853A 		.ascii	"\304\373\205:\373\270\372\307\273\031\230\033\0049A"
  42      FBB8FAC7 
  42      BB19981B 
  42      043941
  43 00d4 C4F59219 		.ascii	"\304\365\222\031\000o\263H\336"
  43      006FB348 
  43      DE
  44              		.text
  45              		.section	.gnu.lto_boardInit.87213c1989d40a2e,"",%progbits
  46 0000 789C6366 		.ascii	"x\234cf\300\004R@\\\002\304F@\314\310\314\300\3104\341"
  46      C0045240 
  46      5C02C446 
ARM GAS  /var/folders/fq/ltb3dbq95yq6ljzx21t9gnkc0000gn/T//ccSS1Vv2.s 			page 3


  46      40CCC8CC 
  46      C0C834E1 
  47 0014 1C034323 		.ascii	"\034\003C#\007\023##\210\301\300\310P\317\304X\317\370"
  47      07132323 
  47      88C1C0C8 
  47      50CFC458 
  47      CFF8
  48 0026 92E92313 		.ascii	"\222\351#\023\343\204\003\253gp\253/mhh\370pi\247D\253"
  48      E38403AB 
  48      6770AB2F 
  48      6D6868F8 
  48      7069A744 
  49 003b C44F2606 		.ascii	"\304O&\006\206\317L\020c\030\2273\2523\000\325|l\371"
  49      86CF4C10 
  49      63189733 
  49      AA3300D5 
  49      7C6CF9
  50 004e 7B9D9BAD 		.ascii	"{\235\233\255\005\250F\000\"\307\270\202\221\215\021"
  50      05A84600 
  50      22C7B882 
  50      918D11
  51 005d 48AF173A 		.ascii	"H\257\027:\320\360\377\377\342\351ov\262\000\205\237"
  51      D0F0FFFF 
  51      E2E96F76 
  51      B200859F 
  52 006d 0031C8FC 		.ascii	"\0001\310\374\247LL \232\371\036##H!\310\244'L\214 "
  52      A74C4C20 
  52      9AF91E23 
  52      234821C8 
  52      A4274C8C 
  53 0082 21A00203 		.ascii	"!\240\002\003==}\010\312/\326\317H\314\321O\312O,J)"
  53      3D3D7D08 
  53      CA2FD6CF 
  53      48CCD14F 
  53      CA4F2C4A 
  54 0097 D60F0E89 		.ascii	"\326\017\016\211\367\013u\366q\365\217w307\010r\202"
  54      F70B75F6 
  54      71F58F77 
  54      33303708 
  54      7282
  55 00a9 88EB2533 		.ascii	"\210\353%3\000\0002n7u"
  55      0000326E 
  55      3775
  56              		.text
  57              		.section	.gnu.lto_.symbol_nodes.87213c1989d40a2e,"",%progbits
  58 0000 789C6366 		.ascii	"x\234cf``pa\200\002\246M\214\365\014\014\023\31610\324"
  58      60607061 
  58      8002A64D 
  58      8CF50C0C 
  58      13CE3130 
  59 0015 D733CC5B 		.ascii	"\3273\314[\300\301\300\264\231\261\236\021Y\200u##\303"
  59      C0C1C0B4 
  59      99B19E11 
  59      59807523 
  59      23C3
  60 0027 42A67A06 		.ascii	"B\246z\006\306-\214\365L\020\011\206\206\006\016\006"
  60      C62D8CF5 
ARM GAS  /var/folders/fq/ltb3dbq95yq6ljzx21t9gnkc0000gn/T//ccSS1Vv2.s 			page 4


  60      4C100986 
  60      86060E06 
  61 0037 66205CF2 		.ascii	"f \\\362\340\037#\003\000\210:\022t"
  61      E01F2303 
  61      00883A12 
  61      74
  62              		.text
  63              		.section	.gnu.lto_.refs.87213c1989d40a2e,"",%progbits
  64 0000 789C6366 		.ascii	"x\234cf```d\200\002\000\000=\000\005"
  64      60606064 
  64      80020000 
  64      3D0005
  65              		.text
  66              		.section	.gnu.lto_.decls.87213c1989d40a2e,"",%progbits
  67 0000 789C9556 		.ascii	"x\234\225VkPSG\024\276\233\233\007\304\010\216\314\250"
  67      6B505347 
  67      14BE9B9B 
  67      07C4088E 
  67      CCA8
  68 0012 E3742AC5 		.ascii	"\343t*\305\031\3528J\250\316X\177tZ\025\253u\206*}8"
  68      19EA384A 
  68      A8CE587F 
  68      745A15AB 
  68      75862A7D 
  69 0027 FDD11F69 		.ascii	"\375\321\037iL\"\320\002\311\204\320\321\177\013X\005"
  69      4C22D002 
  69      C984D0D1 
  69      7F0B5805 
  70 0037 44051544 		.ascii	"D\005\025DA\011\212F1@D*\004(/\253 J\253\025TZ\013\021"
  70      41098A46 
  70      3140442A 
  70      04282FAB 
  70      204AAB15 
  71 004f 15F08102 		.ascii	"\025\360\201\002\"\202\242\351\331\335< \202\332\235"
  71      2282A2E9 
  71      D9DD3C20 
  71      82DA9D
  72 005e ECDD7BCE 		.ascii	"\354\335{\316\371\316w\316\356\236\335\\\236\343\270"
  72      F9CE77CE 
  72      EE9EDD5C 
  72      9EE3B8
  73 006d 34E87668 		.ascii	"4\350vh?J9\256\015q\034\017r\030\347nD6C/\202n\201\016"
  73      3F4A39AE 
  73      0D711C0F 
  73      7218E76E 
  73      4436432F 
  74 0085 106E841B 		.ascii	"\020n\204\033\337\314\234\333\3579\364\023\016\275\300"
  74      DFCC9CDB 
  74      EF39F413 
  74      0EBDC0
  75 0094 61B370AF 		.ascii	"a\263p\257\267\"\007\2273\026r\350<[\277\000Y\213\006"
  75      B7220797 
  75      331672E8 
  75      3C5BBF00 
  75      598B06
  76 00a7 9BA7F408 		.ascii	"\233\247\364\010\220\217\324\237\210\025\273\033\263"
  76      908FD49F 
ARM GAS  /var/folders/fq/ltb3dbq95yq6ljzx21t9gnkc0000gn/T//ccSS1Vv2.s 			page 5


  76      8815BB1B 
  76      B3
  77 00b4 C420CAA4 		.ascii	"\304 \312\244B\"V\276\350l\021\316\314\300\320\322\022"
  77      422256BE 
  77      E86C11CE 
  77      CCC0D0D2 
  77      12
  78 00c5 F134210A 		.ascii	"\3614!\012\233\201Lh6:\216f\003\353\0114\023\236\337"
  78      9B814C68 
  78      363A8E66 
  78      03EB0934 
  78      139EDF
  79 00d8 0B19537D 		.ascii	"\013\031S}\372@/\342\005\210\274\037\311\272\325\"]"
  79      FA402FE2 
  79      0588BC1F 
  79      C9BAD522 
  79      5D
  80 00e9 50006E49 		.ascii	"P\000nI\270v\030\271\303\245\\3}\352\177\010\033-}E"
  80      B87618B9 
  80      C3A55C33 
  80      7DEA7F08 
  80      1B2D7D45 
  81 00fd 395BF9FD 		.ascii	"9[\371\375\330\230\200_\331\355\210r\241\002\304\243"
  81      D898805F 
  81      D9ED8872 
  81      A102C4A3 
  82 010d 936801CD 		.ascii	"\223h\001\315\030\336Y\352f\344\017~\005\271\273Z%\374"
  82      18DE59EA 
  82      66E40F7E 
  82      05B9BB5A 
  82      25FC
  83 011f 6A4A6E1E 		.ascii	"jJn\036\254\266J\200\304b16\037\0217\342Z\273\3753\352"
  83      ACB64A80 
  83      C4623136 
  83      1F1137E2 
  83      5ABBFD33 
  84 0134 5F38C6BF 		.ascii	"_8\306\277\320\351_D\375M\246k\205\"\376+\352\177/\321"
  84      D0E95F44 
  84      FD4DA66B 
  84      8522FE2B 
  84      EA7F2FD1 
  85 0148 D627067F 		.ascii	"\326'\006\177\033\356kJ|\341\223U\202\353\267\340Q\310"
  85      1BEE6B4A 
  85      7CE19355 
  85      82EBB7E0 
  85      51C8
  86 015a 025196E2 		.ascii	"\002Q\226\3421,\305N\026\013e\251jO\276\357M\027\313"
  86      312CC54E 
  86      160B65A9 
  86      6A4FBEEF 
  86      4D17CB
  87 016d E645989A 		.ascii	"\346E\230\232\354{\342Et\265R)s\345\360\031\223\017"
  87      EC7BE245 
  87      74B55229 
  87      73E5F019 
  87      930F
  88 017f B353B9A4 		.ascii	"\263S\271\244\252\347\251/\265\277G\304\216\352\312"
ARM GAS  /var/folders/fq/ltb3dbq95yq6ljzx21t9gnkc0000gn/T//ccSS1Vv2.s 			page 6


  88      AAE7A92F 
  88      B5BF47C4 
  88      8EEACA
  89 018e 2E31BF07 		.ascii	".1\277\007Q[M\365\360y)\177\214\011\251I\266\013R\276"
  89      515B4DF5 
  89      F079297F 
  89      8C09A949 
  89      B60B52BE 
  90 01a2 9809F1C7 		.ascii	"\230\011\361\307*S%\340\365\201\224.YG\366H\2767\025"
  90      2A5325E0 
  90      F581942E 
  90      5947F648 
  90      BE3715
  91 01b5 4929F982 		.ascii	"I)\371\202J\320\330\205\217\370\240@i>,p\337\363\243"
  91      4AD0D885 
  91      8FF8A040 
  91      693E2C70 
  91      DFF3A3
  92 01c8 9D5F24E2 		.ascii	"\235_$\342e\250\022IQ\231+w\352MZ\022\306\011d\363\274"
  92      65A81249 
  92      51992B77 
  92      EA4D5A12 
  92      C60964F3 
  93 01dd 1B7D38D7 		.ascii	"\033}8\327\336\241\012\024\010\010\212E\345\240\264"
  93      DEA10A14 
  93      08088A45 
  93      E5A0B4
  94 01ec 821288CF 		.ascii	"\202\022\210\317\215Vo\021!i\340\304N\277M\340DSxl\332"
  94      8D566F11 
  94      2169E0C4 
  94      4EBF4DE0 
  94      4453786C 
  95 0201 37036321 		.ascii	"7\003c!\252\202\024\316\270S\200\214\\\033?\332t\300"
  95      AA8214CE 
  95      B853808C 
  95      5C1B3FDA 
  95      74C0
  96 0213 2AE3F359 		.ascii	"*\343\363Yy\344\246\345<\025\361\005\216Z\031\274\334"
  96      79E4A6E5 
  96      3C15F105 
  96      8E5A19BC 
  96      DC
  97 0224 EFC59F62 		.ascii	"\357\305\237bB~F\246\231\255(]\340\303\305\326\357x"
  97      427E46A6 
  97      99AD285D 
  97      E0C3C5D6 
  97      EF78
  98 0236 2B33951A 		.ascii	"+3\225\032\315\015<_\303\204\213\235\303Od\0247\215"
  98      CD0D3C5F 
  98      C3848B9D 
  98      C34F6414 
  98      378D
  99 0248 D65EEFC9 		.ascii	"\326^\357\311\355>\374Yf;~tG7\31772a\377\263K\347\331"
  99      ED3EFC59 
  99      663B7E74 
  99      4737CF37 
  99      3261FFB3 
ARM GAS  /var/folders/fq/ltb3dbq95yq6ljzx21t9gnkc0000gn/T//ccSS1Vv2.s 			page 7


 100 025f 16CC02D1 		.ascii	"\026\314\002\321;\271nK\227\014\005\260\346\027h\204"
 100      3BB96E4B 
 100      970C05B0 
 100      E6176884 
 101 026f 79F61D3C 		.ascii	"y\366\035<y{\315\236D\234?\213\346_\003\371\377\211"
 101      797BCD9E 
 101      449C3F8B 
 101      E65F03F9 
 101      FF89
 102 0281 FCDCB39E 		.ascii	"\374\334\263\236GJ\335D\012\236#pc\266I\334\030L\241"
 102      474ADD44 
 102      0A9E2370 
 102      63B649DC 
 102      184CA1
 103 0294 673DA1BF 		.ascii	"g=\241\277\323c1\337\005\335\356\202VO\310\352F\356"
 103      D36331DF 
 103      05DDEE82 
 103      564FC8EA 
 103      46EE
 104 02a6 7721EB3D 		.ascii	"w!\353=\221u\310#\201\203.\354\271\211\023\030\203\335"
 104      9175C823 
 104      81832EEC 
 104      B9891318 
 104      83DD
 105 02b8 E5C2D64E 		.ascii	"\345\302\326N\314\353N!\327\005=\357\011mpC\323\351"
 105      CCEB4E21 
 105      D7053DEF 
 105      096D7043 
 105      D3E9
 106 02ca 5D80F132 		.ascii	"]\200\3612\003\207N\203\275\224\232\010\0326\035]\206"
 106      03874E83 
 106      BD949A08 
 106      1A361D5D 
 106      86
 107 02db 0A694201 		.ascii	"\012iB\001\250\021z3\364\213\320/@\277\004\375\017\024"
 107      A8117A33 
 107      F48BD02F 
 107      40BF04FD 
 107      0F14
 108 02ed 408B8154 		.ascii	"@\213\201T\214-\331$\306\210\270q\316\263\346\254\024"
 108      8C2DD924 
 108      C688B871 
 108      CEB3E6AC 
 108      14
 109 02fe 416A7366 		.ascii	"Ajsf\352T\344\0278Q$\364\027\004\370\337\301\216\207"
 109      EA54E417 
 109      385124F4 
 109      1704F8DF 
 109      C18E87
 110 0311 7BA12BE0 		.ascii	"{\241+\340\364\253\2734Idgi\266\276l~\237\267\263r\261"
 110      F4ABBB34 
 110      49646769 
 110      B6BE6C7E 
 110      9FB7B372 
 111 0326 BD4C2B15 		.ascii	"\275L+\025\361[y*\354mJ\377\201\337\301\336\343k\013"
 111      F15B792A 
 111      EC6D4AFF 
ARM GAS  /var/folders/fq/ltb3dbq95yq6ljzx21t9gnkc0000gn/T//ccSS1Vv2.s 			page 8


 111      81DFC1DE 
 111      E36B0B
 112 0339 AF4A681D 		.ascii	"\257Jh\035-\245w\2209-S\302\357e\266\356\352\207X@m"
 112      2DA57790 
 112      392D53C2 
 112      EF65B6EE 
 112      EA875840 
 113 034e 6144ECAD 		.ascii	"aD\354\255\037J\222\360\331\314\226\273\263d\204]\250"
 113      1F4A92F0 
 113      D9CC96BB 
 113      B364845D 
 113      A8
 114 035f 3A1025CF 		.ascii	":\020%\317N\231\017\010I\375\371\005\004\220\352\303"
 114      4E990F08 
 114      49FDF905 
 114      0490EAC3 
 115 036f B61ED35A 		.ascii	"\266\036\323Z\014\353N\362k\203\374\332at\315\366\357"
 115      0CEB4EF2 
 115      6B83FCDA 
 115      6174CDF6 
 115      EF
 116 0380 715B848D 		.ascii	"q[\204\215U\037:\220W=\221\363\306\003/9\201\255\236"
 116      551F3A90 
 116      573D91F3 
 116      C6032F39 
 116      81AD9E
 117 0393 C06B136F 		.ascii	"\300k\023o\345)\260\227PS\273cuo\301\352\336\204\225"
 117      E529B097 
 117      5053BB63 
 117      756FC1EA 
 117      DE8495
 118 03a6 EC80FE2F 		.ascii	"\354\200\376/t\033\364\177\034\253Jc4:c\264x\306h\030"
 118      741BF47F 
 118      1CAB4A63 
 118      343A63B4 
 118      78C66818 
 119 03ba 5F85D878 		.ascii	"_\205\330x\303\011\275\356\011\2751\006J\367\312J\013"
 119      C309BDEE 
 119      09BD3106 
 119      4AF7CA4A 
 119      0B
 120 03cb A37D82C2 		.ascii	"\243}\202\302@y\203\3462\011\177\230\256\253 \361eZ"
 120      407983E6 
 120      32097F98 
 120      AEAB20F1 
 120      655A
 121 03dd 02F2A812 		.ascii	"\002\362\250\022\347$\320\035\310\375]\346A#\276\202"
 121      E724D01D 
 121      C8FD5DE6 
 121      4123BE82 
 122 03ed EAB80DE0 		.ascii	"\352\270\015\340Nwu\264\217\251\216\356'\246*\261\237"
 122      4E7775B4 
 122      8FA98EEE 
 122      27A62AB1 
 122      9F
 123 03fe 238C71B2 		.ascii	"#\214q\2620\334\2441\200\342z\367\235\\\2367\263\202"
 123      30DCA431 
ARM GAS  /var/folders/fq/ltb3dbq95yq6ljzx21t9gnkc0000gn/T//ccSS1Vv2.s 			page 9


 123      80E27AF7 
 123      9D5C9E37 
 123      B382
 124 0410 6818EDCD 		.ascii	"h\030\355\315\021\316\251\341\017b/j\314z\220\231\355"
 124      11CEA9E1 
 124      0F622F6A 
 124      CC7A9099 
 124      ED
 125 0421 4BAF7763 		.ascii	"K\257wc2n\021\020U][\307\241\251T\325\361\210\335\370"
 125      326E1110 
 125      555D5BC7 
 125      A1A954D5 
 125      F188DDF8 
 126 0435 C87E36E3 		.ascii	"\310~6\343\252\210\252~9\334j\024\023U[\372\266\012"
 126      AA88AA7E 
 126      39DC6A14 
 126      13555BFA 
 126      B60A
 127 0447 2F86B2F3 		.ascii	"/\206\262\363\354\022\304&)U\340\000z\365\3550\327L"
 127      EC12C426 
 127      2955E000 
 127      7AF5ED30 
 127      D74C
 128 0459 6172ED7C 		.ascii	"ar\355|\242\250:\321m\221,)\305I\306\245t7\310\341\351"
 128      A2A83AD1 
 128      6D912C29 
 128      C549C6A5 
 128      7437C8E1 
 129 046e 81C99003 		.ascii	"\201\311\220\003D\356sr\210\356\301H\016\322}\030\311"
 129      44EE7372 
 129      88EEC148 
 129      0ED27D18 
 129      C9
 130 047f 617A0023 		.ascii	"az\000#9P\017a\204C\205z\351\037\005\312\250\312\331"
 130      39500F61 
 130      8443857A 
 130      E91F05CA 
 130      A8CAD9
 131 0492 CDFE9430 		.ascii	"\315\376\2240\235\325`Em+K\271\265\240\265@DT\373\036"
 131      9DD56045 
 131      6D2B4BB9 
 131      B5A0B540 
 131      4454FB1E 
 132 04a6 0C977A39 		.ascii	"\014\227z9\376\267h~\226\234\274\006\037\217\360\217"
 132      FEB7687E 
 132      969CBC06 
 132      1F8FF08F 
 133 04b6 3DC25B1D 		.ascii	"=\302[\035\341\373\034\341\373\035\341\313\035\341\313"
 133      E1FB1CE1 
 133      FB1DE1CB 
 133      1DE1CB
 134 04c5 59F89ED3 		.ascii	"Y\370\236\323eW|\235\341Rh\270\376\241\034#\357\301"
 134      65577C9D 
 134      E15268B8 
 134      FEA11C23 
 134      EFC1
 135 04d7 5E3E09FB 		.ascii	"^>\011\373\2237\263\337\254\334y\327s\235&\243zK\242"
ARM GAS  /var/folders/fq/ltb3dbq95yq6ljzx21t9gnkc0000gn/T//ccSS1Vv2.s 			page 10


 135      9337B3DF 
 135      ACDC79D7 
 135      739D26A3 
 135      7A4BA2
 136 04ea 43DBF352 		.ascii	"C\333\363R\331\236\\v\256\313\365\201\323u\262\267\260"
 136      D99E5C76 
 136      AECBF581 
 136      D375B2B7 
 136      B0
 137 04fb 973BD887 		.ascii	"\227;\330\207\336\314nI\260\335\226R\252y\350.P\221"
 137      DECC6E49 
 137      B0DD9652 
 137      AA79E82E 
 137      5091
 138 050d 1A7C8496 		.ascii	"\032|\204\226\320:\034\200\221\324\342 \214\244\036"
 138      D03A1C80 
 138      91D4E220 
 138      8CA41E
 139 051c 9FC20835 		.ascii	"\237\302\0105\211\236\241%\304u[GY\203`n\036\266\030"
 139      899EA125 
 139      C4755B47 
 139      5983606E 
 139      1EB618
 140 052f FB8A06F2 		.ascii	"\373\212\006\362Q<\371\022\303\344C\212\022u\261\263"
 140      513CF912 
 140      C3E4438A 
 140      1275B1B3 
 141 053f 30E65A20 		.ascii	"0\346Z \232n4\207C\303\340\217F\320\\\340h\317\252M"
 141      9A6E3487 
 141      43C3E08F 
 141      46D05CE0 
 141      68CFAA4D 
 142 0553 11CA52DC 		.ascii	"\021\312R\334\337\012\364\373\311\375}\370\034\311\350"
 142      DF0AF4FB 
 142      C9FD7DF8 
 142      1CC9E8
 143 0562 C7131965 		.ascii	"\307\023\031e\012\205F\251\217\332\254\210\214\2114"
 143      0A8546A9 
 143      8FDAAC88 
 143      8C8934
 144 0571 8857AF5D 		.ascii	"\210W\257]\357\037\302\005\007\005\311\331O\033+\217"
 144      EF1FC205 
 144      0705C9D9 
 144      4F1B2B8F 
 145 0581 5046C937 		.ascii	"PF\3117h\225zu\254\374\233o\025k\327\207\204~\276N\261"
 145      68957A75 
 145      ACFC9B6F 
 145      156BD787 
 145      847EBE4E 
 146 0596 2AF8E3E0 		.ascii	"*\370\343\340\257W0}\220\212\363\246/k\200aZ\254!z\361"
 146      AF57307D 
 146      908AF3A6 
 146      2F6B8061 
 146      5AAC217A 
 147 05ab 22852A4A 		.ascii	"\"\205*J\253\372\211R\276\306\245\323\352\015\204\352"
 147      ABFA8952 
 147      BEC6A5D3 
ARM GAS  /var/folders/fq/ltb3dbq95yq6ljzx21t9gnkc0000gn/T//ccSS1Vv2.s 			page 11


 147      EA0D84EA 
 148 05bb CBC58BD8 		.ascii	"\313\305\213\330sU\360\246M\304\242\210\212R\007Ep\323"
 148      7355F0A6 
 148      4DC4A288 
 148      8A520745 
 148      70D3
 149 05cd 1943B82E 		.ascii	"\031C\270.R\253\210\325\030\342t\012\203W\\d\214\001"
 149      52AB88D5 
 149      18E2740A 
 149      83575C64 
 149      8C01
 150 05df 7406A942 		.ascii	"t\006\251B\341|\375D\256\325\031\344\341*\325B\245>"
 150      E17CFD44 
 150      AED519E4 
 150      E12AD542 
 150      A53E
 151 05f1 5A0E7D61 		.ascii	"Z\016}a\2146F\263P\243\334\020)\217\214QE\305\2515\362"
 151      8C3646B3 
 151      50A3DC10 
 151      298F8C51 
 151      45C5A935 
 152 0606 68A52A22 		.ascii	"h\245*\"2F#W\2505\033\225qQ\006\205a\263N\023\0131\026"
 152      32462357 
 152      A8351B95 
 152      71510685 
 152      61B34E13 
 153 061d BC8373AC 		.ascii	"\274\203s\254A\015\241\000,\212\326\2525z\261\2268\353"
 153      410DA100 
 153      2C8AD6AA 
 153      357AB196 
 153      38EB
 154 062f 25DA589D 		.ascii	"%\332X\235F\243\326\213tq:\265\236\327\252\365B\345"
 154      46A3D68B 
 154      74713AB5 
 154      9ED7AAF5 
 154      42E5
 155 0641 467D1479 		.ascii	"F}\024yD|\364\246\251\206\206\256\224\257\016[\263\356"
 155      447CF4A6 
 155      A98686AE 
 155      94AF0E5B 
 155      B3EE
 156 0653 E745729D 		.ascii	"\347Er\235k\256\342\260\345+\225\006\2458l\005\033B"
 156      6BAEE2B0 
 156      E52B9506 
 156      A5386C05 
 156      1B42
 157 0665 D8B0920D 		.ascii	"\330\260\222\015\253\310\340\035\266<4D\033\26312|:"
 157      ABC8E01D 
 157      B63C3444 
 157      1BB33132 
 157      7C3A
 158 0677 F173CE44 		.ascii	"\361s\316DEU\263\203\364Z5\200\202^7\375\007\312\261"
 158      4555B383 
 158      F45A3580 
 158      825E37FD 
 158      07CAB1
 159 068a C132     		.ascii	"\3012"
ARM GAS  /var/folders/fq/ltb3dbq95yq6ljzx21t9gnkc0000gn/T//ccSS1Vv2.s 			page 12


 160              		.text
 161              		.section	.gnu.lto_.symtab.87213c1989d40a2e,"",%progbits
 162 0000 5F5F6561 		.ascii	"__early_init\000\000\000\000\000\000\000\000\000\000"
 162      726C795F 
 162      696E6974 
 162      00000000 
 162      00000000 
 163 0016 0000AC00 		.ascii	"\000\000\254\000\000\000boardInit\000\000\000\000\000"
 163      0000626F 
 163      61726449 
 163      6E697400 
 163      00000000 
 164 002a 00000000 		.ascii	"\000\000\000\000\000\000\000\256\000\000\000pal_def"
 164      000000AE 
 164      00000070 
 164      616C5F64 
 164      6566
 165 003c 61756C74 		.ascii	"ault_config\000\000\000\000\000\000\000\000\000\000"
 165      5F636F6E 
 165      66696700 
 165      00000000 
 165      00000000 
 166 0051 0000F900 		.ascii	"\000\000\371\000\000\000stm32_clock_init\000\000\002"
 166      00007374 
 166      6D33325F 
 166      636C6F63 
 166      6B5F696E 
 167 006a 00000000 		.ascii	"\000\000\000\000\000\000\000\000\000\260\000\000\000"
 167      00000000 
 167      00B00000 
 167      00
 168              		.text
 169              		.section	.gnu.lto_.opts,"",%progbits
 170 0000 272D666E 		.ascii	"'-fno-trapv' '-mcpu=cortex-m0' '-mno-thumb-interwor"
 170      6F2D7472 
 170      61707627 
 170      20272D6D 
 170      6370753D 
 171 0033 6B272027 		.ascii	"k' '-mthumb' '-ggdb' '-O2' '-fomit-frame-pointer' '"
 171      2D6D7468 
 171      756D6227 
 171      20272D67 
 171      67646227 
 172 0066 2D66616C 		.ascii	"-falign-functions=16' '-ffunction-sections' '-fdata"
 172      69676E2D 
 172      66756E63 
 172      74696F6E 
 172      733D3136 
 173 0099 2D736563 		.ascii	"-sections' '-fno-common' '-flto'\000"
 173      74696F6E 
 173      73272027 
 173      2D666E6F 
 173      2D636F6D 
 174              		.text
 175              		.comm	__gnu_lto_v1,1,1
 176              		.comm	__gnu_lto_slim,1,1
 177              		.ident	"GCC: (GNU Tools for ARM Embedded Processors) 4.9.3 20150303 (release) [ARM/embedded-4_9-br
ARM GAS  /var/folders/fq/ltb3dbq95yq6ljzx21t9gnkc0000gn/T//ccSS1Vv2.s 			page 13


ARM GAS  /var/folders/fq/ltb3dbq95yq6ljzx21t9gnkc0000gn/T//ccSS1Vv2.s 			page 14


DEFINED SYMBOLS
                            *ABS*:0000000000000000 board.c
                            *COM*:0000000000000001 __gnu_lto_v1
                            *COM*:0000000000000001 __gnu_lto_slim

NO UNDEFINED SYMBOLS
