ARM GAS  /var/folders/fq/ltb3dbq95yq6ljzx21t9gnkc0000gn/T//ccyJg4Kk.s 			page 1


   1              		.cpu cortex-m0
   2              		.fpu softvfp
   3              		.eabi_attribute 20, 1
   4              		.eabi_attribute 21, 1
   5              		.eabi_attribute 23, 3
   6              		.eabi_attribute 24, 1
   7              		.eabi_attribute 25, 1
   8              		.eabi_attribute 26, 1
   9              		.eabi_attribute 30, 2
  10              		.eabi_attribute 34, 0
  11              		.eabi_attribute 18, 4
  12              		.code	16
  13              		.file	"chmemcore.c"
  14              		.text
  15              	.Ltext0:
  16              		.section	.gnu.lto_.profile.23d0b1e7840a9fb2,"",%progbits
  17 0000 789C6366 		.ascii	"x\234cf```a\200\000F\006\025\005\000\000\334\000M"
  17      60606061 
  17      80004606 
  17      15050000 
  17      DC004D
  18              		.text
  19              		.section	.gnu.lto_.jmpfuncs.23d0b1e7840a9fb2,"",%progbits
  20 0000 789C6366 		.ascii	"x\234cf\300\016\204\2404\013\020\263222\326\263\201"
  20      C00E84A0 
  20      340B10B3 
  20      323232D6 
  20      B381
  21 0012 0876200F 		.ascii	"\010v \017\000\013&\0010"
  21      000B2601 
  21      30
  22              		.text
  23              		.section	.gnu.lto_.inline.23d0b1e7840a9fb2,"",%progbits
  24 0000 789C6366 		.ascii	"x\234cf\300\016\022\2414\013\003\003+\013#\003\023\313"
  24      C00E12A1 
  24      340B0303 
  24      2B0B2303 
  24      13CB
  25 0012 027906B6 		.ascii	"\002y\006\266\005\362L 1V\006>^FF\006F\006\006f\241"
  25      05F24C20 
  25      3156063E 
  25      5E464606 
  25      46060666 
  26 0027 039D8C10 		.ascii	"\003\235\214\020q\240\002\026\220$\033\003\0177T\222"
  26      71A00216 
  26      90241B03 
  26      0F375492 
  27 0037 6F4116AA 		.ascii	"oA\026\252\034;\003\033+\320,\266\017zp\263\030\000"
  27      1C3B031B 
  27      2BD02CB6 
  27      0F7A70B3 
  27      1800
  28 0049 DFC109D8 		.ascii	"\337\301\011\330"
  29              		.text
  30              		.section	.gnu.lto_.pureconst.23d0b1e7840a9fb2,"",%progbits
  31 0000 789C6366 		.ascii	"x\234cf``\340d\200\000\026\006\011V+6\011v\026\000\003"
  31      6060E064 
ARM GAS  /var/folders/fq/ltb3dbq95yq6ljzx21t9gnkc0000gn/T//ccyJg4Kk.s 			page 2


  31      80001606 
  31      09562B36 
  31      09761600 
  32 0015 6B0091   		.ascii	"k\000\221"
  33              		.text
  34              		.section	.gnu.lto__core_init.23d0b1e7840a9fb2,"",%progbits
  35 0000 789C7552 		.ascii	"x\234uRKK#A\020\256\257fL&\004\331\305\223x\021O\336"
  35      4B4B2341 
  35      10AEAF66 
  35      4C2604D9 
  35      C5937811 
  36 0016 927FE15F 		.ascii	"\222\177\341_\360\346%\010^D\211\236\204\220I\214\350"
  36      F0E62508 
  36      5E44899E 
  36      8490498C 
  36      E8
  37 0027 49C48BE2 		.ascii	"I\304\213\342\013\026Y\326\367\373q\315/P\304\203\""
  37      0B1659D6 
  37      F7FB71CD 
  37      2F50C483 
  37      22
  38 0038 F81E4551 		.ascii	"\370\036EQv\025\017\0325\214U\323\256\242\306a\272\272"
  38      76150F1A 
  38      358C55D3 
  38      AEA2C661 
  38      BABA
  39 004a BBEAABAA 		.ascii	"\273\352\253\252\376\276n\213\276~U2:\230\250FfX\004"
  39      FEBE6E8B 
  39      BE7E5532 
  39      3A98A846 
  39      665804
  40 005d EEDB20CA 		.ascii	"\356\333 \3128\014\350\202@iF\032\227|\313\350\313O"
  40      380CE882 
  40      4069461A 
  40      977CCBE8 
  40      CB4F
  41 006f 0F466B7F 		.ascii	"\017Fk\177\273\256{s\262\\\331UY\220\264;6e\360\007"
  41      BBAE7B73 
  41      B25CD955 
  41      5990B43B 
  41      3665F007 
  42 0083 B52498DB 		.ascii	"\265$\230\333\\q'\032\312\011\346\247\211a\002!\310"
  42      5C71271A 
  42      CA09E6A7 
  42      89610221 
  42      C8
  43 0094 3C5F9177 		.ascii	"<_\221w}\377t\340y\335\216\202\012\014Vc\251\261\305"
  43      7DFF74E0 
  43      79DD8E82 
  43      0A0C5663 
  43      A9B1C5
  44 00a7 7058578E 		.ascii	"pXW\216\232\210n\211<\031z\2043\331\310l\355!{\320}"
  44      9A886E89 
  44      3C197A84 
  44      33D9C86C 
  44      ED217BD0 
  45 00bc 3ED4AA05 		.ascii	">\324\252\005\357\245\021cl\273w\216SOn\217\353\024"
ARM GAS  /var/folders/fq/ltb3dbq95yq6ljzx21t9gnkc0000gn/T//ccyJg4Kk.s 			page 3


  45      EFA51163 
  45      6CBB778E 
  45      534F6E8F 
  45      EB14
  46 00ce D82A6A37 		.ascii	"\330*j7\361\036z\233[\316\005\213'\330Ndr#\030\305p"
  46      F11E7A9B 
  46      5BCE058B 
  46      27D84E64 
  46      722318C5 
  47 00e3 C655948D 		.ascii	"\306U\224\215I\2440\205\252 \266\357=\326K\276fcZ@r"
  47      49A43085 
  47      AA20B6EF 
  47      3DD64BBE 
  47      66635A40 
  48 00f8 DA19A468 		.ascii	"\332\031\244h\017\235\375!\323\206M\247\373\361\243"
  48      0F9DFD21 
  48      D3864DA7 
  48      FBF1A3
  49 0107 2B684D84 		.ascii	"+hM\204\011\263\222-\220\207W\210%(\201\334\235\377"
  49      09B3922D 
  49      90875788 
  49      252881DC 
  49      9DFF
  50 0119 9BB403C8 		.ascii	"\233\264\003\310\203\357\373?\010s\001,\273\333}\015"
  50      83EFFB3F 
  50      0873012C 
  50      BBDB7D0D 
  51 0129 03B405AB 		.ascii	"\003\264\005\253\236\376\343ru|&PVd|$PV\202\000c^\010"
  51      9EFEE372 
  51      757C2650 
  51      56647C24 
  51      50568200 
  52 0140 2C28012C 		.ascii	",(\001,\212[\312R\240\314\337\241\006\323&\\B\031.)"
  52      8A5BCA52 
  52      A0CCDFA1 
  52      06D3265C 
  52      42192E29 
  53 0154 C5D23752 		.ascii	"\305\3227R,\033)V\214\024\377y:R\372\235\224\367J*\""
  53      2C1B2956 
  53      8C14FF79 
  53      3A52FA9D 
  53      94F74A2A 
  54 0169 8180D4AF 		.ascii	"\201\200\324\257\357H\225\272\006\306\352\033\213\265"
  54      EF4895BA 
  54      06C6EA1B 
  54      8BB5
  55 0177 8045840E 		.ascii	"\200E\204\016\220\311\373uZD\337\223'b\310\255\313\301"
  55      90C9FB75 
  55      5A44DF93 
  55      2762C8AD 
  55      CBC1
  56 0189 AB63B1B8 		.ascii	"\253c\261\270\371[\332\342\311\366x[2\021O4576'Z\222"
  56      F95BDAE2 
  56      C9F6785B 
  56      32114F34 
  56      35373627 
  57 019f 8DB104BD 		.ascii	"\215\261\004\275\000\354\366\3518"
ARM GAS  /var/folders/fq/ltb3dbq95yq6ljzx21t9gnkc0000gn/T//ccyJg4Kk.s 			page 4


  57      00ECF6E9 
  57      38
  58              		.text
  59              		.section	.gnu.lto_chCoreAlloc.23d0b1e7840a9fb2,"",%progbits
  60 0000 789C9553 		.ascii	"x\234\225S[KTQ\024\336k\2373g\306\361\244\025=\371\242"
  60      5B4B5451 
  60      14DE6B9F 
  60      3367C6F1 
  60      A4153DF9 
  61 0015 24224138 		.ascii	"$\"A8=DO=\024BT\340K\376\200\036\246\001\205\2740\243"
  61      3D444F3D 
  61      144254E0 
  61      4BFE801E 
  61      A60185BC 
  62 002b 51867446 		.ascii	"Q\206tF'-\210\010\013\022\3222,\322\362\222\332E\307"
  62      272D8808 
  62      0B12D232 
  62      2CD2F292 
  62      DA45C7
  63 003e ACC96A34 		.ascii	"\254\311j4I\273\210\026e6\244\206A\027\355\246S\351"
  63      49BB8816 
  63      6536A486 
  63      4117EDA6 
  63      53E9
  64 0050 69ADBD53 		.ascii	"i\255\275Sr\024\252\303\314>g\257\365\255o\177{]\024"
  64      7214AAC3 
  64      CC3E67AF 
  64      F5AD6F7F 
  64      7B5D14
  65 0063 B6F8598F 		.ascii	"\266\370Y\217\377\355\026\306\332\360\015\026\006\374"
  65      FFED16C6 
  65      DAF00D16 
  65      06FC
  66 0071 581F635E 		.ascii	"X\037c^\033\347\352\270\225\031v\245&\310\230\241+\240"
  66      1BE7EAB8 
  66      951976A5 
  66      26C898A1 
  66      2BA0
  67 0083 4ABB0A40 		.ascii	"J\273\012@\037\014\330\001\256\250p\000\336\362I\016"
  67      1F0CD801 
  67      AEA87000 
  67      DEF2490E 
  68 0093 6D0D5F7A 		.ascii	"m\015_z\243\307y\230\263\004\206[\177Yw\271F[Pi[\026"
  68      A3C77998 
  68      B304865B 
  68      7F5977B9 
  68      465B5069 
  69 00a9 F44F5892 		.ascii	"\364OX\222\317\033F\321\304\223\366!\375\340\3260\347"
  69      CF1B46D1 
  69      C493F621 
  69      FDE0D630 
  69      E7
  70 00ba EC336770 		.ascii	"\3543gp\001\342\240\006\342\210\256\026\222\021\371"
  70      01E2A006 
  70      E288AE16 
  70      9211F9
  71 00c9 E8BEF745 		.ascii	"\350\276\367E\254\262\032(\352\313\307;\317\364\244"
ARM GAS  /var/folders/fq/ltb3dbq95yq6ljzx21t9gnkc0000gn/T//ccyJg4Kk.s 			page 5


  71      ACB21A28 
  71      EACBC73B 
  71      CFF4A4
  72 00d8 6A8C0AF8 		.ascii	"j\214\012\370\233\215Mj\230+p\021\224?\343\320\304\340"
  72      9B8D4D6A 
  72      982B7011 
  72      943FE3D0 
  72      C4E0
  73 00ea 1224117C 		.ascii	"\022$\021|\272\346p\007W\222E\350\310\343\343g\364\304"
  73      BAE67007 
  73      579245E8 
  73      C8E3E367 
  73      F4C4
  74 00fc B3181A1A 		.ascii	"\263\030\032\032\256\016\352F\267\341\013\231f<\036"
  74      AE0EEA46 
  74      B7E10B99 
  74      663C1E
  75 010b 0B750B19 		.ascii	"\013u\013\031\344\203!\223\276\231\247\321\232\3170"
  75      E4832193 
  75      BE99A7D1 
  75      9ACF30
  76 011a 8CE5500F 		.ascii	"\214\345P\017\211$\017U5\200\006\370B\377hg\335\007"
  76      89240F55 
  76      358006F8 
  76      42FF6867 
  76      DD07
  77 012c BBA47C39 		.ascii	"\273\244|9\342\012\370\252\214Y\323\204%4\311\007\032"
  77      E20AF8AA 
  77      8C59D384 
  77      2534C907 
  77      1A
  78 013d 21B17165 		.ascii	"!\261qe\3000\315\352sC\035\352\012\216ZU\005H\254&\234"
  78      C030CDEA 
  78      73431DEA 
  78      0A8E5A55 
  78      0548AC26 
  79 0152 5634586C 		.ascii	"V4Xl\270hQ\364e\247\257hZtB.#[\014\243<\261Q\374S\312"
  79      B86851F4 
  79      65A7AF68 
  79      5A74422E 
  79      235B0CA3 
  80 016c C770836F 		.ascii	"\307p\203o\345\005x_\267\264\325+\013D\207|\005B\355"
  80      E505785F 
  80      B7B4D52B 
  80      0B44877C 
  80      0542ED
  81 017f 670E0B6F 		.ascii	"g\016\013o\023\032*\031\306\252^&\027\217t\225\366\241"
  81      131A2A19 
  81      C6AA5E26 
  81      178F7495 
  81      F6A1
  82 0191 AB895C4A 		.ascii	"\253\211\\JD\016\0304\203\206\327h\021+\253\242\024"
  82      440E1834 
  82      8386D768 
  82      112BABA2 
  82      14
  83 01a2 F494567D 		.ascii	"\364\224V}S\343k\241\322(O\010s+E<z\027\364G\251(\020"
ARM GAS  /var/folders/fq/ltb3dbq95yq6ljzx21t9gnkc0000gn/T//ccyJg4Kk.s 			page 6


  83      53E36BA1 
  83      D2284F08 
  83      732B453C 
  83      7A17F447 
  84 01b9 AE403CAE 		.ascii	"\256@<\256W\261\340\203P\264\\\\q\012Y\237CqY\311\311"
  84      57B1E083 
  84      50B45C5C 
  84      710A599F 
  84      437159C9 
  85 01ce F27BDAC2 		.ascii	"\362{\332\302\252\0349\377\277U\011\364wq\"\375}K5\262"
  85      AA1C39FF 
  85      BF5509F4 
  85      777122FD 
  85      7D4B35B2 
  86 01e2 66D7C875 		.ascii	"f\327\310u]\250m\005m\212s<\035!S?\273\016\306R'*V\006"
  86      5DA86D05 
  86      6D8A733C 
  86      1D21533F 
  86      BB0EC652 
  87 01fa 6D488D82 		.ascii	"mH\215\202\246K\202\265\353$\212\200\210\272Z\324\372"
  87      A64B82B5 
  87      EB248A80 
  87      88BA5AD4 
  87      FA
  88 020b DD2250D3 		.ascii	"\335\"P\323\246i\3062\360#r\0208\201\344M4\014,*k\352"
  88      A669C632 
  88      F0237210 
  88      3881E44D 
  88      340C2C2A 
  89 0221 FD649181 		.ascii	"\375d\221\201V\214:\335\177\264\201\027\3760\016\031"
  89      568C3ADD 
  89      7FB48117 
  89      FE300E19 
  90 0231 B630B7CD 		.ascii	"\2660\267\315p)\371\325\350\303\3076\342\262\211m\215"
  90      7029F9D5 
  90      E8C3C736 
  90      E2B2896D 
  90      8D
  91 0242 D7570195 		.ascii	"\327W\001\225p\312k\020\312\002\355P\0107\350\212\320"
  91      70CA6B10 
  91      CA02ED50 
  91      0837E88A 
  91      D0
  92 0253 8166627D 		.ascii	"\201fb}f\225\2246d\025\247\200\334G-q\004,\311ys\236"
  92      66959436 
  92      6415A780 
  92      DC472D71 
  92      042CC979 
  93 0269 F35604A7 		.ascii	"\363V\004\247\035i\350\312'4\271\217\026\307\330\011"
  93      1D69E8CA 
  93      2734B98F 
  93      16C7D809 
  94 0279 325CBA51 		.ascii	"2\\\272Q\332t4\263\001\360\365\025\307\315'E\027\005"
  94      DA7434B3 
  94      01F0F515 
  94      C7CD2745 
  94      1705
ARM GAS  /var/folders/fq/ltb3dbq95yq6ljzx21t9gnkc0000gn/T//ccyJg4Kk.s 			page 7


  95 028b 18C302E2 		.ascii	"\030\303\002\342\370+X\321@G\217\314\3065\312\206\340"
  95      F82B58D1 
  95      40478FCC 
  95      C635CA86 
  95      E0
  96 029c 2C2F99AD 		.ascii	",/\231\255\335 #\226\241i.GB\375?K\017\314K\277\215"
  96      DD202396 
  96      A1692E47 
  96      42FD3F4B 
  96      0FCC4BBF 
  97 02b1 666412C7 		.ascii	"fd\022\307\252\242\321\351X\252:\015!\215$\023\235\377"
  97      AAA2D1E9 
  97      58AA3A0D 
  97      218D2413 
  97      9DFF
  98 02c3 BE2EA2F3 		.ascii	"\276.\242\363\357\316u\276eQ\017wR?D\364|\360+\366\374"
  98      EFCE75BE 
  98      65510F77 
  98      523F44F4 
  98      7CF02BF6 
  99 02d8 1DC26B91 		.ascii	"\035\302k\221\256\256At\335%\227u\021\325=\321ZA9\016"
  99      AEAE4174 
  99      DD259775 
  99      11D53DD1 
  99      5A41390E 
 100 02ec 4D7F1D87 		.ascii	"M\177\035\207.1\016\3358\016\303\340\015\371\366\223"
 100      2E310EDD 
 100      380EC3E0 
 100      0DF9F693 
 101 02fc C2291EC3 		.ascii	"\302)\036\303\330\033\210\201\3448\376\240\177\025\346"
 101      D81B8881 
 101      E438FEA0 
 101      7F15E6
 102 030b 4CA918D0 		.ascii	"L\251\030\320q\276\201\256\213Q\361))\016\371\313\361"
 102      71BE81AE 
 102      8B51F129 
 102      290EF9CB 
 102      F1
 103 031c 38DC790E 		.ascii	"8\334y\016\217\333\351pfd\271\262\2349nW\212\223\251"
 103      8FDBE970 
 103      6664B9B2 
 103      9C396E57 
 103      8A93A9
 104 032f 9ECC0217 		.ascii	"\236\314\002\027\344\256\375\023\346\332\233\347HMK"
 104      E4AEFD13 
 104      E6DA9BE7 
 104      484D4B
 105 033e DF96EEC8 		.ascii	"\337\226\356\310\314v\356\316\337\345r\020x\2473kK~"
 105      CC76EECE 
 105      DFE57210 
 105      78A7336B 
 105      4B7E
 106 0350 B6332563 		.ascii	"\2663%c\021\347<*\303\263\317\203\3765\021\376\334\034"
 106      11E73C2A 
 106      C3B3CF83 
 106      FE3511FE 
 106      DC1C
ARM GAS  /var/folders/fq/ltb3dbq95yq6ljzx21t9gnkc0000gn/T//ccyJg4Kk.s 			page 8


 107 0362 779EC7B1 		.ascii	"w\236\307\261yGZj\332^\004\011\262=\033\262\020is\346"
 107      79475A6A 
 107      DA5E0409 
 107      B23D1BB2 
 107      106973E6 
 108 0376 7A327725 		.ascii	"z2w%d2+*\312q\357\223\006\027\032~\001\262'\023\347"
 108      64322B2A 
 108      CA71EF93 
 108      06171A7E 
 108      01B22713 
 109              		.text
 110              		.section	.gnu.lto_chCoreAllocI.23d0b1e7840a9fb2,"",%progbits
 111 0000 789C8D52 		.ascii	"x\234\215R\317k\023Q\020\236yo7\233&[R\304S.\025K\211"
 111      CF6B1351 
 111      109E796F 
 111      379B265B 
 111      52C4532E 
 112 0017 202420C5 		.ascii	" $ \305\223\007\217\376\037!\240\207RI<\011\245/i\032"
 112      93078FFE 
 112      1F21A087 
 112      52493C09 
 112      A52F691A 
 113 002b 2D8848EC 		.ascii	"-\210H\354\241`UD\212I\325\324F\353\217J!\240\306*\255"
 113      A1605544 
 113      8A49D5D4 
 113      46EB8F4A 
 113      21A0C62A 
 114 0040 1A4A6B51 		.ascii	"\032JkQ\251\005[\251'[[H\242\326uf_\015\376\350\301"
 114      A9055BA9 
 114      275B5B48 
 114      A2D67566 
 114      5F0DFEE8 
 115 0055 C7EEBE99 		.ascii	"\307\356\276\231\341\373\276\371\336\274\225\360\357"
 115      E1FBBEF9 
 115      DEBC95F0 
 115      EF
 116 0062 EAA0F780 		.ascii	"\352\240\367\200\004\330G;\232\200\342\334\013\200\244"
 116      04D8473B 
 116      9A80E2DC 
 116      0B80A4
 117 0071 570863D5 		.ascii	"W\010c\325\002\345\223\2712\200\262%\032\272n r\000"
 117      02E593B9 
 117      3280B225 
 117      1ABA6E20 
 117      7200
 118 0083 083D421A 		.ascii	"\010=B\032\330\203\237\304\272\300\007\205\315\031\377"
 118      D8839FC4 
 118      BAC00785 
 118      CD19FF
 119 0092 AAA80BD8 		.ascii	"\252\250\013\330\003\224Nd\247\006=\234\242\301i\266"
 119      03944E64 
 119      A7063D9C 
 119      A2C169B6 
 120 00a2 3CB16686 		.ascii	"<\261f\206\206\225J\255\025+\357\354\276#u!`C\000^\303"
 120      86954AAD 
 120      152BEFEC 
 120      BE237521 
ARM GAS  /var/folders/fq/ltb3dbq95yq6ljzx21t9gnkc0000gn/T//ccyJg4Kk.s 			page 9


 120      6043005E 
 121 00b7 20E630C8 		.ascii	" \3460\310ry\014\021\362\325\263\344\333\200\334\213"
 121      72790C11 
 121      F2D5B3E4 
 121      DB80DC8B 
 122 00c7 CCDAFCFC 		.ascii	"\314\332\374\374h\301n\277J\254\322\303\242:l\324\205"
 122      68C16EBF 
 122      4AACD2C3 
 122      A23A6CD4 
 122      85
 123 00d8 C41194BF 		.ascii	"\304\021\224\277\363\250\004x\035\333\031^\313\365O"
 123      F3A80478 
 123      1DDB195E 
 123      CBF54F
 124 00e7 0A1972A9 		.ascii	"\012\031r\251\037*\347/\333mW\210\272tf\270l\253)\225"
 124      1F2AE72F 
 124      DB6D5788 
 124      BA7466B8 
 124      6CAB2995 
 125 00fb 5E729C56 		.ascii	"^r\234Vj\2137\376T\320\213(\353\351\255\327~OZ)\325"
 125      6A8B37FE 
 125      54D08B28 
 125      EBE9ADD7 
 125      7E4F5A29 
 126 0110 8237B18D 		.ascii	"\2027\261\215\355\221\253\002z\220\366\321]%\3458\033"
 126      ED91AB02 
 126      7A90F6D1 
 126      5D25E538 
 126      1B
 127 0121 4FB2FDFB 		.ascii	"O\262\375\373GD\000\251/y\341\306\006\205\206\351z\260"
 127      474400A9 
 127      2F79E1C6 
 127      068586E9 
 127      7AB0
 128 0133 2834BDF4 		.ascii	"(4\275\364\3614q\344\343\310\317\037\2331\315\\\003"
 128      F13471E4 
 128      E3C8CF1F 
 128      9B31CD5C 
 128      03
 129 0144 5826551E 		.ascii	"X&U\036\337\012\015\200v\371\006{\263\231r\276\203\033"
 129      DF0A0D80 
 129      76F9067B 
 129      B39972BE 
 129      831B
 130 0156 55855115 		.ascii	"U\205Q\025\222\254T\277?\355\013\360\364\244\0058J&"
 130      92AC54BF 
 130      3FED0BF0 
 130      F4A40538 
 130      4A26
 131 0168 0955CB3C 		.ascii	"\011U\313<F\0152\011G\240\361\324\375\257\246\013\252"
 131      460D3209 
 131      47A0F1D4 
 131      FDAFA60B 
 131      AA
 132 0179 398E1300 		.ascii	"9\216\023\000\274E\300y\024\256e\262C@\342\245\262c"
 132      BC45C079 
 132      14AE65B2 
ARM GAS  /var/folders/fq/ltb3dbq95yq6ljzx21t9gnkc0000gn/T//ccyJg4Kk.s 			page 10


 132      4340E2A5 
 132      B263
 133 018b 335F4C4D 		.ascii	"3_LM\264\210ui\366lAt\177S\247\225\267.\254-\241\317"
 133      B4887569 
 133      F66C4174 
 133      7F53A795 
 133      B72EAC2D 
 134 01a1 FE7EF965 		.ascii	"\376~\371e\305\313Z\226\233\346\222\351!\274\210\027"
 134      C5CB5A96 
 134      9BE692E9 
 134      21BC8817 
 135 01b1 928A5126 		.ascii	"\222\212Q&\216a7\026yVx\233\312\254\272`iI/\251\272"
 135      8E613716 
 135      7956789B 
 135      CAACBA60 
 135      69492FA9 
 136 01c6 5DB6BD35 		.ascii	"]\266\2755\355\320\002w\324\274\323\320\034\377K\323"
 136      EDD00277 
 136      D4BCD3D0 
 136      1CFF4BD3 
 137 01d6 47327CE2 		.ascii	"G2|\342\001\217\316\375n\033\037C\026O\035\3225\233"
 137      018FCEFD 
 137      6E1B1F43 
 137      164F1DD2 
 137      359B
 138 01e8 CA3087E9 		.ascii	"\3120\207\351\351\336`\243`\2727\271B\177\004\375\261"
 138      E9DE60A3 
 138      60BA37B9 
 138      427F04FD 
 138      B1
 139 01f9 721E53A5 		.ascii	"r\036S\245\311\347z\032t\235\333\232\203\231\037\371"
 139      C9E77A1A 
 139      749DDB9A 
 139      83991FF9 
 140 0209 839AD14C 		.ascii	"\203\232\321L\245_3r\335\377\267\365\273\015\353\367"
 140      A55F3372 
 140      DDFFB7F5 
 140      BB0DEBF7 
 141 0219 A84C4A6E 		.ascii	"\250LJn[\303\275\317EL\266@\225\211\037\0211\024\024"
 141      5BC3BDCF 
 141      454CB640 
 141      95891F11 
 141      311414
 142 022c D3B3BBA9 		.ascii	"\323\263\273\251\221\034\232\263\351\356\22114\363\326"
 142      911C9AB3 
 142      E9EE9131 
 142      34F3D6
 143 023b 7038A29F 		.ascii	"p8\242\237\256D$~\"\222\210G#\321\243\235\261\316hW"
 143      AE44247E 
 143      22928847 
 143      23D1A39D 
 143      B1CE6857 
 144 024f 3C168E82 		.ascii	"<\026\216\202\2218v2\206\307\177\002\032\230\"\272"
 144      91387632 
 144      86C77F02 
 144      1A9822BA 
 145              		.text
ARM GAS  /var/folders/fq/ltb3dbq95yq6ljzx21t9gnkc0000gn/T//ccyJg4Kk.s 			page 11


 146              		.section	.gnu.lto_chCoreGetStatusX.23d0b1e7840a9fb2,"",%progbits
 147 0000 789C6D4F 		.ascii	"x\234mO=K\003A\020\235\267\367)i\3042\010j\225\356\356"
 147      3D4B0341 
 147      109DB7F7 
 147      2969C432 
 147      086A95EE 
 148 0015 2F0947C0 		.ascii	"/\011G\300&\004\022\333\220M\014h!\"!E\304O\0041~%h"
 148      260412DB 
 148      904D0C68 
 148      21222145 
 148      C44F0431 
 149 002c A795A58D 		.ascii	"\247\225\245\215\212\010\236Z$\205\021\2643(H\220\020"
 149      8A089E5A 
 149      248511B4 
 149      33284890 
 149      10
 150 003d 67BC60A1 		.ascii	"g\274`\241Yvv\346\315\016\357\2751\350\377\211sTA4\305"
 150      597676E6 
 150      CD0EEFBD 
 150      31E8FF89 
 150      73544134 
 151 0052 1906412D 		.ascii	"\031\006A-_\021\025\\\005HA\240\274B\036\257\252\243"
 151      5F11155C 
 151      054841A0 
 151      BC421EAF 
 151      AAA3
 152 0064 705AFFB8 		.ascii	"pZ\377\270\214\275\250\256\242IbxV\276\250\332\002a"
 152      8CBDA8AE 
 152      A2496278 
 152      56BEA8DA 
 152      0261
 153 0076 0A0CEFAA 		.ascii	"\012\014\357\252\341HbG\353\342\333I8\275R\331\342\037"
 153      E1486247 
 153      EBE2DB49 
 153      38BD52D9 
 153      E21F
 154 0088 45EF8AB0 		.ascii	"E\357\212\260\2138j\020!\354!!\263\235R/\214\331%\255"
 154      8B386A10 
 154      21EC2121 
 154      B39D522F 
 154      8CD925AD 
 155 009c F5A84CF0 		.ascii	"\365\250L\360\307>l6A\215\261s\335\357?m.>\230\256\242"
 155      C73E6C36 
 155      418DB173 
 155      DDEF3F6D 
 155      2E3E98AE 
 156 00b1 AE320C7E 		.ascii	"\2562\014~LS*K*[\036\207\204\231\332\034\342\361\231"
 156      4C532A4B 
 156      2A5B1E87 
 156      8499DA1C 
 156      E2F199
 157 00c4 0167E311 		.ascii	"\001g\343\021\305\362qk\333\021\256O%\2067n\227\352"
 157      C5F2716B 
 157      DB11AE4F 
 157      2586376E 
 157      97EA
 158 00d6 2AF7A517 		.ascii	"*\367\245\027\264\333UVO\204\270\333j_\337\270\342\333"
ARM GAS  /var/folders/fq/ltb3dbq95yq6ljzx21t9gnkc0000gn/T//ccyJg4Kk.s 			page 12


 158      B4DB5556 
 158      4F84B8DB 
 158      6A5FDFB8 
 158      E2DB
 159 00e8 FA81B542 		.ascii	"\372\201\265Bi\015\353X-h\2312p\200\034\016\305-\216"
 159      690DEB58 
 159      2D689932 
 159      70801C0E 
 159      C52D8E
 160 00fb B84DCC7A 		.ascii	"\270M\314z?\2404\230Up\031\0216\207H`(g\375\227\263"
 160      3FA03498 
 160      55701911 
 160      36874860 
 160      2867FD97 
 161 0110 F187D362 		.ascii	"\361\207\323b\032\306s\025;\302\221\214%#\315\371\361"
 161      1AC67315 
 161      3BC2918C 
 161      2523CDF9 
 161      F1
 162 0121 A8E7709B 		.ascii	"\250\347p\233\232\030\250:$\253CV\346\205&<\317\217"
 162      9A18A83A 
 162      24AB4356 
 162      E685263C 
 162      CF8F
 163 0133 6E3AEB67 		.ascii	"n:\353gf\375l&\360\203\231T2\025\2443I/\240o\232(\223"
 163      66FD6C26 
 163      F0839954 
 163      3215A433 
 163      492FA06F 
 164 014a D2       		.ascii	"\322"
 165              		.text
 166              		.section	.gnu.lto_.symbol_nodes.23d0b1e7840a9fb2,"",%progbits
 167 0000 789C558A 		.ascii	"x\234U\212\313\011\200@\020\305\362fX\360h\221\366\361"
 167      CB098040 
 167      10C5F266 
 167      58F06891 
 167      F6F1
 168 0012 5A10FC7B 		.ascii	"Z\020\374{\220\255\310\232d\301\203\346\226\220\004"
 168      90ADC89A 
 168      64C183E6 
 168      969004
 169 0021 065E6291 		.ascii	"\006^b\221a\274\301\346\252\035\345\020\275)\223T\303"
 169      61BCC1E6 
 169      AA1DE510 
 169      BD299354 
 169      C3
 170 0032 594E45D3 		.ascii	"YNE\323Y\3314VY\337=69~a\227\363\033x\000\3377\0316"
 170      59D93456 
 170      59DF3D36 
 170      397E6197 
 170      F31B7800 
 171              		.text
 172              		.section	.gnu.lto_.refs.23d0b1e7840a9fb2,"",%progbits
 173 0000 789C25C9 		.ascii	"x\234%\311\271\015\200@\020\004\301\236\347\366\300"
 173      B90D8040 
 173      1004C19E 
 173      E7F6C0
ARM GAS  /var/folders/fq/ltb3dbq95yq6ljzx21t9gnkc0000gn/T//ccyJg4Kk.s 			page 13


 174 000f 404442FE 		.ascii	"@DB\376\351\201D\271\025\340\341W,\311\313\031\365\314"
 174      E98144B9 
 174      15E0E157 
 174      2CC9CB19 
 174      F5CC
 175 0021 A2830FF9 		.ascii	"\242\203\017\371\316\320/G\276\274\251px\001\027<\000"
 175      CED02F47 
 175      BEBCA970 
 175      7801173C 
 175      00
 176 0032 C4       		.ascii	"\304"
 177              		.text
 178              		.section	.gnu.lto_.decls.23d0b1e7840a9fb2,"",%progbits
 179 0000 789C8D54 		.ascii	"x\234\215T}LSW\024\177\267\357\321\322R\2531\021\027"
 179      7D4C5357 
 179      147FB7EF 
 179      D1D252AB 
 179      311117
 180 0013 B2441213 		.ascii	"\262D\022\0233\023\244\177\314,nY\342\034\311\374\310"
 180      3313A47F 
 180      CC2C6E59 
 180      E21CC9FC 
 180      C8
 181 0024 9C6EC464 		.ascii	"\234n\304d\211\177\274\225\307\333\332XZ\326\026'\373"
 181      897FBC95 
 181      C7DBDA58 
 181      5AD61627 
 181      FB
 182 0035 EB29D310 		.ascii	"\353)\323\020\247\242\210\212\016MQ\020A\220*\012\010"
 182      A7A2888A 
 182      0E4D5110 
 182      41902A0A 
 182      08
 183 0046 38CA50E8 		.ascii	"8\312P\350(\"*N\020\224\002\212\037\310\206\210\333"
 183      28222A4E 
 183      1094028A 
 183      1FC88688 
 183      DB
 184 0057 9891EEDC 		.ascii	"\230\221\356\334\373\336k_\361c{\341\224{\356;\347\367"
 184      FBDE6B5F 
 184      F1637BE1 
 184      947BEE3B 
 184      E7F7
 185 0069 FB9D73EE 		.ascii	"\373\235s\356\2734EQ;\020E\005\341\031\324PT\254\212"
 185      BB344551 
 185      3B104505 
 185      E119D450 
 185      54AC8A
 186 007c A2A2606F 		.ascii	"\242\242`o-\025~\030\260r\260s`5`u\322\336%0\037X\033"
 186      2D157E18 
 186      B072B073 
 186      60356075 
 186      D2DE2530 
 187 0093 583B15F9 		.ascii	"X;\025\371\340x\265\204\263\002\254\005\3542X3X\207"
 187      E078B584 
 187      B302AC05 
 187      EC325833 
ARM GAS  /var/folders/fq/ltb3dbq95yq6ljzx21t9gnkc0000gn/T//ccyJg4Kk.s 			page 14


 187      5887
 188 00a5 1483A4B8 		.ascii	"\024\203\244\270\377\302\302\274Z0\003\230\036l\015"
 188      FFC2C2BC 
 188      5A300398 
 188      1E6C0D
 189 00b4 984781BB 		.ascii	"\230G\201\273\012\254[\201\033-\345\334\002\353\003"
 189      0AAC5B81 
 189      1B2DE5DC 
 189      02EB03
 190 00c3 0B48BA07 		.ascii	"\013H\272\007\301\356\202\335\007SI<\276i\\5R\376\233"
 190      C1EE82DD 
 190      0753493C 
 190      BE695C35 
 190      52FE9B
 191 00d6 B894FA6B 		.ascii	"\270\224\372k\336\200U'\365@\306\362\274\006\243\356"
 191      DE805527 
 191      F540C6F2 
 191      BC06A3EE 
 192 00e6 0D184F54 		.ascii	"\015\030OT\350\374\251\211\3131\017T\310\240\213\307"
 192      E8FCA989 
 192      CB310F54 
 192      C8A08BC7 
 193 00f6 6E5DAE2F 		.ascii	"n]\256/_\015\256^\307`\267\376\371`\0273w\237\000\317"
 193      5F0DAE5E 
 193      C760B7FE 
 193      F9601733 
 193      779F00CF 
 194 010a EE2C6116 		.ascii	"\356,a\026\203\326\306\242\022\024\207N\2408@/Es\341"
 194      83D6C6A2 
 194      1214874E 
 194      A038402F 
 194      4573E1
 195 011d 773D2322 		.ascii	"w=#\"\035.\311\353bh\025\302\353c\371\003]\272\2042"
 195      1D2EC9EB 
 195      626815C2 
 195      EB63F903 
 195      5DBA8432 
 196 0131 48CB16BC 		.ascii	"H\313\026\274\017P\230n\317\336\266n}\374\021\301\355"
 196      0F50986E 
 196      CFDEB66E 
 196      7DFC11C1 
 196      ED
 197 0142 192B6FD8 		.ascii	"\031+o\330F\037\024\334[\204\251`\020\0210T\206ht\022"
 197      461F14DC 
 197      5B84A960 
 197      10113054 
 197      86687412 
 198 0156 2510E9B0 		.ascii	"%\020\351\260\026k(G\361\220\330p\374t\024\275\230\200"
 198      166B2847 
 198      F190D870 
 198      FC7414BD 
 198      9880
 199 0168 6F3E5EBF 		.ascii	"o>^\277C\003\032W\350\010d\377O\223EZ\342\342c6\023"
 199      43031A57 
 199      E80864FF 
 199      4F93455A 
 199      E2E26336 
ARM GAS  /var/folders/fq/ltb3dbq95yq6ljzx21t9gnkc0000gn/T//ccyJg4Kk.s 			page 15


 200 017d B654574E 		.ascii	"\266TWNV\015\350\221nA\266 l\301\302\265>\003\025\322"
 200      560DE891 
 200      6E41B620 
 200      6CC1C2B5 
 200      3E0315D2 
 201 0191 8D4EA305 		.ascii	"\215N\243\005\020L\210\320)\330\254\204\315\"\220:\366"
 201      104C88D0 
 201      29D8AC84 
 201      CD22903A 
 201      F6
 202 01a2 BCBB63AE 		.ascii	"\274\273c\256 0\310\203t\250\"$\205\360H\362\037O\026"
 202      2030C883 
 202      74A82224 
 202      85F048F2 
 202      1F4F16
 203 01b5 FEA167A0 		.ascii	"\376\241g\240\235$f=\351\321\266\033\025\223\321\312"
 203      9D24663D 
 203      E9D1B61B 
 203      1593D1CA 
 204 01c5 1EADD12B 		.ascii	"\036\255\321+zTEzt\006IM\312\271\261\253r&\275\221\324"
 204      7A54457A 
 204      7406494D 
 204      CAB9B1AB 
 204      7226BD91 
 205 01da 31D255DB 		.ascii	"1\322U\333c\220zQ\327\252\354\005$\241\263\212^\234"
 205      63907A51 
 205      D7AAEC05 
 205      24A1B38A 
 205      5E9C
 206 01ec 957B718E 		.ascii	"\225{q\216\364\"w\327\221'\006z\013\"(\331m\003{\243"
 206      F42277D7 
 206      9127067A 
 206      0B2228D9 
 206      6D037BA3 
 207 0200 0025E071 		.ascii	"\000%\340q\377X\254\366\011\336`\260Q@\004\242Z\001"
 207      FF58ACF6 
 207      09DE60B0 
 207      514004A2 
 207      5A01
 208 0212 512D43D4 		.ascii	"Q-C\324\020\210\233/\252\367\251\225\242q=a\325\265"
 208      10889B2F 
 208      AAF7A995 
 208      A2713D61 
 208      D5B5
 209 0224 11936DBF 		.ascii	"\021\223m\277x\264\314@\347\210|\005y\023\273\031\242"
 209      78B4CC40 
 209      E7887C05 
 209      7913BB19 
 209      A2
 210 0235 3A50BFB5 		.ascii	":P\277\265E/\020\306\245\3218\005\235W\020\236\227\011"
 210      452F10C6 
 210      A5D13805 
 210      9D57109E 
 210      9709
 211 0247 EB08E181 		.ascii	"\353\010\341\201\253\3355\014\355\0261\266\367\226\266"
 211      ABDD350C 
 211      ED1631B6 
ARM GAS  /var/folders/fq/ltb3dbq95yq6ljzx21t9gnkc0000gn/T//ccyJg4Kk.s 			page 16


 211      F796B6
 212 0256 6BE81328 		.ascii	"k\350\023(b\234\261\3428w\371\0175\321\304\015\342\327"
 212      629CB1E2 
 212      3877F90F 
 212      35D1C40D 
 212      E2D7
 213 0268 AADCA189 		.ascii	"\252\334\241\211b$\317r,W\240\337\242PB\034Z\010\203"
 213      6224CF72 
 213      2C57A0DF 
 213      A250421C 
 213      5A0883
 214 027b F4C22063 		.ascii	"\364\302 c\245A^\000\355?\313\203|T\234\3636\036d#\024"
 214      A5415E00 
 214      ED3FCB83 
 214      7C549CF3 
 214      361E6423 
 215 0290 D5101E64 		.ascii	"\325\020\036dlh\220\252\300\315\342\317_\015\372\313"
 215      6C6890AA 
 215      C0CDE2CF 
 215      5F0DFACB 
 216 02a0 EB40FB4B 		.ascii	"\353@\373K\374s0h\023\200\326\207A\201#t<\332\332\237"
 216      FC733068 
 216      1380D687 
 216      41812374 
 216      3CDADA9F 
 217 02b4 56A966EF 		.ascii	"V\251f\357&]\025\204x\204cI\017\232\321\354PPGSS\001"
 217      265D1584 
 217      78846349 
 217      0F9AD1EC 
 217      50504753 
 218 02ca A20BC40F 		.ascii	"\242\013\304\017e\347\351KW\351\371\205B@\030+\357\334"
 218      65E7E94B 
 218      57E9F985 
 218      4240182B 
 218      EFDC
 219 02dc 3667B330 		.ascii	"6g\2630\000\271\320O\204S\320E\271\207\322\002]B\363"
 219      00B9D04F 
 219      8453D045 
 219      B987D202 
 219      5D42F3
 220 02ef 21A9B76F 		.ascii	"!\251\267oG\036\322o\017\037n\242)<\275\026\244\227"
 220      471ED26F 
 220      0F1F6EA2 
 220      293CBD16 
 220      A497
 221 0301 B8EE5436 		.ascii	"\270\356T6V\252\3502\221kk\341\346\341(\340\022\216"
 221      56AAE832 
 221      916B6BE1 
 221      E6E128E0 
 221      128E
 222 0313 06A6AEA5 		.ascii	"\006\246\256\245z\177\020\310i\303\321\250U\254G\201"
 222      7A7F10C8 
 222      69C3D1A8 
 222      55AC4781 
 223 0323 D12A31FA 		.ascii	"\321*1\372\010\243\273o\342O\003}F\304\031o\271\360"
 223      08A3BB6F 
 223      E24F037D 
ARM GAS  /var/folders/fq/ltb3dbq95yq6ljzx21t9gnkc0000gn/T//ccyJg4Kk.s 			page 17


 223      46C4196F 
 223      B9F0
 224 0335 0C11CD81 		.ascii	"\014\021\315\201\322\346U\356|A\010\004\203\363\210"
 224      D2E655EE 
 224      7C410804 
 224      83F388
 225 0344 E05F65C1 		.ascii	"\340_e\301\322\002\265\221\364\354\027\305y\210n\024"
 225      D202B591 
 225      F4EC17C5 
 225      79886E14 
 226 0354 D31F4F3E 		.ascii	"\323\037O>s\212*\202\323T\370_R\341\227`\332\011\314"
 226      738A2A82 
 226      D354F85F 
 226      52E19760 
 226      DA09CC
 227 0367 C860CBB8 		.ascii	"\310`\313\270:\242n\314\031\216\276,\326\215\377Ct\367"
 227      3AA26ECC 
 227      198EBE2C 
 227      D68DFF43 
 227      74F7
 228 0379 60EB2813 		.ascii	"`\353(\023\021\2159\302\321\035Rt\007\211\366\235<\374"
 228      118D39C2 
 228      D11D5274 
 228      0789F69D 
 228      3CFC
 229 038b 15DD4214 		.ascii	"\025\335B\0242C\005\236\352\231hA\\\234\256\210\334"
 229      3243059E 
 229      EA996841 
 229      5C9CAE88 
 229      DC
 230 039c 601FA1EB 		.ascii	"`\037\241\353\320\337+Rm\342\223\017\373\177/\305/`"
 230      D0DF2B52 
 230      6DE2930F 
 230      FB7F2FC5 
 230      2F60
 231 03ae 194DFEBF 		.ascii	"\031M\376\277\3420u\302a\302\257(t\015x\257\002/>\360"
 231      E23075C2 
 231      61C2AF28 
 231      740D78AF 
 231      022F3EF0 
 232 03c2 DE8AEB1A 		.ascii	"\336\212\353\032r\345.\301\356_\307\002#\210\\\271\032"
 232      72E52EC1 
 232      EE5FC702 
 232      23885CB9 
 232      1A
 233 03d3 ECE66EAD 		.ascii	"\354\346n\255\2555\020W\215\335\242\242\261\3753t\331"
 233      AD351057 
 233      8DDDA2A2 
 233      B1FD3374 
 233      D9
 234 03e4 D2878AAB 		.ascii	"\322\207\212\253\320+G}\223\200\277\023\207~\023\261"
 234      D02B477D 
 234      9380BF13 
 234      877E13B1 
 235 03f4 47B3462A 		.ascii	"G\263F*\324\312\023\210\225wA\370\015\022\336\215\317"
 235      D4CA1388 
 235      957741F8 
ARM GAS  /var/folders/fq/ltb3dbq95yq6ljzx21t9gnkc0000gn/T//ccyJg4Kk.s 			page 18


 235      0D12DE8D 
 235      CF
 236 0405 A198441C 		.ascii	"\241\230D\034\310h:Tr@K\373\305\331\234\350\013\336"
 236      C8683A54 
 236      72404BFB 
 236      C5D99CE8 
 236      0BDE
 237 0417 A6E1E3F6 		.ascii	"\246\341\343\366z\306*\374\277\247\344f\011Ed\270\356"
 237      7AC62AFC 
 237      BFA7E466 
 237      094564B8 
 237      EE
 238 0428 68723FF7 		.ascii	"hr?\367(\276\357\036y\324\267\310\367}\267\353\211\240"
 238      28BEEF1E 
 238      79D4B7C8 
 238      F77DB7EB 
 238      89A0
 239 043a A39F8930 		.ascii	"\243\237\2110\307G\033\036h\011\214'\350\037V\205n\266"
 239      C7471B1E 
 239      68098C27 
 239      E81F5685 
 239      6EB6
 240 044c 8F094AAF 		.ascii	"\217\011J\257\002\245WF\351\023QF\313\2741t)MP\012\037"
 240      02A55746 
 240      E9135146 
 240      CBBC3174 
 240      294D500A 
 241 0461 F6E4E8E8 		.ascii	"\366\344\350\350\032\321\031m\235\252\212\202\233\027"
 241      1AD1196D 
 241      9DAA8A82 
 241      9B17
 242 046f DD211978 		.ascii	"\335!\031x\276{;\237\033D\255;sFV\035\010i\315V\021"
 242      BE7B3B9F 
 242      1B44AD3B 
 242      7346561D 
 242      0869CD56 
 243 0484 9ADB320D 		.ascii	"\232\3332\015\352\207\333\027\273\"S\2000U\337\332s"
 243      EA87DB17 
 243      BB225380 
 243      3055DFDA 
 243      73
 244 0495 504F8F8B 		.ascii	"PO\217\213\340S\325\373\377Q\311e?}\251\354\001\205"
 244      E053D5FB 
 244      FF51C965 
 244      3F7DA9EC 
 244      0185
 245 04a7 E0011966 		.ascii	"\340\001\031f\220\300\034\351\274\375\220\241\247$\230"
 245      90C01CE9 
 245      BCFD90A1 
 245      A72498
 246 04b6 ACCEFE28 		.ascii	"\254\316\376(\251\354\221G\323\313\036R\240\014\311"
 246      A9EC9147 
 246      D3CB1E52 
 246      A00CC9
 247 04c5 2877094A 		.ascii	"(w\011J[\363\265<\025\275\235yM\245\301\361\243yz\251"
 247      5BF3B53C 
 247      15BD9D79 
ARM GAS  /var/folders/fq/ltb3dbq95yq6ljzx21t9gnkc0000gn/T//ccyJg4Kk.s 			page 19


 247      4DA5C1F1 
 247      A3797AA9 
 248 04d9 D2CAE197 		.ascii	"\322\312\341\227+\275\027\252t\030WzO\006\277\217\342"
 248      2BBD17AA 
 248      7418577A 
 248      4F06BF8F 
 248      E2
 249 04ea 291DCBD9 		.ascii	")\035\313\331\035<k\261Y\\\352\345\237\255\213O\242"
 249      1D3C6BB1 
 249      595CEAE5 
 249      9FAD8B4F 
 249      A2
 250 04fb E625261A 		.ascii	"\346%&\032\305?\273\323\350p\031\235\016\316\310\231"
 250      C53FBBD3 
 250      E870199D 
 250      0ECEC899 
 251 050b D3F8341C 		.ascii	"\323\3704\034\230\310Qj\247\345{\236u}`\264\247\273"
 251      98C8516A 
 251      A7E57B9E 
 251      757D60B4 
 251      A7BB
 252 051d 8CDF70DC 		.ascii	"\214\337p\334\"\223#\315h\265\244\340\265\021\326\213"
 252      229323CD 
 252      68B5A4E0 
 252      B511D68B 
 253 052d 6C761BBF 		.ascii	"lv\033\277\2107\245X\214\213\023\337O|\327h\261q\326"
 253      8837A558 
 253      8C8B13DF 
 253      4F7CD768 
 253      B171D6
 254 0540 8C54DEE8 		.ascii	"\214T\336\350t\245\246\362_'\232\251\030\316\234\004"
 254      74A5A6F2 
 254      5F279AA9 
 254      18CE9C04 
 255 0550 58CBAC56 		.ascii	"X\313\254V;\247W\254W\316\022\235\345\274+\331ere8\277"
 255      3BA757AC 
 255      57CE129D 
 255      E5BC2BD9 
 255      65726538 
 256 0565 D464586C 		.ascii	"\324dXl\256%\254K\313\262\322\352\303\010\332H:\231"
 256      AE25AC4B 
 256      CBB2D2EA 
 256      C308DA48 
 256      3A99
 257 0577 28CDC499 		.ascii	"(\315\304\231-6\336\310\002\235)\303\352b]\231\351\274"
 257      2D36DEC8 
 257      029D29C3 
 257      EA625D99 
 257      E9BC
 258 0589 138813FE 		.ascii	"\023\210\023\376G2\250\004&\010\236\301\262f\336\224"
 258      4732A804 
 258      26089EC1 
 258      B266DE94 
 259 0599 CEA6989C 		.ascii	"\316\246\230\234<\313jl\374&\0274A/\355\362\266T\226"
 259      3CCB6A6C 
 259      FC261734 
 259      412FEDF2 
ARM GAS  /var/folders/fq/ltb3dbq95yq6ljzx21t9gnkc0000gn/T//ccyJg4Kk.s 			page 20


 259      B65496
 260 05ac 55C32FEC 		.ascii	"U\303/\3541\234\331\344\320r\346\344L\347\247vn\303"
 260      319CD9E4 
 260      D072E6E4 
 260      4CE7A776 
 260      6EC3
 261 05be F406CAC8 		.ascii	"\364\006\312\310\234\331\231\211Uh\323\355\016\027\013"
 261      9CD99989 
 261      5568D3ED 
 261      0E170B
 262 05cd F56E5838 		.ascii	"\365nX8-\022\277p\032\227}\261:i\365&\010'\223\331\370"
 262      2D12BF70 
 262      1A977DB1 
 262      3A69F526 
 262      082793D9 
 263 05e2 5E9A2826 		.ascii	"^\232(&\325\3424\245XaT\216og\230\254\337\2312\2350"
 263      D5E234A5 
 263      5861548E 
 263      6F6798AC 
 263      DF99329D 
 264 05f7 352BD499 		.ascii	"5+\324\231\240D\001\225\306\244\325\311+\223\303\264"
 264      A0440195 
 264      C6A4D5C9 
 264      2B93C3B4 
 265 0607 18854BFB 		.ascii	"\030\205K\373$\303\306\211\275\007\231\353l\230>\206"
 265      24C3C689 
 265      BD0799EB 
 265      6C983E86 
 266 0617 08C9206B 		.ascii	"\010\311 k\250\213\267\311\370\377\002\364\301g\357"
 266      A88BB7C9 
 266      F8FF02F4 
 266      C167EF
 267              		.text
 268              		.section	.gnu.lto_.symtab.23d0b1e7840a9fb2,"",%progbits
 269 0000 5F636F72 		.ascii	"_core_init\000\000\000\000\000\000\000\000\000\000\000"
 269      655F696E 
 269      69740000 
 269      00000000 
 269      00000000 
 270 0015 00AC0000 		.ascii	"\000\254\000\000\000chCoreAlloc\000\000\000\000\000"
 270      00636843 
 270      6F726541 
 270      6C6C6F63 
 270      00000000 
 271 002a 00000000 		.ascii	"\000\000\000\000\000\000\000\265\000\000\000chCoreA"
 271      000000B5 
 271      00000063 
 271      68436F72 
 271      6541
 272 003c 6C6C6F63 		.ascii	"llocI\000\000\000\000\000\000\000\000\000\000\000\000"
 272      49000000 
 272      00000000 
 272      00000000 
 272      00
 273 004d B7000000 		.ascii	"\267\000\000\000chCoreGetStatusX\000\000\000\000\000"
 273      6368436F 
 273      72654765 
ARM GAS  /var/folders/fq/ltb3dbq95yq6ljzx21t9gnkc0000gn/T//ccyJg4Kk.s 			page 21


 273      74537461 
 273      74757358 
 274 0066 00000000 		.ascii	"\000\000\000\000\000\000\000\272\000\000\000__heap_"
 274      000000BA 
 274      0000005F 
 274      5F686561 
 274      705F
 275 0078 62617365 		.ascii	"base__\000\000\002\000\000\000\000\000\000\000\000\000"
 275      5F5F0000 
 275      02000000 
 275      00000000 
 275      0000
 276 008a C5000000 		.ascii	"\305\000\000\000__heap_end__\000\000\002\000\000\000"
 276      5F5F6865 
 276      61705F65 
 276      6E645F5F 
 276      00000200 
 277 00a0 00000000 		.ascii	"\000\000\000\000\000\000\312\000\000\000"
 277      0000CA00 
 277      0000
 278              		.text
 279              		.section	.gnu.lto_.opts,"",%progbits
 280 0000 272D666E 		.ascii	"'-fno-trapv' '-mcpu=cortex-m0' '-mno-thumb-interwor"
 280      6F2D7472 
 280      61707627 
 280      20272D6D 
 280      6370753D 
 281 0033 6B272027 		.ascii	"k' '-mthumb' '-ggdb' '-O2' '-fomit-frame-pointer' '"
 281      2D6D7468 
 281      756D6227 
 281      20272D67 
 281      67646227 
 282 0066 2D66616C 		.ascii	"-falign-functions=16' '-ffunction-sections' '-fdata"
 282      69676E2D 
 282      66756E63 
 282      74696F6E 
 282      733D3136 
 283 0099 2D736563 		.ascii	"-sections' '-fno-common' '-flto'\000"
 283      74696F6E 
 283      73272027 
 283      2D666E6F 
 283      2D636F6D 
 284              		.text
 285              		.comm	__gnu_lto_v1,1,1
 286              		.comm	__gnu_lto_slim,1,1
 287              		.ident	"GCC: (GNU Tools for ARM Embedded Processors) 4.9.3 20150303 (release) [ARM/embedded-4_9-br
ARM GAS  /var/folders/fq/ltb3dbq95yq6ljzx21t9gnkc0000gn/T//ccyJg4Kk.s 			page 22


DEFINED SYMBOLS
                            *ABS*:0000000000000000 chmemcore.c
                            *COM*:0000000000000001 __gnu_lto_v1
                            *COM*:0000000000000001 __gnu_lto_slim

NO UNDEFINED SYMBOLS
