ARM GAS  /var/folders/fq/ltb3dbq95yq6ljzx21t9gnkc0000gn/T//ccX9k2KP.s 			page 1


   1              		.cpu cortex-m0
   2              		.fpu softvfp
   3              		.eabi_attribute 20, 1
   4              		.eabi_attribute 21, 1
   5              		.eabi_attribute 23, 3
   6              		.eabi_attribute 24, 1
   7              		.eabi_attribute 25, 1
   8              		.eabi_attribute 26, 1
   9              		.eabi_attribute 30, 2
  10              		.eabi_attribute 34, 0
  11              		.eabi_attribute 18, 4
  12              		.code	16
  13              		.file	"chmempools.c"
  14              		.text
  15              	.Ltext0:
  16              		.section	.gnu.lto_.profile.494205befdb466de,"",%progbits
  17 0000 789C6366 		.ascii	"x\234cf```a\200\000F\206pK\000\001[\000\231"
  17      60606061 
  17      80004686 
  17      704B0001 
  17      5B0099
  18              		.text
  19              		.section	.gnu.lto_.jmpfuncs.494205befdb466de,"",%progbits
  20 0000 789C6366 		.ascii	"x\234cf\300\016,\2414\033\0033###{}}=#\214\301\004\244"
  20      C00E2CA1 
  20      341B0333 
  20      2323237B 
  20      7D7D3D23 
  21 0018 EB198172 		.ascii	"\353\031\201r\007\030\270\230\241\354z\006\006\026\240"
  21      0718B898 
  21      A1EC7A06 
  21      0616A0
  22 0027 38737D3D 		.ascii	"8s}=+\204b\000\000\344\203\007\277"
  22      2B846200 
  22      00E48307 
  22      BF
  23              		.text
  24              		.section	.gnu.lto_.inline.494205befdb466de,"",%progbits
  25 0000 789C6D4F 		.ascii	"x\234mO\241n\002A\020}ov\217].\\\332\273\012\2223\255"
  25      A16E0241 
  25      107D6F76 
  25      8F5D2E5C 
  25      DABB0A92 
  26 0016 C33528F4 		.ascii	"\3035(\364}A?\242\252\374\005\022Ar\2255Mp\004\201%"
  26      7D413FA2 
  26      AAFC0512 
  26      41729535 
  26      4D700481 
  27 002b FC458B3B 		.ascii	"\374E\213;E\015\342p \353:{\333V\261\331\354\233yov"
  27      450DE270 
  27      20EB3A7B 
  27      DB56B1D9 
  27      EC9B796F 
  28 0040 DE8CC1F5 		.ascii	"\336\214\301\365\2231bOoB\210\331\015\321o&\0228\";"
  28      9331624F 
  28      6F4288D9 
  28      0DD16F26 
ARM GAS  /var/folders/fq/ltb3dbq95yq6ljzx21t9gnkc0000gn/T//ccX9k2KP.s 			page 2


  28      1238223B 
  29 0054 81142D91 		.ascii	"\201\024-\221\274>\244\350\277/D`U\022\344)\035\246"
  29      BC3EA4E8 
  29      BF2F4460 
  29      5512E429 
  29      1DA6
  30 0066 1C950678 		.ascii	"\034\225\006x\2110\275\010\277\216\037{\337\312wh\300"
  30      8930BD08 
  30      BF8E1F7B 
  30      DFCA7768 
  30      C0
  31 0077 154B53A9 		.ascii	"\025KS\251\032\2210\241g\214\036\322`\272\274\027\260"
  31      1A9130A1 
  31      678C1ED2 
  31      60BABC17 
  31      B0
  32 0088 75952099 		.ascii	"u\225 \231\217\224o8\243\327d\347\025\3015gr\253\371"
  32      8F946F38 
  32      A3D764E7 
  32      15C13567 
  32      72ABF9
  33 009b 6F00B329 		.ascii	"o\000\263),X\367l7^\222C9\276>\031\334\015t\364b\373"
  33      2C58F76C 
  33      375E9243 
  33      39BE3E19 
  33      DC0D74F4 
  34 00b1 8CF46DFC 		.ascii	"\214\364m\374\247\005\305\206\245\3309[\371\274\201"
  34      A705C586 
  34      A5D8395B 
  34      F9BC81
  35 00c0 3F3F7686 		.ascii	"??v\2066\276]%\274\323\317\256\231\374\357\215\037f"
  35      36BE5D25 
  35      BCD3CFAE 
  35      99FCEF8D 
  35      1F66
  36 00d2 C624EC   		.ascii	"\306$\354"
  37              		.text
  38              		.section	.gnu.lto_.pureconst.494205befdb466de,"",%progbits
  39 0000 789C6366 		.ascii	"x\234cf``\340e\200\0006\006)F+&)f+\026)V+\000\007\221"
  39      6060E065 
  39      80003606 
  39      29462B26 
  39      29662B16 
  40 001a 0122     		.ascii	"\001\""
  41              		.text
  42              		.section	.gnu.lto_chPoolObjectInit.494205befdb466de,"",%progbits
  43 0000 789C9590 		.ascii	"x\234\225\220\315k\023a\020\306\347\231ww\033HK\305"
  43      CD6B1361 
  43      10C6E799 
  43      77771B48 
  43      4BC5
  44 0012 53C9A920 		.ascii	"S\311\251 \261\207\222\344\340?\340I\274\371G\304\200"
  44      B18792E4 
  44      E03FE049 
  44      BCF947C4 
  44      80
  45 0023 05434222 		.ascii	"\005CB\"\036\274\364\335Z\017\202\207\252(\005-\026"
ARM GAS  /var/folders/fq/ltb3dbq95yq6ljzx21t9gnkc0000gn/T//ccX9k2KP.s 			page 3


  45      1EBCF4DD 
  45      5A0F8287 
  45      AA28052D 
  45      16
  46 0034 62F1A3DA 		.ascii	"b\361\243\332\232\324\372uZ\365\242\007\033\013-~\201"
  46      9AD4FA75 
  46      5AF5A207 
  46      1B0B2D7E 
  46      81
  47 0045 5A88600F 		.ascii	"Z\210`\017\305D\003u\017\245\235\331U\220z\321e\227"
  47      C5440375 
  47      0FA59DD9 
  47      55907AD1 
  47      6597
  48 0057 79E7DD79 		.ascii	"y\347\335y~3\363\030\372\373I\311w\204\211\016H\204"
  48      7E33F318 
  48      FAFB49C9 
  48      7784890E 
  48      4884
  49 0069 21F0C412 		.ascii	"!\360\304\022\221\237`@\017\004\032e\214b\235;\214\211"
  49      919F6040 
  49      0F041A65 
  49      8C629D3B 
  49      8C89
  50 007b 60763239 		.ascii	"`v294c\255m7\026\006\316\014\204\"\373\3011\00670$%"
  50      3463AD6D 
  50      371606CE 
  50      0C8422FB 
  50      C1310637 
  51 0092 FEF2D9D3 		.ascii	"\376\362\331\323\275f\037H\316\217\347\272\257\222_"
  51      BD661F48 
  51      CE8FE7BA 
  51      AF925F
  52 00a1 39640C6A 		.ascii	"9d\014j\372\344\302\213IOSv4]\273\376l\032\351\232\265"
  52      FAE4C28B 
  52      494F5376 
  52      345DBBFE 
  52      6C1AE99A 
  53 00b6 63C152C3 		.ascii	"c\301R\303\036tB6\270\011#<\334B\012\267\221\"\271\""
  53      1E744236 
  53      B809233C 
  53      DC420AB7 
  53      9122B922 
  54 00ca CC222DD5 		.ascii	"\314\"-\325\257_\372\037\372\315\376\210\333\375\366"
  54      AF5FFA1F 
  54      FACDFE88 
  54      DBFDF6
  55 00d9 FC6D6FAC 		.ascii	"\374mo\254\\\217\225\016\356\354V:\204\273\2212\370"
  55      5C8F950E 
  55      EEEC563A 
  55      84BB9132 
  55      F8
  56 00ea 6C37FACC 		.ascii	"l7\372\314p\244\234>\177i\306\211\225\347j\336\341\220"
  56      70A49C3E 
  56      7F69C689 
  56      95E76ADE 
  56      E190
ARM GAS  /var/folders/fq/ltb3dbq95yq6ljzx21t9gnkc0000gn/T//ccX9k2KP.s 			page 4


  57 00fc 5DCCED16 		.ascii	"]\314\355\026\272\204y\244\265\2723\276\365&\351\215"
  57      BA8479A4 
  57      B5BA33BE 
  57      F526E98D 
  58 010c CBBA7BB6 		.ascii	"\313\272{\266~o\212{\360 q~o`\267\267k\315\247\253\036"
  58      7E6F8A7B 
  58      F020717E 
  58      6F60B7B7 
  58      6BCDA7AB 
  59 0121 D42B99D2 		.ascii	"\324+\231\322\201v\364\020\311\251%\325j\340\027f\215"
  59      8176F410 
  59      C9A925D5 
  59      6AE01766 
  59      8D
  60 0132 E63DC6DA 		.ascii	"\346=\306\332\355f\307(@\330\237Z\315\345\204\232aH"
  60      ED66C728 
  60      40D89F5A 
  60      CDE5849A 
  60      6148
  61 0144 5B2DFEBC 		.ascii	"[-\376\274\266\3217\205+\276\265\201\033\262\267\311"
  61      B6D13785 
  61      2BBEB581 
  61      1BB2B7C9 
  62 0154 8CBA8CA3 		.ascii	"\214\272\214\243\377\256v/\276\353\317\014\207\334\203"
  62      FFAE762F 
  62      BEEBCF0C 
  62      87DC83
  63 0163 06A6F03D 		.ascii	"\006\246\360=2\034\013\310\374\211\351\221\253\373\""
  63      321C0BC8 
  63      FC89E991 
  63      ABFB22
  64 0172 903697EB 		.ascii	"\2206\227\353+k\356\2576\377\304u\260\030qu/<@fS\314"
  64      2B6BEEAF 
  64      36FFC475 
  64      B0187175 
  64      2F3C4066 
  65 0188 534E67A5 		.ascii	"SNg\245\376_\034\027\017#N\344\323#\345x\364\021~\260"
  65      FE5F1C17 
  65      0F234EE4 
  65      D323E578 
  65      F4117EB0 
  66 019c 7A48293A 		.ascii	"zH):uKz\210\031R0\230\315\346\342\267T\315UN\344\252"
  66      754B7A88 
  66      19523098 
  66      CDE6E2B7 
  66      54CD554E 
  67 01b2 957C2E7F 		.ascii	"\225|.\177\254X(\226K\245\343\325l\236\270Xv\252#\247"
  67      AC582896 
  67      4BA5E3D5 
  67      6C9EB858 
  67      76AA23A7 
  68 01c6 0A8972A5 		.ascii	"\012\211r\245tr\344h\241\262\003\276 \334D"
  68      7472E468 
  68      A1B203BE 
  68      20DC44
  69              		.text
  70              		.section	.gnu.lto_chPoolLoadArray.494205befdb466de,"",%progbits
ARM GAS  /var/folders/fq/ltb3dbq95yq6ljzx21t9gnkc0000gn/T//ccX9k2KP.s 			page 5


  71 0000 789CA555 		.ascii	"x\234\245U_L[U\030?\337\271\377ZZ\003\032\243\270\230"
  71      5F4C5B55 
  71      183FDFB9 
  71      FF5A5A03 
  71      1AA3B898 
  72 0014 40823866 		.ascii	"@\2028f\204>\351\223\2113K4{\340\305\305g\023\273&`"
  72      843EE993 
  72      89334B34 
  72      7BE0C5C5 
  72      6713BB26 
  73 0029 066D2833 		.ascii	"\006m(3\333\323nKE7\027B\252\017,Z-\331\224mLp(\314"
  73      DBD36E4B 
  73      45371742 
  73      AA0F2C5A 
  73      2DD9946D 
  74 0041 82B00B63 		.ascii	"\202\260\013c\205\361o\2601\376L3*c\313L\\2\006\023"
  74      85F16FB0 
  74      31FE4C33 
  74      2A63CB4C 
  74      5C320613 
  75 0055 6AB2D5EF 		.ascii	"j\262\325\357;\027\266\366\002\372`\323\366\236{\276"
  75      3B17B6F6 
  75      02FA60D3 
  75      F69E7BBE 
  76 0065 EFF7FBBE 		.ascii	"\357\367\373\276\363;\277{\256\3046~\336\303_\247\306"
  76      F33BBF7B 
  76      AEC4367E 
  76      DEC35FA7 
  76      C6
  77 0076 D81DBC82 		.ascii	"\330\035\274\202\306\200\327\2171\026\260qP\314\201"
  77      C680D78F 
  77      3116B071 
  77      50CC81
  78 0085 04B23990 		.ascii	"\004\2629\220\315\231^\233\302\245\243\003\214\351Y"
  78      CD995E9B 
  78      C2A5A303 
  78      8CE959
  79 0094 6A4863BA 		.ascii	"jHc\272S\005\240y\006\354\020\227dE\205C\\a\220\302"
  79      5305A079 
  79      06EC1097 
  79      64458543 
  79      5C6190C2 
  80 00a8 4FB628F0 		.ascii	"O\266(\360\007_\344Po478\266\177\253\353\372\275p,\367"
  80      075FE450 
  80      6F343738 
  80      B67FABEB 
  80      FABD702C 
  81 00bd E3DC2467 		.ascii	"\343\334$gl\211\233\035@\023l\307\224\300\304\341\032"
  81      6C899B1D 
  81      40136CC7 
  81      94C0C4E1 
  81      1A
  82 00ce A754000C 		.ascii	"\247T\000\014\307\261\226\345Q\307\035\236\344\220O"
  82      C7B196E5 
  82      51C71D9E 
  82      E4904F
  83 00dd B79DE1C1 		.ascii	"\267\235\341\301\006\225n\271L\267\277\237\350\213B"
ARM GAS  /var/folders/fq/ltb3dbq95yq6ljzx21t9gnkc0000gn/T//ccX9k2KP.s 			page 6


  83      06956EB9 
  83      4CB7BF9F 
  83      E88B42
  84 00ec E1715D0F 		.ascii	"\341q]\017\032\243m\372N9\311%8\011\022\362\301)\330"
  84      1AA36DFA 
  84      4E39C925 
  84      380912F2 
  84      C129D8
  85 00ff 06A7611B 		.ascii	"\006\247a\033\303)\006\315P\210\331\253'\017ws\351e"
  85      C32906CD 
  85      5088D9AB 
  85      270F7773 
  85      E965
  86 0111 C11B680F 		.ascii	"\301\033h\017\376m7\221s&R\2063V\244\314\340{\201\234"
  86      FE6D3791 
  86      73265286 
  86      3356A4CC 
  86      E07B819C 
  87 0125 9CB9592B 		.ascii	"\234\271Y+KE\002\331\336\335\022\3176\221I\023\251@"
  87      4B4502D9 
  87      DEDD12CF 
  87      36914913 
  87      A940
  88 0137 8B1589EB 		.ascii	"\213\025\211\353n\205BJ_\014=\234v\250!\\o\316\303\365"
  88      6E85424A 
  88      5F0C3D9C 
  88      76A8215C 
  88      6FCEC3F5 
  89 014b A5C20FA0 		.ascii	"\245\302\017\240\002^[\2371\364T\352x\317H\227\234\003"
  89      025E5B9F 
  89      31F454EA 
  89      78CF4897 
  89      9C03
  90 015d A2161738 		.ascii	"\242\026\0278\031h\254\000\2155\240\356\355\310\251"
  90      1968AC00 
  90      8D35A0EE 
  90      EDC8A9
  91 016c 66891487 		.ascii	"f\211\024\207Hq\342\004\356\325\002\322\241\366\267"
  91      4871E204 
  91      EED502D2 
  91      A1F6B7
  92 017b 38C78B34 		.ascii	"8\307\2134\005\301\247\251\346l\274\377\264\243\350"
  92      05C1A7A9 
  92      E66CBCFF 
  92      B4A3E8
  93 018a 3BAC19AD 		.ascii	";\254\031\255k\252\225\2014XS\370,\024\021\037\016o"
  93      6BAA9581 
  93      345853F8 
  93      2C14111F 
  93      0E6F
  94 019c E124EE1E 		.ascii	"\341$\356\036\201\214\310\000\247\2362\240\211\272\246"
  94      818CC800 
  94      A79E32A0 
  94      89BAA6
  95 01ab 859DB634 		.ascii	"\205\235\2664h\033B\021\3162\001u\215\343\011MzEH\263"
  95      681B4211 
  95      CE320175 
ARM GAS  /var/folders/fq/ltb3dbq95yq6ljzx21t9gnkc0000gn/T//ccX9k2KP.s 			page 7


  95      8DE3094D 
  95      7A4548B3 
  96 01bf 7A7DA447 		.ascii	"z}\244G-hDi\022\227.x\214PT\177\224J\001I\373c\246@"
  96      2D684469 
  96      12972E78 
  96      8C50547F 
  96      944A0149 
  97 01d7 6B8C3F41 		.ascii	"k\214?A\301\012\007\"\314a\377^\273\035k\267\231\265"
  97      C10A0722 
  97      CC61FF5E 
  97      BB1D6BB7 
  97      99B5
  98 01e9 45EAA9F1 		.ascii	"E\352\251\361\344\260&*\335\233k;\362\3341=\032\254"
  98      E4B0262A 
  98      DD9B6B3B 
  98      F2DC313D 
  98      1AAC
  99 01fb 4729DF84 		.ascii	"G)\337\204M\034\260F\321\001\005D\263\011\205\216p\376"
  99      4D1CB046 
  99      D1010544 
  99      B309858E 
  99      70FE
 100 020d A981F0AD 		.ascii	"\251\201\360\255\321\347,\350'KMGo\265\320\237\315\205"
 100      D1E72CE8 
 100      274B4D47 
 100      6FB5D09F 
 100      CD85
 101 021f FE0A81F9 		.ascii	"\376\012\201\371\331\332\351\3272l\221\270\270T$\232"
 101      D9DAE9D7 
 101      326C91B8 
 101      B854249A 
 102 022f 43358433 		.ascii	"C5\2043\2268d\032'q\376\356\027\022qP\027\014b\224\302"
 102      9638641A 
 102      2771FEEE 
 102      17127150 
 102      170C6294 
 103 0244 2D290BF3 		.ascii	"-)\013\363h\240N\212H\226H\370\310\015tc\027\205dk\350"
 103      68A04E8A 
 103      489648F8 
 103      C80D7463 
 103      1785646B 
 104 0259 B3310CFD 		.ascii	"\2631\014\375B!\305\342U\006\335\240b\347=\342\237\015"
 104      4221C5E2 
 104      5506DDA0 
 104      62E73DE2 
 104      9F0D
 105 026b 0386873E 		.ascii	"\003\206\207>\211\376%\347MBDo\310Or\033!\306\377\214"
 105      89FE25E7 
 105      4D42446F 
 105      C84F721B 
 105      21C6FF8C 
 106 027f 77DA6534 		.ascii	"w\332e4!\234\207<\3747@\336l\217\302\2133N}P\017%R\251"
 106      219C873C 
 106      FC3740DE 
 106      6C8FC28B 
 106      334E7D50 
 107 0297 BCAD35EE 		.ascii	"\274\2555\356\375_\032\367=6\223\021\033~\036\341\375"
ARM GAS  /var/folders/fq/ltb3dbq95yq6ljzx21t9gnkc0000gn/T//ccX9k2KP.s 			page 8


 107      FD5F1AF7 
 107      3D369311 
 107      1B7E1EE1 
 107      FD
 108 02a8 F381554D 		.ascii	"\363\201UM\372\015\204\232\313_\217]ql\340\322\340\302"
 108      FA0D849A 
 108      CB5F8F5D 
 108      716CE0D2 
 108      E0C2
 109 02ba 665C1952 		.ascii	"f\\\031R\030\307\306\200\310\251\2755\211U\213X\320"
 109      18C7C680 
 109      C8A9BD35 
 109      89558B58 
 109      D0
 110 02cb 4FA18B42 		.ascii	"O\241\213B\2528>\332\375f+\327!\330\261\270\334\247"
 110      AA383EDA 
 110      FD662BD7 
 110      21D8B1B8 
 110      DCA7
 111 02dd D0DC0A77 		.ascii	"\320\334\012w\"fn\341\362\204\215\216/\273(\322\276"
 111      22666EE1 
 111      F2848D8E 
 111      2FBB28D2 
 111      BE
 112 02ee FACDDDA7 		.ascii	"\372\315\335\247\"\360e@\327\321\354\332\012\3663@M"
 112      22F06540 
 112      D7D1ECDA 
 112      0AF63340 
 112      4D
 113 02ff C0204404 		.ascii	"\300 D\004<\334\370,\201\323\221\332&\310,\254\006\227"
 113      3CDCF82C 
 113      81D391DA 
 113      26C82CAC 
 113      0697
 114 0311 0889A1AF 		.ascii	"\010\211\241\257\226?\237\315.n\246\316UZ\341\020r\335"
 114      963F9FCD 
 114      2E6EA6CE 
 114      555AE110 
 114      72DD
 115 0323 A71DA2FE 		.ascii	"\247\035\242\376`\030\212\261\025\301}\366\301}i\215"
 115      60188AB1 
 115      15C17DF6 
 115      C17D698D 
 116 0333 7DCB4646 		.ascii	"}\313FF\020\374\330\271\361Q\213sO\334\\7\235\266\301"
 116      10FCD8B9 
 116      F1518B73 
 116      4FDC5C37 
 116      9DB6C1
 117 0346 3EA3A486 		.ascii	">\243\244\206\305nC\017\320nc\224o\263\206\206\2470"
 117      C56E430F 
 117      D06E6394 
 117      6FB38686 
 117      A730
 118 0358 749942F6 		.ascii	"t\231B\366\015T\343B\330\011\323\211\211\377t\342\025"
 118      0D54E342 
 118      D809D389 
 118      89FF74E2 
ARM GAS  /var/folders/fq/ltb3dbq95yq6ljzx21t9gnkc0000gn/T//ccX9k2KP.s 			page 9


 118      15
 119 0369 E1C4ABE8 		.ascii	"\341\304\253\350D:\344dq\310\321V\304z#a\240\007l\205"
 119      443AE464 
 119      71C8D156 
 119      C47A2361 
 119      A0076C85 
 120 037d DBD31595 		.ascii	"\333\323\025\225\254\212\032\245I\356 \015&7J\272\233"
 120      AC8A1AA5 
 120      49EE200D 
 120      26374ABA 
 120      9B
 121 038e 8EFB6B42 		.ascii	"\216\373kBR:\301a\012\212Q\314\232\206\3327Lf\332\012"
 121      523AC161 
 121      0A8A51CC 
 121      9A86DA37 
 121      4C66DA0A 
 122 03a2 E4471B8A 		.ascii	"\344G\033\212\003\222\016l\234\244\224p\355T\304i&!"
 122      03920E6C 
 122      9CA49470 
 122      ED54C469 
 122      2621
 123 03b4 39BD0A1F 		.ascii	"9\275\012\037\325\\\355\000\352@1\337\2210\215\365\326"
 123      D55CED00 
 123      EA4031DF 
 123      91308DF5 
 123      D6
 124 03c5 81AD0474 		.ascii	"\201\255\004t\210%(\014_\253\222x*\314in>\"&9\260k\020"
 124      8825280C 
 124      5FAB9278 
 124      2ACC696E 
 124      3E222639 
 125 03dc 9AAD3957 		.ascii	"\232\2559W\367\202I\316\323\327\246`\2133\246\257o\003"
 125      F78249CE 
 125      D3D7A660 
 125      8B33A6AF 
 125      6F03
 126 03ee 36265377 		.ascii	"6&SwY\362\321\256\027o\003_\341\012\335:\3443]\271X"
 126      59F2D1AE 
 126      176F035F 
 126      E10ADD3A 
 126      E4335DB9 
 127 0403 46A557C8 		.ascii	"F\245W\310\015\010\030\261w\210\2110\013\310\036\322"
 127      0D0818B1 
 127      77888930 
 127      0BC81ED2 
 128 0413 50D4FC92 		.ascii	"P\324\374\222\022\227\371\365\372]U\325.\177\225\333"
 128      1297F9F5 
 128      FA5D55D5 
 128      2E7F95DB 
 129 0423 E52EABF0 		.ascii	"\345.\253\360T\370\274\336}\376\0227\343\025>\360A\245"
 129      54F8BCDE 
 129      7DFE1237 
 129      E3153EF0 
 129      41A5
 130 0435 ECFDE043 		.ascii	"\354\375\340C\337K\226\344\362J\367\276\375{=\351\200"
 130      DF4B96E4 
 130      F24AF7BE 
ARM GAS  /var/folders/fq/ltb3dbq95yq6ljzx21t9gnkc0000gn/T//ccX9k2KP.s 			page 10


 130      FD7B3DE9 
 130      80
 131 0446 32F66A7A 		.ascii	"2\366jz\222\347@\265kW\351\236\335{\236\344z\253<\357"
 131      92E740B5 
 131      6B57E99E 
 131      DD7B9EE4 
 131      7AAB3CEF 
 132 045a BB2BDEDE 		.ascii	"\273+\336\336_\351\306\344\274-\031\375\007\211l\207"
 132      5FE9C6E4 
 132      BC2D19FD 
 132      07896C87 
 133 046a 25EEF356 		.ascii	"%\356\363VU\373]o\275[\272\253\364\000&\011\262\217"
 133      55FB5D6F 
 133      BD5BBAAB 
 133      F4002609 
 133      B28F
 134 047c 5EAFC04C 		.ascii	"^\257\300L\233\333\347/\337\233_\3164\354\305[u\220"
 134      9BDBE72F 
 134      DF9B5FCE 
 134      34ECC55B 
 134      7590
 135 048e 49BE329F 		.ascii	"I\2762\237\230\364\340\344?\351\314\367m"
 135      98F4E0E4 
 135      3FE9CCF7 
 135      6D
 136              		.text
 137              		.section	.gnu.lto_chPoolAllocI.494205befdb466de,"",%progbits
 138 0000 789C7592 		.ascii	"x\234u\222\337K\024Q\024\307\317\367\336\231\331]g\245"
 138      DF4B1451 
 138      14C7CFF7 
 138      DE99D95D 
 138      67A5
 139 0012 257A9220 		.ascii	"%z\222 Al\241\320\245\207\036\215\036{\350\217\210$"
 139      416CA1D0 
 139      A5871E8D 
 139      1E7BE88F 
 139      8824
 140 0024 90685BD1 		.ascii	"\220h[\321\336\275\273n\017\276DX\017\201-&[\224Y\332"
 140      DEBDBB6E 
 140      0FBE4458 
 140      0F812D26 
 140      5B9459DA 
 141 0038 6A5A1AE4 		.ascii	"jZ\032\344\"%R\366\303\207\012EJE\243\240\300MC\007"
 141      222552F6 
 141      C3870A45 
 141      4A45A3A0 
 141      C04D4307 
 142 004c 92EDDC3B 		.ascii	"\222\355\334;\232?\033v\347\316=s\317\367\3739\347\214"
 142      9A3F1B76 
 142      E7CE3D73 
 142      CFF7FB39 
 142      E78C
 143 005e A4DDD769 		.ascii	"\244\335\327i\376\247%\321\021^\021 \210\253o\211\222"
 143      FEA725D1 
 143      115E1120 
 143      88AB6F89 
 143      92
ARM GAS  /var/folders/fq/ltb3dbq95yq6ljzx21t9gnkc0000gn/T//ccX9k2KP.s 			page 11


 144 006f 412164A6 		.ascii	"A!d\246\206T\211\265\024!\025\226p\374\260%\3546\035"
 144      865489B5 
 144      14211596 
 144      70FCB025 
 144      EC361D
 145 0082 767EEBB0 		.ascii	"v~\353\260\275\021v\000\375@\240&!-\333A\023\276\213"
 145      BD117600 
 145      FD40A026 
 145      212DDB41 
 145      13BE8B
 146 0095 82C060F7 		.ascii	"\202\300`\367\362\033\367\233\360\004\225\023o\207Z"
 146      F21BF79B 
 146      F0049513 
 146      6F875A
 147 00a4 C76E387A 		.ascii	"\307n8z\013Ko[G\207\026\355\350\035\245R\213\251\341"
 147      0B4B6F5B 
 147      478716ED 
 147      E81DA552 
 147      8BA9E1
 148 00b7 E9F0E553 		.ascii	"\351\360\345S\236\020\264$\010wQ\206{(\323\202\235\210"
 148      9E10B424 
 148      08775186 
 148      7B28D382 
 148      9D88
 149 00c9 F2C9E444 		.ascii	"\362\311\344DKsXV@g\315\336\036\271\205\312,g\345_\367"
 149      4B735856 
 149      4067CDDE 
 149      1EB985CA 
 149      2C67E55F 
 150 00de AA939627 		.ascii	"\252\223\226'$\356Cn\315\343\020\241\013\225\372\370"
 150      24EE436E 
 150      CDE310A1 
 150      0B95FAF8 
 151 00ee 958EF733 		.ascii	"\225\216\3673\001y\330\244\256N\215?w*:8u\306\313\216"
 151      0179D8A4 
 151      AE4E8D3F 
 151      772A3A38 
 151      75C6CB8E 
 152 0102 86D5984A 		.ascii	"\206\325\230J\317\024\213\207\330\026\017\266+\370\027"
 152      CF148B87 
 152      D8160FB6 
 152      2BF817
 153 0111 A714D26B 		.ascii	"\247\024\322k\237\\'\255\224\212\340!*\326\004iB\006"
 153      9F5C27AD 
 153      948AE021 
 153      2AD60469 
 153      4206
 154 0123 EB86035E 		.ascii	"\353\206\003^t\260g\177^\025\213}\177\012-\321N\021"
 154      74B0677F 
 154      5E158B7D 
 154      7F0A2DD1 
 154      4E11
 155 0135 06E99805 		.ascii	"\006\351\230\005\015`\233g\207\201\254 \337\354\020"
 155      0D609B67 
 155      8781AC20 
 155      DFEC10
 156 0144 DF1CD704 		.ascii	"\337\034\327\004\211\346YGwm\201\253\346UN!5\220+&\245"
ARM GAS  /var/folders/fq/ltb3dbq95yq6ljzx21t9gnkc0000gn/T//ccX9k2KP.s 			page 12


 156      89E65947 
 156      776D81AB 
 156      E6554E21 
 156      35902B26 
 157 0159 965E1136 		.ascii	"\226^\0216\233\177\231\1777\021\324\375\222\206\245"
 157      9B7F997F 
 157      3711D4FD 
 157      9286A5
 158 0168 7FB5FD67 		.ascii	"\177\265\375gi\006mI\245\362\007=\021X\021\026z4,\277"
 158      69066D49 
 158      A5F2073D 
 158      11581116 
 158      7A342CBF 
 159 017c BBB97C6D 		.ascii	"\273\271|mr_\325Q6\302#d\360K3\022r\250\242\217H\251"
 159      725FD551 
 159      36C22364 
 159      F04B3312 
 159      72A8A28F 
 160 0192 6306975D 		.ascii	"c\006\227]Y\227> =\331\234\275\356\254\373 \352\227"
 160      59973E20 
 160      3DD99CBD 
 160      EEACFB20 
 160      EA97
 161 01a4 BBC02E99 		.ascii	"\273\300.\231\032CQx1\027\360\337:[)\254m\024\360DP"
 161      1A435178 
 161      3117F0DF 
 161      3A5B29AC 
 161      6D14F044 
 162 01b9 A7F7EE26 		.ascii	"\247\367\356&\3503\004\320\004\217\231\200%[g\017h\301"
 162      E83304D0 
 162      048F9980 
 162      255B670F 
 162      68C1
 163 01cb 1D4504FE 		.ascii	"\035E\004\376_D\377f\021\003\250b\020Ch\321R\304'|9"
 163      5F44FF66 
 163      1103A862 
 163      104368D1 
 163      52C4277C 
 164 01e0 B7DEA7E0 		.ascii	"\267\336\247\340v\244\275\365Bxb\364\314\344\2362\222"
 164      76A4BDF5 
 164      427862F4 
 164      CCE49E32 
 164      92
 165 01f1 E9C1C54D 		.ascii	"\351\301\305M\205\1775\206\370\300 6:bS{\251?\227\321"
 165      857F3586 
 165      F8C02036 
 165      3A62537B 
 165      A93F97D1 
 166 0205 9175BFD0 		.ascii	"\221u\277\320\216\032N\354\351\331\245\374\031\225`"
 166      8E1A4EEC 
 166      E9D9A5FC 
 166      199560
 167 0214 C8184B6D 		.ascii	"\310\030Km\374\214\215\247\221V\307}%\227\255\211\005"
 167      FC8C8DA7 
 167      9156C77D 
 167      2597AD89 
 167      05
ARM GAS  /var/folders/fq/ltb3dbq95yq6ljzx21t9gnkc0000gn/T//ccX9k2KP.s 			page 13


 168 0225 3DE1F290 		.ascii	"=\341\362\220\304\346\210\\\343\355\230\217\202\247"
 168      C4E6885C 
 168      E3ED988F 
 168      82A7
 169 0233 17213F0C 		.ascii	"\027!?\014\372\214d>\367\012~:\267\367+\300\023\220"
 169      FA8C643E 
 169      F70A7E3A 
 169      B7F72BC0 
 169      1390
 170 0245 3F86CFF0 		.ascii	"?\206\317\360b\261\226k\217O\324\361\207\005\235\313"
 170      62B1966B 
 170      8F4FD4F1 
 170      87059DCB 
 171 0255 C5965757 		.ascii	"\305\226WW\307\374_\2421\326p)\326\330P\033\253\255"
 171      C7FC5FA2 
 171      31D67029 
 171      D6D8501B 
 171      ABAD
 172 0267 8B9F8BD7 		.ascii	"\213\237\213\327'\022\027\032\253kI\304\353\255\304"
 172      2712171A 
 172      AB6B49C4 
 172      EBADC4
 173 0276 D9F3F57F 		.ascii	"\331\363\365\177\001\255\317A\354"
 173      01ADCF41 
 173      EC
 174              		.text
 175              		.section	.gnu.lto_chPoolAlloc.494205befdb466de,"",%progbits
 176 0000 789C9554 		.ascii	"x\234\225T\335K\223a\024\177\316\363\274\037\333\234"
 176      DD4B9361 
 176      147FCEF3 
 176      BC1FDB9C 
 177 0010 25D15537 		.ascii	"%\321U7\012b\022\245\243\213\352J(\202(\310\233\374"
 177      0A6212A5 
 177      A38BEA4A 
 177      288228C8 
 177      9BFC
 178 0022 038AD640 		.ascii	"\003\212\326@\243\271\261Y\350\225\357t%v\021a]\004"
 178      A3B9B159 
 178      E895EF74 
 178      25761161 
 178      5D04
 179 0034 35FA3029 		.ascii	"5\3720)\3234\373\326\312\226\33143\323 \243\017jIF\201"
 179      D334FBD6 
 179      CA96D934 
 179      33D320A3 
 179      0F6A4946 
 180 0049 82B6BE76 		.ascii	"\202\266\276vQ\353\234\347]\352f\220\275l\317\263\367"
 180      51EB9CE7 
 180      5DEA6690 
 180      BD6CCFB3 
 180      F7
 181 005a 9CE7FC7E 		.ascii	"\234\347\374~\277s\316s&\330\374g+~[U\306n\341\016:"
 181      BF73CE73 
 181      26D8FC67 
 181      2B7E5B55 
 181      C66EE10E 
 182 006f 037E7888 		.ascii	"\003~x\210\261\200\205s\021*b\206M\211e1\303.@3\315"
ARM GAS  /var/folders/fq/ltb3dbq95yq6ljzx21t9gnkc0000gn/T//ccX9k2KP.s 			page 14


 182      B1808573 
 182      112A6286 
 182      4D896531 
 182      C32E4033 
 183 0084 0A578F93 		.ascii	"\012W\217\223Y\373Jf\365\217Y\003\240\037\014X5\027"
 183      59FB4A66 
 183      F58F5903 
 183      A01F0C58 
 183      3517
 184 0096 8AAA4135 		.ascii	"\212\252A5|\342\323\034:\333\276<\316\370\310\343\234"
 184      7CE2D31C 
 184      3ADBBE3C 
 184      CEF8C8E3 
 184      9C
 185 00a7 E5307CED 		.ascii	"\3450|\355j\350?\246\321+(\364\332\020\351\232R\363"
 185      6AE83FA6 
 185      D12B28F4 
 185      DA10E99A 
 185      52F3
 186 00b9 9B0CA366 		.ascii	"\233\014\243f\352\351\263\327\366\375\233\343\234\263"
 186      EAE9B3D7 
 186      F6FD9BE3 
 186      9CB3
 187 00c7 1867700E 		.ascii	"\030gp\016\226\301yXF\200\315\220\217'\003#\365\265"
 187      96C17958 
 187      4680CD90 
 187      8F270323 
 187      F5B5
 188 00d9 76910B14 		.ascii	"v\221\013\024\365\356l\317)\310k\304\250\360\300ec\275"
 188      F5EE6CCF 
 188      29C86BC4 
 188      A8F0C065 
 188      63BD
 189 00eb 12E7022E 		.ascii	"\022\347\002.\200\230\033\207&\006-\220G\307\017\235"
 189      80981B87 
 189      26062D90 
 189      47C70F9D 
 190 00fb 1E8EEA62 		.ascii	"\036\216\352b\271\014\375\361r\260[\313=\215\241\321"
 190      B90CFDF1 
 190      72B05BCB 
 190      3D8DA1D1 
 191 010b B6A688DD 		.ascii	"\266\246\210\335\3507\202\321D\"\033i\2415\025\301|"
 191      E83782D1 
 191      44221B69 
 191      A13515C1 
 191      7C
 192 011c 30643AF8 		.ascii	"0d:\370\363y\206\0264\014#\013.B.\311CUm\240\001ndi"
 192      F3798616 
 192      340C230B 
 192      2E422EC9 
 192      43556DA0 
 193 0134 5F123612 		.ascii	"_\0226\022\211\330\350X\375\272\026\276\010!\320&\200"
 193      89D8E858 
 193      FDBA16BE 
 193      0821D026 
 193      80
 194 0145 D835D4A1 		.ascii	"\3305\324\241\350\270\250\026\\4\253t\331\344\312\330"
ARM GAS  /var/folders/fq/ltb3dbq95yq6ljzx21t9gnkc0000gn/T//ccX9k2KP.s 			page 15


 194      E8B8A816 
 194      5C34AB74 
 194      D9E4CAD8 
 195 0155 7BC4A192 		.ascii	"{\304\241\222\215c\312\270\213W\020\030\273\321yQ\244"
 195      8D63CAB8 
 195      8B571018 
 195      BBD17951 
 195      A4
 196 0166 5046836D 		.ascii	"PF\203m \311b\034R\305D\247\016\274Q\031\264\223\213"
 196      20C9621C 
 196      52C544A7 
 196      0EBC5119 
 196      B4938B
 197 0179 A7BBEA86 		.ascii	"\247\273\352\206\320u\211\\\"-\005\006\035\240\241\360"
 197      D075895C 
 197      222D0506 
 197      1DA0A1F0 
 198 0189 CB726567 		.ascii	"\313reg\000\335\003u\247\276)\331-\0202\216\345\304"
 198      00DD0375 
 198      A7BE29D9 
 198      2D10328E 
 198      E5C4
 199 019b B94E11C3 		.ascii	"\271N\021\303\023\221.\253\202\012\341\012d\343z\025"
 199      13912EAB 
 199      820AE10A 
 199      64E37A15 
 200 01ab FB350A35 		.ascii	"\3735\0125Y\344k\036\216?\322e\015e\323fk8\257\013\346"
 200      59E46B1E 
 200      8E3FD265 
 200      0D65D366 
 200      6B38AF0B 
 201 01c0 03D720F7 		.ascii	"\003\327 \367;\012y\0115\327;\022\001\221\332\206x\343"
 201      3B0A7909 
 201      35D73B12 
 201      0191DA86 
 201      78E3
 202 01d2 FFB6211C 		.ascii	"\377\266!\034;h'\314d]\224\364&]'\327\015\231\337M\320"
 202      3B6827CC 
 202      645D94F4 
 202      265D27D7 
 202      0D99DF4D 
 203 01e7 BE73BA86 		.ascii	"\276s\272\206o\337?\031\261\320\275\023\022\354\332"
 203      6FDF3F19 
 203      B1D0BD13 
 203      12ECDA
 204 01f6 8F939399 		.ascii	"\217\223\223\231!8\0360\014K\234[P\035t\022\031\272"
 204      21381E30 
 204      0C4B9C5B 
 204      501D7412 
 204      19BA
 205 0208 4E7C39F2 		.ascii	"N|9\362bqA\013\225\361W\255\216\375\203.\010\301g*\005"
 205      6271410B 
 205      95F157AD 
 205      8EFD832E 
 205      08C1672A 
 206 021d 61C22D28 		.ascii	"a\302-(\240J\030\253\011\234\270\220\200=\203\340\213"
 206      A04A18AB 
ARM GAS  /var/folders/fq/ltb3dbq95yq6ljzx21t9gnkc0000gn/T//ccX9k2KP.s 			page 16


 206      099CB890 
 206      803D83E0 
 206      8B
 207 022e DAC6A35A 		.ascii	"\332\306\243Z\222\020\362M\341\343H\027*\022\224\370"
 207      9210F24D 
 207      E1E34817 
 207      2A1294F8 
 208 023e 74EF986E 		.ascii	"t\357\230nz\265\271r\224\277\310\261\022\302\355\024"
 208      7AB5B972 
 208      94BFC8B1 
 208      12C2ED14 
 209 024e 392B49C7 		.ascii	"9+I\307\035\251\003\222:\272Q\007\0027\274[J\260\013"
 209      1DA90392 
 209      3ABA5107 
 209      0237BC5B 
 209      4AB00B
 210 0261 CD292C33 		.ascii	"\315),3\272\233\222Q\030\012P\225\224\253\260X\226)"
 210      BA9B9251 
 210      180A5095 
 210      94ABB058 
 210      9629
 211 0273 F7C19830 		.ascii	"\367\301\2300\345\352\013\201F}6\270'Qy\022\265\007"
 211      E5EA0B81 
 211      467D36B8 
 211      27517912 
 211      B507
 212 0285 F5C9B294 		.ascii	"\365\311\262\224\317\342\314\244mC\356\373\360\247H"
 212      CFE2CCA4 
 212      6D43EEFB 
 212      F0A748
 213 0294 2A3B9929 		.ascii	"*;\231)Y;\"=IV\313\002Y3\240W\262\212$\353\003d}\015"
 213      593B223D 
 213      4956CB02 
 213      5933A057 
 213      B28A24EB 
 214 02ac 41638D09 		.ascii	"Ac\215\011\203\245\324\031\242\305\271\035\233\306g"
 214      83A5D419 
 214      A2C5B91D 
 214      9BC667
 215 02bb 5B6695C4 		.ascii	"[f\225\304\232\034<y\257M\263\215Z+\357\027\315\267"
 215      9A1C3C79 
 215      AF4DB38D 
 215      5A2BEF17 
 215      CDB7
 216 02cd 1C533996 		.ascii	"\034S9\226\223\255ic\331;3\226\352\274\001\213\320\325"
 216      93AD6963 
 216      D93B3396 
 216      EABC018B 
 216      D0D5
 217 02df 4B1BC8C8 		.ascii	"K\033\310\310W\034\310>:\257\245\273\372F\321\325O."
 217      571CC83E 
 217      3AAFA5BB 
 217      FA46D1D5 
 217      4F2E
 218 02f1 7D1ED443 		.ascii	"}\036\324Cy\213\007\314Y\275\362\317Y}$gu\020g\365\015"
 218      798B07CC 
 218      59BDF2CF 
ARM GAS  /var/folders/fq/ltb3dbq95yq6ljzx21t9gnkc0000gn/T//ccX9k2KP.s 			page 17


 218      597D2467 
 218      751067F5 
 219 0306 04A2C176 		.ascii	"\004\242\301v \211\224\025\373\0006\274Ub\342\356\016"
 219      20899415 
 219      FB0036BC 
 219      5562E2EE 
 219      0E
 220 0317 DC142C89 		.ascii	"\334\024,\211U\035\034)\305\377 \240\022`lNa\241\303"
 220      551D1C29 
 220      C5FF20A0 
 220      12606C4E 
 220      61A1C3
 221 032a FC78FC0E 		.ascii	"\374x\374\016_\205\303\357s:\234\245n\227\333\353\361"
 221      5F85C3EF 
 221      733A9CA5 
 221      6E97DBEB 
 221      F1
 222 033b ECF1173A 		.ascii	"\354\361\027:\031w{\025\317\316\335\336Us\017\272*+"
 222      19777B15 
 222      CFCEDDDE 
 222      55730FBA 
 222      2A2B
 223 034d 1C1B8B4B 		.ascii	"\034\033\213K\266\2248\312\312\235{\366\356r9\234\036"
 223      B69438CA 
 223      CA9D7BF6 
 223      EE72399C 
 223      1E
 224 035e 9F6BBBD3 		.ascii	"\237k\273\323\275io\271\263\260\224e\247\241\316\234"
 224      BD696FB9 
 224      B3B09465 
 224      A7A1CE9C 
 225 036e 2AF557F9 		.ascii	"*\365W\371\321\277\"\315\357\365\370*\374\216\015\333"
 225      D1BF22CD 
 225      EFF5F82A 
 225      FC8E0DDB 
 226 037e 8A371657 		.ascii	"\2127\026W\342!\011\266o\255\033OZ\234^\177\331\256"
 226      E22109B6 
 226      6FAD1B4F 
 226      5A9C5E7F 
 226      D9AE
 227 0390 9C32A6A3 		.ascii	"\2342\246\243&\217\257\3124\270\320\360\033jS8\251"
 227      268FAFCA 
 227      34B8D0F0 
 227      1B6A5338 
 227      A9
 228              		.text
 229              		.section	.gnu.lto_chPoolFreeI.494205befdb466de,"",%progbits
 230 0000 789C7591 		.ascii	"x\234u\221\317k\023Q\020\307\337w\336\356\246\220\212"
 230      CF6B1351 
 230      10C7DF77 
 230      DEEEA690 
 230      8A
 231 0011 22822517 		.ascii	"\"\202%\027\013!\366P\222\374\013\336\375/\014\205\""
 231      0B21F650 
 231      92FC0BDE 
 231      FD2F0C85 
 231      22
ARM GAS  /var/folders/fq/ltb3dbq95yq6ljzx21t9gnkc0000gn/T//ccX9k2KP.s 			page 18


 232 0022 862C8DF7 		.ascii	"\206,\215\367\276\215\361\340\301R\342\245\240U\203"
 232      BE8DF1E0 
 232      C152E2A5 
 232      A05583
 233 0031 8A3F5A53 		.ascii	"\212?ZS\033m\265\236\226\342\241R\254V\301\242\025\215"
 233      1B6DB59E 
 233      96E2A152 
 233      AC56C1A2 
 233      158D
 234 0043 92821E0A 		.ascii	"\222\202\036\012M\033i\367P\342\314\256bk\361\361\226"
 234      4D1B69F7 
 234      50E2CCAE 
 234      626BF1F1 
 234      96
 235 0054 7933CCF7 		.ascii	"y3\314\367\363\276\363V\253\203+\301\337\000)\225\341"
 235      F3BEF356 
 235      AB832BC1 
 235      DF002995 
 235      E1
 236 0065 08AD40A3 		.ascii	"\010\255@\243KJy]\004\310AA\015\023\206\361\203Z\204"
 236      4B4A795D 
 236      04C84141 
 236      0D1386F1 
 236      835A84
 237 0078 517F622C 		.ascii	"Q\177b,\336w\307\030\263Q_\355\271\330\023\260l\213"
 237      DE77C718 
 237      B3515FED 
 237      B9D813B0 
 237      6C8B
 238 008a 220CEEA2 		.ascii	"\"\014\356\242\217[\274\345K\027\272u\022\212\317s\265"
 238      8F5BBCE5 
 238      4B17BA75 
 238      128ACF73 
 238      B5
 239 009b F6ABF877 		.ascii	"\366\253\370w\012\010\275\222>\257,\2149\222\222%\351"
 239      0A08BD92 
 239      3EAF2C8C 
 239      39929225 
 239      E9
 240 00ac D7DBF337 		.ascii	"\327\333\3637\221\272eL\311\177Y7\247\254\2004\356A"
 240      91BA654C 
 240      C97F5937 
 240      A7AC8034 
 240      EE41
 241 00be 330FF791 		.ascii	"3\017\367\221\300\003$\024\227\024&\220\342\356\221"
 241      C0032414 
 241      97142690 
 241      E2EE91
 242 00cd EA9B464C 		.ascii	"\352\233FL\237\014\271\357F6&\235H\271\032)-L\376\253"
 242      9F0CB9EF 
 242      4636269D 
 242      48B91A29 
 242      2D4CFEAB 
 243 00e1 B4141E22 		.ascii	"\264\024\036\"%\355/\276y;1\335\037J\333\327\227\336"
 243      25ED2FBE 
 243      793B31DD 
 243      1F4ADBD7 
ARM GAS  /var/folders/fq/ltb3dbq95yq6ljzx21t9gnkc0000gn/T//ccX9k2KP.s 			page 19


 243      97DE
 244 00f3 C6935596 		.ascii	"\306\223U\2266>\255-v\233\005Snt:'\002\262Q\333O\210"
 244      363EAD2D 
 244      769B0553 
 244      6E743A27 
 244      02B251DB 
 245 0109 164B5AE5 		.ascii	"\026KZ\345\335\225\270S\346\241\217`\012\311\335?3\343"
 245      DD95B853 
 245      E6A18F60 
 245      0AC9DD3F 
 245      33E3
 246 011b 111C709C 		.ascii	"\021\034p\234:\352\233Ngk\275r9[\243\030 \327j\210m"
 246      3AEA9B4E 
 246      676BBD72 
 246      395BA318 
 246      20D76A88 
 247 0130 8B6DD84A 		.ascii	"\213m\330J5\271[\236r\215H\242~\217\222?\267x<\3243"
 247      35B95B9E 
 247      728D48A2 
 247      7E8F923F 
 247      B7783CD4 
 248 0145 709BA03E 		.ascii	"p\233\240>\2424\333j\317\333R\333&\213o\375\322|\275"
 248      A234DB6A 
 248      CFDB52DB 
 248      268B6FFD 
 248      D27CBD
 249 0158 DC258FA5 		.ascii	"\334%\217\245C\0233;7\326\017\215\343*\002\342\006\215"
 249      4313333B 
 249      37D60F8D 
 249      E32A02E2 
 249      068D
 250 016a 6971C8F5 		.ascii	"iq\310\365k\355+\037\016\247\373\305\177\035\343\330"
 250      6BED2B1F 
 250      0EA7FBC5 
 250      7F1DE3D8 
 251 017a 0C7F061E 		.ascii	"\014\177\006\036#-\310J\365\230\000\367\322\354}4\317"
 251      232DC84A 
 251      F59800F7 
 251      D2EC7D34 
 251      CF
 252 018b 18DF0928 		.ascii	"\030\337\011(\306\026\360\344 q&$\312\214\230E\232}"
 252      C616F0E4 
 252      20712624 
 252      CA8C9845 
 252      9A7D
 253 019d 85D0E99F 		.ascii	"\205\320\351\237\233\3727v/\307\376\277\263\247\177"
 253      9BFA3776 
 253      2FC7FEBF 
 253      B3A77F
 254 01ac 9D3D130E 		.ascii	"\235=\023\016\324gx\376\312i\241H\265\311\025~\030\356"
 254      D46778FE 
 254      CA69A148 
 254      B5C9157E 
 254      18EE
 255 01be E8CD64B2 		.ascii	"\350\315d\262\321.\024\263C\347\263\305\241\\67\230"
 255      D12E14B3 
 255      43E7B3C5 
ARM GAS  /var/folders/fq/ltb3dbq95yq6ljzx21t9gnkc0000gn/T//ccX9k2KP.s 			page 20


 255      A15C3637 
 255      98
 256 01cf 1FC8BB85 		.ascii	"\037\310\273\205\302\271b&\247(\357Z\2053g]\355\016"
 256      C2B96226 
 256      A728EF5A 
 256      8533675D 
 256      ED0E
 257 01e1 BABF0061 		.ascii	"\272\277\000a\365\343\036"
 257      F5E31E
 258              		.text
 259              		.section	.gnu.lto_chPoolFree.494205befdb466de,"",%progbits
 260 0000 789C8553 		.ascii	"x\234\205S\337KSa\030\376\336\357\234\235Mf$\021$\336"
 260      DF4B5361 
 260      18FEDEEF 
 260      9C9D4D66 
 260      241124DE 
 261 0014 6C202651 		.ascii	"l &Q\272\273n+\204\240\013o\362\017\010\232\003\015"
 261      BABB6E2B 
 261      84A00B6F 
 261      F20F089A 
 261      030D
 262 0026 E7C6A6A1 		.ascii	"\347\306\246\2417yf\226u#b7JY\232F\231\277\362\267\263"
 262      37796696 
 262      75236237 
 262      4A599A46 
 262      99BFF2B7 
 263 003b D265FE2A 		.ascii	"\322e\376*ki\201\225\201-5(Pp:\323]\304z\337o3\334Q"
 263      6B698195 
 263      812D3528 
 263      50703AD3 
 263      5DC47ADF 
 264 0053 F0B073BE 		.ascii	"\360\260s\276\363}\317\373>\337s\236\357\231\304\366"
 264      F37DCFFB 
 264      3EDF739E 
 264      EF99C4F6 
 265 0063 5E29785F 		.ascii	"^)x_\223\031\033\301\021$\006\274\332\317\230\307\300"
 265      93191BC1 
 265      112406BC 
 265      DACF98C7 
 265      C0
 266 0074 01E88501 		.ascii	"\001\350\205\001+\343P\006\277y\220C\265\257\265\326"
 266      2BE35006 
 266      BF799043 
 266      B5AFB5D6 
 267 0084 98FE4855 		.ascii	"\230\376HU\325\265\232`\362\215\3440gl\203Gi\3401\244"
 267      D5B59A60 
 267      F28DE430 
 267      676C8347 
 267      69E031A4 
 268 0098 638967F6 		.ascii	"c\211g\366\366\365D)\025\030\276{;B\357\215\277x\230"
 268      F6F54429 
 268      1518BE7B 
 268      3B42EF8D 
 268      BF7898
 269 00ab 8399A643 		.ascii	"\203\231\246C5S\265\012M\271L\323\037\315\243\015\220"
 269      3553B50A 
 269      4DB94CD3 
ARM GAS  /var/folders/fq/ltb3dbq95yq6ljzx21t9gnkc0000gn/T//ccX9k2KP.s 			page 21


 269      1FCDA30D 
 269      90
 270 00bc D6A4AAE5 		.ascii	"\326\244\252\345\276\251n\365\254\034\346\022<\001\011"
 270      BEA96EF5 
 270      AC1CE612 
 270      3C0109
 271 00cb F9A00552 		.ascii	"\371\240\005R\340)\2440\\b\320\012iX]\3258\023\320K"
 271      E029A430 
 271      5C62D00A 
 271      69585DD5 
 271      3813D04B 
 272 00df C705EFA7 		.ascii	"\307\005\357\247\252\2656%\3329\037\355\224\241M\333"
 272      AAB53625 
 272      DA391FED 
 272      94A14DDB 
 273 00ef 29336887 		.ascii	")3h\2074*\017V\374\375lT*PuRT-t\200\0028v\036\361\251"
 273      342A0F56 
 273      FCFD6C54 
 273      2A507552 
 273      542D7480 
 274 0109 914853EF 		.ascii	"\221HS\357JPN\340\330\242\223\200v\223At\262e\254%\013"
 274      4A504EE0 
 274      D8A29380 
 274      76934174 
 274      B265AC25 
 275 011e 7E724EA3 		.ascii	"~rN\243\364\015<\213\003\336v)\2162\260\274\010\202"
 275      F40D3C8B 
 275      03DE7629 
 275      8E32B0BC 
 275      0882
 276 0130 708343FC 		.ascii	"p\203C\374f\201\265\233\013:\006\235\004q-T\351G\350"
 276      6681B59B 
 276      0B3A069D 
 276      04712D54 
 276      E947E8
 277 0143 19419256 		.ascii	"\031A\222V\"t\201\202\032\273\305\223=\004\204\337V"
 277      22748182 
 277      1ABBC593 
 277      3D0484DF 
 277      56
 278 0154 36FC914D 		.ascii	"6\374\221M\255P\257\326\232\303\\\241\216\231\225\211"
 278      AD50AFD6 
 278      9AC35CA1 
 278      8E999589 
 279 0164 A1041915 		.ascii	"\241\004\031\025B\017\230\360\331\0132\233\203\362$"
 279      420F98F0 
 279      D90B329B 
 279      83F224
 280 0173 C25A66C2 		.ascii	"\302Zf\302\323\372\324F\364\007\217\351K\242:\245V\004"
 280      D3FAD446 
 280      F4078FE9 
 280      4BA23AA5 
 280      5604
 281 0185 2211D33E 		.ascii	"\"\021\323>\006\307\216\256\017R\267P\310N\377\366\374"
 281      06C78EAE 
 281      0F52B750 
 281      C84EFFF6 
ARM GAS  /var/folders/fq/ltb3dbq95yq6ljzx21t9gnkc0000gn/T//ccX9k2KP.s 			page 22


 281      FC
 282 0196 BB6145F4 		.ascii	"\273aE\364\253uj\003\277\345\213D\316\354\343q\254\271"
 282      AB756A03 
 282      BFE58B44 
 282      CEECE371 
 282      ACB9
 283 01a8 9F9AC5E6 		.ascii	"\237\232\305\346>\357\3641l\037[\364l\353\245\036\020"
 283      3EEFF431 
 283      6C1F5BF4 
 283      6CEBA51E 
 283      10
 284 01b9 7E84EEFB 		.ascii	"~\204\356\373?\032\367p\351``?\2568'|u~ rR\027sX\326"
 284      3F1AF770 
 284      E960603F 
 284      AE38277C 
 284      757E2072 
 285 01d2 78058304 		.ascii	"x\005\203\004y\205SCx\246\203Q)\363P\336\037\014\215"
 285      79855343 
 285      78A68351 
 285      29F350DE 
 285      1F0C8D
 286 01e5 EA686D8B 		.ascii	"\352hm\213Sp\277/\177\2305P\364$\261I\337\366\203\325"
 286      5370BF2F 
 286      7F983550 
 286      F424B149 
 286      DFF683D5 
 287 01f9 43F570D7 		.ascii	"C\365p\327\243\252\2060\327\343\267\303s\022\201\320"
 287      A3AA8630 
 287      D7E3B7C3 
 287      731281D0 
 288 0209 BDD09DAF 		.ascii	"\275\320\235\257\2073N\222\304\027P\017\353\3440m\000"
 288      87334E92 
 288      C417500F 
 288      EBE4306D 
 288      00
 289 021a 2F218388 		.ascii	"/!\203\210k\032\217\022\355nN\335>\234\006\324\001\303"
 289      6B1A8F12 
 289      ED6E4EDD 
 289      3E9C06D4 
 289      01C3
 290 022c 719CADF4 		.ascii	"q\234\255\364M\012\021\217\010b\210\021\373 \003E\012"
 290      4D0A118F 
 290      08628811 
 290      FB200345 
 290      0A
 291 023d EEAECD75 		.ascii	"\356\256\315u)\306~\240DA\247#\272Wq:G\211Nf\"\254\253"
 291      29C67EA0 
 291      4441A723 
 291      BA57713A 
 291      47894E66 
 292 0254 6D9AB036 		.ascii	"m\232\2606/\355\204U\267'v\257\311FML'61\246cT\257h"
 292      2FED8455 
 292      B72776AF 
 292      C9464D4C 
 292      273631A6 
 293 026c A1C93984 		.ascii	"\241\3119\204\306\011\322\357\241\232\020'2\031M\360"
 293      C609D2EF 
ARM GAS  /var/folders/fq/ltb3dbq95yq6ljzx21t9gnkc0000gn/T//ccX9k2KP.s 			page 23


 293      A19A1027 
 293      32194DF0 
 294 027c C081099E 		.ascii	"\300\201\011\236\022\011~\203\011^\000O`|)\201$R\036"
 294      12097E83 
 294      095E004F 
 294      607C2981 
 294      24521E
 295 028f 96D124FC 		.ascii	"\226\321$\374\347a\21593\323\022\3759\334\026W\221\305"
 295      E7618D39 
 295      33D312FD 
 295      39DC1657 
 295      91C5
 296 02a1 EDB25AAC 		.ascii	"\355\262Z\254yv\233\335\351p\024\2703\255\214\333\235"
 296      79769BDD 
 296      E97014B8 
 296      33AD8CDB 
 296      9D
 297 02b2 B2E3F215 		.ascii	"\262\343\362\025\347\251\335\205\266\222\"KVv\316\205"
 297      E7A9DD85 
 297      B692224B 
 297      5676CE85 
 298 02c2 1C4B7EA1 		.ascii	"\034K~\241\265\2408\327f\261:\\\266KV\373\371\342Bk"
 298      B5A038D7 
 298      66B13A5C 
 298      B64B56FB 
 298      F9E2426B 
 299 02d6 661E3369 		.ascii	"f\0363iX\377W\345\271K\335\210\237\320\340N\207\253"
 299      58FF57E5 
 299      B94BDD88 
 299      9FD0E04E 
 299      87AB
 300 02e8 C86D3977 		.ascii	"\310m9w1;+\273\004\213\004\331\325\323v\2544X\235\356"
 300      313B2BBB 
 300      048B04D9 
 300      D5D376AC 
 300      34589DEE 
 301 02fc FC5C733E 		.ascii	"\374\\s>\323\243&\207\253\224I\316<\247X\264\341\342"
 301      D3A32687 
 301      AB9449CE 
 301      3CA758B4 
 301      E1E2
 302 030e 3F37DED1 		.ascii	"?7\336\321\234"
 302      9C
 303              		.text
 304              		.section	.gnu.lto_.symbol_nodes.494205befdb466de,"",%progbits
 305 0000 789C55C8 		.ascii	"x\234U\310\261\011\204P\024\005\321\271\357\177\301"
 305      B1098450 
 305      1405D1B9 
 305      EF7FC1
 306 000f 92CD6E0B 		.ascii	"\222\315n\013\202\256\032\211EX\203\241\225\030Z\200"
 306      82AE1A89 
 306      455883A1 
 306      95185A80 
 307 001f 0806FB26 		.ascii	"\010\006\373&\0318\005\350\370\212A\206\376\004\233"
 307      193805E8 
 307      F88A4186 
 307      FE049B
ARM GAS  /var/folders/fq/ltb3dbq95yq6ljzx21t9gnkc0000gn/T//ccX9k2KP.s 			page 24


 308 002e 756B8951 		.ascii	"uk\211QV\202\237\034\011&\271$\230\345\232`\221\233"
 308      56829F1C 
 308      0926B924 
 308      98E59A60 
 308      919B
 309 0040 7FA8C17E 		.ascii	"\177\250\301~\\A-\334\357y\000\375y\"\001"
 309      5C412DDC 
 309      EF7900FD 
 309      792201
 310              		.text
 311              		.section	.gnu.lto_.refs.494205befdb466de,"",%progbits
 312 0000 789C6366 		.ascii	"x\234cf```d\200\002\000\000=\000\005"
 312      60606064 
 312      80020000 
 312      3D0005
 313              		.text
 314              		.section	.gnu.lto_.decls.494205befdb466de,"",%progbits
 315 0000 789C9557 		.ascii	"x\234\225WmPT\327\031\276\347\336\005\366\343\002V;"
 315      6D5054D7 
 315      19BEE7DE 
 315      05F6E302 
 315      563B
 316 0012 35C34C26 		.ascii	"5\303L&\014v\230\244\243`\033\233\261\371\023\2553i"
 316      0C7698A4 
 316      A3601B9B 
 316      B1F913AD 
 316      3369
 317 0024 6C6374EA 		.ascii	"lct\352\344W~lp\331\004\032`\351\262\246\261\323\037"
 317      E4577E6C 
 317      70D9041A 
 317      60E9B2A6 
 317      B1D31F
 318 0037 57C004AC 		.ascii	"W\300\004\254\012\202\"\304\257U\020\020D\027\021\252"
 318      0A8222C4 
 318      AF551010 
 318      441711AA 
 319 0047 80BA8A0A 		.ascii	"\200\272\212\012\242\013\250\030\227\017\353\212\021"
 319      A20BA818 
 319      970FEB8A 
 319      11
 320 0054 BF82022A 		.ascii	"\277\202\002*B@\266\357y\317\275\354euuz\307\303=\357"
 320      4240B6EF 
 320      79CFBDEC 
 320      6575757A 
 320      C7C33DEF 
 321 0068 B9EF79DE 		.ascii	"\271\357y\336\347y\3179\357Y\005\216\343\234<\307y\341"
 321      E779CF39 
 321      EF59058E 
 321      E39C3CC7 
 321      79E1
 322 007a B187715C 		.ascii	"\261\207q\\\032\364C`l\0054\002\355\010\307\236`h\355"
 322      1AF44360 
 322      6C053402 
 322      ED08C79E 
 322      6068ED
 323 008d D0AE42EB 		.ascii	"\320\256B\353\202\326\003\315\003\255\217{\361\241~"
 323      82D603CD 
ARM GAS  /var/folders/fq/ltb3dbq95yq6ljzx21t9gnkc0000gn/T//ccX9k2KP.s 			page 25


 323      03AD8F7B 
 323      F1A17E
 324 009c 5A190320 		.ascii	"Z\031\003 9\021\332yhU2^3\264\006h\002\264\323\320\316"
 324      3911DA79 
 324      6855325E 
 324      33B40668 
 324      02B4D3D0 
 325 00b1 403B2BC7 		.ascii	"@;+\307k\227\337C~\230We\034\177\314\3452\356G2\346"
 325      6B97DF43 
 325      7E985765 
 325      1C7FCCE5 
 325      32EE4732 
 326 00c6 08B467D0 		.ascii	"\010\264g\320\352\3458 \207k\224c\350e\2341\231\367"
 326      EAE53820 
 326      876B9463 
 326      E8659C31 
 326      99F7
 327 00d8 04B449EA 		.ascii	"\004\264I\352C\230\026\015\274\203\241\351\010\3430"
 327      4398160D 
 327      BC83A1E9 
 327      08E330
 328 00e7 834CE7D0 		.ascii	"\203L\347\320%\307U\342/\2279\320\270\207e\016\315r"
 328      25C755E2 
 328      2F9739D0 
 328      B887650E 
 328      CD72
 329 00f9 EC23322F 		.ascii	"\354#2/\007\305\225u6\312:\317\310\032\273\344\367l"
 329      07C59575 
 329      36CA3ACF 
 329      C81ABBE4 
 329      F76C
 330 010b BF3834B7 		.ascii	"\27784\267\241\257\2113\362\177\304\322\312\230j\275"
 330      A1AF8933 
 330      F27FC4D2 
 330      CA986ABD 
 331 011b 5D7E7AFD 		.ascii	"]~z\375\037\017\367\3625\\.\363Pb\363\252xD\236G\337"
 331      1F0FF7F2 
 331      355C2EF3 
 331      5062F3AA 
 331      78449E47 
 332 0130 6FFA61D2 		.ascii	"o\372a\322|\353^\2017\022\000S\313\275~\255\374\237"
 332      7CEB5E81 
 332      37120053 
 332      CBBD7EAD 
 332      FC9F
 333 0142 219E1C3B 		.ascii	"!\236\034;\370\304e\270\313\2230}$5\353\363Z\012\203"
 333      F8C465B8 
 333      CB93307D 
 333      2435EBF3 
 333      5A0A83
 334 0155 C114F51A 		.ascii	"\301\024\365\032j6\226V\007\011\200\004\335\342\302"
 334      6A369656 
 334      07098004 
 334      DDE2C2
 335 0164 9B9DFAB9 		.ascii	"\233\235\372\271\025\222$eI\316\026\342CX[\332\260!"
 335      15922465 
 335      49CE16E2 
ARM GAS  /var/folders/fq/ltb3dbq95yq6ljzx21t9gnkc0000gn/T//ccX9k2KP.s 			page 26


 335      43585BDA 
 335      B021
 336 0176 04A67CA4 		.ascii	"\004\246|\244G\363\306\366\261\022\035\232\364\244\204"
 336      47F3C6F6 
 336      B1121D9A 
 336      F4A484
 337 0185 C310DF5E 		.ascii	"\303\020\337^YsS$\372\350,IJ\227r3$]K\030G\312H\004"
 337      59735324 
 337      FAE82C49 
 337      4A977233 
 337      245D4B18 
 338 019d 2927111C 		.ascii	")'\021\0349H\242\301\231T\220\271\034\251\204\301\003"
 338      3948A2C1 
 338      995490B9 
 338      1CA984C1 
 338      03
 339 01ae 30580261 		.ascii	"0X\002a\006\313\335m\263%IC\252\210\236\354'\002z@\316"
 339      06CBDD6D 
 339      B3254943 
 339      AA889EEC 
 339      27027A40 
 340 01c3 681C39F4 		.ascii	"h\0349\364Oc{\036\211\032\310\002\372|\206\224\277\275"
 340      4F637B1E 
 340      891AC802 
 340      FA7C8694 
 340      BFBD
 341 01d5 5A35A69D 		.ascii	"Z5\246\235\275\025\000h\250\031\032\262\\\234\212\305"
 341      BD150068 
 341      A8191AB2 
 341      5C9C8AC5 
 342 01e5 1107990D 		.ascii	"\021\007\231\015\177\017\021\015\003p\336\253\256\320"
 342      7F0F110D 
 342      0370DEAB 
 342      AED0
 343 01f3 097F4181 		.ascii	"\011\177A\201\333\013\373s\364\342z\037G\352\254\232"
 343      DB0BFB73 
 343      F4E27A1F 
 343      47EAAC9A 
 344 0203 7A988832 		.ascii	"z\230\2102\005\220T\232WY\023J\242E$z\264\251\347\227"
 344      0590549A 
 344      5759134A 
 344      A245247A 
 344      B4A9E797 
 345 0217 94E811F0 		.ascii	"\224\350\021\360\250\366\021\205\011\214i LR\003\322"
 345      A8F61185 
 345      098C6920 
 345      4C5203D2 
 346 0227 7DB0743E 		.ascii	"}\260t>\360p\234\254\314\326\341\212|Ni=[7\230\255\307"
 346      F0709CAC 
 346      CCD6E18A 
 346      7C4E693D 
 346      5B3798AD 
 347 023c 1511A999 		.ascii	"\025\021\251\231Wv\330#\012\377B\306\265\023\366\211"
 347      5776D823 
 347      0AFF42C6 
 347      B513F689 
 348 024c 20613D41 		.ascii	" a=A\343\332\356<;\021\012\320\320TT\234j\325\221Yb"
ARM GAS  /var/folders/fq/ltb3dbq95yq6ljzx21t9gnkc0000gn/T//ccX9k2KP.s 			page 27


 348      E3DAEE3C 
 348      3B110AD0 
 348      D054549C 
 348      6AD59159 
 349 0261 54F46639 		.ascii	"T\364f9\021\213l\252\224\037\005\222\365d\026\215K\216"
 349      118B6CAA 
 349      941F0592 
 349      F564168D 
 349      4B8E
 350 0273 03874612 		.ascii	"\003\207F\022\365\002Q\372\335'\276\201i\261\203\303"
 350      F50251FA 
 350      DD27BE81 
 350      69B183C3 
 351 0283 E0897DBB 		.ascii	"\340\211}\273\336,\222\354\247\011\035%\307d\254)\360"
 351      DE2C92EC 
 351      A7091D25 
 351      C764AC29 
 351      F0
 352 0294 B7A9FF6F 		.ascii	"\267\251\377o\340\017\256\242gt\276\226~\347d\221\276"
 352      E00FAEA2 
 352      6774BE96 
 352      7EE76491 
 352      BE
 353 02a5 7D23555F 		.ascii	"}#U_\254\345\205&\306~\360\340\211q\"\\`F\203t\340}"
 353      ACE58526 
 353      C67EF0E0 
 353      8971225C 
 353      60468374 
 354 02bb A19BF54B 		.ascii	"\241\233\365K\266\026\034\010B\371Z0\203Z7\226\224\205"
 354      B6161C08 
 354      42F95A30 
 354      835A3796 
 354      9485
 355 02cd 93A85951 		.ascii	"\223\250YQQ\321\224\213'\273\251M\224Z\346#\223\023"
 355      51D1948B 
 355      27BBA94D 
 355      945AE623 
 355      9313
 356 02df C0A4E9E5 		.ascii	"\300\244\351\345LX\026$\314B-|\256CQMr\012\316A\012"
 356      4C581624 
 356      CC422D7C 
 356      AE43514D 
 356      720ACE41 
 357 02f4 4E932872 		.ascii	"N\223(r\006\332Y9\025\210\276\276\230\241\323\335u\362"
 357      06DA5939 
 357      1588BEBE 
 357      98A1D3DD 
 357      75F2
 358 0306 A5E86514 		.ascii	"\245\350e\024\010\235\355\033\212\203\301\225\356\001"
 358      089DED1B 
 358      8A83C195 
 358      EE01
 359 0314 A7BFEB29 		.ascii	"\247\277\353)2='Y\305\301\022\241./d\205?}n\244^$\263"
 359      323D2759 
 359      C5C112A1 
 359      2E2F6485 
 359      3F7D6EA4 
ARM GAS  /var/folders/fq/ltb3dbq95yq6ljzx21t9gnkc0000gn/T//ccX9k2KP.s 			page 28


 360 032b A25FC698 		.ascii	"\242_\306\230\264\000\321W\221F\360M&-i\006\247\377"
 360      B400D157 
 360      9146F04D 
 360      262D6906 
 360      A7FF
 361 033d F876228D 		.ascii	"\370v\"\215\244\244\335\361hd@\234\266\315\233\247\255"
 361      A4A4DDF1 
 361      6864409C 
 361      B6CD9BA7 
 361      AD
 362 034e F479B6D2 		.ascii	"\364y\266\322\340y\344XaU8\236.*\212\235\256\247\365"
 362      E079E458 
 362      6155389E 
 362      2E2A8A9D 
 362      AEA7F5
 363 0361 777B0D53 		.ascii	"w{\015S'\256\225\340`[\277\243W\213\2030\231\\`\203"
 363      27AE95E0 
 363      605BBFA3 
 363      578B8330 
 363      995C6083 
 364 0375 4E8FFD50 		.ascii	"N\217\375P\250\372\034\256\370\225*\212\013\317\341"
 364      A8FA1CAE 
 364      F8952A8A 
 364      0BCFE1
 365 0384 45E51C6E 		.ascii	"E\345\034n\273\320W\020.\364\263%\337qeW\246\020\271"
 365      BBD05710 
 365      2EF4B325 
 365      DF716557 
 365      A610B9
 366 0397 4BB23B06 		.ascii	"K\262;\006\037\335\351\237\017[-]\232\364z\011\316\""
 366      1FDDE99F 
 366      0F5B2D5D 
 366      9AF47A09 
 366      CE22
 367 03a9 6D53B238 		.ascii	"mS\2628\332GY\244\235D\006(\007U{/U\2601\250\003\035"
 367      DA4759A4 
 367      9D440628 
 367      07557B2F 
 367      55B031A8 
 368 03bf 8C5A69E1 		.ascii	"\214Zi\341y\2178\305\367\022\033\034rtl\012\314\367"
 368      798F38C5 
 368      F7121B1C 
 368      72746C0A 
 368      CCF7
 369 03d1 0AF2BDAC 		.ascii	"\012\362\275\254\360\2256n?\301\013\205\2542f\356\355"
 369      F095366E 
 369      3FC10B85 
 369      AC3266EE 
 369      ED
 370 03e2 9D8774ED 		.ascii	"\235\207t\355\347a\013HN\257\367\003\352O:UL;\025\246"
 370      E7610B48 
 370      4EAFF703 
 370      EA4F3A55 
 370      4C3B15A6 
 371 03f6 5791E9D8 		.ascii	"W\221\351\330\017um\341S\014\030\323\236u\371\375\341"
 371      0F756DE1 
 371      530C18D3 
ARM GAS  /var/folders/fq/ltb3dbq95yq6ljzx21t9gnkc0000gn/T//ccX9k2KP.s 			page 29


 371      9E75F9FD 
 371      E1
 372 0407 010BD735 		.ascii	"\001\013\3275$\360\203B\240{o\365o\205r\026\277\341"
 372      24F08342 
 372      A07B6FF5 
 372      6F857216 
 372      BFE1
 373 0419 E2FE1E1D 		.ascii	"\342\376\036\035\020\3608<\243\267\314\316Li\302\353"
 373      10F0383C 
 373      A3B7CCCE 
 373      4C69C2EB 
 374 0429 CDD0E214 		.ascii	"\315\320\342\024\342Vqp+\034\272\220\303\203\272\276"
 374      E2567170 
 374      2B1CBA90 
 374      C383BABE 
 375 0439 E761422D 		.ascii	"\347aB-\303\250k\037\25130\021U\373\024\021\024\240"
 375      C3A86B1F 
 375      A9333011 
 375      55FB1411 
 375      14A0
 376 044b 5B05D0AD 		.ascii	"[\005\320\255\000\364 \300\351\366\243\005DI-\323\340"
 376      00F420C0 
 376      E9F6A305 
 376      44492DD3 
 376      E0
 377 045c BA9DD3E6 		.ascii	"\272\235\323\346\313l/\313l]\277{T\0330\263\377Ea\327"
 377      CB6C2FCB 
 377      6C5DBF7B 
 377      541B30B3 
 377      FF4561D7 
 378 0470 15614F6B 		.ascii	"\025aOk+\266h\205S\214\225\253\342aV\010S\326sV\245"
 378      2BB66885 
 378      538C95AB 
 378      E2615608 
 378      53D67356 
 379 0485 0CE6901B 		.ascii	"\014\346\220\033*b7\024b\036$\326\274\363yQ\270\340"
 379      2A623714 
 379      621E24D6 
 379      BCF37951 
 379      B8E0
 380 0497 6218DBF6 		.ascii	"b\030\333\366\354s\022\304\260g\2271e'\341\360Q\210"
 380      EC7312C4 
 380      B0679731 
 380      6527E1F0 
 380      5188
 381 04a9 9B2A889B 		.ascii	"\233*\210\233\012D\037B\264T\356\374\\p#\202\346\326"
 381      0A441F42 
 381      B454EEFC 
 381      5C702382 
 381      E6D6
 382 04bb 0E475D38 		.ascii	"\016G]8\211\216\210\320\227\340\355\267\210\334\201"
 382      898E88D0 
 382      97E0EDB7 
 382      88DC81
 383 04ca ED754B9E 		.ascii	"\355uK\236\300\236B\030\037\375\200~\200\256\026\337"
 383      C09E4218 
 383      1FFD807E 
ARM GAS  /var/folders/fq/ltb3dbq95yq6ljzx21t9gnkc0000gn/T//ccX9k2KP.s 			page 30


 383      80AE16DF 
 384 04da 78DB0DE6 		.ascii	"x\333\015\346I\302\033\034\231\033A\336\201\363\373"
 384      49C21B1C 
 384      991B41DE 
 384      81F3FB
 385 04e9 239C59FA 		.ascii	"#\234Y\372\211#\375\240\3776\350\207P}\371C\331Az\331"
 385      8923FDA0 
 385      FF36E887 
 385      507DF943 
 385      D9417AD9 
 386 04fd 3BEB75DE 		.ascii	";\353u\336GN\326\014\213x;d\241\274\321\276a\227\200"
 386      474ED60C 
 386      8B783B64 
 386      A1BCD1BE 
 386      619780
 387 0510 F5F117D4 		.ascii	"\365\361\027\324\274\3207\372XDs\0065;\3736\355\011"
 387      BCD037FA 
 387      58447306 
 387      353BFB36 
 387      ED09
 388 0522 A3D89272 		.ascii	"\243\330\222r\330E\275*\367?!\372\333\021\344\001\003"
 388      D845BD2A 
 388      F73F21FA 
 388      DB11E401 
 388      03
 389 0533 4F975C13 		.ascii	"O\227\\\023\232\231\271r\351\211$(\364\036\270\337G"
 389      9A99B972 
 389      E9892428 
 389      F41EB8DF 
 389      47
 390 0544 F7013253 		.ascii	"\367\0012S\231D\275\217\177\357\3565\250\275\357\276"
 390      9944BD8F 
 390      7FEFEE35 
 390      A8BDEFBE 
 391 0554 CAFB76DE 		.ascii	"\312\373v\336\326AA\270\316\026\245\262q\207;X\350g"
 391      D64141B8 
 391      CE16A5B2 
 391      71873B58 
 391      E867
 392 0566 46FAC8FE 		.ascii	"F\372\310\376K\3329{\244\016\273g\347\255\314E\316\265"
 392      4BDA397B 
 392      A40EBB67 
 392      E7ADCC45 
 392      CEB5
 393 0578 763CEEE4 		.ascii	"v<\356\344!\231I\036\301\022\301\341V\301\016\322\274"
 393      2199491E 
 393      C112C1E1 
 393      56C10ED2 
 393      BC
 394 0589 9352C273 		.ascii	"\223R\302sd\210\314\241\277?\234UWB0#\013\361\276,\366"
 394      6488CCA1 
 394      BF3F9C55 
 394      57423023 
 394      0BF1BE2C 
 395 059e 3C209881 		.ascii	"< \230\201\020\274/\327\035=\032\206f0^'%\203\005\241"
 395      10BC2FD7 
 395      1D3D1A86 
ARM GAS  /var/folders/fq/ltb3dbq95yq6ljzx21t9gnkc0000gn/T//ccX9k2KP.s 			page 31


 395      66305E27 
 395      258305A1 
 396 05b2 8113F254 		.ascii	"\201\023\362TI\310\023\226\220\201\214\007U\301\376"
 396      49C81396 
 396      90818C07 
 396      55C1FE
 397 05c1 091906F7 		.ascii	"\011\031\006\367\307\350>\202\022q\022\0320\343`\333"
 397      C7E83E82 
 397      1271121A 
 397      30E360DB 
 398 05d1 B34FA655 		.ascii	"\263O\246UWz3\371\002<c\325\225\276\301\271\265\255"
 398      577A33F9 
 398      023C63D5 
 398      95BEC1B9 
 398      B5AD
 399 05e3 7599F084 		.ascii	"u\231\360\204e\241\343\332\305\247<\354S\247\035.\330"
 399      65A1E3DA 
 399      C5A73CEC 
 399      53A71D2E 
 399      D8
 400 05f4 D2B8BC0C 		.ascii	"\322\270\274\014\251D\362x\275o\331\265\270WGU{uT\331"
 400      A944F278 
 400      BD6FD9B5 
 400      B8574755 
 400      7B7554D9 
 401 0608 AB63B857 		.ascii	"\253c\270W\033\306\373:5\001\317\327\317x\276>\223\217"
 401      1BC6FB3A 
 401      3501CFD7 
 401      CF78BE3E 
 401      938F
 402 061a D7A9EFCB 		.ascii	"\327\251\357\313\266\351\204I\026\262\274\327{\235\026"
 402      B6E98449 
 402      16B2BCD7 
 402      7B9D16
 403 0629 5AA7C351 		.ascii	"Z\247\303Q\350z\310O\025\332?\322Id\\\025q\\\2118\201"
 403      E87AC84F 
 403      15DA3FD2 
 403      49645C15 
 403      715C8938 
 404 063e 117FEC1C 		.ascii	"\021\177\354\034\222\364B\271\200(\245\003\215wu\014"
 404      92F442B9 
 404      8028A503 
 404      8D77750C 
 405 064e E5BEABDF 		.ascii	"\345\276\253\337\037\345\271\012\345\271\2022\311P\006"
 405      1FE5B90A 
 405      E5B98232 
 405      C95006
 406 065d 2A9C06A1 		.ascii	"*\234\006\241\227\241\354\271\327\225\243\027\3563c"
 406      97A1ECB9 
 406      D795A317 
 406      EE3363
 407 066c A079B226 		.ascii	"\240y\262&\010\312\010\221x\201\361v\347w\214\207a\220"
 407      08CA0891 
 407      7881F176 
 407      E7778C87 
 407      6190
 408 067e C1D19C07 		.ascii	"\301\321\234\007\177\3366\225\235,\036\303x\2250d-\257"
ARM GAS  /var/folders/fq/ltb3dbq95yq6ljzx21t9gnkc0000gn/T//ccX9k2KP.s 			page 32


 408      7FDE3695 
 408      9D2C1EC3 
 408      78953064 
 408      2DAF
 409 0690 E1A8C922 		.ascii	"\341\250\311\"\245\3634R]\367\346\"Q\330\247A\360\311"
 409      A5F33452 
 409      5DF7E622 
 409      51D8A741 
 409      F0C9
 410 06a2 BA829F79 		.ascii	"\272\202\237y\006U\350z\274J\235h\212\224\301\373\010"
 410      0655E87A 
 410      BC4A9D68 
 410      8A94C1FB 
 410      08
 411 06b3 67F0324C 		.ascii	"g\3602L&\302\354\352\270~O#T\3130\031\0357\202d\331"
 411      26C2ECEA 
 411      B87E4F23 
 411      54CB3019 
 411      1D378264 
 412 06c8 03F7FD65 		.ascii	"\003\367\375e\257S\241\254SP\276E\224\326\246\313[x"
 412      AF53A1AC 
 412      5350BE45 
 412      94D6A6CB 
 412      5B78
 413 06da E1B82680 		.ascii	"\341\270&\200R\357\360\336-\242\254\364P\377\213J\277"
 413      52EFF0DE 
 413      2DA2ACF4 
 413      50FF8B4A 
 413      BF
 414 06eb 53904916 		.ascii	"S\220I\026U\372\235\002\236\215\340[\033w\344\261\037"
 414      55FA9D02 
 414      9E8DE05B 
 414      1B77E4B1 
 414      1F
 415 06fc 8F12E2BB 		.ascii	"\217\022\342\273=\351\255\006\334\376\364\2278\271\356"
 415      3DE9AD06 
 415      DCFEF497 
 415      38B9EE
 416 070b 4EDF1D1C 		.ascii	"N\337\035\034x\373o\340\345\355\377o\036\267\177S\315"
 416      78FB6FE0 
 416      E5EDFF6F 
 416      1EB77F53 
 416      CD
 417 071c E5875AFF 		.ascii	"\345\207Z\377\355\277\236g\365\202#\033\371\231\312"
 417      EDBF9E67 
 417      F582231B 
 417      F999CA
 418 072b 24EABDE1 		.ascii	"$\352\275\341Z}\206\306\277\036\004\364>\360\274\325"
 418      5A7D86C6 
 418      BF1E04F4 
 418      3EF0BCD5 
 419 073b 152AB4B2 		.ascii	"\025*\264\2624t\327\227M\350\260\004\300\225?\374\306"
 419      3474D797 
 419      4DE8B004 
 419      C0953FFC 
 419      C6
 420 074c DA5C0F40 		.ascii	"\332\\\017@\320+\210l\342Y\021\200{S\205\225\303O\025"
ARM GAS  /var/folders/fq/ltb3dbq95yq6ljzx21t9gnkc0000gn/T//ccX9k2KP.s 			page 33


 420      D02B886C 
 420      E2591180 
 420      7B538595 
 420      C34F15
 421 075f 815C9E16 		.ascii	"\201\\\236\026\201\355\271\227\213XYL\300\377\030\034"
 421      81EDB997 
 421      8B58594C 
 421      C0FF181C 
 422 076f B69FD3A2 		.ascii	"\266\237\323\242\354P\254\011\303\225\343\232\300\262"
 422      EC50AC09 
 422      C395E39A 
 422      C0B2
 423 077d F315D975 		.ascii	"\363\025\331u\354\324_\3149\353\026\375eo\206\340y<"
 423      ECD45FCC 
 423      39EB16FD 
 423      656F86E0 
 423      793C
 424 078f 75DF8242 		.ascii	"u\337\202B\362\025!\225wk\017\361\376\262\003z\357o"
 424      F2152195 
 424      776B0FF1 
 424      FEB2037A 
 424      EF6F
 425 07a1 1F02F26E 		.ascii	"\037\002\362n&\373\340\261\206\207\241(\333>Q,i\012"
 425      26FBE0B1 
 425      8687A128 
 425      DB3E512C 
 425      690A
 426 07b3 A54CBAD2 		.ascii	"\245L\272\322d\253\254\031\356i\025P\201O\3636\324|"
 426      64ABAC19 
 426      EE691550 
 426      814FF336 
 426      D47C
 427 07c5 27B7FC10 		.ascii	"'\267\374\020\253\365\006\374\257\333\320"
 427      ABF506FC 
 427      AFDBD0
 428 07d0 AE5795B6 		.ascii	"\256W\225\266\"Ed![\333\346\253k\317\351\374E\372~\033"
 428      22456421 
 428      5BDBE6AB 
 428      6BCFE9FC 
 428      45FA7E1B 
 429 07e4 7F8FB48B 		.ascii	"\177\217\264\213\024\332\245\227Gv\007\371\213\014\350"
 429      14DAA597 
 429      477607F9 
 429      8B0CE8
 430 07f3 ED75E7DF 		.ascii	"\355u\347\337\321\010\375Ld}\325\372\315\"\023yc\237"
 430      D108FD4C 
 430      647DD5FA 
 430      CD221379 
 430      639F
 431 0805 4FE47659 		.ascii	"O\344vY$\\\331*\240\035>\221;\3719\\pZ\342?\315F[\360"
 431      245CD92A 
 431      A01D3E91 
 431      3BF9395C 
 431      705AE23F 
 432 081d 9F3EF934 		.ascii	"\237>\3714r\011\367~\254%\325\026\373\245\3114/\316"
 432      7209F77E 
 432      AC25D516 
ARM GAS  /var/folders/fq/ltb3dbq95yq6ljzx21t9gnkc0000gn/T//ccX9k2KP.s 			page 34


 432      FBA5C934 
 432      2FCE
 433 082f 9A1C9B94 		.ascii	"\232\034\233\224\270\212\366c\241?/\305\222b\236g\216"
 433      B88AF663 
 433      A13F2FC5 
 433      92629E67 
 433      8E
 434 0840 5B9518BB 		.ascii	"[\225\030\273 \346\0171\357\306&\246\230\222V\307\233"
 434      20E60F31 
 434      EFC626A6 
 434      989256C7 
 434      9B
 435 0851 63D36CF1 		.ascii	"c\323l\361\361\346/b\02281\331\234\374\245\331\366\305"
 435      F1E62F62 
 435      123831D9 
 435      9CFCA5D9 
 435      F6C5
 436 0863 EA1493D1 		.ascii	"\352\024\223\3216'&&\226\375\263\244\305ZmS\336\246"
 436      36272626 
 436      96FDB3A4 
 436      C55A6D53 
 436      DEA6
 437 0875 04F03259 		.ascii	"\004\3602Y\254f\230\020\012]\213u\2151\325bI2\332\014"
 437      AC669810 
 437      0A5D8B75 
 437      8D31D562 
 437      4932DA0C 
 438 0889 F84A30C7 		.ascii	"\370J0\307\305\233\255!\251\011\306\024\3637\266_\277"
 438      C59BAD21 
 438      A909C614 
 438      F337B65F 
 438      BF
 439 089a 0A85FAA7 		.ascii	"\012\205\372\247\001LHr*:\207\301\333\262\352of\223"
 439      014C4872 
 439      2A3A87C1 
 439      DBB2EA6F 
 439      6693
 440 08ac CD482519 		.ascii	"\315H%\031\300L\265Z\276N\004\274\031\246\204\025\340"
 440      C04CB55A 
 440      BE4E04BC 
 440      19A68415 
 440      E0
 441 08bd BD1CBF2E 		.ascii	"\275\034\277.MI\264E\372\001\247YMjP\023\027\316f|l"
 441      4D49B445 
 441      FA01A759 
 441      4D6A5013 
 441      17CE667C 
 442 08d2 898B5F6C 		.ascii	"\211\213_l\265\306\255\021\231\2758)\311bZjP\031r\377"
 442      B5C6AD11 
 442      99BD3829 
 442      C9625A6A 
 442      501972FF 
 443 08e6 43ABD9BC 		.ascii	"C\253\331\274T\357\353kL\011qV\255\321\210\3310\206"
 443      54EFEB6B 
 443      4C097156 
 443      ADD188D9 
 443      3086
ARM GAS  /var/folders/fq/ltb3dbq95yq6ljzx21t9gnkc0000gn/T//ccX9k2KP.s 			page 35


 444 08f8 2A9D98DF 		.ascii	"*\235\230\337\277\367\273\005:yz|<\364V\256I\373\330"
 444      BFF7BB05 
 444      3A797A7C 
 444      3CF456AE 
 444      49FBD8
 445 090b 62FAEAAD 		.ascii	"b\372\352\255\200J\323\326P\221\272T\213\325f\204x_"
 445      804AD3D6 
 445      5091BA54 
 445      8BD56684 
 445      785F
 446 091d BDE3E749 		.ascii	"\275\343\347I?\244\305.\376\353\262%\313\276\001w\232"
 446      3FA4C52E 
 446      FEEBB225 
 446      CBBE0177 
 446      9A
 447 092e 5BE3D7EF 		.ascii	"[\343\327\357%\323\374\032\215\361\211iq\253\222\314"
 447      25D3FC1A 
 447      8DF18969 
 447      71AB92CC 
 448 093e C644EBDF 		.ascii	"\306D\353\337C\343\222\376\021\267&\315\230\230\222"
 448      43E392FE 
 448      11B726CD 
 448      989892
 449 094d 9498629E 		.ascii	"\224\230b\236\253F\201\344\305.Y\266r\351J_X\212bJ\376"
 449      AB4681E4 
 449      C52E59B6 
 449      72E94A5F 
 449      588A624A 
 450 0962 10480390 		.ascii	"\020H\003\220\001i~\232B\303\033\220\310j\354\213F\243"
 450      01697E9A 
 450      42C31B90 
 450      C86AEC8B 
 450      46A3
 451 0974 39650A5F 		.ascii	"9e\012_\245\361\335\371\323\254\205jk\301\302\377\001"
 451      A5F1DDF9 
 451      D3AC856A 
 451      6BC1C2FF 
 451      01
 452 0985 EB5C93A1 		.ascii	"\353\\\223\241"
 453              		.text
 454              		.section	.gnu.lto_.symtab.494205befdb466de,"",%progbits
 455 0000 6368506F 		.ascii	"chPoolObjectInit\000\000\000\000\000\000\000\000\000"
 455      6F6C4F62 
 455      6A656374 
 455      496E6974 
 455      00000000 
 456 0019 000000CF 		.ascii	"\000\000\000\317\000\000\000chPoolLoadArray\000\000"
 456      00000063 
 456      68506F6F 
 456      6C4C6F61 
 456      64417272 
 457 0031 00000000 		.ascii	"\000\000\000\000\000\000\000\000\000\000\325\000\000"
 457      00000000 
 457      0000D500 
 457      00
 458 003e 00636850 		.ascii	"\000chPoolAllocI\000\000\000\000\000\000\000\000\000"
 458      6F6F6C41 
ARM GAS  /var/folders/fq/ltb3dbq95yq6ljzx21t9gnkc0000gn/T//ccX9k2KP.s 			page 36


 458      6C6C6F63 
 458      49000000 
 458      00000000 
 459 0054 000000D9 		.ascii	"\000\000\000\331\000\000\000chPoolAlloc\000\000\000"
 459      00000063 
 459      68506F6F 
 459      6C416C6C 
 459      6F630000 
 460 0069 00000000 		.ascii	"\000\000\000\000\000\000\000\000\000\333\000\000\000"
 460      00000000 
 460      00DB0000 
 460      00
 461 0076 6368506F 		.ascii	"chPoolFreeI\000\000\000\000\000\000\000\000\000\000"
 461      6F6C4672 
 461      65654900 
 461      00000000 
 461      00000000 
 462 008b 0000E000 		.ascii	"\000\000\340\000\000\000chPoolFree\000\000\000\000\000"
 462      00006368 
 462      506F6F6C 
 462      46726565 
 462      00000000 
 463 00a0 00000000 		.ascii	"\000\000\000\000\000\000\000\342\000\000\000"
 463      000000E2 
 463      000000
 464              		.text
 465              		.section	.gnu.lto_.opts,"",%progbits
 466 0000 272D666E 		.ascii	"'-fno-trapv' '-mcpu=cortex-m0' '-mno-thumb-interwor"
 466      6F2D7472 
 466      61707627 
 466      20272D6D 
 466      6370753D 
 467 0033 6B272027 		.ascii	"k' '-mthumb' '-ggdb' '-O2' '-fomit-frame-pointer' '"
 467      2D6D7468 
 467      756D6227 
 467      20272D67 
 467      67646227 
 468 0066 2D66616C 		.ascii	"-falign-functions=16' '-ffunction-sections' '-fdata"
 468      69676E2D 
 468      66756E63 
 468      74696F6E 
 468      733D3136 
 469 0099 2D736563 		.ascii	"-sections' '-fno-common' '-flto'\000"
 469      74696F6E 
 469      73272027 
 469      2D666E6F 
 469      2D636F6D 
 470              		.text
 471              		.comm	__gnu_lto_v1,1,1
 472              		.comm	__gnu_lto_slim,1,1
 473              		.ident	"GCC: (GNU Tools for ARM Embedded Processors) 4.9.3 20150303 (release) [ARM/embedded-4_9-br
ARM GAS  /var/folders/fq/ltb3dbq95yq6ljzx21t9gnkc0000gn/T//ccX9k2KP.s 			page 37


DEFINED SYMBOLS
                            *ABS*:0000000000000000 chmempools.c
                            *COM*:0000000000000001 __gnu_lto_v1
                            *COM*:0000000000000001 __gnu_lto_slim

NO UNDEFINED SYMBOLS
