ARM GAS  /var/folders/fq/ltb3dbq95yq6ljzx21t9gnkc0000gn/T//cchOxbDs.s 			page 1


   1              		.cpu cortex-m0
   2              		.fpu softvfp
   3              		.eabi_attribute 20, 1
   4              		.eabi_attribute 21, 1
   5              		.eabi_attribute 23, 3
   6              		.eabi_attribute 24, 1
   7              		.eabi_attribute 25, 1
   8              		.eabi_attribute 26, 1
   9              		.eabi_attribute 30, 2
  10              		.eabi_attribute 34, 0
  11              		.eabi_attribute 18, 4
  12              		.code	16
  13              		.file	"chregistry.c"
  14              		.text
  15              	.Ltext0:
  16              		.section	.gnu.lto_.profile.d4c77063c819b21f,"",%progbits
  17 0000 789C6366 		.ascii	"x\234cf```a\200\000F\006Y!\000\000\300\0008"
  17      60606061 
  17      80004606 
  17      59210000 
  17      C00038
  18              		.text
  19              		.section	.gnu.lto_.jmpfuncs.d4c77063c819b21f,"",%progbits
  20 0000 789C6366 		.ascii	"x\234cf\300\016\004\2404\023\010322\32632\227\203\370"
  20      C00E04A0 
  20      34130833 
  20      3232D633 
  20      329783F8 
  21 0014 0008FA01 		.ascii	"\000\010\372\001\025"
  21      15
  22              		.text
  23              		.section	.gnu.lto_.inline.d4c77063c819b21f,"",%progbits
  24 0000 789C6366 		.ascii	"x\234cf\300\016\364\2414\023\003\003'\007#\003\023\317"
  24      C00EF4A1 
  24      34130303 
  24      27072303 
  24      13CF
  25 0012 835806B6 		.ascii	"\203X\006\266\005\362L\0201^Q\240\020\377\202\022\006"
  25      05F24C10 
  25      315E51A0 
  25      10FF8212 
  25      06
  26 0023 F60E7588 		.ascii	"\366\016u\210\0207\003\003\343\004?\006\000\200 \005"
  26      10370303 
  26      E3043F06 
  26      00802005 
  27 0033 47       		.ascii	"G"
  28              		.text
  29              		.section	.gnu.lto_.pureconst.d4c77063c819b21f,"",%progbits
  30 0000 789C6366 		.ascii	"x\234cf```e\200\000&\006+&+\000\001{\000\201"
  30      60606065 
  30      80002606 
  30      2B262B00 
  30      017B0081 
  31              		.text
  32              		.section	.gnu.lto_chRegFirstThread.d4c77063c819b21f,"",%progbits
  33 0000 789C8552 		.ascii	"x\234\205RKO\023Q\024\276\347\316\2036@0.\331\264\011"
ARM GAS  /var/folders/fq/ltb3dbq95yq6ljzx21t9gnkc0000gn/T//cchOxbDs.s 			page 2


  33      4B4F1351 
  33      14BEE7CE 
  33      83364030 
  33      2ED9B409 
  34 0014 0B34DACE 		.ascii	"\0134\332\316\316\215+Cb\342\202\015\374\000\027C#M"
  34      CE8D2B43 
  34      62E2820D 
  34      FC001743 
  34      234D
  35 0026 282533C5 		.ascii	"(%3\305\300\2020\205\0064\361\025t\201J\025\037\274"
  35      C0823085 
  35      0634F115 
  35      74814A15 
  35      1FBC
  36 0038 048AA220 		.ascii	"\004\212\242 E\221\252\010\304(\212\232\0221\301\306"
  36      4591AA08 
  36      C4288A9A 
  36      1231C1C6 
  37 0048 60A20924 		.ascii	"`\242\011$\362\36011P\317\275\203\012C\214\223\231{"
  37      F2F03131 
  37      50CFBD83 
  37      0A438C93 
  37      997B
  38 005a E7DEEFDC 		.ascii	"\347\336\357\334\357|\367|G \333\237\\\374\272\005B"
  38      EF7CF77C 
  38      4720DB9F 
  38      5CFCBA05 
  38      42
  39 006b 06710681 		.ascii	"\006q\006\201\000=3EH\330A\001\330\017\001RK\241\026"
  39      003D3345 
  39      48D84101 
  39      D80F0152 
  39      4BA116
  40 007e 3ED3250A 		.ascii	">\323%\012\361\330\352\363\314O\324\244\304Mp9\3344"
  40      F1D8EAF3 
  40      CC4FD4A4 
  40      C44D7039 
  40      DC34
  41 0090 D92CB325 		.ascii	"\331,\263%\210l9\223l\236q\346\267\031F\335\227\376"
  41      886C3993 
  41      6C9E71E6 
  41      B71946DD 
  41      97FE
  42 00a2 E9B2F3E7 		.ascii	"\351\262\363\347Z\021\241d\205\022\350\200\\\350\004"
  42      5A11A164 
  42      8512E880 
  42      5CE804
  43 00b1 9608BA20 		.ascii	"\226\010\272 \237\305\206\023'\337d\013y\300\376\353"
  43      9FC58613 
  43      27DF640B 
  43      79C0FEEB 
  44 00c1 87C2A359 		.ascii	"\207\302\243YyW\360\\\352D\333D\2261iDR\351\264\013"
  44      7957F05C 
  44      EA44DB44 
  44      96316944 
  44      52E9B40B 
  45 00d5 0FC30D10 		.ascii	"\017\303\015\020\266\236g\017\036Y\212\254\315d\312"
ARM GAS  /var/folders/fq/ltb3dbq95yq6ljzx21t9gnkc0000gn/T//cchOxbDs.s 			page 3


  45      B69E670F 
  45      1E598AAC 
  45      CD64CA
  46 00e4 11C33076 		.ascii	"\021\3030v@7\344\261$\310\335\0032\340\304v\372v&\214"
  46      4037E4B1 
  46      24C8DD03 
  46      32E0C476 
  46      FA76268C 
  47 00f8 747AE5C9 		.ascii	"tz\345\311\325\343\373\273\250\003o\205{\"1\251 \261"
  47      D5E3FBBB 
  47      A8036F85 
  47      7B2231A9 
  47      20B1
  48 010a 8190793C 		.ascii	"\201\220y<\300\256\367\021\025\342,\274\203\360\207"
  48      C0AEF711 
  48      15E22CBC 
  48      83F087
  49 0119 68BC57D8 		.ascii	"h\274W\330\302\235\032\273\006\234u\205\302\326\254"
  49      C29D1ABB 
  49      069C7585 
  49      C2D6AC
  50 0128 A964C39C 		.ascii	"\251d\303\234D\240\227A\324\0165N!\024c\220`\323J\240"
  50      44A09741 
  50      D40E354E 
  50      21146390 
  50      60D34AA0 
  51 013c 0F645478 		.ascii	"\017dTx\223\217$\012\010?ml\375&\272\332!j4\273M\312"
  51      938F240A 
  51      083F6D6C 
  51      FD26BADA 
  51      216A34BB 
  52 0152 0BF97261 		.ascii	"\013\371ra|\330)\242B\270\005.\034\373\261\276\263P"
  52      7CD829A2 
  52      42B8052E 
  52      1CFBB1BE 
  52      B350
  53 0164 3718373B 		.ascii	"7\0307;\263\230\234\357\224\351\274\364\372T\214\326"
  53      B3989CEF 
  53      94E9BCF4 
  53      FA548CD6 
  54 0174 FC348E19 		.ascii	"\3744\216\031\016\223Jk\324\252\314\373\371\027\323"
  54      0E934A6B 
  54      D4AACCFB 
  54      F917D3
  55 0183 0EE689C4 		.ascii	"\016\346\211\304\227\235\341H\013D\341b\330`Q2\334\206"
  55      979DE148 
  55      0B44E162 
  55      D8605132 
  55      DC86
  56 0195 1AB8C32A 		.ascii	"\032\270\303*\211\330z\317\351~\331\323\215\302\022"
  56      89D87ACF 
  56      E97ED9D3 
  56      8DC212
  57 01a4 B926CD80 		.ascii	"\271&\315\200\001\014\\\246\033\025\036\031}\265.Z\340"
  57      010C5CA6 
  57      1B151E19 
  57      7DB52E5A 
ARM GAS  /var/folders/fq/ltb3dbq95yq6ljzx21t9gnkc0000gn/T//cchOxbDs.s 			page 4


  57      E0
  58 01b5 2EE6C420 		.ascii	".\346\304 x\226\261\012\250\346.xH\022\352\214l^o\254"
  58      7896B10A 
  58      A8E62E78 
  58      4812EA8C 
  58      6C5E6FAC 
  59 01c9 2BCAE1F2 		.ascii	"+\312\341\362\226\236\025Y\352\304\315:(\247\033\370"
  59      969E1559 
  59      EAC4CD3A 
  59      28A71BF8 
  60 01d9 7179311B 		.ascii	"qy1\033u\200I\035\030\017C\033\032ZV\317\276\315\361"
  60      7580491D 
  60      180F431B 
  60      1A5A56CF 
  60      BECDF1
  61 01ec EC31A913 		.ascii	"\3541\251\023\342<=7r\030S\314B}S\303\002X\214\222E"
  61      E23C3D37 
  61      721853CC 
  61      427D53C3 
  61      02588C92 
  62 0201 3A7DA1BD 		.ascii	":}\241\275>\207\221:\321\227{H\201i\233x\310\246\024"
  62      3E87913A 
  62      D1977B48 
  62      81699B78 
  62      C8A614
  63 0214 78D584F4 		.ascii	"x\325\204\364\3574\367\377\246\031\001\017R\023\356"
  63      EF34F7FF 
  63      A619010F 
  63      5213EE
  64 0223 FD628FCD 		.ascii	"\375b\217\315\373\371\366\337\336\213\333\\|\300\374"
  64      FBF9F6DF 
  64      DE8BDB5C 
  64      7CC0FC
  65 0232 B3B93EFE 		.ascii	"\263\271>\376\025]\037e\361\222\035\232H\"\224`\220"
  65      155D1F65 
  65      F1921D9A 
  65      48229460 
  65      90
  66 0243 BC8DEA21 		.ascii	"\274\215\352!o\205GVC\304\376\333\020\217yC\214aC\314"
  66      6F854756 
  66      43C4FEDB 
  66      108F7943 
  66      8C6143CC 
  67 0257 413875BD 		.ascii	"A8u\275c\243>\330\321\330\322\300Z\031\243\334^\257"
  67      63A33ED8 
  67      D1D8D2C0 
  67      5A19A3DC 
  67      5EAF
  68 0269 62BD415D 		.ascii	"b\275A]\321B\212\256\251\212Z\252\371\216\370\365\220"
  68      D1428AAE 
  68      A98A5AAA 
  68      F98EF8F5 
  68      90
  69 027a 56ED5509 		.ascii	"V\355U\011\015U\354\335\034\343\253\012)\005\205\305"
  69      0D55ECDD 
  69      1CE3AB0A 
  69      290585C5 
ARM GAS  /var/folders/fq/ltb3dbq95yq6ljzx21t9gnkc0000gn/T//cchOxbDs.s 			page 5


  70 028a 878A157F 		.ascii	"\207\212\025\177\271ZVY\342S\324\240\346;\254\006\016"
  70      B95A5659 
  70      E253D4A0 
  70      E63BAC06 
  70      0E
  71 029b 5696ABDE 		.ascii	"V\226\253\336R\342\262\021\376\211*\325\253u\304w\333"
  71      52E2B211 
  71      FE892AD5 
  71      AB75C477 
  71      DB
  72 02ac F08AA016 		.ascii	"\360\212\240\026\322\225\003E\205\005\205U\030\304\311"
  72      D2950345 
  72      85058555 
  72      18C4C9
  73 02bb 8EEE0B60 		.ascii	"\216\356\013`\244C\255\320\375%n?\311\010\370\002A\255"
  73      A443ADD0 
  73      FD256E3F 
  73      C908F802 
  73      41AD
  74 02cd DADAF0E1 		.ascii	"\332\332\360\341\306/a\272\205\271"
  74      C62F61BA 
  74      85B9
  75              		.text
  76              		.section	.gnu.lto_chRegNextThread.d4c77063c819b21f,"",%progbits
  77 0000 789C8554 		.ascii	"x\234\205T[OTW\024^\337>g\316\0140\212\351\223\321&"
  77      5B4F5457 
  77      145EDF3E 
  77      67CE0C30 
  77      8AE993D1 
  78 0015 90102546 		.ascii	"\220\020%Fa^\214\017&&\032\223&>\360R\177\200\017\303"
  78      615E8C0F 
  78      26261A93 
  78      263EF052 
  78      7F800FC3 
  79 0029 4448E492 		.ascii	"DH\344\222\231\321\300\003q\017L\324\304x\011\232\006"
  79      99D1C003 
  79      710F4CD4 
  79      C478099A 
  79      06
  80 003a 2FB41AEF 		.ascii	"/\264\032\357\202\240\243\240 \352Q\021\260\251\212"
  80      82A0A3A0 
  80      20EA5111 
  80      B0A98A
  81 0049 B165BCB4 		.ascii	"\261e\274\264tb\320\320\252\211\026[{\202H\327\336\247"
  81      7462D0D0 
  81      AA89165B 
  81      7B8248D7 
  81      DEA7
  82 005b AD7088F1 		.ascii	"\255p\210\361d\346\234\263\367Z\353[\337\376\3267c\320"
  82      64E69CB3 
  82      F75AEB5B 
  82      DFFED637 
  82      63D0
  83 006d CC6B297F 		.ascii	"\314k)\177\017\230D\335\374\204\217 v\337%J\004\204"
  83      0F9844DD 
  83      FC848F20 
  83      76DF254A 
ARM GAS  /var/folders/fq/ltb3dbq95yq6ljzx21t9gnkc0000gn/T//cchOxbDs.s 			page 6


  83      0484
  84 007f 306D90CC 		.ascii	"0m\220\3146\006\177 \222A\003\246\273o\002\352\205@"
  84      36067F20 
  84      924103A6 
  84      BB6F02EA 
  84      8540
  85 0091 9B856162 		.ascii	"\233\205ab3~\023o\004\272\332\336\336\311\031\025\216"
  85      337E136F 
  85      04BADADE 
  85      DEC91915 
  85      8E
  86 00a2 A07CE265 		.ascii	"\240|\342ew\343@\223\245\2260\3252=\324\224\316*<&e"
  86      77E34093 
  86      A59630D5 
  86      323DD494 
  86      CE2A3C26 
  87 00b7 FDEB547A 		.ascii	"\375\353Tz\303\276\275\2078\"hL\020N`\036Nb\236\302"
  87      C3BEBD87 
  87      3822684C 
  87      104E601E 
  87      4E629EC2 
  88 00cb 3B85424E 		.ascii	";\205BNM\330;~\234e\024@\225\365\266\0179\201\005G\270"
  88      4DD83B7E 
  88      9C651440 
  88      95F5B60F 
  88      39810547 
  89 00e0 CCBE9392 		.ascii	"\314\276\223\222+M.\302i\030S\353\024\016Z\260@\245"
  89      2B4D2EC2 
  89      691853EB 
  89      140E5AB0 
  89      40A5
  90 00f2 9FB7C75F 		.ascii	"\237\267\307_\230\306B]zm\364\367\275\301\202\303\\"
  90      98C6425D 
  90      7A6DF4F7 
  90      BDC182C3 
  90      5C
  91 0103 9AE939D6 		.ascii	"\232\3519\326\037\224\0032\231\231\234\314S\010\255"
  91      1F940332 
  91      99999CCC 
  91      5308AD
  92 0112 D311DC8B 		.ascii	"\323\021\334\213K\336$'\3229VRJ9\007gP0!H1dbm\260\300"
  92      4BDE2427 
  92      D2395652 
  92      4A390767 
  92      50302148 
  93 012c 0FB5D9FE 		.ascii	"\017\265\331\376\205-''\307~i\334^\330&\202 \265\347"
  93      852D2727 
  93      C77E69DC 
  93      5ED82682 
  93      20B5E7
  94 013f 832260E9 		.ascii	"\203\"`\351w?\0232\002\352F4\302\305J\251gL\221\237"
  94      773F1332 
  94      02EA4634 
  94      C2C54AA9 
  94      674C919F 
  95 0153 C613249E 		.ascii	"\306\023$\236vt\2351\246\265\312\364\266Cw\030\023\230"
  95      76749D31 
ARM GAS  /var/folders/fq/ltb3dbq95yq6ljzx21t9gnkc0000gn/T//cchOxbDs.s 			page 7


  95      A6B5CAF4 
  95      B6437718 
  95      1398
  96 0165 4E2233BC 		.ascii	"N\"3\274e\230\247\321\256B\302\033\332z\227CgU\310\360"
  96      6598A7D1 
  96      AE42C21B 
  96      DA7A9743 
  96      6755C8F0 
  97 0179 50279C83 		.ascii	"P'\234\203\305lS\372N\207\301\341\357\267\036\372\313"
  97      C56C53FA 
  97      4E87C1E1 
  97      EFB71EFA 
  97      CB
  98 018a CC3B8D66 		.ascii	"\314;\215f\331\224\357\010=\221\301\227}\335Y&3\304"
  98      D994EF08 
  98      3D91C197 
  98      7DDD5926 
  98      33C4
  99 019c 79E4F1FD 		.ascii	"y\344\361\375\002\017\3521\352;\273\234\226\331\212"
  99      020FEA31 
  99      EA3BBB9C 
  99      96D98A
 100 01ab CE3B6171 		.ascii	"\316;aq\326\257#\367\356\007F\365\260TQ\307\337\337"
 100      D6AF23F7 
 100      EE0746F5 
 100      B05451C7 
 100      DFDF
 101 01bd BD9AD58C 		.ascii	"\275\232\325\214\003\011)\355\371\216\360\275\023>t"
 101      030929ED 
 101      F98EF0BD 
 101      133E74
 102 01cc 28093976 		.ascii	"(\0119v\360\355\236G\271E\213\225\300\235h\306\037J"
 102      F0ED9E47 
 102      B9458B95 
 102      C09D68C6 
 102      1F4A
 103 01de 39C24514 		.ascii	"9\302E\024\321\020\352e\256\026\221\005b\\\372\011\311"
 103      D110EA65 
 103      AE169105 
 103      625CFA09 
 103      C9
 104 01ef 870D27BE 		.ascii	"\207\015'\276\261>\366\371\366\301\3166Q7.\267\311\200"
 104      B13EF6F9 
 104      F6C1CE36 
 104      51372EB7 
 104      C980
 105 0201 23AC0996 		.ascii	"#\254\011\226\202\246v\267\364\362d\"y\020nw\316\362"
 105      82A676B7 
 105      F4F26422 
 105      79106E77 
 105      CEF2
 106 0213 E312EAD0 		.ascii	"\343\022\352\320\365o\367\017\255\273RVQ\013\013`\257"
 106      F56FF70F 
 106      ADBB5256 
 106      510B0B60 
 106      AF
 107 0224 704400DD 		.ascii	"pD\000\335\232\002\334\301\356\030?\276\307\322\350"
ARM GAS  /var/folders/fq/ltb3dbq95yq6ljzx21t9gnkc0000gn/T//cchOxbDs.s 			page 8


 107      9A02DCC1 
 107      EE183FBE 
 107      C7D2E8
 108 0233 F6724764 		.ascii	"\366rGd\3412\223\"\364\240NO\376\031K\310\0267\324\351"
 108      E1329322 
 108      F4A04E4F 
 108      FE194BC8 
 108      1637D4E9 
 109 0247 CFBDAC37 		.ascii	"\317\275\2547\\V\376)\307\205>\2525\363\250\331\270"
 109      5C56FE29 
 109      C7853EAA 
 109      35F3A8D9 
 109      B8
 110 0258 A2FB6897 		.ascii	"\242\373h\227\\e\324\307hh\334\322+\\\210\200\213r\177"
 110      5C65D4C7 
 110      6868DCD2 
 110      2B5C8880 
 110      8B727F
 111 026b FFF1865C 		.ascii	"\377\361\206\\u\212l\036\3645\206\340F\215P)\036E\347"
 111      758A6C1E 
 111      F43586E0 
 111      468D5029 
 111      1E45E7
 112 027e 7EBA8DFD 		.ascii	"~\272\215\375\261\315u\0241\264\346mj[\261\274s\310"
 112      B1CD7514 
 112      31B4E66D 
 112      6A5BB1BC 
 112      73C8
 113 0290 9516A43D 		.ascii	"\225\026\244=\366\252\325\343\261\221\316\377<f\316"
 113      F6AAD5E3 
 113      B191CEFF 
 113      3C66CE
 114 029f 70CB0D58 		.ascii	"p\313\015X\344uW\337\237\354\256\233*\337\347\015\365"
 114      E47557DF 
 114      9FECAE9B 
 114      2ADFE70D 
 114      F5
 115 02b0 0F71A857 		.ascii	"\017q\250W\205\254\031P\267\264\345\372\\\343\245>k"
 115      85AC1950 
 115      B7B4E5FA 
 115      5CE3A53E 
 115      6B
 116 02c1 BC7E6DBC 		.ascii	"\274~m\274\0016\336\317Hf\216^\324\232\220\327\0159"
 116      0136DECF 
 116      48668E5E 
 116      D49A90D7 
 116      0D39
 117 02d3 63C2CF69 		.ascii	"c\302\317i\267yZl7G\004i\230\377#\006s\\\215y\302\317"
 117      B7795A6C 
 117      37470469 
 117      98FF2306 
 117      735C8D79 
 118 02e9 012599E8 		.ascii	"\001%\231\350yT\312\352\031\357\323_\362/\017J\032n"
 118      7954CAEA 
 118      19EFD35F 
 118      F22F0F4A 
 118      1A6E
ARM GAS  /var/folders/fq/ltb3dbq95yq6ljzx21t9gnkc0000gn/T//cchOxbDs.s 			page 9


 119 02fb 925F5C1C 		.ascii	"\222_\\\034r?U\261P4\036\212E\303\241pY4\262\276<\026"
 119      723F55B1 
 119      50341E8A 
 119      45C3A170 
 119      5934B2BE 
 120 0311 8FD61687 		.ascii	"\217\326\026\207I\304\253\215\312x\365\222\251y\221"
 120      49C4AB8D 
 120      CA78F592 
 120      A97991
 121 0320 9A786875 		.ascii	"\232xhu\311\3325kC\345\225\341\015\033K#\241pU4\262"
 121      C9DA356B 
 121      43E595E1 
 121      0D1B4B23 
 121      A1705534 
 122 0335 2E5CF1D5 		.ascii	".\\\361\325\306\312pq\031\345y@\377\317*\213\325\306"
 122      C6CA7071 
 122      19E57940 
 122      FFCF2A8B 
 122      D5C6
 123 0347 38BEC813 		.ascii	"8\276\310\023\257\256\212\306c\241U_\227\254.\251\341"
 123      AFAE8AC6 
 123      63A1555F 
 123      97AC2EA9 
 123      E1
 124 0358 240DB669 		.ascii	"$\015\266iY\005g\006\302\325\261\362\322\374r\362WD"
 124      59056706 
 124      C2D5B1F2 
 124      D2FC72F2 
 124      5744
 125 036a 2AAAA2B5 		.ascii	"*\252\242\265\356F\2047\376\001\262\330\334\032"
 125      EE468437 
 125      FE01B2D8 
 125      DC1A
 126              		.text
 127              		.section	.gnu.lto_.symbol_nodes.d4c77063c819b21f,"",%progbits
 128 0000 789C55C9 		.ascii	"x\234U\311\253\015\200@\024\005\321\271o!YI\007\024"
 128      AB0D8040 
 128      1405D1B9 
 128      6F215949 
 128      0714
 129 0012 44517715 		.ascii	"DQw\025\232\204OP\004\032\242\012$E \3000\362L\002:"
 129      9A844F50 
 129      041AA20A 
 129      244520C0 
 129      30F24C02 
 130 0027 BE629261 		.ascii	"\276b\222a8\301f\3333\365\"\032\023\263\254\237\217"
 130      38C166DB 
 130      33F5221A 
 130      13B3AC9F 
 130      8F
 131 0038 D21146AB 		.ascii	"\322\021F\253\034\357\240\224L\212\212\253\277[\036"
 131      1CEFA094 
 131      4C8A8AAB 
 131      BF5B1E
 132 0047 D8F81326 		.ascii	"\330\370\023&"
 133              		.text
 134              		.section	.gnu.lto_.refs.d4c77063c819b21f,"",%progbits
ARM GAS  /var/folders/fq/ltb3dbq95yq6ljzx21t9gnkc0000gn/T//cchOxbDs.s 			page 10


 135 0000 789C6366 		.ascii	"x\234cf``\340f\200\000F bbdbbda\000\000\001q\000\035"
 135      6060E066 
 135      80004620 
 135      62626462 
 135      62646100 
 136              		.text
 137              		.section	.gnu.lto_.decls.d4c77063c819b21f,"",%progbits
 138 0000 789CB53B 		.ascii	"x\234\265;kXTG\226]\267\272\201n\232&\243\031\222\317"
 138      6B585447 
 138      965DB7BA 
 138      816E9A26 
 138      A31992CF 
 139 0014 CFD93864 		.ascii	"\317\3318d\206\235\231U\311d\0227\363mv\223\235\314"
 139      869D9955 
 139      C9641237 
 139      F36D7693 
 139      9DCC
 140 0026 CE7393CC 		.ascii	"\316s\223\314Nf\366\317\354\367\365\020h\225\015\257"
 140      4E66F6CF 
 140      ECF7F510 
 140      68950DAF 
 141 0036 69DA18E7 		.ascii	"i\332\030\347\333\357\333\013\370@^\"\210\202\012\264"
 141      DBEFDB0B 
 141      F8405E22 
 141      88820AB4 
 142 0046 F2101004 		.ascii	"\362\020\020\004y#\250\240\240\362R\024\024D\201\346"
 142      7923A8A0 
 142      A0F25214 
 142      144481E6 
 143 0056 A180F181 		.ascii	"\241\200\361\201\200\212\017`OU\335\276\367v{[\363c"
 143      808A0F60 
 143      4F55DDBE 
 143      F7767B5B 
 143      F363
 144 0068 872FC75B 		.ascii	"\207/\307[\347\326\251sN\235:u\316\251\272\035\254R"
 144      E7D6A973 
 144      4E9D3A75 
 144      CEA9BA1D 
 144      AC52
 145 007a A9DE412A 		.ascii	"\251\336A*\325\"\374\305\276\243R\205\270\253T\030\336"
 145      D522FCC5 
 145      BEA35285 
 145      B8AB5418 
 145      DE
 146 008b FD4E25FD 		.ascii	"\375N%\375\021\334\0024_\001\374\017\000\007\370=x\276"
 146      11DC0234 
 146      5F01FC0F 
 146      0007F83D 
 146      78BE
 147 009d C7A91CFE 		.ascii	"\307\251\034\376\010\215\016\236\006\000=\300'\200\373"
 147      088D0E9E 
 147      06003DC0 
 147      2780FB
 148 00ac C0F37DA0 		.ascii	"\300\363}\240\373g\200\333\200\247\002|\0100/\360\235"
 148      FB6780DB 
 148      80A7027C 
 148      08302FF0 
ARM GAS  /var/folders/fq/ltb3dbq95yq6ljzx21t9gnkc0000gn/T//cchOxbDs.s 			page 11


 148      9D
 149 00bd 847602C0 		.ascii	"\204v\002\300Z\000w\201\307\207@\3733\200_\000\374\012"
 149      5A007781 
 149      C78740FB 
 149      33805F00 
 149      FC0A
 150 00cf E037001F 		.ascii	"\3407\000\037\003 A\256\374\217\350\344\345B&\221#\227"
 150      032041AE 
 150      FC8FE8E4 
 150      E5422691 
 150      2397
 151 00e1 FB09C7E4 		.ascii	"\373\011\307\344~\012\317\277\"&\377\217\210\351@\344"
 151      7E0ACFBF 
 151      2226FF8F 
 151      88E940E4 
 152 00f1 7B08FC5C 		.ascii	"{\010\374\\\311\267\317\375?\271\347\365\270\317\241"
 152      C9B7CFFD 
 152      3FB9E7F5 
 152      B8CFA1
 153 0100 BCC647F1 		.ascii	"\274\306G\361\334\004\207\014:\253\232\340E\265qO=\000"
 153      DC04870C 
 153      3AAB9AE0 
 153      45B5714F 
 153      3D00
 154 0112 D7EB7E4E 		.ascii	"\327\353~N\320\302\362\222\273\034\346\020i\347\244"
 154      D0C2F292 
 154      BB1CE610 
 154      69E7A4
 155 0121 0FF7E856 		.ascii	"\017\367\350V\026\361<\037\3137\366!\211\307hv\373M"
 155      16F13C1F 
 155      CB37F621 
 155      89C76876 
 155      FB4D
 156 0133 6FBC8412 		.ascii	"o\274\204\022\245\215\227Lk\361r\332\256;2\333\351I"
 156      A58D974C 
 156      6BF172DA 
 156      AE3B32DB 
 156      E949
 157 0145 79AF20E8 		.ascii	"y\257 \350\261\224s\351n\2245\225t5i&\331\003\277I)"
 157      B19473E9 
 157      6E943595 
 157      74356926 
 157      D903BF49 
 158 015a AFECF8BA 		.ascii	"\257\354\370\272G\217\177D\333'O\314\235\321\341\267"
 158      478F7F44 
 158      DB274FCC 
 158      9DD1E1B7 
 159 016a 693B21D6 		.ascii	"i;!\326\326\252\303\377D\333Q\371\365\011\3560\374\273"
 159      D6AAC3FF 
 159      44DB51F9 
 159      F509EE30 
 159      FCBB
 160 017c 3A2A7468 		.ascii	":*th\337\343\\-E\211\027x\303+\356\334M>\307\200\374"
 160      DFE35C2D 
 160      45891778 
 160      C32BEEDC 
 160      4D3EC780 
ARM GAS  /var/folders/fq/ltb3dbq95yq6ljzx21t9gnkc0000gn/T//cchOxbDs.s 			page 12


 161 0191 74B9A0E2 		.ascii	"t\271\240\342TR\316\310\257b\370\017Q5\322\241r\204"
 161      5452CEC8 
 161      AF62F80F 
 161      5135D2A1 
 161      7284
 162 01a3 51115A09 		.ascii	"Q\021Z\011\332\322\321\344/\226\347\243\371\344\030"
 162      DAD2D1E4 
 162      2F96E7A3 
 162      F9E418
 163 01b2 5E7BCEA0 		.ascii	"^{\316\240B%h\031:\202\226\251P\025\362\003\012J\213"
 163      42256819 
 163      3A8296A9 
 163      5015F203 
 163      0A4A8B
 164 01c5 2AE06525 		.ascii	"*\340e%\274\004\306-\317Nl\326 \235\237\362\240Z\205"
 164      BC04C62D 
 164      CF4E6CD6 
 164      209D9FF2 
 164      A05A85
 165 01d8 415485F8 		.ascii	"AT\205\370\274=><\257F5\240\302QI\005\320\310n:.w2\372"
 165      BC3D3E3C 
 165      AF4635A0 
 165      C2514905 
 165      D0C86E3A 
 166 01f0 B0C6AEF2 		.ascii	"\260\306\256\362D\336\370z\242\3621\240/\223\350k\320"
 166      44DEF87A 
 166      A2F231A0 
 166      2F93E86B 
 166      D0
 167 0201 0B75AE53 		.ascii	"\013u\256S\324\031e7?8\340\211o j\273\334\264\335\305"
 167      D4196537 
 167      3F38E089 
 167      6F206ABB 
 167      DCB4DDC5 
 168 0215 1A6A7A0F 		.ascii	"\032jz\017\202v\217M\335\366\300\267Y\337\231\316\213"
 168      82768F4D 
 168      DDF6C0B7 
 168      59DF99CE 
 168      8B
 169 0226 63887900 		.ascii	"c\210y\000G\360\003\243m\355\236\224\366{\004M>\324"
 169      47F003A3 
 169      6DED9E94 
 169      F67B044D 
 169      3ED4
 170 0238 78C613CF 		.ascii	"x\306\023\3172\332K\323u\274;\346\251?p\211\027\207"
 170      32DA4BD3 
 170      75BC3BE6 
 170      A93F7089 
 170      1787
 171 024a 16D4C84F 		.ascii	"\026\324\310OOu\317(\234\371*\012t?\215\364\250I\322"
 171      4F75CF28 
 171      9CF92A0A 
 171      743F8DF4 
 171      A849D2
 172 025d FD533D53 		.ascii	"\375S=S=NR\035\375\316GR\376\024(\377\251^\240\006\001"
 172      3D4E521D 
 172      FDCE4752 
ARM GAS  /var/folders/fq/ltb3dbq95yq6ljzx21t9gnkc0000gn/T//cchOxbDs.s 			page 13


 172      FE1428FF 
 172      A95EA006 
 173 0272 A9B71A47 		.ascii	"\251\267\032G\014\270\2249\334\301\223\2431z\\\316\220"
 173      0CB89439 
 173      DCC193A3 
 173      317A5CCE 
 173      90
 174 0283 6BC95B0B 		.ascii	"k\311[\013\264\270\212!\305\0072\252\265\270\216!\017"
 174      B4B88A21 
 174      C50732AA 
 174      B5B88E21 
 174      0F
 175 0294 F93371DE 		.ascii	"\3713q\336\3708C\332G\346f\364T\373W\010\0327\263\271"
 175      F83843DA 
 175      47E666F4 
 175      54FB5708 
 175      1A37B3B9 
 176 02a8 498F1B59 		.ascii	"I\217\033Y\337\275\343\255\231\336\3704C2\036u\234\361"
 176      DFBDE3AD 
 176      99DEF834 
 176      43321E75 
 176      9CF1
 177 02ba A684AF13 		.ascii	"\246\204\257\023t\342\376\304\025\003>\303\372\356\266"
 177      74E2FEC4 
 177      15033EC3 
 177      FAEEB6
 178 02c9 168F70B8 		.ascii	"\026\217p\270\225s\360b=\365b\317\213\255\303\333\275"
 178      9573F062 
 178      3DF562CF 
 178      8BADC3DB 
 178      BD
 179 02da 91AFF0B7 		.ascii	"\221\257\360\267\324\327\317\012S\233\332\037_\375\353"
 179      D4D7CF0A 
 179      539BDA1F 
 179      5FFDEB
 180 02e9 94183EF7 		.ascii	"\224\030>\367uj\200\263`\200>\264T\232f\003\374C\227"
 180      756A80B3 
 180      60803EB4 
 180      549A6603 
 180      FC4397
 181 02fc 0C6649E8 		.ascii	"\014fI\350\255\327\363\334\316\275Ei;\235i;\234i\007"
 181      ADD7F3DC 
 181      CEBD4569 
 181      3B9D693B 
 181      9C6907
 182 030f 44DAF3CE 		.ascii	"D\332\363\316\264\027(\355\217D\322\363\"i\2133\351"
 182      B41728ED 
 182      8F44D2F3 
 182      22698B33 
 182      E9
 183 0320 0F9CB85E 		.ascii	"\017\234\270^\020I\317(k+q\275*\222\236s&mu\"\355\027"
 183      1049CF28 
 183      6B2B71BD 
 183      2A929E73 
 183      266D7522 
 184 0336 49DB9449 		.ascii	"I\333\224Ie\032\\\023i\333\225m@\331\356\004\357\342"
 184      651A5C13 
ARM GAS  /var/folders/fq/ltb3dbq95yq6ljzx21t9gnkc0000gn/T//cchOxbDs.s 			page 14


 184      69DB956D 
 184      40D9EE04 
 184      EFE2
 185 0348 9379FE43 		.ascii	"\223y\376C\213\012\235\200\376\223\244\277Q\030\000"
 185      8B0A9D80 
 185      FE93A4BF 
 185      511800
 186 0357 7E83FAC1 		.ascii	"~\203\372\301\205\256\"_\324\015\320\003\320\005p\031"
 186      85AE225F 
 186      D40DD003 
 186      D0057019 
 187 0367 E00A402F 		.ascii	"\340\012@/\300E\200K\310\227\272!\225\333)\312mV4\022"
 187      C045804B 
 187      C897BA21 
 187      95DB29CA 
 187      6D563412 
 188 037b 154B9CDA 		.ascii	"\025K\234\332\326\261\305\215G\204B%x\250\024\363\252"
 188      D6B1C58D 
 188      47844225 
 188      78A814F3 
 188      AA
 189 038c A62F2FD7 		.ascii	"\246//\327\313\275Z\316G\205\256!\275@8\271m\313o\360"
 189      CBBD5ACE 
 189      4785AE21 
 189      BD4038B9 
 189      6DCB6FF0 
 190 03a0 43EA4AF8 		.ascii	"C\352J\370\361l\313N/\004>\303&\025C'%\012?\016\332"
 190      F16CCB4E 
 190      2F043EC3 
 190      26154327 
 190      250A3F0E 
 191 03b5 0C08931A 		.ascii	"\014\010\223\032\202I\015\312\224\236\312h\315\337\304"
 191      82490DCA 
 191      949ECA68 
 191      CDDFC4
 192 03c4 1C0C58A3 		.ascii	"\034\014X\243\353\002\251+\3053\250\342\003J\212?K\033"
 192      EB02A92B 
 192      C533A8E2 
 192      034A8A3F 
 192      4B1B
 193 03d6 DDEA819F 		.ascii	"\335\352\201\2370\337\036\252n\231\321b\036Sdo\331\334"
 193      30DF1EAA 
 193      6E99D162 
 193      1E53646F 
 193      D9DC
 194 03e8 231D8E65 		.ascii	"#\035\216e\310\271\303\231\177\306\311\264\255\036\335"
 194      C8B9C399 
 194      7FC6C9B4 
 194      AD1EDD
 195 03f7 5F56ED8D 		.ascii	"_V\355\215\374\226-\243a*\026v\3718D\250Q\204e\251$"
 195      FC962DA3 
 195      612A1676 
 195      F93844A8 
 195      518465A9 
 196 040c 1DDECF7D 		.ascii	"\035\336\317}@:\240\351A\2374\\M\245\360\370u\025Z\271"
 196      403AA0E9 
 196      419F345C 
ARM GAS  /var/folders/fq/ltb3dbq95yq6ljzx21t9gnkc0000gn/T//cchOxbDs.s 			page 15


 196      4DA5F0F8 
 196      75155AB9 
 197 0420 0CFD10D4 		.ascii	"\014\375\020\324\034\203i\221.\025\272\011\232\337`"
 197      1C836991 
 197      2E15BA09 
 197      9ADF60
 198 042f 916A24F5 		.ascii	"\221j$\365\376v\215N\240\216}\031uz\\z\254\336\301\362"
 198      FE768D4E 
 198      A08E7D19 
 198      757A5C7A 
 198      ACDEC1F2 
 199 0443 13A08C64 		.ascii	"\023\240\214d\371I\321\362\227GwB$Jc\363y6\277y\217"
 199      F949D1F2 
 199      97477742 
 199      244A63F3 
 199      7936BF79 
 200 0458 37DECF90 		.ascii	"7\336\317\220=\027\373j\3248\217!q\327\012;\334q\011"
 200      3D17FB6A 
 200      D4388F21 
 200      71D70A3B 
 200      DC7109
 201 046b 7648323E 		.ascii	"vH2>,\311$\265\357m\302\024]\244!/et6\017\331\023\201"
 201      2CC924B5 
 201      EF6DC214 
 201      5DA4212F 
 201      6574360F 
 202 0482 E3D4EE83 		.ascii	"\343\324\356\203\262>B\030\276\013\332\334\263g\201"
 202      B23E4218 
 202      BE0BDADC 
 202      B36781
 203 0491 A49C1DCB 		.ascii	"\244\234\035\313I\026\230\0025\357H\221\321GJ\002\266"
 203      49169802 
 203      35EF4891 
 203      D1474A02 
 203      B6
 204 04a2 DEBCFF50 		.ascii	"\336\274\377Pf:\343\212i|^\373\267\011\323i`z[b:%K-"
 204      663AE38A 
 204      697C5EFB 
 204      B709D369 
 204      607A5B62 
 205 04ba B6038FD6 		.ascii	"\266\003\217\326)s}\340\212\353D\313M\232\200f\201\353"
 205      29737DE0 
 205      8AEB44CB 
 205      4D9A8066 
 205      81EB
 206 04cc D712D769 		.ascii	"\327\022\327i\211+\352/\356m\306\270\206Y\253\363r\372"
 206      892BEA2F 
 206      EE6DC6B8 
 206      8659ABF3 
 206      72FA
 207 04de 162F7C92 		.ascii	"\026/|\222\"\334\345\371\255K\225\345=v!\317\232\201"
 207      22DCE5F9 
 207      AD4B95E5 
 207      3D7621CF 
 207      9A81
 208 04f0 119A0359 		.ascii	"\021\232\003Y\217\224e\215N\367\027\350\361Y&\253`\344"
 208      8F94658D 
ARM GAS  /var/folders/fq/ltb3dbq95yq6ljzx21t9gnkc0000gn/T//cchOxbDs.s 			page 16


 208      4EF717E8 
 208      F15926AB 
 208      60E4
 209 0502 7C8A174D 		.ascii	"|\212\027MS? \350\376m\263O\324\370\002\023]\2318\264"
 209      533F20E8 
 209      FE6DB34F 
 209      D4F80213 
 209      5D9938B4 
 210 0516 052BCB5E 		.ascii	"\005+\313^p%{\037\310\236\007\331\317\224e\017\337:"
 210      70257B1F 
 210      C89E07D9 
 210      CF94650F 
 210      DF3A
 211 0528 91AFC6BD 		.ascii	"\221\257\306\275L\366\320\243\241S\356T\366[\004\255"
 211      4CF6D0A3 
 211      A153EE54 
 211      F65B04AD 
 212 0538 3C33D4E9 		.ascii	"<3\324\351\205\007Y_\375x\364Uw<\306\220\271[\343\260"
 212      8507595F 
 212      FD78F455 
 212      773CC690 
 212      B95BE3B0 
 213 054c 1AB71972 		.ascii	"\032\267\031rd\340\364F\030\344\246#\233}\216T)\350"
 213      64E0F446 
 213      18E4A623 
 213      9B7D8E54 
 213      29E8
 214 055e 7FE1756B 		.ascii	"\177\341uk\367\205.\015}O^\271\023\375\0377\327\226"
 214      F7852E0D 
 214      7D4F5EB9 
 214      13FD1F37 
 214      D796
 215 0570 BA31FDF9 		.ascii	"\2721\375\371\347\023\3746\316\017\210\331\0246s\313"
 215      E713FC36 
 215      CE0F88D9 
 215      143673CB 
 216 0580 D016CEEE 		.ascii	"\320\026\316\356Y\243\331\324\263\266r:\024\303\211"
 216      59A3D9D4 
 216      B3B6723A 
 216      14C389
 217 058f D370937C 		.ascii	"\323p\223|\340j\325\201cbE\024\277\245\227\372\314v"
 217      E06AD581 
 217      63624514 
 217      BFA597FA 
 217      CC76
 218 05a1 208F96C8 		.ascii	" \217\226\310a\264X^(H\217U\220\016\234\017^\032\215"
 218      61B4585E 
 218      28488F55 
 218      900E9C0F 
 218      5E1A8D
 219 05b4 4362E1D2 		.ascii	"Cb\341\322\302\012\227x\340\034%q\336\376b\316q\212"
 219      C20A9778 
 219      E01C2571 
 219      DEFE62CE 
 219      718A
 220 05c6 9C5172EF 		.ascii	"\234Qr\357\325\005\017\374\220\331\260\247\260\313\352"
 220      D5050FFC 
ARM GAS  /var/folders/fq/ltb3dbq95yq6ljzx21t9gnkc0000gn/T//cchOxbDs.s 			page 17


 220      90D9B0A7 
 220      B0CBEA
 221 05d5 8DE719D2 		.ascii	"\215\347\031\322w\2659\323\035oU\263\264\274\253\240"
 221      77B539D3 
 221      1D6F55B3 
 221      B4BCABA0 
 222 05e5 458F1319 		.ascii	"E\217\023\031r\272\242\376\337\260\225\265\313N\036"
 222      72BAA2FE 
 222      DFB095B5 
 222      CB4E1E
 223 05f4 DEAEA58B 		.ascii	"\336\256\245\213\365g\202>\3322\265]G\323\267\236\326"
 223      F567823E 
 223      DA32B55D 
 223      47D3B79E 
 223      D6
 224 0605 07ADB706 		.ascii	"\007\255\267\006\335q>#-\317\311\253f\244\037\322\264"
 224      DD713E23 
 224      2DCFC9AB 
 224      66A41FD2 
 224      B4
 225 0616 BF6DCF65 		.ascii	"\277m\317e\016W\260\276\275\255\327\240V`\355\263\361"
 225      0E57B0BE 
 225      BDADD7A0 
 225      5660EDB3 
 225      F1
 226 0627 3997DC70 		.ascii	"9\227\334p\017Cj\356\344\355\326\340\353\024\341\312"
 226      0F436AEE 
 226      E4EDD6E0 
 226      EB14E1CA 
 227 0637 335B32B4 		.ascii	"3[2\264\202\031\254E\340R{\301\004\351\337\330\004\031"
 227      8219AC45 
 227      E0527BC1 
 227      04E9DFD8 
 227      0419
 228 0649 CA26D872 		.ascii	"\312&\330r\263v7\306#L\336\334\371\261\"w<\301\220\264"
 228      B37637C6 
 228      234CDEDC 
 228      F9B12277 
 228      3CC190B4 
 229 065d 86FD294C 		.ascii	"\206\375)Lc\236\342S\203\311O\274\360=\326\031}+\303"
 229      639EE253 
 229      83C94FBC 
 229      F03DD619 
 229      7D2BC3
 230 0670 8AF01C43 		.ascii	"\212\360\034Cnl-\317Tc^C\221\335\2073\237\270\341X\206"
 230      6E6C2DCF 
 230      54635E43 
 230      91DD8733 
 230      9FB8E158 
 231 0685 A4260D56 		.ascii	"\244&\015V\351q2C\216\334\272\277K\203\3670\344\350"
 231      E9713243 
 231      8EDCBABF 
 231      4B83F730 
 231      E4E8
 232 0697 64FF2A9C 		.ascii	"d\377*\234E\333\\\306\354\2156\344\262\346\315\347\224"
 232      45DB5CC6 
 232      EC8D36E4 
ARM GAS  /var/folders/fq/ltb3dbq95yq6ljzx21t9gnkc0000gn/T//cchOxbDs.s 			page 18


 232      B2E6CDE7 
 232      94
 233 06a8 6B5E6B01 		.ascii	"k^k\001\330 \017l\220\313=_\277\202\204\314\353\371"
 233      D8200F6C 
 233      90CB3D5F 
 233      BF8284CC 
 233      EBF9
 234 06ba D97A5CC4 		.ascii	"\331z\\\304\304eE\365\246j\360Q\206,\344$\324#\\\305"
 234      C46545F5 
 234      A66AF051 
 234      862CE424 
 234      D4235CC5 
 235 06ce 90E1D2F1 		.ascii	"\220\341\322\361I\01673$\375|b\267\036\3670$\361\224"
 235      490E3733 
 235      24FD7C62 
 235      B71EF730 
 235      24F194
 236 06e1 ED92060F 		.ascii	"\355\222\006\017j\034b\202\236\305\204\302\253W\316"
 236      6A1C6282 
 236      9EC584C2 
 236      AB57CE
 237 06f0 BAE3498D 		.ascii	"\272\343I\215\303\236\325\263=\233i\233\035\326\342"
 237      C39ED5B3 
 237      3D9B699B 
 237      1DD6E2
 238 06ff 7BAC6FB0 		.ascii	"{\254o\2609\372\212\032?aHTcI7#|\217\326\205-i\263\236"
 238      39FA8A1A 
 238      3F614854 
 238      63493723 
 238      7C8FD685 
 239 0717 78B31BED 		.ascii	"x\263\033\355\213\2119qF\203w\2709x\213\236z\313\373"
 239      8B893971 
 239      468377B8 
 239      39788B9E 
 239      7ACBFB
 240 072a 590BAD31 		.ascii	"Y\013\2551\006\241\020\364\363\325\373.\365#\215\245"
 240      06A110F4 
 240      F3D5FB2E 
 240      F5238DA5 
 241 073a B4285CBA 		.ascii	"\264(\\\272T\257_J^\023\214\274\323\277\312\312E=\371"
 241      54AF5F4A 
 241      5E138CBC 
 241      D3BFCACA 
 241      453DF9
 242 074d 57EF47FF 		.ascii	"W\357G\377|\255d\357\224\326\331\276WW\3167n\306t\373"
 242      7CAD64EF 
 242      94D6D9BE 
 242      5757CE37 
 242      6EC674FB 
 243 0761 2482DD06 		.ascii	"$\202\335\006\271W\2252;-^\222\016\223\342\205X\270"
 243      B9579532 
 243      3B2D5E92 
 243      0E93E285 
 243      58B8
 244 0773 0C28FB39 		.ascii	"\014(\3739Y\015P\3129\026XSsuS\237\245\322\232\341<"
 244      590D50CA 
 244      39165853 
ARM GAS  /var/folders/fq/ltb3dbq95yq6ljzx21t9gnkc0000gn/T//cchOxbDs.s 			page 19


 244      7375539F 
 244      A5D29AE1 
 245 0788 A74756A0 		.ascii	"\247GV\240\357\344\\\227ye\245u\265\337\317\340\255"
 245      EFE45C97 
 245      7965A575 
 245      B5DFCFE0 
 245      AD
 246 0799 A7103A01 		.ascii	"\247\020:\001\344\311/T\204\267m/<\257\347A\025\242"
 246      E4C92F54 
 246      84B76D2F 
 246      3CAFE741 
 246      15A2
 247 07ab 74C24B94 		.ascii	"t\302K\224n\035\327\244\277E#\375\023\304\224\026\242"
 247      6E1DD7A4 
 247      BF4523FD 
 247      13C49416 
 247      A2
 248 07bc 33ABF39E 		.ascii	"3\253\363\236\"{\3412U[o\365j\345\241\200\350\002\242"
 248      227BE132 
 248      555B6FF5 
 248      6AE5A180 
 248      E802A2
 249 07cf 34       		.ascii	"4"
 250 07d0 C987DAB8 		.ascii	"\311\207\332\270\245*{1Dm\266\\\260\031\251\202l\310"
 250      A52A7B31 
 250      446DB65C 
 250      B019A982 
 250      6CC8
 251 07e2 C912F272 		.ascii	"\311\022\362r[^)\\\200yI\225\002\314\322^^\331.\264"
 251      5B5E295C 
 251      80794995 
 251      02CCD25E 
 251      5ED92EB4 
 252 07f6 B2D9DC00 		.ascii	"\262\331\334\000\212\034\327\263\221\027\243\207\240"
 252      8A1CD7B3 
 252      9117A387 
 252      A0
 253 0803 BB807437 		.ascii	"\273\200t7\301^ \342I\335\3665\264OsPt\002\364\002\034"
 253      C15E20E2 
 253      49DDF635 
 253      B44F7350 
 253      7402F402 
 254 0818 07B80C30 		.ascii	"\007\270\0140\002\320\003`\003\250\007\270\011\320\012"
 254      02D00360 
 254      03A807B8 
 254      09D00A
 255 0827 70166018 		.ascii	"p\026`\030`\002\240\006\340\012\300$\3005\216\325~\304"
 255      6002A006 
 255      E00AC024 
 255      C0358ED5 
 255      7EC4
 256 0839 2865B5F5 		.ascii	"(e\265\365\3170\011\334\215 \244PJW\3752\233\220\325"
 256      CF3009DC 
 256      8D20A450 
 256      4A57FD32 
 256      9B90D5
 257 084c B3BDC656 		.ascii	"\263\275\306V\217,v1\220\265q\212\005\"]\221\370C\304"
ARM GAS  /var/folders/fq/ltb3dbq95yq6ljzx21t9gnkc0000gn/T//cchOxbDs.s 			page 20


 257      8F2C7631 
 257      90B5718A 
 257      05225D91 
 257      F843C4
 258 085f 8DEC94FD 		.ascii	"\215\354\224\375/\240\234\314\223S\216)S\322\265\233"
 258      2FA09CCC 
 258      93538E29 
 258      53D2B59B 
 259 086f AB2BFB2D 		.ascii	"\253+\373-\311\002}@s@Z\272N\273\232\212Eo7\030lL0\336"
 259      C9027D40 
 259      73405ABA 
 259      4EBB9A8A 
 259      456F3718 
 260 0887 1D683773 		.ascii	"\035h7sb\321\313\023\217\374{6\2473@r\330\331\341/8"
 260      62D1CB13 
 260      8FFC7B36 
 260      A7334072 
 260      D8D9E12F 
 261 089c 9E28F8B2 		.ascii	"\236(\370\262\371\372J\034E\351\211\373\354\001\372"
 261      F9FA4A1C 
 261      45E989FB 
 261      EC01FA
 262 08ab 0E78EE82 		.ascii	"\016x\356\202\300\332\360\274\007\003\367\\\201;Y\355"
 262      C0DAF0BC 
 262      0703F75C 
 262      813B59ED 
 263 08bb 0265EEB2 		.ascii	"\002e\356\262e\267R\315En\2739fb\242\371\024h~\012\226"
 263      65B752CD 
 263      456EBB39 
 263      6662A2F9 
 263      14687E0A 
 264 08d0 ED12272B 		.ascii	"\355\022'+\331\347\352\346\204\3557\000\326;\250\274"
 264      D9E7EAE6 
 264      84ED3700 
 264      D63BA8BC 
 265 08e0 FD98F672 		.ascii	"\375\230\366r\277\332\011\002R`+\243TA\177\"\340\036"
 265      BFDA0902 
 265      52602BA3 
 265      54417F22 
 265      E01E
 266 08f2 08380702 		.ascii	"\0108\007\002\356\013\002\344\0032a\0009\\\241,A\004"
 266      EE0B02E4 
 266      03326100 
 266      395CA12C 
 266      4104
 267 0904 19701B06 		.ascii	"\031p\033\006\214\303\200Z\200va\220|+4r\362\343\012"
 267      8CC3805A 
 267      80766190 
 267      7C2B3472 
 267      F2E30A
 268 0917 595EB65C 		.ascii	"Y^\266\\\256h\320U`(\221\311\345\213\026i\000\222\027"
 268      AE68D055 
 268      602891C9 
 268      E58B1669 
 268      009217
 269 092a 59042C5E 		.ascii	"Y\004,^\271\\\362\321RE\317\223\035\020\037\213\256"
 269      B95CF2D1 
ARM GAS  /var/folders/fq/ltb3dbq95yq6ljzx21t9gnkc0000gn/T//cchOxbDs.s 			page 21


 269      5245CF93 
 269      1D101F8B 
 269      AE
 270 093b 57AAE8CE 		.ascii	"W\252\350\316%\362\2701\246?G\342\006q\224B\311\371"
 270      25F2B831 
 270      A63F47E2 
 270      06719442 
 270      C9F9
 271 094d C6E47B04 		.ascii	"\306\344{\004\342F\301w\216\261\270\001\307\004t\313"
 271      E246C177 
 271      8EB1B801 
 271      C70474CB 
 272 095d 5901D9B1 		.ascii	"Y\001\331\261\223*\260W\334%\303\316\244\316\007\337"
 272      932AB057 
 272      DC25C3CE 
 272      A4CE07DF 
 273 096d 4C1A9749 		.ascii	"L\032\227I\3708\352\354H\345\234\003\251m\307!\026k"
 273      F838EAEC 
 273      48E59C03 
 273      A96DC721 
 273      166B
 274 097f C8354FBD 		.ascii	"\3105O\275r\350z.\330\210k\334\002v}\321\032\013\326"
 274      72E87A2E 
 274      D8886BDC 
 274      02767DD1 
 274      1A0BD6
 275 0992 28D31713 		.ascii	"(\323\027\023k\220\200\267C\262\306yN\257z\316}\304"
 275      6B9080B7 
 275      43B2C679 
 275      4EAF7ACE 
 275      7DC4
 276 09a4 387658D0 		.ascii	"8vX\320\345o\021\307\004\363\333V\011\346\377T\217*"
 276      E56F11C7 
 276      04F3DB56 
 276      09E6FF54 
 276      8F2A
 277 09b6 9DED54E5 		.ascii	"\235\355T\345h'\353\211Bb\322[0\205\375\256#\262\303"
 277      6827EB89 
 277      4262D25B 
 277      3085FDAE 
 277      23B2C3
 278 09c9 11DCC1A7 		.ascii	"\021\334\301\247\007\330dS\024\242\216\212r#\363\274"
 278      07D86453 
 278      14A28E8A 
 278      7223F3BC 
 279 09d9 0BF33C06 		.ascii	"\013\363<\006zV\003\214\002\324\001\\\0078\0110$\323"
 279      7A56038C 
 279      02D4015C 
 279      07380930 
 279      24D3
 280 09eb DD3624A4 		.ascii	"\3356$\244;\222y\017\275$\335\035\247\351\216\034\242"
 280      3B92790F 
 280      BD24DD1D 
 280      A7E98E1C 
 280      A2
 281 09fc 1E2AA53B 		.ascii	"\036*\245;)`Y\237\375\020X\222XU,\030C\334K%NN\263\357"
 281      2960599F 
ARM GAS  /var/folders/fq/ltb3dbq95yq6ljzx21t9gnkc0000gn/T//cchOxbDs.s 			page 22


 281      FD105892 
 281      58552C18 
 281      43DC4B25 
 282 0a14 2C934F9C 		.ascii	",\223O\234qD\331\031e;'\233\232\016\214\234\364\262"
 282      7144D919 
 282      653B279B 
 282      9A0E8C9C 
 282      F4B2
 283 0a26 5CE6148E 		.ascii	"\\\346\024\216\2138\254\030\216\345f\356t0\363\015Y"
 283      8B38AC18 
 283      8EE566EE 
 283      7430F30D 
 283      59
 284 0a37 163D7FE8 		.ascii	"\026=\177\350\274'\017S'\347\252E\245\251\363\234\030"
 284      BC270F53 
 284      27E7AA45 
 284      A5A9F39C 
 284      18
 285 0a48 7DE7EA26 		.ascii	"}\347\352&d\261:[\010]\256c\265u%\213\034\244\3368\242"
 285      64B13A5B 
 285      085DAE63 
 285      B575258B 
 285      1CA4DE38 
 286 0a5d 5CFA482B 		.ascii	"\\\372H+PHw#\331`\025\312\273\361\371\332\240\303aV"
 286      50487723 
 286      D96015CA 
 286      BBF1F9DA 
 286      A0C36156 
 287 0a71 B7D8ACE8 		.ascii	"\267\330\254\350eJ\3346r\231B\262\255\343eJ.\233\306"
 287      654ADC36 
 287      729942B2 
 287      ADE3654A 
 287      2E9BC6
 288 0a84 18CDCD9D 		.ascii	"\030\315\315\235\312\335\240\367k\244{L\261\333\366"
 288      CADDA0F7 
 288      6BA47B4C 
 288      B1DBF6
 289 0a93 649D0759 		.ascii	"d\235\007Y\036\205\256\251\371\372\262\217\242!\233"
 289      1E85AEA9 
 289      F9FAB28F 
 289      A2219B
 290 0aa2 76288E84 		.ascii	"v(\216\204\275\324\360Z:\331\342m\317\365[\331\360\206"
 290      BDD4F05A 
 290      3AD9E26D 
 290      CFF55BD9 
 290      F086
 291 0ab4 DFB2E443 		.ascii	"\337\262\344CN$\373\204T\242\024f\240\262\275\023\227"
 291      4E24FB84 
 291      54A21466 
 291      A0B2BD13 
 291      97
 292 0ac5 386A782D 		.ascii	"8jx-Mp\210W\324\324\313$cLs\257\301\277\177R3\342\321"
 292      4D708857 
 292      D4D4CB24 
 292      634C73AF 
 292      C1BF7F52 
 293 0adc 86F92E0D 		.ascii	"\206\371.\015\316tgw\257\255W\255\332\025Y\274\265l"
ARM GAS  /var/folders/fq/ltb3dbq95yq6ljzx21t9gnkc0000gn/T//cchOxbDs.s 			page 23


 293      CE746777 
 293      AFAD57AD 
 293      DA1559BC 
 293      B56C
 294 0aee 6AF078F1 		.ascii	"j\360x\361\253\373\310\356\346\237\301I\027\221QhF\214"
 294      ABFBC8EE 
 294      E69FC149 
 294      17915168 
 294      468C
 295 0b00 3D2AD2A6 		.ascii	"=*\322\246\352\241Yn\005\214\314O;\262[\257\346\204"
 295      EAA1596E 
 295      058CCC4F 
 295      3BB25BAF 
 295      E684
 296 0b12 E4F327FA 		.ascii	"\344\363'\372I\240\2569\247B\355Z\217\207T\217\007\234"
 296      49A0AE39 
 296      A742ED5A 
 296      8F87548F 
 296      079C
 297 0b24 A048794E 		.ascii	"\240HyNt/\302\027\230\"\321\025\207\376\205\352a\255"
 297      742FC217 
 297      9822D115 
 297      87FE85EA 
 297      61AD
 298 0b36 87ACC137 		.ascii	"\207\254\3017..~@\350\321#\231\006\217\354\032\314\271"
 298      2E2E7E40 
 298      E8D12399 
 298      068FEC1A 
 298      CCB9
 299 0b48 D420E9DC 		.ascii	"\324 \351\334\304\244^\256\201\354\262Z\205\236P\005"
 299      C4A45EAE 
 299      81ECB25A 
 299      859E5005 
 300 0b58 1EDB15A8 		.ascii	"\036\333\025\250)\353\035\321\340!\246@\311\364\364"
 300      29EB1DD1 
 300      E021A640 
 300      C9F4F4
 301 0b67 30020D6C 		.ascii	"0\002\015l\374\324\365\223\267\365\351\345\374)\273"
 301      FCD4F593 
 301      B7F5E9E5 
 301      FC29BB
 302 0b76 2560187A 		.ascii	"%`\030z*\323\343\251]\217gT\217S\225\345\267\275\351"
 302      2AD3E3A9 
 302      5D8F6754 
 302      8F5395E5 
 302      B7BDE9
 303 0b89 99AEF155 		.ascii	"\231\256\361Uz\001\177\244o\027;\261\236\243\027\362"
 303      7A017FA4 
 303      6F173BB1 
 303      9EA317F2 
 304 0b99 5BAFD69A 		.ascii	"[\257\326\232p\262\007;|6\315~\013\357g\355\372\271"
 304      70B2073B 
 304      7C36CD7E 
 304      0BEF67ED 
 304      FAB9
 305 0bab EA43063A 		.ascii	"\352C\006:\316\306\316'\015\023\017\330\215\366rj\221"
 305      CEC6CE27 
ARM GAS  /var/folders/fq/ltb3dbq95yq6ljzx21t9gnkc0000gn/T//cchOxbDs.s 			page 24


 305      0D130FD8 
 305      8DF6726A 
 305      91
 306 0bbc F9A76306 		.ascii	"\371\247c\006\234\317h\353\362j\012\275p\005CR\366\214"
 306      9CCF68EB 
 306      F26A0ABD 
 306      70054352 
 306      F68C
 307 0bce 971B7013 		.ascii	"\227\033p\023C\266\027\266\217\352q\253@V^\225\311\341"
 307      43B617B6 
 307      8FEA71AB 
 307      40565E95 
 307      C9E1
 308 0be0 2E868C47 		.ascii	".\206\214G\035\3104\340+\014i\3315\371\007<\310\332"
 308      1DC834E0 
 308      2B0C69D9 
 308      35F9073C 
 308      C8DA
 309 0bf2 DD2397F3 		.ascii	"\335#\227\363\275\360M\212xT\317\315\024\220;Mv\016"
 309      BDF04D8A 
 309      7854CFCD 
 309      14903B4D 
 309      760E
 310 0c04 92279628 		.ascii	"\222'\226(\274\014Ecp\266\315\030\3166\230\005\225\024"
 310      BC0C4563 
 310      70B6CD18 
 310      CE369805 
 310      9514
 311 0c16 EC8792B1 		.ascii	"\354\207\222\261/\332\011\260\003 \001 \011 \021;$\212"
 311      2FDA09B0 
 311      03200120 
 311      0920113B 
 311      248A
 312 0c28 86778544 		.ascii	"\206w\205DA\226&V\030\3572\371\326\227\330\363t\234"
 312      41962656 
 312      18EF32F9 
 312      D697D8F3 
 312      749C
 313 0c3a 33A9734A 		.ascii	"3\251sJ\257\025I\267+s\225\242\263\255\270\204\305\\"
 313      AF1549B7 
 313      2B7395A2 
 313      B3ADB884 
 313      C55C
 314 0c4c 72C6D8E6 		.ascii	"r\306\330\346L\335\340\034\313\013W\011\261|\213@\252"
 314      4CDDE01C 
 314      CB0B5709 
 314      B17C8B40 
 314      AA
 315 0c5d 1CCBA2AD 		.ascii	"\034\313\242\255E%\366\340\264U\231\251t\217[\220HB"
 315      4525F6E0 
 315      B45599A9 
 315      748F5B90 
 315      4842
 316 0c6f 0F903C77 		.ascii	"\017\220<w\217\313\035\235\035.\320\240\245\312\026"
 316      8FCB1D9D 
 316      1D2ED0A0 
 316      A5CA16
ARM GAS  /var/folders/fq/ltb3dbq95yq6ljzx21t9gnkc0000gn/T//cchOxbDs.s 			page 25


 317 0c7e DF0556FE 		.ascii	"\337\005V\376\246\026\027*\206\006\257\023$\234\244"
 317      A616172A 
 317      8606AF13 
 317      249CA4
 318 0c8d C2A8182C 		.ascii	"\302\250\030,V\014D\264 \021]\317\355\255Q\343)\346"
 318      560C44B4 
 318      20115DCF 
 318      EDAD51E3 
 318      29E6
 319 0c9f 0385B3CD 		.ascii	"\003\205\263\315\2671~\310\220#\025\215\255\2368AK\221"
 319      B7317EC8 
 319      9023158D 
 319      AD9E3841 
 319      4B91
 320 0cb1 E68BD70E 		.ascii	"\346\213\327\016\273\261\357I\354\312\242\275v\200\271"
 320      BBB1EF49 
 320      ECCAA2BD 
 320      7680B9
 321 0cc0 33F5EE33 		.ascii	"3\365\35639\243\273\2648\207\321\216\037\211\206\014"
 321      39A3BBB4 
 321      3887D18E 
 321      1F89860C 
 322 0cd0 55C190DD 		.ascii	"U\301\220\335\251i5Z\334\314\220\261\302\234v/\334\241"
 322      A969355A 
 322      DCCC90B1 
 322      C29C762F 
 322      DCA1
 323 0ce2 75F8A863 		.ascii	"u\370\250c`\037u\366\366\336\230\305\224#\335\037\347"
 323      601F75F6 
 323      F6DE98C5 
 323      9423DD1F 
 323      E7
 324 0cf3 B3AC95DE 		.ascii	"\263\254\225\336\270\207\221\246\265\355\333\241\301"
 324      B88791A6 
 324      B5EDDBA1 
 324      C1
 325 0d00 830C491E 		.ascii	"\203\014I\036N\351V\343q\255\303\325\356\012v\265\273"
 325      4EE956E3 
 325      71ADC3D5 
 325      EE0A76B5 
 325      BB
 326 0d11 E7EBB94A 		.ascii	"\347\353\271J\017\212..bz\2435\3205\254\025\277\036"
 326      0F8A2E2E 
 326      627AA335 
 326      D035AC15 
 326      BF1E
 327 0d23 8E5EA157 		.ascii	"\216^\241Wk\371X\207\016J\346X!\377\022\307\307\360"
 327      6BF95887 
 327      0E4AE658 
 327      21FF12C7 
 327      C7F0
 328 0d35 9A020394 		.ascii	"\232\002\003\224\335`\365lb\365<\260\364\012\341R$\007"
 328      DD60F56C 
 328      62F53CB0 
 328      F40AE152 
 328      2407
 329 0d47 5EE6627A 		.ascii	"^\346bzUV1r7^'^\302\345\245\320o\202\005\300\370\200"
ARM GAS  /var/folders/fq/ltb3dbq95yq6ljzx21t9gnkc0000gn/T//cchOxbDs.s 			page 26


 329      55563172 
 329      375E275E 
 329      C2E5A5D0 
 329      6F8205C0 
 330 0d5d C418E4BC 		.ascii	"\304\030\344\274\210\363!e\316MG{\366b;\347\332\372"
 330      88F32165 
 330      CE4D477B 
 330      F6623BE7 
 330      DAFA
 331 0d6f CACF48C2 		.ascii	"\312\317H\302(\002\316V\211s\301\2139\027*rF9\335'\252"
 331      2802CE56 
 331      8973C18B 
 331      39172A72 
 331      4639DD27 
 332 0d84 109E6696 		.ascii	"\020\236f\226;u\241v7\242\201\362S{\234|t\262\345\276"
 332      3B75A176 
 332      37A281F2 
 332      537B9C7C 
 332      74B2E5BE 
 333 0d98 9BCB3859 		.ascii	"\233\3138Y\202I\234,\306B\234\254\037\234i\327\342\247"
 333      82499C2C 
 333      C6429CAC 
 333      1F9C69D7 
 333      E2A7
 334 0daa 8C59716A 		.ascii	"\214YqjM\243\247\303\375=P\313\306\226b\351s W\334]"
 334      4DA3A7C3 
 334      FD3D50CB 
 334      C69662E9 
 334      732057DC 
 335 0dbf 90E689F4 		.ascii	"\220\346\211\364~\256\310\321QP_\032A\367LC\214\016"
 335      7EAEC8D1 
 335      51505F1A 
 335      41F74C43 
 335      8C0E
 336 0dd1 F64C19BC 		.ascii	"\366L\031\274<\"Y\001hD?>8\233Z\347\2117\353\250:E\266"
 336      3C225901 
 336      68443F3E 
 336      389B5AE7 
 336      8937EBA8 
 337 0de8 ECC7069C 		.ascii	"\354\307\006\234@\021\335\223gy\247\021\362[\352K\302"
 337      4011DD93 
 337      6779A711 
 337      F25BEA4B 
 337      C2
 338 0df9 99DED78F 		.ascii	"\231\336\327\217\362k\315Y\002\374\252`_\354\225\370"
 338      F26BCD59 
 338      02FCAA60 
 338      5FEC95F8 
 339 0e09 D5608743 		.ascii	"\325`\207C-\333~\351`\277\014b\324J\320\252F\330~\307"
 339      2DDB7EE9 
 339      60BF0C62 
 339      D44AD0AA 
 339      46D87EC7 
 340 0e1d A15D0DDB 		.ascii	"\241]\015\333\255\001\240\016\240\026\340\230c\260\233"
 340      AD01A00E 
 340      A016E098 
 340      63B09B
ARM GAS  /var/folders/fq/ltb3dbq95yq6ljzx21t9gnkc0000gn/T//cchOxbDs.s 			page 27


 341 0e2c 5A2D04BB 		.ascii	"Z-\004\273zPz?\010\251\301\212\247lEY\373\004\372o\""
 341      7A507A3F 
 341      08A9C18A 
 341      A76C4559 
 341      FB04FA6F 
 342 0e41 CB367498 		.ascii	"\3136t\230E4b\235rgA\317}\244\034\214w+x\213\372\323"
 342      4534629D 
 342      726741CF 
 342      7DA41C8C 
 342      772B788B 
 343 0e57 61815674 		.ascii	"a\201Vt\033\247\273#\333d;c\014\016R\341\314W\026\255"
 343      1BA7BB23 
 343      DB643B63 
 343      0C0E52E1 
 343      CC5716AD 
 344 0e6b E5EB5885 		.ascii	"\345\353X\205\345\005W=\026\313H\353\000\255\336\210"
 344      E505573D 
 344      16CB48EB 
 344      00ADDE88 
 345 0e7b 3132158D 		.ascii	"12\025\215!\235\373l\327\342I\200\254Q\010\220(\345"
 345      219DFB6C 
 345      D7E24980 
 345      AC510890 
 345      28E5
 346 0e8d 546B0D87 		.ascii	"Tk\015\207S\351\312\272%7\226\267\032\020]W\372\301"
 346      53E9CABA 
 346      253796B7 
 346      1A105D57 
 346      FAC1
 347 0e9f D6F64C50 		.ascii	"\326\366LP\330n\362\306\227\233\\<\230\357\021\350\211"
 347      D86EF2C6 
 347      979B5C3C 
 347      98EF11E8 
 347      89
 348 0eb0 C99BC1E4 		.ascii	"\311\233\301\344'\301\314\247\000\232\000N\313\315\035"
 348      27C1CCA7 
 348      009A004E 
 348      CBCD1D
 349 0ebf 5B92A4E7 		.ascii	"[\222\244\347e&l|\221\011\027d\032e*j$-\215-]\306\371"
 349      65266C7C 
 349      91091764 
 349      1A652A6A 
 349      242D8D2D 
 350 0ed6 84326740 		.ascii	"\2042g@\355VzJ\255\324\250\224F&\352\273\256j\235\322"
 350      ED567A4A 
 350      ADD4A894 
 350      4626EABB 
 350      AE6A9DD2 
 351 0eea 8838D133 		.ascii	"\2108\32130\271\227MT\210=\265\206>\222>Z\200z\267\264"
 351      30B9974D 
 351      54883DB5 
 351      863E923E 
 351      5A807AB7 
 352 0eff 4D1A65E9 		.ascii	"M\032e\351#shrF\215\263\331\266\313Y\310.\365\300\371"
 352      23736872 
 352      468DB3D9 
 352      B6CB59C8 
ARM GAS  /var/folders/fq/ltb3dbq95yq6ljzx21t9gnkc0000gn/T//cchOxbDs.s 			page 28


 352      2EF5C0F9 
 353 0f13 0C69BCB1 		.ascii	"\014i\274\261\245\307\013W1\344\324HG\274\226\304\207"
 353      A5C70B57 
 353      31E4D448 
 353      47BC96C4 
 353      87
 354 0f24 98977DDF 		.ascii	"\230\227}\337\333][\374@\213[\3500|\261+\267\317\003"
 354      DB5D5BFC 
 354      408B5BE8 
 354      307CB12B 
 354      B7CF03
 355 0f37 16185677 		.ascii	"\026\030Vws\014\354\251\2115\035lO\265\2019\333A\243"
 355      730CECA9 
 355      89351D6C 
 355      4FB58139 
 355      DB41A3
 356 0f4a CE172DB0 		.ascii	"\316\027-\260\323)\250U\240'\363>\017\363\356\220\315"
 356      D329A855 
 356      A027F33E 
 356      0FF3EE90 
 356      CD
 357 0f5b D5D64673 		.ascii	"\325\326Fsr\247\2221\373\306j\2139\321\230NL\273\200"
 357      72A79231 
 357      FBC66A8B 
 357      39D1984E 
 357      4CBB80
 358 0f6e 912BA660 		.ascii	"\221+\246`\300\333\006z\177q\001(\316I\006\354\224\031"
 358      C0DB067A 
 358      7F710128 
 358      CE4906EC 
 358      9419
 359 0f80 70717347 		.ascii	"pqsG\027\324\273\314Li]\305W\334q7C\216O&\327\353\360"
 359      17D4BBCC 
 359      4C695DC5 
 359      57DC7137 
 359      438E4F26 
 360 0f97 2043764D 		.ascii	" CvM\325\366i\361$"
 360      D5F669F1 
 360      24
 361 0fa0 43EE7766 		.ascii	"C\356wf6\033\360\264\316!\003\372\262\014\370x\333\366"
 361      361BF0B4 
 361      CE2103FA 
 361      B20CF878 
 361      DBF6
 362 0fb2 CD3A8A2E 		.ascii	"\315:\212.\332\377\350\315\177\333\226\235yz\373\315"
 362      DAFFE8CD 
 362      7FDB969D 
 362      797AFBCD 
 363 0fc2 BF3586FF 		.ascii	"\2775\206\377V\324\321\345\262[\236\253\240\273\257"
 363      56D4D1E5 
 363      B25B9EAB 
 363      A0BBAF
 364 0fd1 9031AE80 		.ascii	"\2201\256\200\313\365b\361s\324]\372\213\233>\360\311"
 364      CBF562F1 
 364      73D45DFA 
 364      8B9B3EF0 
 364      C9
ARM GAS  /var/folders/fq/ltb3dbq95yq6ljzx21t9gnkc0000gn/T//cchOxbDs.s 			page 29


 365 0fe2 CBD2147C 		.ascii	"\313\322\024|\245\317Q\003U\255\363\032\327\234\257"
 365      A5CF5103 
 365      55ADF31A 
 365      D79CAF
 366 0ff1 B9E21C9F 		.ascii	"\271\342\034\237\227E\223f?p\356\2218\367a"
 366      97459366 
 366      3F70EE91 
 366      38F761
 367 1000 8975C64C 		.ascii	"\211u\306L\377\271\027(=\340\212uF\341\243\337\221\254"
 367      FFB91728 
 367      3DE08A75 
 367      46E1A3DF 
 367      91AC
 368 1012 791D5877 		.ascii	"y\035XwK\254\373%\326\210\177py\207P\237{\021\374\332"
 368      4BACFB25 
 368      D6887F70 
 368      7987509F 
 368      7B11FCDA 
 369 1026 F69D3106 		.ascii	"\366\2351\006Z~\364\261/\027GO>b?9\241\251\263\177\276"
 369      5A7EF4B1 
 369      2F17474F 
 369      3E623F39 
 369      A1A9B37F 
 370 103b 67C85B27 		.ascii	"g\310['\373\336\003\0352\377\035&\234\301\001\221\215"
 370      FBDE031D 
 370      32FF1D26 
 370      9CC10191 
 370      8D
 371 104c 65DAE38B 		.ascii	"e\332\343\213\2453^K\222\205\355\267\"\335@U\031\004"
 371      A5335E4B 
 371      9285EDB7 
 371      22DD4055 
 371      1904
 372 105e 1D87C806 		.ascii	"\035\207\310\006F#x\211}\024\3754\024\367\240[\217\347"
 372      46237889 
 372      7D14FD34 
 372      14F7A05B 
 372      8FE7
 373 1070 D9826627 		.ascii	"\331\202f'\225?f\277\250\212\000\324\275\360\312\251"
 373      953F66BF 
 373      A88A00D4 
 373      BDF0CAA9 
 374 1080 8708F98A 		.ascii	"\207\010\371\212Q\216\234\022'\336\257\213\246\373\200"
 374      518E9C12 
 374      27DEAF8B 
 374      A6FB80
 375 108f ECCCB330 		.ascii	"\354\314\2630\301qx\212\033\374\271\013\211\254R\022"
 375      C171788A 
 375      1BFCB90B 
 375      89AC5212 
 376 109f 7A89135E 		.ascii	"z\211\023^\024hE\377\225\335H\210\301\"\035J\211y`\266"
 376      146845FF 
 376      95DD4888 
 376      C1221D4A 
 376      897960B6 
 377 10b3 4098F1C2 		.ascii	"@\230\361\302\010z\177\004\366\236\204(q\003\340&\300"
 377      087A7F04 
ARM GAS  /var/folders/fq/ltb3dbq95yq6ljzx21t9gnkc0000gn/T//cchOxbDs.s 			page 30


 377      F69E8428 
 377      7103E026 
 377      C0
 378 10c4 04C02D29 		.ascii	"\004\300-)4\362\326\"\177\220C.\030/\011\243\304k\250"
 378      34F2D622 
 378      7F90432E 
 378      182F09A3 
 378      C46BA8
 379 10d7 12CE49A7 		.ascii	"\022\316I\247$BJ\352\3224\201T,s\235>I\264\337S7\246"
 379      24424AEA 
 379      D2348154 
 379      2C739D3E 
 379      49B4DF53 
 380 10ed BF452C86 		.ascii	"\277E,\206F\005R\273\035\321\030v\254\254\343v\220]"
 380      460552BB 
 380      1DD11876 
 380      ACACE376 
 380      905D
 381 10ff 3CAEB48B 		.ascii	"<\256\264\213\367\335>\233\205\345!\321a\226w`f\337"
 381      F7DD3E9B 
 381      85E521D1 
 381      61967760 
 381      66DF
 382 1111 6496F6CF 		.ascii	"d\226\366\317\031\336\307\310\266\276\015#\026\245\213"
 382      19DEC7C8 
 382      B6BE0D23 
 382      16A58B
 383 1120 B871D9B6 		.ascii	"\270q\331\266\236\3317\014\345Z\202']\321\371\316\346"
 383      9ED9370C 
 383      E55A8227 
 383      5DD1F9CE 
 383      E6
 384 1131 61FD9B07 		.ascii	"a\375\233\007\310)\262\264n\354\347My\27456\206\347"
 384      C829B2B4 
 384      6EECE74D 
 384      79BC3536 
 384      86E7
 385 1143 DF5F5C74 		.ascii	"\337_\\t\247<\3562\027\025\325Q\2217\204\021\272\207"
 385      A73CEE32 
 385      1715D551 
 385      91378411 
 385      BA87
 386 1155 DF84F1D3 		.ascii	"\337\204\361\323\265;\366\2613a\031\3457\320t\272\237"
 386      B53BF6B1 
 386      336119E5 
 386      37D074BA 
 386      9F
 387 1166 7DDCF2A1 		.ascii	"}\334\362\241\307\333#\2713\354\210\210\351\367\263"
 387      C7DB23B9 
 387      33EC8888 
 387      E9F7B3
 388 1175 03D73BB0 		.ascii	"\003\327;\260kW\235\261\273\3524s\325\356\251\003\327"
 388      6B579DB1 
 388      BBEA3473 
 388      D5EEA903 
 388      D7
 389 1186 0C82AB5A 		.ascii	"\014\202\253Z\371\025\210\376\014D\"\237\245\236:c\367"
ARM GAS  /var/folders/fq/ltb3dbq95yq6ljzx21t9gnkc0000gn/T//cchOxbDs.s 			page 31


 389      F91588FE 
 389      0C44229F 
 389      A59E3A63 
 389      F7
 390 1197 D4B8BCAC 		.ascii	"\324\270\274\254C\032\274\203\315+\256!f\304\013g2d"
 390      431ABC83 
 390      CD2BAE21 
 390      66C40B67 
 390      3264
 391 11a9 6F626E91 		.ascii	"obn\2217\316cH\372\370\256F\003.aHb\316\345\207Z\\\313"
 391      37CE6348 
 391      FAF8AE46 
 391      032E6148 
 391      62CEE587 
 392 11c0 908CBE64 		.ascii	"\220\214\276d\010\354\247\031\262\315\332>\353\205/"
 392      08ECA719 
 392      B2CDDA3E 
 392      EB852F
 393 11cf 30A429E3 		.ascii	"0\244)\343\340\242\001\017x:\374\220\313\300~\310\225"
 393      E0A2010F 
 393      783AFC90 
 393      CBC07EC8 
 393      95
 394 11e0 92DA5DA7 		.ascii	"\222\332]\247\301\223\254o<\255\376]<\353)\234Z\033"
 394      C193AC6F 
 394      3CADFE5D 
 394      3CEB299C 
 394      5A1B
 395 11f2 CB308ED2 		.ascii	"\3130\216\322S$?k_$N\322;|\0004\260\017\200\215\027"
 395      53243F6B 
 395      5F244ED2 
 395      3B7C0034 
 395      B00F808D 
 396 1207 5BA7DDF1 		.ascii	"[\247\335\361^\326W\177\246\264@\213\213\030\222\266"
 396      5ED6577F 
 396      A6B4408B 
 396      8B1892B6 
 397 1217 F560B506 		.ascii	"\365`\265\006\3270\344hn\341\035\003nfH\365\235\206"
 397      D730E468 
 397      6EE11D03 
 397      6E6648F5 
 397      9D86
 398 1229 DD706E66 		.ascii	"\335pnfHF\323.H\201C\024y\265w\276r\277\306~<\226\376"
 398      4846D32E 
 398      48814314 
 398      79B577BE 
 398      72BFC67E 
 399 1240 FC7C7D45 		.ascii	"\374|}E\3672\253\320\024\270\351}\352\241\333\325\314"
 399      F732ABD0 
 399      14B8E97D 
 399      EAA1DBD5 
 399      CC
 400 1251 B5F6AAFD 		.ascii	"\265\366\252\375\320~\265/\212\003\330\007\260\033 "
 400      D07EB52F 
 400      8A03D807 
 400      B01B20
 401 1260 05201120 		.ascii	"\005 \021 \036 \001 \031 \003 \015 \025 \011`\017\300"
ARM GAS  /var/folders/fq/ltb3dbq95yq6ljzx21t9gnkc0000gn/T//cchOxbDs.s 			page 32


 401      1E200120 
 401      19200320 
 401      0D201520 
 401      09600FC0 
 402 1274 4E801D00 		.ascii	"N\200\035\000\351\000\273\324\262R\363\332L\355\027"
 402      E900BBD4 
 402      B252F3DA 
 402      4CED17
 403 1283 F7A3F984 		.ascii	"\367\243\371\204\327\351\357F\036\202/\021q\302\015"
 403      D7E9EF46 
 403      1E822F11 
 403      71C20D
 404 1292 9DF3EDFB 		.ascii	"\235\363\355\373\323#\374\207Q\230R>u\244\224\327\027"
 404      D323FC87 
 404      5198523E 
 404      75A494D7 
 404      17
 405 12a3 94F49944 		.ascii	"\224\364\231D\372L\211t^\"}\"\221>Q\"])Rn\037%\267\250"
 405      FA4C8974 
 405      5E227D22 
 405      913E5122 
 405      5D29526E 
 406 12bb 843046ED 		.ascii	"\2040F\355@\350|\372O\024\011\267*\021\312\204\317K"
 406      40E87CFA 
 406      4F1409B7 
 406      2A11CA84 
 406      CF4B
 407 12cd C2179484 		.ascii	"\302\027\224\204\313f\237 2\335\242\304T6\371\307\022"
 407      CB669F20 
 407      32DDA2C4 
 407      5436F9C7 
 407      12
 408 12de D3C74A4C 		.ascii	"\323\307JL%EcE\236Qj\005\302h\265H\231.R\306*I\177*"
 408      25456345 
 408      9E516A05 
 408      C268B548 
 408      992E52C6 
 409 12f6 E9B92849 		.ascii	"\351\271(I\347\225\230\2127\256\321\326\2712\376\303"
 409      E795988A 
 409      37AED1D6 
 409      B932FEC3 
 410 1306 684C4F9E 		.ascii	"hLO\236s\202\242b\311\370\003'\332xQ\201\315J\012H\253"
 410      7382A262 
 410      C9F80327 
 410      DA785181 
 410      CD4A0A48 
 411 131b 9424126E 		.ascii	"\224$\022nS\"\224YtA\322tQ\311N\322W`\333\355\267=H"
 411      53229459 
 411      7441D274 
 411      51C94ED2 
 411      5760DBED 
 412 1332 FFF3F79A 		.ascii	"\377\363\367\232\321\266{\307\376\253Q\340\362H\301"
 412      D1B67BC7 
 412      FEAB51E0 
 412      F248C1
 413 1341 7F9F4A69 		.ascii	"\177\237Ji\343N4\225\007Q\011=\020(\025\352?\330\257"
 413      E34E3495 
ARM GAS  /var/folders/fq/ltb3dbq95yq6ljzx21t9gnkc0000gn/T//cchOxbDs.s 			page 33


 413      0751093D 
 413      102815EA 
 413      3FD8AF
 414 1354 3BB38BD3 		.ascii	";\263\213\323\3648\331\213\026?U\323\207\322t\362\340"
 414      F438D98B 
 414      163F55D3 
 414      87D274F2 
 414      E0
 415 1365 2FDB9D28 		.ascii	"/\333\235(\0336\345\337j\203\262\337\355\005z\240,\020"
 415      1B36E5DF 
 415      6A83B2DF 
 415      ED057AA0 
 415      2C10
 416 1377 90A9967E 		.ascii	"\220\251\226~A\242\226R\305\331\266#\365\372\245\202"
 416      41A29652 
 416      C5D9B623 
 416      F5FAA582 
 417 1387 6A5657AA 		.ascii	"jVW\252\251\376_\365\"\277\3238\270w\022\"\242\027\373"
 417      A9FE5FF5 
 417      22BFD338 
 417      B8771222 
 417      A217FB
 418 139a 45CEE62B 		.ascii	"E\316\346+\177y#\307+\223\367\240}\373\243\223\007I"
 418      7F7923C7 
 418      2B93F7A0 
 418      7DFBA393 
 418      0749
 419 13ac F103A920 		.ascii	"\361\003\251 \224\340;\2623\027\005<@~Wc`w5'K/\3353"
 419      94E03BB2 
 419      3317053C 
 419      407E5763 
 419      60773527 
 420 13c4 B0EE6079 		.ascii	"\260\356`yB2\260\2044u\360\376OYo\030\275\277ih\334"
 420      4232B084 
 420      3475F0FE 
 420      4F596F18 
 420      BDBF6968 
 421 13d9 E7B6A692 		.ascii	"\347\266\246\222\217\265\256\240\353\370\243e(G\275"
 421      8FB5AEA0 
 421      EBF8A365 
 421      2847BD
 422 13e8 0CFDC332 		.ascii	"\014\375\3032\224\013\217<\200|\200C\000\005\352e\362"
 422      940B8F3C 
 422      807C8043 
 422      0005EA65 
 422      F2
 423 13f9 74E7C3D2 		.ascii	"t\347\303\322]\324\305\341D\003\275\343\341\351\217"
 423      5DD4C5E1 
 423      4403BDE3 
 423      E1E98F
 424 1408 40ECBF40 		.ascii	"@\354\277@\367a\277@\267\353\346\303t\263\377\364\335"
 424      F761BF40 
 424      B7EBE6C3 
 424      74B3FFF4 
 424      DD
 425 1419 87FDF4DD 		.ascii	"\207\375\364\335\376\233i\037\366\233i\373\357\210|"
 425      FE9B691F 
ARM GAS  /var/folders/fq/ltb3dbq95yq6ljzx21t9gnkc0000gn/T//cchOxbDs.s 			page 34


 425      F69B69FB 
 425      EF887C
 426 1428 84DF1109 		.ascii	"\204\337\021\011WR>\354J\312~\311\345\303.\271\3549"
 426      57523EEC 
 426      4ACA7EC9 
 426      E5C32EB9 
 426      EC39
 427 143a C987E524 		.ascii	"\311\207\345$\373\315\254\017\273\231\335\227\335{\327"
 427      FBCDAC0F 
 427      BB99DD97 
 427      DD7BD7
 428 1449 8BA2DFA1 		.ascii	"\213\242\337\241&K\235\257\340(\372w4\0076\334;\340"
 428      264B9DAF 
 428      E028FA77 
 428      340736DC 
 428      3BE0
 429 145b 4127DDC5 		.ascii	"A'\335\305!+,)Y\315B\365\032\272\242\344'ldU\213`\316"
 429      212B2C29 
 429      59CD42F5 
 429      1ABAA2E4 
 429      276C6455 
 430 1472 64650FC3 		.ascii	"de\017\303\223\254n1<\311\012\227\300\223\254\362\021"
 430      93AC6E31 
 430      3CC90A97 
 430      C093ACF2 
 430      11
 431 1483 7892952E 		.ascii	"x\222\225.\205'Y\3552x\222\025?\012O\262\352\345\360"
 431      852759ED 
 431      32789215 
 431      3F0A4FB2 
 431      EAE5F0
 432 1496 242B5F01 		.ascii	"$+_\001\317$\201/\361\200J\300\211\027T\301\223xB5<"
 432      CF24812F 
 432      F1804AC0 
 432      891754C1 
 432      93784235 
 433 14ab D385FE5D 		.ascii	"\323\205\376]\354It\354MM\273\345\011eJ\231uj\360\270"
 433      EC4974EC 
 433      4D4DBBE5 
 433      09654A99 
 433      756AF0B8 
 434 14bf D5AB9894 		.ascii	"\325\253\230\224\230<\277\360\301\"\246\032\037`\356"
 434      983CBFF0 
 434      C122A61A 
 434      1F60EE
 435 14ce 2B4B6BE4 		.ascii	"+Kk\344\315A\365\033*T\243^\243B\265jR\253<\312\261"
 435      CD41F51B 
 435      2A54A35E 
 435      A342B56A 
 435      52AB3CCA 
 436 14e3 7D8D6831 		.ascii	"}\215h1\342N\023\367\226\332ZVV\273Q\363\347N\355\366"
 436      E24E13F7 
 436      96DA5A56 
 436      56BB51F3 
 436      E74EEDF6 
 437 14f7 725D9BD4 		.ascii	"r]\233\324\253\205\332\344\030[\371;1_\227\270Ie4\253"
 437      AB85DAE4 
ARM GAS  /var/folders/fq/ltb3dbq95yq6ljzx21t9gnkc0000gn/T//cchOxbDs.s 			page 35


 437      185BF93B 
 437      315F97B8 
 437      496534AB 
 438 150b 4D20A2A2 		.ascii	"M \242\242:\022UQ\203z\211}\020EH\331\336\324q\035;"
 438      3A125551 
 438      837A897D 
 438      104548D9 
 438      DED4711D 
 439 1520 5C44DD76 		.ascii	"\\D\335v\270\2218\256\246\007M\362$\205\300\323\221"
 439      B89138AE 
 439      A6074DF2 
 439      2485C0D3 
 439      91
 440 1531 1EB5CB0B 		.ascii	"\036\265\313\013\257\023j\371\027\222\246\275\207\366"
 440      AF136AF9 
 440      1792A6BD 
 440      87F6
 441 153f 687125DB 		.ascii	"hq%\333/\005\327\027\007\360\212,\276\261\254l\341\301"
 441      2F05D717 
 441      07F08A2C 
 441      BEB1AC6C 
 441      E1C1
 442 1551 C4AA0CDE 		.ascii	"\304\252\014\336\032\315/\300I\353gd\020:\251\226>\013"
 442      1ACD2FC0 
 442      49EB6764 
 442      103AA996 
 442      3E0B
 443 1563 409BEE38 		.ascii	"@\233\3568\324\250^An@{\356\363p\250c\\\362\3574Lh\031"
 443      D4A85E41 
 443      6E407BEE 
 443      F370A863 
 443      5CF2EF34 
 444 157a 97FDED37 		.ascii	"\227\375\35579'.M2.Mv.\247\030\227;E\215\236x\202q9"
 444      39272E4D 
 444      322E4D76 
 444      2EA71897 
 444      3B458D9E 
 445 1592 30797587 		.ascii	"0yu\207\016?d\310\235\263\013\025\0325\247B\315t\004"
 445      0E3F64C8 
 445      9DB30B15 
 445      1A35A742 
 445      CD7404
 446 15a5 BCE94BED 		.ascii	"\274\351K\355zj\240B\246\022\036\227\255z,~\314\211"
 446      7A6AA042 
 446      A6121E97 
 446      AD7A2C7E 
 446      CC89
 447 15b7 DAFC5D2A 		.ascii	"\332\374]*\347\264]\016jQ\253U\004e\242\316PQ\325\375"
 447      E7B45D0E 
 447      6A51AB55 
 447      0465A2CE 
 447      5051D5FD 
 448 15cb 3B33F4F8 		.ascii	";3\364\370\250\201\035\212\252w?\341\030\257\205\007"
 448      A8811D8A 
 448      AA773FE1 
 448      18AF8507 
 449 15db B5AB8B65 		.ascii	"\265\253\213e\274\020\345uV\246\363Y;\243s\224QV\327"
ARM GAS  /var/folders/fq/ltb3dbq95yq6ljzx21t9gnkc0000gn/T//cchOxbDs.s 			page 36


 449      BC10E575 
 449      56A6F359 
 449      3BA37394 
 449      5156D7
 450 15ee C0A41A1F 		.ascii	"\300\244\032\037\027\030\305t\015i\204\231\177}\313"
 450      1718C574 
 450      0D698499 
 450      7F7DCB
 451 15fd 79E6AD32 		.ascii	"y\346\2552.\255v.m\224K\333\351K\2738\334jp1\331\305"
 451      2EAD762E 
 451      6D944BDB 
 451      E94BBB38 
 451      DC6A7031 
 452 1613 E983BBF4 		.ascii	"\351\203\273\364\366\311\216\255|~\262\355\342d;\310"
 452      F6C98EAD 
 452      7C7EB2ED 
 452      E2643BC8 
 453 1623 64DBEDDC 		.ascii	"d\333\355\334;)\367\2077\346*\324\016\336\223\352\340"
 453      3B29F787 
 453      37E62AD4 
 453      0EDE93EA 
 453      E0
 454 1634 3DE705EF 		.ascii	"=\347\005\3579O\275'\255\177\342\222\273\0035\371&$"
 454      394FBD27 
 454      AD7FE292 
 454      BB0335F9 
 454      2624
 455 1646 515F10A8 		.ascii	"Q_\020\250/P\352>[t\033\373?\016\274iP\353\213\316v"
 455      2F50EA3E 
 455      5B741BFB 
 455      3F0EBC69 
 455      50EB8BCE 
 456 165b 73BD132E 		.ascii	"s\275\023.\332wB\027\333\011\247+.\335\365p\336\011"
 456      DA774217 
 456      DB09A72B 
 456      2EDDF570 
 456      DE09
 457 166d F6DF0FA8 		.ascii	"\366\337\017\250\320%\272\023\350 B\235\320{,F-\247"
 457      D025BA13 
 457      E820429D 
 457      D07B2C46 
 457      2DA7
 458 167f 9E7811F5 		.ascii	"\236x\021\365\215\224\264)\214\2570\233f%n\373-\036"
 458      8D94B429 
 458      8CAF309B 
 458      66256EFB 
 458      2D1E
 459 1691 62EDA843 		.ascii	"b\355\250CEm\032\010\010]$ 4\370\244\361\321\011Po."
 459      456D1A08 
 459      085D2420 
 459      34F8A4F1 
 459      D109506F 
 460 16a6 7EF006EA 		.ascii	"~\360\006\352V/A=`\3129n\205\214\357ebM\224\217`E\256"
 460      562F413D 
 460      60CA396E 
 460      858CEF65 
 460      624D948F 
ARM GAS  /var/folders/fq/ltb3dbq95yq6ljzx21t9gnkc0000gn/T//cchOxbDs.s 			page 37


 461 16bd A8DF5479 		.ascii	"\250\337TyX\326\233M\001AF\213\333/?\371\343\212\217"
 461      58D69B4D 
 461      0141468B 
 461      DB2F3FF9 
 461      E38A8F
 462 16d0 54DAC0F5 		.ascii	"T\332\300\365F\366\312-\302\030f\372\312\002\217\010"
 462      46F6CA2D 
 462      C21866FA 
 462      CA028F08 
 463 16e0 B3E94B77 		.ascii	"\263\351KwK\20498\334h\361\330\020\034f\371\311\333"
 463      4B843938 
 463      DC68F1D8 
 463      101C66F9 
 463      C9DB
 464 16f2 468BCE68 		.ascii	"F\213\316h\2647\337\367\017\217\260\370\257\013\014"
 464      B437DFF7 
 464      0F8FB0F8 
 464      AF0B0C
 465 1701 5C15600E 		.ascii	"\\\025`\016\365\007X\025\026\036fZe\012\370<\330?8,"
 465      F5075815 
 465      161E665A 
 465      650AF83C 
 465      D83F382C 
 466 1715 30644390 		.ascii	"0dC\220\311?4 p}p\230\311\337\030dZ\033\260!\304b\264"
 466      C93F3420 
 466      707D7098 
 466      C9DF1864 
 466      5A1BB021 
 467 172c 6C8A3045 		.ascii	"l\2120E\256^\257Z\371\015\006GZ\202@\024\020\277\263"
 467      AE5EAF5A 
 467      F90D0647 
 467      5A824014 
 467      10BFB3
 468 173f 7AB53FFB 		.ascii	"z\265?\373/<\322\337l\361\217\0107[\"\375\377\365\367"
 468      2F3CD2DF 
 468      6CF18F08 
 468      375B22FD 
 468      FFF5F7
 469 1752 1F7FF4F1 		.ascii	"\037\177\364\361W\376\201\341\241\021\301!&s\244\377"
 469      57FE81E1 
 469      A111C121 
 469      2673A4FF 
 470 1762 2F3FFAC8 		.ascii	"/?\372\310?p\275]\002\235Ap\270{`x\230\005&\344I\006"
 470      3F70BD5D 
 470      029D4170 
 470      B87B6078 
 470      980526E4 
 471 1778 19815FA0 		.ascii	"\031\201_\240\345+\017\263i\035\2104Z\276\377B\306\353"
 471      E52B0FB3 
 471      691D8834 
 471      5ABEFF42 
 471      C6EB
 472 178a 03C3CD26 		.ascii	"\003\303\315&\340\304\231\337\343\314?\305\346\037\277"
 472      E0C499DF 
 472      E3CC3FC5 
 472      E61FBF
 473 1799 05F063CE 		.ascii	"\005\360c\316\374\016g~\2273\257\341\314\377\310\205"
ARM GAS  /var/folders/fq/ltb3dbq95yq6ljzx21t9gnkc0000gn/T//cchOxbDs.s 			page 38


 473      FC0E677E 
 473      9733AFE1 
 473      CCFFC885 
 474 17a9 987FF872 		.ascii	"\230\177\370r\026\306/\327\204\002\033\030\374\023M"
 474      16C62FD7 
 474      84021B18 
 474      FC134D
 475 17b8 8411E4BB 		.ascii	"\204\021\344\273\023\033o4\231\341\031\036\022d2\253"
 475      131B6F34 
 475      99E1191E 
 475      126432AB 
 476 17c8 03D70798 		.ascii	"\003\327\007\230\211\341\003B"
 476      89E10342 
 477 17d0 4D1E9648 		.ascii	"M\036\226HK\200\305d\264\270\023;\277g\264h\231\305"
 477      4B80C564 
 477      B4B8133B 
 477      BF67B468 
 477      99C5
 478 17e2 A105E4B4 		.ascii	"\241\005\344\264\317\335\022\032\036d\242\370\332\220"
 478      CFDD121A 
 478      1E64A2F8 
 478      DA90
 479 17f0 807591EE 		.ascii	"\200u\221\356\026\263im\244\221\254\031ihB#\327A\247"
 479      16B3696D 
 479      A491AC19 
 479      69684223 
 479      D741A7
 480 1803 B04A305C 		.ascii	"\260J0\\h\271\231\2036A\227\207\351\253`K 0p\333h\011"
 480      68B99983 
 480      36419787 
 480      E9AB604B 
 480      203070DB 
 481 1819 FFFCBF23 		.ascii	"\377\374\277#\226\010\256\000CMfSX 0\326l\264X\314\021"
 481      9608AE00 
 481      434D6653 
 481      582030D6 
 481      6CB458CC 
 482 182e 7AF08948 		.ascii	"z\360\211HSh@\304z\230\2037\243\2124\376e\203i\003\220"
 482      536840C4 
 482      7A988337 
 482      A38A34FE 
 482      65836903 
 483 1843 BC223A8C 		.ascii	"\274\":\214\360\312]xj\002\303`\2255\221Fx\202\004`"
 483      F0CA5D78 
 483      6A02C360 
 483      95359146 
 483      78820460 
 484 1857 10E101B4 		.ascii	"\020\341\001\264\241\033`\021\334C\005\332Pc\370\306"
 484      A11B6011 
 484      DC4305DA 
 484      5063F8C6 
 485 1867 30983F7D 		.ascii	"0\230?}\013\232\2052\237\333h\011\265|\025\341i\372"
 485      0B9A8532 
 485      9FDB6809 
 485      B57C15E1 
 485      69FA
 486 1879 D2146609 		.ascii	"\322\024f\011\015\210\374\002zL\033I\003G\0307\030\354"
ARM GAS  /var/folders/fq/ltb3dbq95yq6ljzx21t9gnkc0000gn/T//cchOxbDs.s 			page 39


 486      0D88FC02 
 486      7A4C1B49 
 486      03471837 
 486      18EC
 487 188b E2428223 		.ascii	"\342B\202#A\202\267L\001\362F\033a\334\030\020l\011"
 487      4182B74C 
 487      01F2461B 
 487      61DC1810 
 487      6C09
 488 189d 0E5BA78B 		.ascii	"\016[\247\2130\3024\2312\264\011/L\021\2460p\246u@\005"
 488      30C23499 
 488      32B4092F 
 488      4C11A630 
 488      70A67540 
 489 18b2 2208BD8E 		.ascii	"\"\010\275\216\030+ \204\272\010\274\214\010\017\017"
 489      182B2084 
 489      BA08BC8C 
 489      080F0F
 490 18c1 59E1B494 		.ascii	"Y\341\264\224v?\014\\\037\031\270>\010V\360\015\227"
 490      763F0C5C 
 490      1F19B83E 
 490      0856F00D 
 490      97
 491 18d2 04C014FA 		.ascii	"\004\300\024\372\277\347\232\301\246H\273_\272f\002"
 491      BFE79AC1 
 491      A648BB5F 
 491      BA6602
 492 18e1 B6827EB0 		.ascii	"\266\202~\260\354\357M\353~\021l\216\264\374\201\316"
 492      ECEF4DEB 
 492      7E116C8E 
 492      B4FC81CE 
 493 18f1 CF59AD48 		.ascii	"\317Y\255Hs \020\203\013\303,\314\233V\007\252\274\351"
 493      73201083 
 493      0BC32CCC 
 493      9B5607AA 
 493      BCE9
 494 1903 884FC082 		.ascii	"\210O\300\202l\000,\334\037\326\007\375\336\024b\012"
 494      6C002CDC 
 494      1FD607FD 
 494      DE14620A 
 495 1913 8834BDE9 		.ascii	"\2104\275\351R\\\320&\360\267\340@\020\351IV\03244\301"
 495      525CD026 
 495      F0B7E040 
 495      10E94956 
 495      1A3434C1 
 496 1927 96D08A6D 		.ascii	"\226\320\212m=\341\265I0\267\027\274\226pw3[H73\335"
 496      3DE1B549 
 496      30B717BC 
 496      96707733 
 496      5B483733 
 497 193c 631A33F5 		.ascii	"c\0323\365j\263\340\325f\346\325Zx\273\301\014.e\321"
 497      6AB3E0D5 
 497      66E6D55A 
 497      78BBC10C 
 497      2E65D1
 498 194f 98C9A06F 		.ascii	"\230\311\240o\177\031l\266l\010\0101Z\202Ca\273\012"
 498      7F196CB6 
ARM GAS  /var/folders/fq/ltb3dbq95yq6ljzx21t9gnkc0000gn/T//cchOxbDs.s 			page 40


 498      6C080831 
 498      5A824361 
 498      BB0A
 499 1961 8C7D80B1 		.ascii	"\214}\200\261B\207\267\303;\346o\016\257\334\277\264"
 499      4287B7C3 
 499      3BE66F0E 
 499      AFDCBFB4 
 500 1971 50A7214F 		.ascii	"P\247!O\022\251\264Di\350\020b\325\217\327\210\261\212"
 500      12A9B444 
 500      69E81062 
 500      D58FD788 
 500      B18A
 501 1983 343D802A 		.ascii	"4=\200*\310\024b\011\200\306\332\015a\201F:\216\264"
 501      C8146209 
 501      80C6DA0D 
 501      6181463A 
 501      8EB4
 502 1995 DCC8F800 		.ascii	"\334\310\370\000\263'<B\002\"-\204\005\274\"*\030\004"
 502      B3273C42 
 502      02222D84 
 502      05BC222A 
 502      1804
 503 19a7 9304993E 		.ascii	"\223\004\231>\337\260\2169\234\374\2156\" ,8\220\370"
 503      DFB08E39 
 503      9CFC8D36 
 503      22202C38 
 503      90F8
 504 19b9 170EFA7C 		.ascii	"\027\016\372|\235.4\000DQ\363\353\"-_\004\204\004\257"
 504      9D2E3400 
 504      4451F3EB 
 504      222D5F04 
 504      8404AF
 505 19cc 0B135459 		.ascii	"\013\023TY\363\216\250\012i\032\202\203BL\202\353\202"
 505      F38EA80A 
 505      691A8283 
 505      424C82EB 
 505      82
 506 19dd CB7281EB 		.ascii	"\313r\201\353\211m\203\203\300N\301k\203ab\200\375\325"
 506      896D8383 
 506      C04EC16B 
 506      83616280 
 506      FDD5
 507 19ef 640E27CF 		.ascii	"d\016'\317\310\340\277\232td\346`\226\340\3600\322\214"
 507      C8E0BF9A 
 507      7464E660 
 507      96E0F030 
 507      D28C
 508 1a01 B098C95B 		.ascii	"\260\230\311[\262dDW\322\366\222\266\002\355Yk\014_"
 508      B2644457 
 508      D2F692B6 
 508      02ED596B 
 508      0C5F
 509 1a13 BB962E8C 		.ascii	"\273\226.\214Nh\303\352\350\205&]\";B\327\311>\200D"
 509      4E68C3EA 
 509      E885265D 
 509      223B42D7 
 509      C93E8044 
ARM GAS  /var/folders/fq/ltb3dbq95yq6ljzx21t9gnkc0000gn/T//cchOxbDs.s 			page 41


 510 1a27 1F6FA10D 		.ascii	"\037o\241\015S\010\011\016\015\266\350E\034\342\216"
 510      5308090E 
 510      0DB6E845 
 510      1CE28E
 511 1a36 1DA141C7 		.ascii	"\035\241A\307>\212D\034\203(\322\004\333\335b\357\""
 511      3E8A441C 
 511      8328D204 
 511      DBDD62EF 
 511      22
 512 1a47 FAB9DE12 		.ascii	"\372\271\336\022\242\003\257'\331G02\011\025\264\371"
 512      A203AF27 
 512      D9473032 
 512      0915B4F9 
 513 1a57 CA6A7378 		.ascii	"\312jsxP\200%`\265\375\005\320|\266)\362\337\303\003"
 513      50802560 
 513      B5FD05D0 
 513      7CB629F2 
 513      DFC303
 514 1a6a BF78C106 		.ascii	"\277x\301\006\332D6\230\226F\372\020\240\3642\032\203"
 514      DA443698 
 514      9646FA10 
 514      A0F4321A 
 514      83
 515 1a7b 8223033E 		.ascii	"\202#\003>\007{\007\233\377\342\025\020\2621`S$\204"
 515      077B079B 
 515      FFE21510 
 515      B2316053 
 515      2484
 516 1a8d C3104849 		.ascii	"\303\020HI+\345\\\300\217\374?\372\370\263_\177&1#q"
 516      2BE55CC0 
 516      8FFC3FFA 
 516      F8B35F7F 
 516      26312371 
 517 1aa1 3B30F417 		.ascii	";0\364\027\340!l\203\200\360?\206\021\246,\221l\240"
 517      E0216C83 
 517      80F03F86 
 517      11A62C91 
 517      6CA0
 518 1ab3 6DBDD168 		.ascii	"m\275\321h\012\263\363\3670R\2072\032\275\354\215\325"
 518      0AB3F3F7 
 518      30528732 
 518      1ABDEC8D 
 518      D5
 519 1ac4 EFAE79FB 		.ascii	"\357\256y\373\275\377\003\270\214\224\336"
 519      BDFF03B8 
 519      8C94DE
 520              		.text
 521              		.section	.gnu.lto_.symtab.d4c77063c819b21f,"",%progbits
 522 0000 63685265 		.ascii	"chRegFirstThread\000\000\000\000\000\000\000\000\000"
 522      67466972 
 522      73745468 
 522      72656164 
 522      00000000 
 523 0019 00000074 		.ascii	"\000\000\000t\001\000\000chRegNextThread\000\000\000"
 523      01000063 
 523      68526567 
 523      4E657874 
ARM GAS  /var/folders/fq/ltb3dbq95yq6ljzx21t9gnkc0000gn/T//cchOxbDs.s 			page 42


 523      54687265 
 524 0032 00000000 		.ascii	"\000\000\000\000\000\000\000\000\000x\001\000\000ch"
 524      00000000 
 524      00780100 
 524      006368
 525 0041 5F646562 		.ascii	"_debug\000\000\000\000\000\000\000\000\000\000\000\000"
 525      75670000 
 525      00000000 
 525      00000000 
 525      0000
 526 0053 38020000 		.ascii	"8\002\000\000ch\000\000\002\000\000\000\000\000\000"
 526      63680000 
 526      02000000 
 526      000000
 527 0062 000000EF 		.ascii	"\000\000\000\357\001\000\000chThdRelease\000\000\002"
 527      01000063 
 527      68546864 
 527      52656C65 
 527      61736500 
 528 0078 00000000 		.ascii	"\000\000\000\000\000\000\000\000\000|\001\000\000"
 528      00000000 
 528      007C0100 
 528      00
 529              		.text
 530              		.section	.gnu.lto_.opts,"",%progbits
 531 0000 272D666E 		.ascii	"'-fno-trapv' '-mcpu=cortex-m0' '-mno-thumb-interwor"
 531      6F2D7472 
 531      61707627 
 531      20272D6D 
 531      6370753D 
 532 0033 6B272027 		.ascii	"k' '-mthumb' '-ggdb' '-O2' '-fomit-frame-pointer' '"
 532      2D6D7468 
 532      756D6227 
 532      20272D67 
 532      67646227 
 533 0066 2D66616C 		.ascii	"-falign-functions=16' '-ffunction-sections' '-fdata"
 533      69676E2D 
 533      66756E63 
 533      74696F6E 
 533      733D3136 
 534 0099 2D736563 		.ascii	"-sections' '-fno-common' '-flto'\000"
 534      74696F6E 
 534      73272027 
 534      2D666E6F 
 534      2D636F6D 
 535              		.text
 536              		.comm	__gnu_lto_v1,1,1
 537              		.comm	__gnu_lto_slim,1,1
 538              		.ident	"GCC: (GNU Tools for ARM Embedded Processors) 4.9.3 20150303 (release) [ARM/embedded-4_9-br
ARM GAS  /var/folders/fq/ltb3dbq95yq6ljzx21t9gnkc0000gn/T//cchOxbDs.s 			page 43


DEFINED SYMBOLS
                            *ABS*:0000000000000000 chregistry.c
                            *COM*:0000000000000001 __gnu_lto_v1
                            *COM*:0000000000000001 __gnu_lto_slim

NO UNDEFINED SYMBOLS
