ARM GAS  /var/folders/fq/ltb3dbq95yq6ljzx21t9gnkc0000gn/T//ccMlve51.s 			page 1


   1              		.cpu cortex-m0
   2              		.fpu softvfp
   3              		.eabi_attribute 20, 1
   4              		.eabi_attribute 21, 1
   5              		.eabi_attribute 23, 3
   6              		.eabi_attribute 24, 1
   7              		.eabi_attribute 25, 1
   8              		.eabi_attribute 26, 1
   9              		.eabi_attribute 30, 2
  10              		.eabi_attribute 34, 0
  11              		.eabi_attribute 18, 4
  12              		.code	16
  13              		.file	"crt1.c"
  14              		.text
  15              	.Ltext0:
  16              		.section	.gnu.lto_.profile.3f91bf4ef0fc414f,"",%progbits
  17 0000 789C6366 		.ascii	"x\234cf```a\200\000F\006\026&\000\000~\000\017"
  17      60606061 
  17      80004606 
  17      16260000 
  17      7E000F
  18              		.text
  19              		.section	.gnu.lto_.jmpfuncs.3f91bf4ef0fc414f,"",%progbits
  20 0000 789C6366 		.ascii	"x\234cf\300\016\270\24143\0203200\001)\000\001\255\000"
  20      C00EB8A1 
  20      34331033 
  20      32303001 
  20      290001AD 
  21 0015 15       		.ascii	"\025"
  22              		.text
  23              		.section	.gnu.lto_.inline.3f91bf4ef0fc414f,"",%progbits
  24 0000 789C6366 		.ascii	"x\234cf\300\016\314\24143\0201120\001\231l\013\344A"
  24      C00ECCA1 
  24      34331031 
  24      31323001 
  24      996C0BE4 
  25 0015 14032386 		.ascii	"\024\003#\206\010\023\020BDX\300$\003\003\000G~\001"
  25      08131042 
  25      4458C024 
  25      03030047 
  25      7E01
  26 0027 EA       		.ascii	"\352"
  27              		.text
  28              		.section	.gnu.lto_.pureconst.3f91bf4ef0fc414f,"",%progbits
  29 0000 789C6366 		.ascii	"x\234cf```g\200\000f\006\011F\011&\023\000\001\306\000"
  29      60606067 
  29      80006606 
  29      09460926 
  29      130001C6 
  30 0015 75       		.ascii	"u"
  31              		.text
  32              		.section	.gnu.lto___early_init.3f91bf4ef0fc414f,"",%progbits
  33 0000 789C6366 		.ascii	"x\234cf\300\004R@\\\014\304\346@\314\310\314\300\310"
  33      C0045240 
  33      5C0CC4E6 
  33      40CCC8CC 
  33      C0C8
ARM GAS  /var/folders/fq/ltb3dbq95yq6ljzx21t9gnkc0000gn/T//ccMlve51.s 			page 2


  34 0012 34E11C03 		.ascii	"4\341\034\003C#\007\023##\210\301\300\310P\317\304X"
  34      43230713 
  34      232388C1 
  34      C0C850CF 
  34      C458
  35 0024 CFF892E9 		.ascii	"\317\370\222\351#\023\343\204\003\253gp\253/mhh\370"
  35      2313E384 
  35      03AB6770 
  35      AB2F6D68 
  35      68F8
  36 0036 30E97463 		.ascii	"0\351tc\300\001\306\237L\014\014\237\231 \3460.gTg\000"
  36      C001C69F 
  36      4C0C0C9F 
  36      9920E630 
  36      2E675467 
  37 004b 2AFAD8F2 		.ascii	"*\372\330\362\367:7[\013P\221\000D\216q\005#\033#\220"
  37      F73A375B 
  37      0B509100 
  37      448E7105 
  37      231B2390 
  38 005f 5E2F74A0 		.ascii	"^/t\240\341\377\377\307s$\200\202O\200\030d\374S&&\020"
  38      E1FFFFC7 
  38      73248082 
  38      4F801864 
  38      FC532626 
  39 0074 CD7C8F91 		.ascii	"\315|\217\221\021\244\014d\316\023&F\220\020P\201\251"
  39      11A40C64 
  39      CE132646 
  39      90105081 
  39      A9
  40 0085 9E9E3E04 		.ascii	"\236\236>\004\345\027\353'\347\347\346\346\347\351\027"
  40      E517EB27 
  40      E7E7E6E6 
  40      E7E917
  41 0094 E4179514 		.ascii	"\344\027\225\024\353;\006\371:\373V\200\304\0122sR\213"
  41      EB3B06F9 
  41      3AFB5680 
  41      C40A3273 
  41      528B
  42 00a6 8AF5DD9D 		.ascii	"\212\365\335\235\235\365\223\213J\014\365\222\031\000"
  42      9DF5938B 
  42      4A0CF592 
  42      1900
  43 00b4 2ACE39A9 		.ascii	"*\3169\251"
  44              		.text
  45              		.section	.gnu.lto___late_init.3f91bf4ef0fc414f,"",%progbits
  46 0000 789C6366 		.ascii	"x\234cf\300\004R@\\\014\304\346@\314\310\314\300\310"
  46      C0045240 
  46      5C0CC4E6 
  46      40CCC8CC 
  46      C0C8
  47 0012 34E11C03 		.ascii	"4\341\034\003C#\007\023##\210\301\300\310P\317\304X"
  47      43230713 
  47      232388C1 
  47      C0C850CF 
  47      C458
  48 0024 CFF892E9 		.ascii	"\317\370\222\351#\023\343\204\003\253gp\253/mhh\370"
ARM GAS  /var/folders/fq/ltb3dbq95yq6ljzx21t9gnkc0000gn/T//ccMlve51.s 			page 3


  48      2313E384 
  48      03AB6770 
  48      AB2F6D68 
  48      68F8
  49 0036 F0E96C63 		.ascii	"\360\351lc\300\001\306\237L\014\014\237\231 \3460.g"
  49      C001C69F 
  49      4C0C0C9F 
  49      9920E630 
  49      2E67
  50 0048 5467002A 		.ascii	"Tg\000*\372\330\362\367:7[\013P\221\000D\216q\005#\033"
  50      FAD8F2F7 
  50      3A375B0B 
  50      50910044 
  50      8E710523 
  51 005d 23905E2F 		.ascii	"#\220^/t\240\341\377\377\305s$\200\202O\200\030d\374"
  51      74A0E1FF 
  51      FFC57324 
  51      80824F80 
  51      1864FC
  52 0070 53262610 		.ascii	"S&&\020\315|\217\221\021\244\014d\316\023&F\220\020"
  52      CD7C8F91 
  52      11A40C64 
  52      CE132646 
  52      9010
  53 0082 5081A99E 		.ascii	"P\201\251\236\236>\004\345\027\353'\347\347\346\346"
  53      9E3E04E5 
  53      17EB27E7 
  53      E7E6E6
  54 0091 E7E917E4 		.ascii	"\347\351\027\344\027\225\024\353;\006\371:\373V\200"
  54      179514EB 
  54      3B06F93A 
  54      FB5680
  55 00a0 C40A3273 		.ascii	"\304\0122sR\213\212\365\335\235\235\365\223\213J\014"
  55      528B8AF5 
  55      DD9D9DF5 
  55      938B4A0C 
  56 00b0 F5921900 		.ascii	"\365\222\031\000M\2009\313"
  56      4D8039CB 
  57              		.text
  58              		.section	.gnu.lto___default_exit.3f91bf4ef0fc414f,"",%progbits
  59 0000 789C6366 		.ascii	"x\234cf\300\004&@\\\014\304\346@\314\310\312\300\310"
  59      C0042640 
  59      5C0CC4E6 
  59      40CCC8CA 
  59      C0C8
  60 0012 34E11C03 		.ascii	"4\341\034\003C#\007\023#3\210\301\310\314\310\002\021"
  60      43230713 
  60      233388C1 
  60      C8CCC802 
  60      11
  61 0023 60810838 		.ascii	"`\201\010822\32431\2630\002\011\210\376\227L\037\231"
  61      3232D433 
  61      31B33002 
  61      0988FE97 
  61      4C1F99
  62 0036 18271C58 		.ascii	"\030'\034X=\203[}iCC\303\207C\033%Z%~210|f\202(`\\\316"
  62      3D835B7D 
ARM GAS  /var/folders/fq/ltb3dbq95yq6ljzx21t9gnkc0000gn/T//ccMlve51.s 			page 4


  62      694343C3 
  62      87431B25 
  62      5A257E32 
  63 0053 A8CE0054 		.ascii	"\250\316\000T\363\261\345\357un\266\026\240\032\001"
  63      F3B1E5EF 
  63      756EB616 
  63      A01A01
  64 0062 881CE30A 		.ascii	"\210\034\343\012F6F \275^\350@\303\377\377\217\347\316"
  64      46364620 
  64      BD5EE840 
  64      C3FFFF8F 
  64      E7CE
  65 0074 D9CC02E4 		.ascii	"\331\314\002\344>\001J1\002I&\240\335O\200\226\000-"
  65      3E014A31 
  65      024926A0 
  65      DD4F8096 
  65      002D
  66 0086 657CC2C4 		.ascii	"e|\302\304\002\245\031\301F\232\352\351\351CP~\261~"
  66      02A519C1 
  66      469AEAE9 
  66      E943507E 
  66      B17E
  67 0098 727E6E6E 		.ascii	"r~nn~\236~A~QI\261\276c\220\257\263o\005H\254 3'\265"
  67      7E9E7E41 
  67      7E5149B1 
  67      BE6390AF 
  67      B36F0548 
  68 00b1 A858DFDD 		.ascii	"\250X\337\335\331Y?\271\250\304P/\231\001\000*6<\303"
  68      D9593FB9 
  68      A8C4502F 
  68      9901002A 
  68      363CC3
  69              		.text
  70              		.section	.gnu.lto_.symbol_nodes.3f91bf4ef0fc414f,"",%progbits
  71 0000 789C6366 		.ascii	"x\234cf``0b\200\002&\206z\006\206\011\347\030\030\352"
  71      60603062 
  71      80022686 
  71      7A068609 
  71      E71818EA 
  72 0014 EB19E62D 		.ascii	"\353\031\346-\340``b\254gD\3413\3253!\370,\014\014\000"
  72      E0606062 
  72      AC6744E1 
  72      33D53321 
  72      F82C0C0C 
  73 0029 403D0CA1 		.ascii	"@=\014\241"
  74              		.text
  75              		.section	.gnu.lto_.refs.3f91bf4ef0fc414f,"",%progbits
  76 0000 789C6366 		.ascii	"x\234cf```d\200\002\000\000=\000\005"
  76      60606064 
  76      80020000 
  76      3D0005
  77              		.text
  78              		.section	.gnu.lto_.decls.3f91bf4ef0fc414f,"",%progbits
  79 0000 789C6366 		.ascii	"x\234cf``X\001\304\377\201`2#\003C\011\220\315\002\304"
  79      60605801 
  79      C4FF8160 
  79      32230343 
ARM GAS  /var/folders/fq/ltb3dbq95yq6ljzx21t9gnkc0000gn/T//ccMlve51.s 			page 5


  79      0990CD02 
  80 0015 010C08C0 		.ascii	"\001\014\010\300\014\304\353\200x#\020oc\300\004 9F"
  80      0CC4EB80 
  80      7823106F 
  80      63C00420 
  80      3946
  81 0027 243D8C50 		.ascii	"$=\214P1t\260\021\213\272\215X\324m\303\242\016\233"
  81      3174B011 
  81      8BBA8D58 
  81      D46DC3A2 
  81      0E9B
  82 0039 BD1F9918 		.ascii	"\275\037\231\030w\256\373r\226\373\005\023#\037\227"
  82      77AEFB72 
  82      96FB0513 
  82      231F97
  83 0048 0288BB6B 		.ascii	"\002\210\273k\322\211\031l@.\017\027\013\210\273\373"
  83      D289196C 
  83      402E0F17 
  83      0B88BBFB 
  84 0058 F7A32B2C 		.ascii	"\367\243+,\342S\033\200`Bs\203\000\013c\200\030\343"
  84      E2531B80 
  84      60427383 
  84      000B6380 
  84      18E3
  85 006a 724629C6 		.ascii	"rF)\306\025\214R@SW2\212\003\311h\026\210I\207&~z\313"
  85      158C5240 
  85      5357328A 
  85      03C96816 
  85      88498726 
  86 0081 C8CCC408 		.ascii	"\310\314\304\010b/\236\361\360\012\227\316*\240\266"
  86      622F9EF1 
  86      F00A97CE 
  86      2AA0B6
  87 0090 8E86033F 		.ascii	"\216\206\003?\030\021\326\335j\356\370\304\317,\006"
  87      1811D6DD 
  87      6AEEF8C4 
  87      CF2C06
  88 009f 56D47AEE 		.ascii	"V\324z\356\365'f\026&\006\3065\214\314\020\331\306{"
  88      F5276616 
  88      2606C635 
  88      8CCC10D9 
  88      C67B
  89 00b1 C7E7F129 		.ascii	"\307\347\361)\314kX\260\340\303\356M7y\032NL8\360\377"
  89      CC6B58B0 
  89      E0C3EE4D 
  89      37791A4E 
  89      4C38F0FF 
  90 00c5 BF3DD822 		.ascii	"\277=\330\"\306U\214\314\214\253\031u\200\026\256ed"
  90      C6558CCC 
  90      8CAB1975 
  90      8016AE65 
  90      64
  91 00d6 61007121 		.ascii	"a\000q!^[\307\250\000\3249\355\332\334\347\234\314\201"
  91      5E5BC7A8 
  91      00D439ED 
  91      DADCE79C 
  91      CC81
ARM GAS  /var/folders/fq/ltb3dbq95yq6ljzx21t9gnkc0000gn/T//ccMlve51.s 			page 6


  92 00e8 38CCDD79 		.ascii	"8\314\335y\347\305\002F\260\271\013\336ojphi\374\363"
  92      E7C50246 
  92      B0B90BDE 
  92      6F6A7068 
  92      69FCF3
  93 00fb FF3F33D8 		.ascii	"\377?3\330\324\365pS7\200L]\0173u#\330\324\015\367\372"
  93      D4F57053 
  93      37804C5D 
  93      0F337523 
  93      D8D40DF7 
  94 0110 3EB133C7 		.ascii	">\2613\307\202M\275\371\360\345\025v\346\0340{\376\214"
  94      824DBDF9 
  94      F0E51576 
  94      E61C307B 
  94      FE8C
  95 0122 79D77940 		.ascii	"y\327y@6l\206\331p\357\346\224]\2340;\031\2670\202C"
  95      366C86D9 
  95      70EFE694 
  95      5D9C303B 
  95      19B73082 
  96 0137 EFF0C449 		.ascii	"\357\360\304I\017\231@\326.\\\320\263\230\015\342\031"
  96      0F9940D6 
  96      2E5CD0B3 
  96      980DE219 
  97 0147 B0AD9BE0 		.ascii	"\260\255\233\340\266n\005\331\272\011f\3536F\005\006"
  97      B66E05D9 
  97      BA0966EB 
  97      36460506 
  98 0157 9EF8F8D4 		.ascii	"\236\370\370\324\304\242\234\312\370\314\274\314\022"
  98      C4A29CCA 
  98      F8CCBCCC 
  98      12
  99 0164 3677BF50 		.ascii	"6w\277P\005g\006\226\362\324\304lS==}\010\312/\326O"
  99      05670696 
  99      F2D4C46C 
  99      533D3D7D 
  99      08CA2FD6 
 100 0179 CECFCDCD 		.ascii	"\316\317\315\315\317\323/\310/*)\326w\014\362u\366\255"
 100      CFD32FC8 
 100      2F2A29D6 
 100      770CF275 
 100      F6AD
 101 018b 00891564 		.ascii	"\000\211\025d\346\244\026\025\353\273;;\353'\027\225"
 101      E6A41615 
 101      EBBB3B3B 
 101      EB271795 
 102 019b 18EA2533 		.ascii	"\030\352%3p\307\307\347$\226\244\202M\343\213\217OI"
 102      70C7C7E7 
 102      2496A482 
 102      4DE38B8F 
 102      4F49
 103 01ad 4D4B2CCD 		.ascii	"MK,\315)\211O\255\310,\341\310\313/J-)-\312\003\000"
 103      29894FAD 
 103      C82CE1C8 
 103      CB2F4A2D 
 103      292DCA03 
 104 01c2 D0F0B228 		.ascii	"\320\360\262("
ARM GAS  /var/folders/fq/ltb3dbq95yq6ljzx21t9gnkc0000gn/T//ccMlve51.s 			page 7


 105              		.text
 106              		.section	.gnu.lto_.symtab.3f91bf4ef0fc414f,"",%progbits
 107 0000 5F5F6561 		.ascii	"__early_init\000\000\001\000\000\000\000\000\000\000"
 107      726C795F 
 107      696E6974 
 107      00000100 
 107      00000000 
 108 0016 0000AE00 		.ascii	"\000\000\256\000\000\000__late_init\000\000\001\000"
 108      00005F5F 
 108      6C617465 
 108      5F696E69 
 108      74000001 
 109 002b 00000000 		.ascii	"\000\000\000\000\000\000\000\000\261\000\000\000__d"
 109      00000000 
 109      B1000000 
 109      5F5F64
 110 003a 65666175 		.ascii	"efault_exit\000\000\001\000\000\000\000\000\000\000"
 110      6C745F65 
 110      78697400 
 110      00010000 
 110      00000000 
 111 004f 0000B600 		.ascii	"\000\000\266\000\000\000"
 111      0000
 112              		.text
 113              		.section	.gnu.lto_.opts,"",%progbits
 114 0000 272D666E 		.ascii	"'-fno-trapv' '-mcpu=cortex-m0' '-mno-thumb-interwor"
 114      6F2D7472 
 114      61707627 
 114      20272D6D 
 114      6370753D 
 115 0033 6B272027 		.ascii	"k' '-mthumb' '-ggdb' '-O2' '-fomit-frame-pointer' '"
 115      2D6D7468 
 115      756D6227 
 115      20272D67 
 115      67646227 
 116 0066 2D66616C 		.ascii	"-falign-functions=16' '-ffunction-sections' '-fdata"
 116      69676E2D 
 116      66756E63 
 116      74696F6E 
 116      733D3136 
 117 0099 2D736563 		.ascii	"-sections' '-fno-common' '-flto'\000"
 117      74696F6E 
 117      73272027 
 117      2D666E6F 
 117      2D636F6D 
 118              		.text
 119              		.comm	__gnu_lto_v1,1,1
 120              		.comm	__gnu_lto_slim,1,1
 121              		.ident	"GCC: (GNU Tools for ARM Embedded Processors) 4.9.3 20150303 (release) [ARM/embedded-4_9-br
ARM GAS  /var/folders/fq/ltb3dbq95yq6ljzx21t9gnkc0000gn/T//ccMlve51.s 			page 8


DEFINED SYMBOLS
                            *ABS*:0000000000000000 crt1.c
                            *COM*:0000000000000001 __gnu_lto_v1
                            *COM*:0000000000000001 __gnu_lto_slim

NO UNDEFINED SYMBOLS
