ARM GAS  /var/folders/fq/ltb3dbq95yq6ljzx21t9gnkc0000gn/T//ccfFI8Po.s 			page 1


   1              		.cpu cortex-m0
   2              		.fpu softvfp
   3              		.eabi_attribute 20, 1
   4              		.eabi_attribute 21, 1
   5              		.eabi_attribute 23, 3
   6              		.eabi_attribute 24, 1
   7              		.eabi_attribute 25, 1
   8              		.eabi_attribute 26, 1
   9              		.eabi_attribute 30, 2
  10              		.eabi_attribute 34, 0
  11              		.eabi_attribute 18, 4
  12              		.code	16
  13              		.file	"hal.c"
  14              		.text
  15              	.Ltext0:
  16              		.section	.gnu.lto_.profile.c3b7766357584e48,"",%progbits
  17 0000 789C6366 		.ascii	"x\234cf```a\200\000F\006Sv\000\000\345\000E"
  17      60606061 
  17      80004606 
  17      53760000 
  17      E50045
  18              		.text
  19              		.section	.gnu.lto_.jmpfuncs.c3b7766357584e48,"",%progbits
  20 0000 789C6366 		.ascii	"x\234cf\300\016\324\2404#\224b\372\310\3048\255\377"
  20      C00ED4A0 
  20      34239462 
  20      FAC8C438 
  20      ADFF
  21 0012 CA0EE6DA 		.ascii	"\312\016\346\332\337\0153\0328~21\374e\002\211/g\254"
  21      DF0D331A 
  21      387E3231 
  21      FC650289 
  21      2F67AC
  22 0025 055200C1 		.ascii	"\005R\000\301\206\012\016"
  22      860A0E
  23              		.text
  24              		.section	.gnu.lto_.inline.c3b7766357584e48,"",%progbits
  25 0000 789C6366 		.ascii	"x\234cf\300\016\364\2404#\003\003\247)#\003\023\220"
  25      C00EF4A0 
  25      34230303 
  25      A7292303 
  25      1390
  26 0012 C9B6409E 		.ascii	"\311\266@\236\011,\304\205B0q\203T\201\231\014\0003"
  26      092CC485 
  26      42307183 
  26      5481990C 
  26      0033
  27 0024 A00175   		.ascii	"\240\001u"
  28              		.text
  29              		.section	.gnu.lto_.pureconst.c3b7766357584e48,"",%progbits
  30 0000 789C6366 		.ascii	"x\234cf```f\200\000F\006\011\000\000x\000 "
  30      60606066 
  30      80004606 
  30      09000078 
  30      0020
  31              		.text
  32              		.section	.gnu.lto_halInit.c3b7766357584e48,"",%progbits
ARM GAS  /var/folders/fq/ltb3dbq95yq6ljzx21t9gnkc0000gn/T//ccfFI8Po.s 			page 2


  33 0000 789C7590 		.ascii	"x\234u\2201K\303@\024\307\337\377\245M\203A\020'\011"
  33      314BC340 
  33      14C7DFFF 
  33      A54D8341 
  33      102709
  34 0013 EEDD92EF 		.ascii	"\356\335\222\357\341\344W\220.\016\202`\347\320D38\331"
  34      E1E45790 
  34      2E0E8260 
  34      E7D04433 
  34      38D9
  35 0025 20A51444 		.ascii	" \245\024D\035Dl\255\266\352b\007\207|\002\213Tp)\272"
  35      1D446CAD 
  35      B6EA6207 
  35      877C028B 
  35      547029BA 
  36 0039 44D0CDD2 		.ascii	"D\320\315\322)H\251\357\022\021A{\334\361\356\356\377"
  36      2948A9EF 
  36      1211417B 
  36      DCF1EEEE 
  36      FF
  37 004a BBF7FEF7 		.ascii	"\273\367\376\3674\372;,YM\020-K\204F\340\360\236\310"
  37      34FA3B2C 
  37      594D102D 
  37      4B8446E0 
  37      F09EC8
  38 005d 3718501B 		.ascii	"7\030P\033\002U\030\025\274\363\210\021F\355\206Y<\365"
  38      02551815 
  38      BCF38811 
  38      46ED8659 
  38      3CF5
  39 006f 3CEF63BB 		.ascii	"<\357c\273\357\257FH\230h\314Y\036\234\241H\002\215"
  39      EFAF4648 
  39      9868CC59 
  39      1E9CA148 
  39      028D
  40 0081 82C993A9 		.ascii	"\202\311\223\251\007\002-d\032\232\320%?u\027#o:=\251"
  40      07022D64 
  40      1A9AD025 
  40      3F751723 
  40      6F3A3DA9 
  41 0095 DF0D7205 		.ascii	"\337\015r\005\242X$U\340\225YEm\210\235h2\257X\225\344"
  41      A2582455 
  41      E0955945 
  41      6D889D68 
  41      32AF5895 
  42 00aa 68B0D761 		.ascii	"h\260\327a\367\323\333\365\214\2041fy\217\026\\J\204"
  42      F7D3DBF5 
  42      8C843166 
  42      798F165C 
  42      4A84
  43 00bc 1E2288F6 		.ascii	"\036\"\210\366\365\177Im,:\341\\H\221\352\325\307\236"
  43      F57F496D 
  43      2C3AE15C 
  43      4891EAD5 
  43      C79E
  44 00ce 26524349 		.ascii	"&RCI\271\211\362\"\267/q\377\301xc\271I\217\255j\255"
  44      B989F222 
ARM GAS  /var/folders/fq/ltb3dbq95yq6ljzx21t9gnkc0000gn/T//ccfFI8Po.s 			page 3


  44      B72F71FF 
  44      C17863B9 
  44      498FAD6A 
  45 00e3 87431CF8 		.ascii	"\207C\034\370\241\242\362h\303\305\005\254T;\216\233"
  45      A1A2F268 
  45      C3C505AC 
  45      543B8E9B 
  46 00f3 0D53122C 		.ascii	"\015S\022,\011\214K\241\322\242\350\300MX'\345\270V"
  46      098C4BA1 
  46      D2A2E8C0 
  46      4D5827E5 
  46      B856
  47 0105 98E55813 		.ascii	"\230\345X\023\037\335\037\307B\316\315\"\305\007\256"
  47      1FDD1FC7 
  47      42CECD22 
  47      C507AE
  48 0114 7E913733 		.ascii	"~\22173\311\274\220\327\337\3443\374\350v%%Iu\023\252"
  48      C9BC90D7 
  48      DFE433FC 
  48      E8762525 
  48      497513AA 
  49 0128 8BF245CB 		.ascii	"\213\362E\313\266\235ln\226\235\365\265\015\247\274"
  49      B69D6C6E 
  49      969DF5B5 
  49      0DA7BC
  50 0137 5552D12E 		.ascii	"UR\321.\321\027\006\275\235U"
  50      D11706BD 
  50      9D55
  51              		.text
  52              		.section	.gnu.lto_.symbol_nodes.c3b7766357584e48,"",%progbits
  53 0000 789C4DC8 		.ascii	"x\234M\310\273\015\203@\024D\321;\373X\213\320\035\017"
  53      BB0D8340 
  53      1444D13B 
  53      FB588BD0 
  53      1D0F
  54 0012 01052017 		.ascii	"\001\005 \027`\021\320\000\3766\340\230\032\260\344"
  54      6011D000 
  54      FE36E098 
  54      1AB0E4
  55 0021 3A2CF371 		.ascii	":,\363q\260\223\034\335\011\340\304\177i\224\241\233"
  55      B0931CDD 
  55      09E0C47F 
  55      6994A19B 
  56 0031 C0E6DCD7 		.ascii	"\300\346\334\327\344\2338\032=e\355?MS\243\207\234\312"
  56      E49B381A 
  56      3D65ED3F 
  56      4D53A387 
  56      9CCA
  57 0043 BECB51F6 		.ascii	"\276\313Q\366U\256\312\276\310\271\350\340\3000\177"
  57      55AECABE 
  57      C8B9E8E0 
  57      C0307F
  58 0052 15645E9B 		.ascii	"\025d^\233\025\237\315\240}\257&\206E~+\353(<"
  58      159FCDA0 
  58      7DAF2686 
  58      457E2BEB 
  58      283C
ARM GAS  /var/folders/fq/ltb3dbq95yq6ljzx21t9gnkc0000gn/T//ccfFI8Po.s 			page 4


  59              		.text
  60              		.section	.gnu.lto_.refs.c3b7766357584e48,"",%progbits
  61 0000 789C6366 		.ascii	"x\234cf```c\200\000F\006&F&\006\000\000\261\000\020"
  61      60606063 
  61      80004606 
  61      26462606 
  61      0000B100 
  62              		.text
  63              		.section	.gnu.lto_.decls.c3b7766357584e48,"",%progbits
  64 0000 789C9556 		.ascii	"x\234\225V]PSG\024\276\233\015\011\211\010\216\314\250"
  64      5D505347 
  64      14BE9B0D 
  64      0989088E 
  64      CCA8
  65 0012 C3D88A74 		.ascii	"\303\330\212tJ\235\016\022\252\017\355Cg\252bu\234\241"
  65      4A9D0E12 
  65      AA0FED43 
  65      67AA6275 
  65      9CA1
  66 0024 9A69EBF4 		.ascii	"\232i\353\364\241\017i$\0212\003$\223\204\216}[\301"
  66      A10F6924 
  66      11320324 
  66      93848E7D 
  66      5BC1
  67 0036 07105A83 		.ascii	"\007\020Z\203T\013h%*6\024\021\377\245\010\"\332\212"
  67      540B6825 
  67      2A361411 
  67      FFA50822 
  67      DA8A
  68 0048 88A2B6FE 		.ascii	"\210\242\266\376 \026!\"\022\312o\000QhQzv7?\2274\314"
  68      20162122 
  68      12CA6F00 
  68      5168517A 
  68      76373F97 
  69 005e D83B3977 		.ascii	"\330;9w\357\331\375\316w\276={\356\005,\010\302~\260"
  69      EFD9FDCE 
  69      77BE3D7B 
  69      EE052C08 
  69      C27EB0
  70 0071 69B8D40A 		.ascii	"i\270\324\012A\210\223\010\002\374\0045\030\002\353"
  70      41889308 
  70      02FC0435 
  70      1802EB
  71 0080 14F82503 		.ascii	"\024\370%\003\353\002\353\006\353\001\353\005\033\000"
  71      EB02EB06 
  71      EB01EB05 
  71      1B00
  72 008e 1BF2E0DC 		.ascii	"\033\362\340\334\302\314\213b\345\036\236\0210'\330"
  72      C2CC8B62 
  72      E51E9E11 
  72      3027D8
  73 009d A887AF03 		.ascii	"\250\207\257\003\254/\200w\310\303\327\353\341\357\236"
  73      AC2F8077 
  73      C8C3D7EB 
  73      E1EF9E
  74 00ac 85774482 		.ascii	"\205wD\202\352:r\373\024\275\022\024\256t\206R\277y"
  74      EA3A72FB 
ARM GAS  /var/folders/fq/ltb3dbq95yq6ljzx21t9gnkc0000gn/T//ccfFI8Po.s 			page 5


  74      14BD1214 
  74      AE748652 
  74      BF79
  75 00be BA707B08 		.ascii	"\272p{\010\370a\312|D\375\303E\217\357*\343*\010!9\244"
  75      F861CA7C 
  75      44FDC345 
  75      8FEF2AE3 
  75      2A082139 
  76 00d3 619E3FAE 		.ascii	"a\236?\256v\342\234#\234\3071\334\251\272\336\361\010"
  76      76E29C23 
  76      9CC731DC 
  76      A9BADEF1 
  76      08
  77 00e4 16B798BA 		.ascii	"\026\267\230\272\235\365\265=2\254`K5U\317Z\3460h4u"
  77      9DF5B53D 
  77      32AC604B 
  77      3555CF5A 
  77      E6306834 
  78 00f9 CFEF6E2A 		.ascii	"\317\357n*\2221\244\224\272\027\353'\032\225x1C\346"
  78      9231A494 
  78      BA17EB27 
  78      1A957831 
  78      43E6
  79 010b E738AF29 		.ascii	"\3478\257)\361\333\354y\373O\265\371r\200-U\262|\235"
  79      F1DBEC79 
  79      FB4FB5F9 
  79      72802D55 
  79      B27C9D
  80 011e FB26CB14 		.ascii	"\373&\313\024\314\245\305\215\200)IS\0179\034\216b\225"
  80      CCA5C58D 
  80      80294953 
  80      0F391C8E 
  80      6295
  81 0130 6520CEDD 		.ascii	"e \316\335\273\273q1!Rt\006)\321\011\204\321\317(\216"
  81      BBBB7131 
  81      21527406 
  81      29D10984 
  81      D1CF288E 
  82 0144 6E9A46D3 		.ascii	"n\232F\323+\207\220,b\313&\212\246p\001\035CQ\250\012"
  82      2B87902C 
  82      62CB268A 
  82      A670011D 
  82      4351A80A 
  83 0158 4509E834 		.ascii	"E\011\3504\212\005\004\303\242\2230y\012&\201\370\312"
  83      8A0504C3 
  83      A2933079 
  83      0A2681F8 
  83      CA
  84 0169 54FD8E10 		.ascii	"T\375\216\020\244\214\015\036t.H\020\223\360\350\360"
  84      A48C0D1E 
  84      742E4810 
  84      93F0E8F0 
  85 0179 0F0BA884 		.ascii	"\017\013\250\204\263 \341\270_\002(\362Um\252\271\244"
  85      B320E1B8 
  85      5F0228F2 
  85      556DAAB9 
  85      A4
ARM GAS  /var/folders/fq/ltb3dbq95yq6ljzx21t9gnkc0000gn/T//ccfFI8Po.s 			page 6


  86 018a 260C9720 		.ascii	"&\014\227 \266\303R\333\376\361\020l\347\316\341g\267"
  86      B6C352DB 
  86      FEF1106C 
  86      E7CEE167 
  86      B7
  87 019b 4742B183 		.ascii	"GB\261\203;e{\366V\362C`gr\350x\315\027\3708_:c\257"
  87      3B657BF6 
  87      56F24360 
  87      6772E878 
  87      CD17F838 
  88 01b3 BC8AF159 		.ascii	"\274\212\361Y\356\\\357\232\030\013c\270y\324\275<x"
  88      EE5CEF9A 
  88      180B63B8 
  88      79D4BD3C 
  88      78
  89 01c4 342F1CD7 		.ascii	"4/\034\327\360\265\362#\337\2720\256\347N\361\213\033"
  89      F0B5F223 
  89      DFBA30AE 
  89      E74EF18B 
  89      1B
  90 01d5 8DFC7416 		.ascii	"\215\374t\026\201\253\310\275\264\243'\014\305\360+"
  90      81ABC8BD 
  90      B4A3270C 
  90      C5F02B
  91 01e4 32D60EFB 		.ascii	"2\326\016\373t\3479\236l(\314&e\213\230\376_@\177\023"
  91      74E7399E 
  91      6C28CC26 
  91      658B98FE 
  91      5F407F13 
  92 01f8 8AF4EF7A 		.ascii	"\212\364\357zY\224\300j\000\373\240p\373>\207\254)\201"
  92      5994C06A 
  92      00FBA070 
  92      FB3E87AC 
  92      2981
  93 020a 41EB02A1 		.ascii	"A\353\002\241\027(\012\275\353\203\346\371\240\325A"
  93      17280ABD 
  93      EB83E6F9 
  93      A0D541
  94 0219 59FDC862 		.ascii	"Y\375\310b\037\2626\020y\036\005\010\370\321\207\255"
  94      1FB23610 
  94      791E0508 
  94      F8D187AD 
  95 0229 0F2E4084 		.ascii	"\017.@\204\335\345\303\326\004\347\365K(\365A/\006B"
  95      DDE5C3D6 
  95      04E7F54B 
  95      28F5412F 
  95      0642
  96 023b 1BFCD002 		.ascii	"\033\374\320\0028ob#d\225U@\025\260~\224-Q4\034:\272"
  96      386F6223 
  96      64955540 
  96      15B07E94 
  96      2D51341C 
  97 0251 061DF22B 		.ascii	"\006\035\362+\212A\227\300\032\301~\003\273\014v\005"
  97      8A4197C0 
  97      1AC17E03 
  97      BB0C7605 
  98 0261 EC2A8A61 		.ascii	"\354*\212a\315@;\306\231\353\220\021D\303\004O\263\370"
ARM GAS  /var/folders/fq/ltb3dbq95yq6ljzx21t9gnkc0000gn/T//ccfFI8Po.s 			page 7


  98      CD403BC6 
  98      99EB9011 
  98      44C3044F 
  98      B3F8
  99 0273 DE2F497E 		.ascii	"\336/I~\313\336\374\271(26X&t\035\022\374\357d\345)"
  99      CBDEFCB9 
  99      28323658 
  99      26741D12 
  99      FCEF64E5 
 100 0288 A1A81982 		.ascii	"\241\250\031\202*\375\255I3{[\363\336\313\2267\3618"
 100      2AFDAD49 
 100      337B5BF3 
 100      DECB9637 
 100      F138
 101 029a 6F17E74B 		.ascii	"o\027\347K\333\231\020<\305\235\357\233\013\276\302"
 101      DB99103C 
 101      C59DEF9B 
 101      0BBEC2
 102 02a9 D912FE52 		.ascii	"\331\022\376R6\034\273#g}\364\001u++m{\345x'_s\325\017"
 102      361CBB23 
 102      677DF401 
 102      752B2B6D 
 102      7BE57827 
 103 02c1 10095B53 		.ascii	"\020\011[SSw\360\362\363\0349.\340k\245\337\235\232"
 103      5377F0F2 
 103      F31C392E 
 103      E06BA5DF 
 103      9D9A
 104 02d3 E4EFBC09 		.ascii	"\344\357\274\011\\\371\213\223\225%R\332\177\22111\264"
 104      5CF98B93 
 104      952552DA 
 104      7F913131 
 104      B4
 105 02e4 FB88B3D7 		.ascii	"\373\210\263\327\261\221@\335\251\276?@_+\214\276\335"
 105      B19140DD 
 105      A9BE3F40 
 105      5F2B8CBE 
 105      DD
 106 02f5 DE997144 		.ascii	"\336\231qD\304^\367\216\007y#\020\271l&\360\206\027"
 106      C45EF78E 
 106      07792310 
 106      B96C26F0 
 106      8617
 107 0307 78331078 		.ascii	"x3\020x+\370Q:`\275\234-\265z\252\373\020\252{\017*"
 107      2BF8513A 
 107      60BD9C2D 
 107      B57AAAFB 
 107      10AA7B0F 
 108 031c F900EC3E 		.ascii	"\371\000\354>X\033\330]OUY\216&o\216\226\300\034\015"
 108      581BD85D 
 108      4F55598E 
 108      266F8E96 
 108      C01C0D
 109 032f 33BB90D8 		.ascii	"3\273\220\330\037x\241\267\003\241\277\213\240\354\254"
 109      1F78A1B7 
 109      03A1BF8B 
 109      A0ECAC
ARM GAS  /var/folders/fq/ltb3dbq95yq6ljzx21t9gnkc0000gn/T//ccfFI8Po.s 			page 8


 110 033e 6A5863B4 		.ascii	"jXc\264\006i\014t\360Ye\265\034\027\261\272J\262_\332"
 110      06690C74 
 110      F05965B5 
 110      1C17B1BA 
 110      4AB25FDA 
 111 0352 B2504097 		.ascii	"\262P@\227x7\201\036\201\366\327\331\007\313\370\012"
 111      7837811E 
 111      81F6D7D9 
 111      07CBF80A 
 112 0362 BAA31DC0 		.ascii	"\272\243\035\300\177\372\273\243U\324\035\2561G\235"
 112      7FFABBA3 
 112      55D41DAE 
 112      31479D
 113 0371 2CD293C6 		.ascii	",\322\223\306>[\032a\326\034@A\036T\235\227\206\355"
 113      3E5B1A61 
 113      D61C4041 
 113      1E549D97 
 113      86ED
 114 0383 F47F5351 		.ascii	"\364\177SQ\207\350\355\022P'\012\243H:\322\277/\377"
 114      87E8ED12 
 114      50270AA3 
 114      483AD2BF 
 114      2FFF
 115 0395 74DD952E 		.ascii	"t\335\225.\334\303\022f\223yR\244^ \302:\321B\270\177"
 115      DCC31266 
 115      937952A4 
 115      5E20C23A 
 115      D142B87F 
 116 03a9 29E5CC5D 		.ascii	")\345\314]\015\016W\004>\304[\255\252\240\330!\217>"
 116      0D0E5704 
 116      3EC45BAD 
 116      AAA0D821 
 116      8F3E
 117 03bb 40EC27DC 		.ascii	"@\354'\334\017s\017\340bb\317\"\257\246\247\021\013"
 117      0F730FE0 
 117      6262CF22 
 117      AFA6A711 
 117      0B
 118 03cc 428F7DDB 		.ascii	"B\217}\333\023\3503\323\206\272P4\004\332\253w\214J"
 118      13E833D3 
 118      86BA5034 
 118      04DAAB77 
 118      8C4A
 119 03de F115CEE2 		.ascii	"\361\025\316\342\354\251\233\300\300\342$\356\375\327"
 119      ECA99BC0 
 119      C0E224EE 
 119      FDD7
 120 03ec FB571564 		.ascii	"\373W\025d\333\312\210szz\011gy\"by\342e\351f,\025\245"
 120      DBCA8873 
 120      7A7A0967 
 120      79226279 
 120      E265E966 
 121 0403 BBEEC971 		.ascii	"\273\356\311q\037g\251(|:6\207\261\234\030\350\1771"
 121      1F67A928 
 121      7C3A3687 
 121      B19C18E8 
 121      7F31
ARM GAS  /var/folders/fq/ltb3dbq95yq6ljzx21t9gnkc0000gn/T//ccfFI8Po.s 			page 9


 122 0415 B7981C14 		.ascii	"\267\230\034\024ky*by\352e\351a,u\367s\234r|\0043\226"
 122      6B792A62 
 122      79EA65E9 
 122      612C75F7 
 122      739C727C 
 123 042c B13D6D93 		.ascii	"\261=m\223\012\316\322\336rZ\022\300\342\022\261\270"
 123      0ACED2DE 
 123      725A12C0 
 123      E212B1B8 
 124 043c BC2CBD8C 		.ascii	"\274,\275\214\345P{\363\224\\*\3415\245\325\202\271"
 124      E5507BF3 
 124      945C2AE1 
 124      35A5D582 
 124      B9
 125 044d 92C93B59 		.ascii	"\222\311;Yx\326\272\366\261\272\376\205\274\205-o\255"
 125      78D6BAF6 
 125      B1BAFE85 
 125      BC852D6F 
 125      AD
 126 045e 95E39B5C 		.ascii	"\225\343\233\\\006\331}k*\224\313\310s\015c\221\014"
 126      06D97D6B 
 126      2A94CBC8 
 126      730D6391 
 126      0C
 127 046f 8842FD22 		.ascii	"\210B\375\"\031\375^\031\003L\306.\333 |\370\3339K\373"
 127      19FD5E19 
 127      034CC62E 
 127      DB207CF8 
 127      DB394BFB 
 128 0483 85C7A311 		.ascii	"\205\307\243\021\234\245m\370\357\360\200\315\014\212"
 128      9CA56DF8 
 128      EFF080CD 
 128      0C8A
 129 0491 5806BD2C 		.ascii	"X\006\275,C\214\245\325\325]\2121|6\330?\012\017\333"
 129      438CA5D5 
 129      D55D8A31 
 129      7C36D83F 
 129      0A0FDB
 130 04a4 C6D15B07 		.ascii	"\306\321[\007\211\233\270\363\256\016%\026\0228\036"
 130      899BB8F3 
 130      AE0E2516 
 130      12381E
 131 04b3 E29EFE68 		.ascii	"\342\236\376h\011\353\251a\316\"z\235\2079\027r\243"
 131      09EBA961 
 131      CE227A9D 
 131      87391772 
 131      A3
 132 04c4 B720BAA3 		.ascii	"\267 \272\243\250a\347\314N\244\271\375U\030\361t\342"
 132      A861E7CC 
 132      4EA4B9FD 
 132      5518F174 
 132      E2
 133 04d5 08EBC4E7 		.ascii	"\010\353\304\347\325\243.\305\014t\337\014\364\250\007"
 133      D5A32EC5 
 133      0C74DF0C 
 133      F4A807
 134 04e4 4D47D9FA 		.ascii	"MG\331\372\215\233\243\023\205\371\026k\372\312\025"
ARM GAS  /var/folders/fq/ltb3dbq95yq6ljzx21t9gnkc0000gn/T//ccfFI8Po.s 			page 10


 134      8D9BA313 
 134      85F9166B 
 134      FACA15
 135 04f3 9A1493C1 		.ascii	"\232\024\223\301\250\261\350\255\231&\21554\323\220"
 135      A8B1E8AD 
 135      99268D35 
 135      34D390
 136 0502 618539AB 		.ascii	"a\2059\253R\243\361>~\2502\232\254\252\224\344\344\345"
 136      52A3F13E 
 136      7EA8329A 
 136      ACAA94E4 
 136      E4E5
 137 0514 5A73BA0A 		.ascii	"Zs\272\012ly\2061C\277\\\257\335bP\0312\222\3232uzU"
 137      6C798631 
 137      43BF5CAF 
 137      DD625019 
 137      3292D332 
 138 052b BA3639D5 		.ascii	"\27269\325\220\241Wit\372\255\332\3144\253\306\372\215"
 138      90A15769 
 138      74FAADDA 
 138      CC34ABC6 
 138      FA8D
 139 053d 496F894F 		.ascii	"Io\211O\025\342^#\330b\325A*\000\207\244\033uz\263\314"
 139      15E25E23 
 139      D862D541 
 139      2A0087A4 
 139      1B757AB3 
 140 0552 4883CD72 		.ascii	"H\203\315r\243\305\244\327\353\314!\246L\223\316\214"
 140      A3C5A4D7 
 140      EBCC21A6 
 140      4C93CE8C 
 141 0562 8D3AB354 		.ascii	"\215:\263T\273\325\234Fo\251\357\305\307\253\370\317"
 141      BBD59C46 
 141      6FA9EFC5 
 141      C7ABF8CF 
 142 0572 6851A56A 		.ascii	"hQ\245j\323T&\243\331jQ}\366\371'+W\250\222\222\326"
 142      D35426A3 
 142      D96A517D 
 142      F6F9272B 
 142      57A89292 
 143 0587 AAD6AB37 		.ascii	"\252\326\2537l\372z\205\312\244M\323\244\245\351\200"
 143      6CFA7A85 
 143      CAA44DD3 
 143      A4A5E980 
 144 0597 5AA65EBD 		.ascii	"Z\246^\275Vk\325\312\324k\370\220\310\207\265|XG\007"
 144      566BD5CA 
 144      D46BF890 
 144      C887B57C 
 144      584707
 145 05aa 857A7552 		.ascii	"\205zuR\2421c\253!E\016\224\0332\014\326\250\3004\026"
 145      A23163AB 
 145      21450E94 
 145      1B320CD6 
 145      A8C03416 
 146 05be 73321DE3 		.ascii	"s2\035\343\223\005\231\305J\021o\004\"\374{\202\244"
 146      930599C5 
 146      4A116F04 
ARM GAS  /var/folders/fq/ltb3dbq95yq6ljzx21t9gnkc0000gn/T//ccfFI8Po.s 			page 11


 146      22FC7B82 
 146      A4
 147 05cf 8A2D46AD 		.ascii	"\212-F\255YGq\011\2018\266B\025k6nNL\372x\223f]\302"
 147      59477109 
 147      8138B642 
 147      156B366E 
 147      4E4CFA78 
 148 05e7 FB099FAE 		.ascii	"\373\011\237\256\341\363T\257\205\305-\235\225_o6\200"
 148      E1F354AF 
 148      85C52D9D 
 148      955F6F36 
 148      80
 149 05f8 905461AE 		.ascii	"\220Ta\256\306\263I\215\001\360a\251\"\347?I\305Ub\367"
 149      C6B3498D 
 149      01F061A9 
 149      22E73F49 
 149      C55562F7 
 150 060c 7509DBB6 		.ascii	"u\011\333\266\251R}E\232O\251\274'\230\314J\361/\012"
 150      A9527D45 
 150      9A4FA9BC 
 150      2798CC4A 
 150      F12F0A
 151 061f F18C55   		.ascii	"\361\214U"
 152              		.text
 153              		.section	.gnu.lto_.symtab.c3b7766357584e48,"",%progbits
 154 0000 68616C49 		.ascii	"halInit\000\000\000\000\000\000\000\000\000\000\000"
 154      6E697400 
 154      00000000 
 154      00000000 
 154      0000
 155 0012 00E20000 		.ascii	"\000\342\000\000\000pal_default_config\000\000\002\000"
 155      0070616C 
 155      5F646566 
 155      61756C74 
 155      5F636F6E 
 156 002d 00000000 		.ascii	"\000\000\000\000\000\000\000\000\360\000\000\000stI"
 156      00000000 
 156      F0000000 
 156      737449
 157 003c 6E697400 		.ascii	"nit\000\000\002\000\000\000\000\000\000\000\000\000"
 157      00020000 
 157      00000000 
 157      000000
 158 004b E4000000 		.ascii	"\344\000\000\000boardInit\000\000\002\000\000\000\000"
 158      626F6172 
 158      64496E69 
 158      74000002 
 158      00000000 
 159 005f 00000000 		.ascii	"\000\000\000\000\000\346\000\000\000sdInit\000\000\002"
 159      00E60000 
 159      00736449 
 159      6E697400 
 159      0002
 160 0071 00000000 		.ascii	"\000\000\000\000\000\000\000\000\000\350\000\000\000"
 160      00000000 
 160      00E80000 
 160      00
ARM GAS  /var/folders/fq/ltb3dbq95yq6ljzx21t9gnkc0000gn/T//ccfFI8Po.s 			page 12


 161 007e 5F70616C 		.ascii	"_pal_lld_init\000\000\002\000\000\000\000\000\000\000"
 161      5F6C6C64 
 161      5F696E69 
 161      74000002 
 161      00000000 
 162 0095 0000EC00 		.ascii	"\000\000\354\000\000\000hal_lld_init\000\000\002\000"
 162      00006861 
 162      6C5F6C6C 
 162      645F696E 
 162      69740000 
 163 00ab 00000000 		.ascii	"\000\000\000\000\000\000\000\000\356\000\000\000"
 163      00000000 
 163      EE000000 
 164              		.text
 165              		.section	.gnu.lto_.opts,"",%progbits
 166 0000 272D666E 		.ascii	"'-fno-trapv' '-mcpu=cortex-m0' '-mno-thumb-interwor"
 166      6F2D7472 
 166      61707627 
 166      20272D6D 
 166      6370753D 
 167 0033 6B272027 		.ascii	"k' '-mthumb' '-ggdb' '-O2' '-fomit-frame-pointer' '"
 167      2D6D7468 
 167      756D6227 
 167      20272D67 
 167      67646227 
 168 0066 2D66616C 		.ascii	"-falign-functions=16' '-ffunction-sections' '-fdata"
 168      69676E2D 
 168      66756E63 
 168      74696F6E 
 168      733D3136 
 169 0099 2D736563 		.ascii	"-sections' '-fno-common' '-flto'\000"
 169      74696F6E 
 169      73272027 
 169      2D666E6F 
 169      2D636F6D 
 170              		.text
 171              		.comm	__gnu_lto_v1,1,1
 172              		.comm	__gnu_lto_slim,1,1
 173              		.ident	"GCC: (GNU Tools for ARM Embedded Processors) 4.9.3 20150303 (release) [ARM/embedded-4_9-br
ARM GAS  /var/folders/fq/ltb3dbq95yq6ljzx21t9gnkc0000gn/T//ccfFI8Po.s 			page 13


DEFINED SYMBOLS
                            *ABS*:0000000000000000 hal.c
                            *COM*:0000000000000001 __gnu_lto_v1
                            *COM*:0000000000000001 __gnu_lto_slim

NO UNDEFINED SYMBOLS
