ARM GAS  /var/folders/fq/ltb3dbq95yq6ljzx21t9gnkc0000gn/T//ccfuS3Hm.s 			page 1


   1              		.cpu cortex-m0
   2              		.fpu softvfp
   3              		.eabi_attribute 20, 1
   4              		.eabi_attribute 21, 1
   5              		.eabi_attribute 23, 3
   6              		.eabi_attribute 24, 1
   7              		.eabi_attribute 25, 1
   8              		.eabi_attribute 26, 1
   9              		.eabi_attribute 30, 2
  10              		.eabi_attribute 34, 0
  11              		.eabi_attribute 18, 4
  12              		.code	16
  13              		.file	"nvic.c"
  14              		.text
  15              	.Ltext0:
  16              		.section	.gnu.lto_.profile.71f9887fc009a825,"",%progbits
  17 0000 789C6366 		.ascii	"x\234cf```a\200\000F\006)1\000\000\276\0009"
  17      60606061 
  17      80004606 
  17      29310000 
  17      BE0039
  18              		.text
  19              		.section	.gnu.lto_.jmpfuncs.71f9887fc009a825,"",%progbits
  20 0000 789C6366 		.ascii	"x\234cf\300\016\244\2404\013\003\023##s}=#\020\3243"
  20      C00EA4A0 
  20      340B0313 
  20      2323737D 
  20      3D2310D4 
  21 0015 41D8CC20 		.ascii	"A\330\314 6\003\000(\334\0036"
  21      36030028 
  21      DC0336
  22              		.text
  23              		.section	.gnu.lto_.inline.71f9887fc009a825,"",%progbits
  24 0000 789C6D8C 		.ascii	"x\234m\214\313\015\2000\014C\235\017i\340\302\010\335"
  24      CB0D8030 
  24      0C439D0F 
  24      69E0C208 
  24      DD
  25 0011 801199A5 		.ascii	"\200\021\231\245#1\012#`\240\2528`)J\"\373\331\360\257"
  25      23310A23 
  25      60A0AA38 
  25      60294A22 
  25      FBD9F0AF 
  26 0025 BD6F0796 		.ascii	"\275o\007\226YT\2047\307\343\334\020\255*\364X\035\374"
  26      59548437 
  26      C7E3DC10 
  26      AD2AF458 
  26      1DFC
  27 0037 9246D2CA 		.ascii	"\222F\322\312\302\014\023\346\255\276\011\232\3764("
  27      C20C13E6 
  27      ADBE099A 
  27      FE3428
  28 0046 2617B92B 		.ascii	"&\027\271+\214\324\007\247\014%:8\274\001\342\002F;"
  28      8CD407A7 
  28      0C253A38 
  28      BC01E202 
  28      463B
ARM GAS  /var/folders/fq/ltb3dbq95yq6ljzx21t9gnkc0000gn/T//ccfuS3Hm.s 			page 2


  29 0058 0CFC     		.ascii	"\014\374"
  30              		.text
  31              		.section	.gnu.lto_.pureconst.71f9887fc009a825,"",%progbits
  32 0000 789C6366 		.ascii	"x\234cf``\340d\200\000\026\006)F)&)f)\000\002\305\000"
  32      6060E064 
  32      80001606 
  32      29462926 
  32      29662900 
  33 0017 7F       		.ascii	"\177"
  34              		.text
  35              		.section	.gnu.lto_nvicEnableVector.71f9887fc009a825,"",%progbits
  36 0000 789C9552 		.ascii	"x\234\225RMk\023Q\024}\347\315d\222&\032\305\215\020"
  36      4D6B1351 
  36      147DE7CD 
  36      6492261A 
  36      C58D10
  37 0013 115D18BA 		.ascii	"\021]\030\272\220d\\\370\003\024\327\005\361\037H6\026"
  37      90645CF8 
  37      0314D705 
  37      F11F4836 
  37      16
  38 0024 6C525A11 		.ascii	"lRZ\021w}ib\262\260\320\222\215\305\222\205V\361#6\325"
  38      777D6962 
  38      B2B0D092 
  38      8DC59285 
  38      56F12336 
  39 0039 6A358D55 		.ascii	"j5\215U\206\202\322\205Z\203\021\245\204\2700\212\037"
  39      8682D285 
  39      5A8311A5 
  39      84B8308A 
  39      1F
  40 004a 5D985A68 		.ascii	"]\230Zh\262(\365\3367\021\027\355B\207\231\367\336\375"
  40      B228F5DE 
  40      371117ED 
  40      428799F7 
  40      DEFD
  41 005c 38F79E73 		.ascii	"8\367\236s\337\030b\353\023\242/b\010q\224v\030\002"
  41      DF1862EB 
  41      13A22F62 
  41      08719476 
  41      1802
  42 006e 72ECB510 		.ascii	"r\354\265\020I\237\004\370  \206$\206\360M6%\306\234"
  42      499F04F8 
  42      20208624 
  42      86F04D36 
  42      25C69C
  43 0081 C278A0FB 		.ascii	"\302x\240\373\206R\352gn)y\322A[\012\361K\272up\023"
  43      8652EA67 
  43      6E2979D2 
  43      415B0AF1 
  43      4BBA7570 
  44 0096 DD9453FD 		.ascii	"\335\224S\375\360)c\032Q\010:\317\025\327^\005\276\312"
  44      F029631A 
  44      51083ACF 
  44      15D75E05 
  44      BECA
  45 00a8 B6C44136 		.ascii	"\266\304A6\313\271\305q\213Mi\2629\373\264\370bWxR\251"
ARM GAS  /var/folders/fq/ltb3dbq95yq6ljzx21t9gnkc0000gn/T//ccfuS3Hm.s 			page 3


  45      CBB9C571 
  45      8B4D69B2 
  45      39FBB4F8 
  45      62577852 
  46 00bd 61677146 		.ascii	"agqF\0353\333\322\300-\030T\017\267\021\302\035\204"
  46      1D33DBD2 
  46      C02D1854 
  46      0FB711C2 
  46      1D84
  47 00cf 04B9040A 		.ascii	"\004\271\004\012\010S\366\233+kU\3238\242\353V\212/"
  47      0853F69B 
  47      2B6B55D3 
  47      38A2EB56 
  47      8A2F
  48 00e1 AB1D64ED 		.ascii	"\253\035d\355\017\362\3566\310)\2049\275\231\336x\037"
  48      0FF2EE36 
  48      C8298439 
  48      BD99DE78 
  48      1F
  49 00f2 B0D2447B 		.ascii	"\260\322D{\267\313\026EX\240}z\217\24367'gW\354\235"
  49      B7CB1645 
  49      58A07D7A 
  49      8FA33637 
  49      276757EC 
  50 0107 00674BC2 		.ascii	"\000gK\302\231&\270\245\305G/-\036\037/]\274\370\331"
  50      9926B8A5 
  50      C5472F2D 
  50      1E1F2F5D 
  50      BCF8D9
  51 011a 2744836A 		.ascii	"'D\203j\360l>K\311\273\261\214T-S\317z\271\354\272\224"
  51      F06C3E4B 
  51      C9BBB18C 
  51      542D53CF 
  51      7AB9ECBA 
  52 012f EBD45122 		.ascii	"\353\324Q\"w\261T\012\262X\217%0M\214\226\261\220\273"
  52      77B1540A 
  52      B2588F25 
  52      304D8C96 
  52      B190BB
  53 0142 BA977328 		.ascii	"\272\227s(\272\372C\345M\216Zj!\245\202\314\362cc\251"
  53      BAFA43E5 
  53      4D8E5A6A 
  53      21A582CC 
  53      F26363A9 
  54 0156 E2D32EC1 		.ascii	"\342\323.\301\346\265w\255\357\301<&\222J9\336\266\364"
  54      E6B577AD 
  54      EFC13C26 
  54      924A39DE 
  54      B6F4
  55 0168 E21E29BB 		.ascii	"\342\036)\273Ou8\330\276>\022\210\024T\232.\300\207"
  55      4F7538D8 
  55      BE3E1288 
  55      14549A2E 
  55      C087
  56 017a 19E4B1AA 		.ascii	"\031\344\261\252/\201\"\227.WZ>{J\245\223\316\276\266"
  56      2F812297 
  56      2E575A3E 
ARM GAS  /var/folders/fq/ltb3dbq95yq6ljzx21t9gnkc0000gn/T//ccfuS3Hm.s 			page 4


  56      7B4AA593 
  56      CEBEB6
  57 018d ECC20344 		.ascii	"\354\302\003D\326\2313\211~\010\233\330\021\217T=\363"
  57      D6993389 
  57      7E089BD8 
  57      118F543D 
  57      F3
  58 019e 25EB71D9 		.ascii	"%\353q\331\322k\022l\345\355Dy\207f\353\021\230\325"
  58      D26B126C 
  58      E5ED4479 
  58      8766EB11 
  58      98D5
  59 01b0 6C87EBD9 		.ascii	"l\207\353\331\252\341&y\271\004\341Z\226k\373\310E\240"
  59      AAE12679 
  59      B904E15A 
  59      966BFBC8 
  59      45A0
  60 01c2 F9D1D1E7 		.ascii	"\371\321\321\347^\015: \360H\203R\265NJ\027\016\205"
  60      5E0D3A20 
  60      F0488352 
  60      B54E4A17 
  60      0E85
  61 01d4 28D1ADB3 		.ascii	"(\321\255\263&]\247\237\374z\016\350\214\341_E\372\361"
  61      265DA79F 
  61      FC7A0EE8 
  61      8CE15F45 
  61      FAF1
  62 01e6 588BC416 		.ascii	"X\213\304\026\221\373Yd\211EZZ\344\034\213\364\353&"
  62      91FB5964 
  62      89455A5A 
  62      E41C8BF4 
  62      EB26
  63 01f8 CD67D1FF 		.ascii	"\315g\321\377nS\326m\344\366m\236\374m3\357\266\251"
  63      6E53D66D 
  63      E4F66D9E 
  63      FC6D33EF 
  63      B6A9
  64 020a 23E96CE8 		.ascii	"#\351l\350I\262\267A\374\350\177 \364\341h\324v\337"
  64      49B2B741 
  64      FCE87F20 
  64      F4E168D4 
  64      76DF
  65 021c C4A07DE6 		.ascii	"\304\240}\346\364Y\273?1pn\320\216%\372\372\022q\373"
  65      F459BB3F 
  65      31706ED0 
  65      8E25FAFA 
  65      1271FB
  66 022f F8A99E13 		.ascii	"\370\251\236\023=\027\354\370\371\336X4&\0207\373\007"
  66      3D17ECF8 
  66      F9DE5834 
  66      261037FB 
  66      07
  67 0240 7A13BF01 		.ascii	"z\023\277\001\212\232$\243"
  67      8A9A24A3 
  68              		.text
  69              		.section	.gnu.lto_nvicDisableVector.71f9887fc009a825,"",%progbits
  70 0000 789C8D51 		.ascii	"x\234\215QKk\023Q\024\276\337\271\223I\332H\025W%\""
ARM GAS  /var/folders/fq/ltb3dbq95yq6ljzx21t9gnkc0000gn/T//ccfuS3Hm.s 			page 5


  70      4B6B1351 
  70      14BEDFB9 
  70      9349DA48 
  70      15572522 
  71 0014 BAB07421 		.ascii	"\272\260t!\315\375\013\026\241\273B\361\037H6\012&)"
  71      CDFD0B16 
  71      A1BB42F1 
  71      1F48360A 
  71      2629
  72 0026 56C45D6F 		.ascii	"V\304]o\232X\027\012-\3354\320fc\255\257\330\364\021"
  72      9A58170A 
  72      2DDD34D0 
  72      6663ADAF 
  72      D8F411
  73 0039 AB582A0C 		.ascii	"\253X*\014\005E\301\007\325\212R$\"F\360\265\350\013"
  73      0545C107 
  73      D58A5224 
  73      2246F0B5 
  73      E80B
  74 004b 9A59683D 		.ascii	"\232Yh=g\246\013\241\033\207\231s\357\371\356w\276\357"
  74      67A60BA1 
  74      1B879973 
  74      EFF9EE77 
  74      BEEF
  75 005d 9CB95AED 		.ascii	"\234\271Z\355}\022\374\245I)\303+\264\002\015\277R*"
  75      7D12FCA5 
  75      4929C32B 
  75      B4020DBF 
  75      522A
  76 006f 17234036 		.ascii	"\027#@6\012\252\237\320\217\357\264N\030\366\312\305"
  76      0AAA9FD0 
  76      8FEFB44E 
  76      18F6CAC5 
  77 007f 78FBA4B5 		.ascii	"x\373\244\265v\355\315l\353\345V\237\3136)\224\301-"
  77      76EDCD6C 
  77      EBE5569F 
  77      CB362994 
  77      C12D
  78 0091 B43365E5 		.ascii	"\2643e\345\303\227AG'\241x\377\250\262\3652\376\215"
  78      C3974147 
  78      27A178FF 
  78      A8B2F532 
  78      FE8D
  79 00a3 7CC25149 		.ascii	"|\302QI\027F\236\025]I\311\221t\376q\345\351\376\266"
  79      17469E15 
  79      5D49C991 
  79      74FE71E5 
  79      E9FEB6
  80 00b6 096B07BC 		.ascii	"\011k\007\274\347s\366\204\343\223\306mh\326\303\035"
  80      E773F684 
  80      E393C66D 
  80      68D6C31D 
  81 00c6 24701709 		.ascii	"$p\027\011\305\220B\031mB_/\374~\037w\013\354} \364"
  81      C5904219 
  81      6D425F2F 
  81      FC7E1F77 
  81      0BEC7D20 
ARM GAS  /var/folders/fq/ltb3dbq95yq6ljzx21t9gnkc0000gn/T//ccfuS3Hm.s 			page 6


  82 00db C43DB8E0 		.ascii	"\304=\270\340u\372\240gwv&n\216W\235f@\350\304\205\216"
  82      75FAA067 
  82      7776266E 
  82      8E579D66 
  82      40E8C485 
  83 00f0 E6107124 		.ascii	"\346\020q$D$\270\202)U\347J\031\353+\221\254z\025\371"
  83      4424B882 
  83      2955E74A 
  83      19EB2B91 
  83      AC7A15F9 
  84 0104 DAE09F62 		.ascii	"\332\340\237b\217\210m\023m\263\017\341\327\333\261"
  84      8F886D13 
  84      6DB30FE1 
  84      D7DBB1
  85 0113 857DD228 		.ascii	"\205}\322(\227b\212\373X\305@\355\312\212\016I\232I"
  85      97628AFB 
  85      58C540ED 
  85      CA8A0E49 
  85      9A49
  86 0125 8CE41B6E 		.ascii	"\214\344\033n\230;\014q\321\342\320\320\223hPtD\241"
  86      983B0C71 
  86      D1E2D0D0 
  86      93685074 
  86      44A1
  87 0137 1214E53F 		.ascii	"\022\024\345?\356R\"8\226`b\250\263E!(8#K#\220\234\025"
  87      EE522238 
  87      966062A8 
  87      B3452128 
  87      38234B23 
  88 014e 367EDA92 		.ascii	"6~\332\222#\012\256]\312\333\026\031\372S\375\365r,"
  88      230AAE5D 
  88      CADB1619 
  88      FA53FDF5 
  88      722C
  89 0160 8094A4D7 		.ascii	"\200\224\244\327\3375~\264\2240\226\263\326\213\372"
  89      DF357EB4 
  89      943096B3 
  89      D68BFA
  90 016f 14C534FF 		.ascii	"\024\3054\377\250\031\366\222C\377\306\265xG\331\026"
  90      A819F692 
  90      43FFC6B5 
  90      7847D916 
  91 017f E0530CB3 		.ascii	"\340S\014\263(a#\270\031>\271:\272\334\210\231)[\310"
  91      286123B8 
  91      193EB93A 
  91      BADC8899 
  91      295BC8
  92 0192 79877D6A 		.ascii	"y\207}j\302\034:x\326\340\322\2520\334\211\264\2616"
  92      C21C3A78 
  92      D6E0D2AA 
  92      30DC89B4 
  92      B136
  93 01a4 F3E27364 		.ascii	"\363\342sd\267\223\377\365i\306\375\300\007{|\016\211"
  93      B793FFF5 
  93      69C6FDC0 
  93      077B7C0E 
  93      89
ARM GAS  /var/folders/fq/ltb3dbq95yq6ljzx21t9gnkc0000gn/T//ccfuS3Hm.s 			page 7


  94 01b5 CFBCF820 		.ascii	"\317\274\370 \360y\000\363\3578M\014=d\275\032r^\265"
  94      F07900F3 
  94      EF384D0C 
  94      3D64BD1A 
  94      725EB5
  95 01c8 4B5C8555 		.ascii	"K\\\205Ug2_\012wv<\2314\341\233\3553gN\2373\275\331"
  95      67325F0A 
  95      77763C99 
  95      34E19BED 
  95      33674E9F 
  96 01df F317FA4C 		.ascii	"\363\027\372L*\233Ng3\246\363T\367\311\356K&s\361l*"
  96      2A9B4E67 
  96      33A6F354 
  96      F7C9EE4B 
  96      2673F16C 
  97 01f4 9952C8FC 		.ascii	"\231R\310\374\005>\234\3446"
  97      053E9CE4 
  97      36
  98              		.text
  99              		.section	.gnu.lto_nvicSetSystemHandlerPriority.71f9887fc009a825,"",%progbits
 100 0000 789C6D50 		.ascii	"x\234mP\317KTQ\024>\337y\257\347\330\224\212\213\220"
 100      CF4B5451 
 100      143EDF79 
 100      AFE7D894 
 100      8A8B90
 101 0013 69D36670 		.ascii	"i\323fp\021\316\333\265h\225\004\355\334\370\007\010"
 101      11CEDBB5 
 101      689504ED 
 101      DCF80708 
 102 0023 32050A3A 		.ascii	"2\005\012:O\306\210v\336\311g\253\020\231\225\030\322"
 102      4FC68876 
 102      DEC967AB 
 102      10999518 
 102      D2
 103 0034 62107F8C 		.ascii	"b\020\177\214\216i\011\332\352\325\"D\322\022\004a\320"
 103      8E6909DA 
 103      EAD52244 
 103      D2120461 
 103      D0
 104 0045 4498A008 		.ascii	"D\230\240\010\"\177\300\360@\033\317\231\301U^\356\345"
 104      227FC0F0 
 104      401BCF99 
 104      C1555EEE 
 104      E5
 105 0056 DE73CEF7 		.ascii	"\336s\316\367}\367;\307\242\377WL\316&\210\356\313\015"
 105      7DF73BC7 
 105      A2FF574C 
 105      CE2688EE 
 105      CB0D
 106 0068 8BC0635B 		.ascii	"\213\300c[D\231\010\003\372 \320\020c\010\277\370\210"
 106      44990803 
 106      FA20D010 
 106      6308BFF8 
 106      88
 107 0079 3116E4C7 		.ascii	"1\026\344\307\243\255S\306\230\277\331\225\226\221\226"
 107      A3AD53C6 
 107      98BFD995 
ARM GAS  /var/folders/fq/ltb3dbq95yq6ljzx21t9gnkc0000gn/T//ccfuS3Hm.s 			page 8


 107      969196
 108 0088 90894EB8 		.ascii	"\220\211N\270&\203i\264\012\344\315\314\356|\243\225"
 108      268369B4 
 108      0AE4CDCC 
 108      EE7CA395 
 109 0098 00C97BAD 		.ascii	"\000\311{\255p\272\031\375\311!\343\216\206\037\262"
 109      70BA19FD 
 109      C921E38E 
 109      861FB2
 110 00a7 EBE38E86 		.ascii	"\353\343\216\206lk\270t\346\237!\2363\346E\260\267l"
 110      6C6BB874 
 110      E69F219E 
 110      33E645B0 
 110      B76C
 111 00b9 1ED8215B 		.ascii	"\036\330![\230\201%z\230E\014s\210\221\244\010y\304"
 111      9881257A 
 111      98450C73 
 111      8891A408 
 111      79C4
 112 00cb 05FD6DE2 		.ascii	"\005\375m\342t\307\266\356Uu\267\013_v\032k\314\177"
 112      74C7B6EE 
 112      5575B70B 
 112      5F761A6B 
 112      CC7F
 113 00dd 97CCF92B 		.ascii	"\227\314\371+\230\013\210+\374\310?\337\215:\276\270"
 113      980B882B 
 113      FCC83FDF 
 113      8D3ABEB8 
 114 00ed 6E3ABF34 		.ascii	"n:\2774\214\002\034\351\231\026\233\003S\251\344>\177"
 114      8C021CE9 
 114      99169B03 
 114      53A9E43E 
 114      7F
 115 00fe DC772401 		.ascii	"\334w$\001\245\260\220m\033\372/QI\300:\206\037\314"
 115      A5B0906D 
 115      1BFA2F51 
 115      49C03A86 
 115      1FCC
 116 0110 7A5B450C 		.ascii	"z[E\014\357\275\3743\321\245\3742sY\324\031\331\221"
 116      EFBDFC33 
 116      D1A5FC32 
 116      7359D419 
 116      D991
 117 0122 D5D5066D 		.ascii	"\325\325\006m\354\232CX\224\337\213\370\224=\274\245"
 117      EC9A4358 
 117      94DF8BF8 
 117      943DBCA5 
 118 0132 18A9FE3E 		.ascii	"\030\251\376>\036=\270\256U\307\024\207M\203::(}\335"
 118      1E3DB8AE 
 118      55C71487 
 118      4D833A3A 
 118      287DDD
 119 0145 8E545354 		.ascii	"\216TST\235\304Fe\343\306$^g\214\011\234\220\353\360"
 119      9DC44665 
 119      E3C6245E 
 119      678C099C 
 119      90EBF0
ARM GAS  /var/folders/fq/ltb3dbq95yq6ljzx21t9gnkc0000gn/T//ccfuS3Hm.s 			page 9


 120 0158 56BA5812 		.ascii	"V\272X\022\035-\216\236\254\037\326\267\345\215\217"
 120      1D2D8E9E 
 120      AC1FD6B7 
 120      E58D8F
 121 0167 902358C6 		.ascii	"\220#X\306$\216\253\023\227Ra+\367\352\246\273`\374"
 121      248EAB13 
 121      9752612B 
 121      F7EAA6BB 
 121      60FC
 122 0179 4C703BE4 		.ascii	"Lp;\344z\274C[Yf\253\355\275\207+\366\350;2\301\376"
 122      7ABC435B 
 122      5966ABED 
 122      BD872BF6 
 122      E83B32C1 
 123 018e 2335A2D9 		.ascii	"#5\242\331\022C\233\020\372\335D\302\255mo\320\355\351"
 123      12439B10 
 123      FADD44C2 
 123      AD6D6FD0 
 123      EDE9
 124 01a0 EE7307BC 		.ascii	"\356s\007\274\364\323A7\351\365\367{)\267\275\263\343"
 124      F4D34137 
 124      E9F5F77B 
 124      29B7BDB3 
 124      E3
 125 01b1 61C77337 		.ascii	"a\307s7\365\2547\231HR]Ow\352q\337\223\264=\220\356"
 125      F5AC3799 
 125      48525D4F 
 125      77EA71DF 
 125      93B43D90 
 126 01c6 F52E00D4 		.ascii	"\365.\000\324c\264\320"
 126      63B4D0
 127              		.text
 128              		.section	.gnu.lto_nvicClearPending.71f9887fc009a825,"",%progbits
 129 0000 789C6551 		.ascii	"x\234eQMKTQ\030~\237\367\334\27132\241\321J\006\242"
 129      4D4B5451 
 129      187E9FF7 
 129      DCB93332 
 129      A1D14A06 
 130 0015 168A8B70 		.ascii	"\026\212\213p\316_(Z\264\022\304\177\020\263I\310\231"
 130      CE5F285A 
 130      B412C47F 
 130      10B349C8 
 130      99
 131 0026 D088769E 		.ascii	"\320\210v\236q&[$hn\022\206\331\244\322\307\350XF\204"
 131      71265B24 
 131      686E1286 
 131      D9A4D2C7 
 131      E8584684 
 132 003a 5270110A 		.ascii	"Rp\021\0127\025\226QHL\013'\350k\221\037\341\334E\331"
 132      37159651 
 132      484C0B27 
 132      E86B911F 
 132      E1DC45D9 
 133 004e FBDEDBAE 		.ascii	"\373\336\333\256\313\271\347\234\3479\317\363~\234c"
 133      CBB9E79C 
 133      E739CFF3 
 133      7E9C63
ARM GAS  /var/folders/fq/ltb3dbq95yq6ljzx21t9gnkc0000gn/T//ccfuS3Hm.s 			page 10


 134 005d E8FF2F23 		.ascii	"\350\377/#\377/\020YYa\010<\365\212\250\230b@7\004\032"
 134      FF2F1059 
 134      5961083C 
 134      F58AA898 
 134      62403704 
 135 0072 658CE22B 		.ascii	"e\214\342+\3570\246\202\332L\272g\3369\367\363\315\223"
 135      EF30A682 
 135      DA4CBA67 
 135      DE39F7F3 
 135      CD93
 136 0084 CE6B9D21 		.ascii	"\316k\235!\023\355q\034\006w\320#\222\315\017\333\343"
 136      13ED711C 
 136      0677D023 
 136      92CD0FDB 
 136      E3
 137 0095 9EC98264 		.ascii	"\236\311\202d\277R\337\177\231\376\302!\343\244\302"
 137      BF52DF7F 
 137      99FEC221 
 137      E3A4C2
 138 00a4 D5E9F519 		.ascii	"\325\351\365\031_!{\012\037?\253\277\350\350\236un,"
 138      5F217B0A 
 138      1F3FABBF 
 138      E8E89E75 
 138      6E2C
 139 00b6 585F76A7 		.ascii	"X_v\247\275\220\015\356\302H<\334C\006\367\221!\241"
 139      BD900DEE 
 139      C2483CDC 
 139      4306F791 
 139      21A1
 140 00c8 083574AB 		.ascii	"\0105t\253|\247\374\373}\332/K\356\243qN,\300\227\262"
 140      7CA7FCFB 
 140      7DDA2F4B 
 140      EEA3714E 
 140      2CC097B2 
 141 00dc 69E958E0 		.ascii	"i\351X\340\016\017\267\347'V\2746@\345,F\317\310\224"
 141      0E0FB7E7 
 141      2756BC36 
 141      40E52C46 
 141      CFC894
 142 00ef F0744AE8 		.ascii	"\360tJ\350\344+G\324\024\247\266\365\231YW\263\205R"
 142      E42B47D4 
 142      14A7B6F5 
 142      995957B3 
 142      8552
 143 0101 63FC4FA5 		.ascii	"c\374O\245_\203\0350\037H\036\306\217\267\225\325#Z"
 143      5F831D30 
 143      1F481EC6 
 143      8FB795D5 
 143      235A
 144 0113 A858B128 		.ascii	"\250X\261(ula\254q}\323\304\"#\"aJ-?\306\236Pbz:9\371"
 144      756C61AC 
 144      717DD3C4 
 144      22232261 
 144      4A2D3FC6 
 145 012e 3C19994E 		.ascii	"<\031\231N\020\352\221\251\364\361\237$\201\256\214"
 145      10EA91A9 
 145      F4F19F24 
ARM GAS  /var/folders/fq/ltb3dbq95yq6ljzx21t9gnkc0000gn/T//ccfuS3Hm.s 			page 11


 145      81AE8C
 146 013d 08E338FB 		.ascii	"\010\3438\373\034\223\312\013\2636\015\305\022a\367"
 146      1C93CA0B 
 146      B3360DC5 
 146      1261F7
 147 014c BBAB7A1A 		.ascii	"\273\253z\032\301wk%\327\256M\177j\276\336HE\024)\274"
 147      C1776B25 
 147      D7AE4D7F 
 147      6ABEDE48 
 147      451429BC 
 148 0160 FDAEF5AD 		.ascii	"\375\256\365\255\275\212J\321\271 \031r\022KrQ\017$"
 148      BD8A4AD1 
 148      B9201972 
 148      124B7251 
 148      0F24
 149 0172 971E8673 		.ascii	"\227\036\206s\023\351\336\232+#\344\024\036\242\212"
 149      13E9DE9A 
 149      2B23E414 
 149      1EA28A
 150 0181 DDE865E4 		.ascii	"\335\350e\344\344\306\255\215V\312.\272r18\036r\033"
 150      E4C6AD8D 
 150      56CA2EBA 
 150      7231381E 
 150      721B
 151 0193 96D12BBD 		.ascii	"\226\321+\275F\217\366\010V*\241\006\212\301\315sZ\207"
 151      468FF608 
 151      562AA106 
 151      8AC1CD73 
 151      5A87
 152 01a5 B24D6950 		.ascii	"\262MiP.G\024\247\262Y\033\217\302\210\275p\376\242"
 152      2E4714A7 
 152      B2591B8F 
 152      C288BD70 
 152      FEA2
 153 01b7 BD5418BE 		.ascii	"\275T\030\276<bs\205\241\241B\336\236\031\350;\333w"
 153      3C627385 
 153      A1A142DE 
 153      9E19E83B 
 153      DB77
 154 01c9 D5E6AF0C 		.ascii	"\325\346\257\014\346\2629B\376/\237\362\272a"
 154      E6B23942 
 154      FE2F9FF2 
 154      BA61
 155              		.text
 156              		.section	.gnu.lto_.symbol_nodes.71f9887fc009a825,"",%progbits
 157 0000 789C6366 		.ascii	"x\234cf``pc\200\002\246\215\214\365\014\014\023\316"
 157      60607063 
 157      8002A68D 
 157      8CF50C0C 
 157      13CE
 158 0012 3130D4D7 		.ascii	"10\324\3273\314[\300\301\300\264\211\261\236\021E`3"
 158      33CC5BC0 
 158      C1C0B489 
 158      B19E1145 
 158      6033
 159 0024 633D138A 		.ascii	"c=\023\212\300\026\306zfd\001\006\000\305V\023\252"
 159      C016C67A 
ARM GAS  /var/folders/fq/ltb3dbq95yq6ljzx21t9gnkc0000gn/T//ccfuS3Hm.s 			page 12


 159      66640106 
 159      00C55613 
 159      AA
 160              		.text
 161              		.section	.gnu.lto_.refs.71f9887fc009a825,"",%progbits
 162 0000 789C6366 		.ascii	"x\234cf```d\200\002\000\000=\000\005"
 162      60606064 
 162      80020000 
 162      3D0005
 163              		.text
 164              		.section	.gnu.lto_.decls.71f9887fc009a825,"",%progbits
 165 0000 789C9D57 		.ascii	"x\234\235WkPTG\026\276\347\3660\3000\200\301\252\304"
 165      6B505447 
 165      16BEE7F6 
 165      30C03080 
 165      C1AAC4
 166 0013 A2DC2D43 		.ascii	"\242\334-C\252(u\3251&\265\277\266J\263\243\265\222"
 166      AA2875D5 
 166      3126B5BF 
 166      B64AB3A3 
 166      B592
 167 0025 2A53146C 		.ascii	"*S\024l\374\263?f\3118\211\244`\260`\334\322\252\375"
 167      FCB33F66 
 167      C93889A4 
 167      60B060DC 
 167      D2AAFD
 168 0038 71719087 		.ascii	"qq\220\207\242 \210A\021\234\010\032A0D\014*o\011\020"
 168      A2208841 
 168      119C081A 
 168      4130440C 
 168      2A6F0910 
 169 004c 40108818 		.ascii	"@\020\210\0301n\">\2031*\340\003\360\301\354\351\356"
 169      316E223E 
 169      83312AE0 
 169      03F0C1EC 
 169      E9EE
 170 005e 7B672E37 		.ascii	"{g.7@\254\334\2323s\317\355\257\277\376Nw\237\323s\211"
 170      40ACDC9A 
 170      3373CFED 
 170      AFBFFE4E 
 170      779FD373 
 171 0073 20089920 		.ascii	" \010\231 \010n\274\236\007\011B\037\336\373\340\263"
 171      086EBC9E 
 171      0709421F 
 171      DEFBE0B3 
 172 0083 48C17BE9 		.ascii	"H\301{\351\320\252\321j\320\352\320\032\204\337^\264"
 172      D0AAD16A 
 172      D0EAD01A 
 172      84DF5EB4 
 173 0093 3D40EE87 		.ascii	"=@\356\2074\202\021\255\022\355M\264\367\321F\321\206"
 173      348211AD 
 173      12ED4DB4 
 173      F7D146D1 
 173      86
 174 00a4 D1AEA335 		.ascii	"\321\256\2435\243\265\242\021\264[h\267\321\356\242"
 174      A3B5A211 
 174      B45B68B7 
ARM GAS  /var/folders/fq/ltb3dbq95yq6ljzx21t9gnkc0000gn/T//ccfuS3Hm.s 			page 13


 174      D1EEA2
 175 00b3 81CCA3BD 		.ascii	"\201\314\243\275j^\221\273U\346\246c\210hC2?\310\034"
 175      6A5E91BB 
 175      55E6A663 
 175      88684332 
 175      3FC81C
 176 00c6 DA8BC662 		.ascii	"\332\213\306b\230\205w.v|\015\215\000\347\245<\376\300"
 176      9885772E 
 176      767C0D8D 
 176      00E7A53C 
 176      FEC0
 177 00d8 7FEB643F 		.ascii	"\177\353d?\014\246r6\374\016\247V+\310\361\303\014\363"
 177      0CA67236 
 177      FC0EA756 
 177      2BC8F1C3 
 177      0CF3
 178 00ea 3A22C2D9 		.ascii	":\"\302\331\023\217\273\003\206D\0102,\240nMN{\276\036"
 178      138FBB03 
 178      86440832 
 178      2CA06E4D 
 178      4E7BBE1E 
 179 00fe 5DA34147 		.ascii	"]\243AG\335\306\206\3616\003\021\201\336\027\347_\357"
 179      DDC686F1 
 179      36031181 
 179      DE17E75F 
 179      EF
 180 010f 372C2993 		.ascii	"7,)\223$)]j\032\000/Ef\372`\207\201\2040P\362\321\332"
 180      24295D6A 
 180      1A002F45 
 180      66FA6087 
 180      81843050 
 181 0126 4C5FECFF 		.ascii	"L_\354\377\246\2015]+\230(\361g.\335\002\301\370Hl\277"
 181      A681355D 
 181      2B9828F1 
 181      672EDD02 
 181      C1F8486C 
 182 013b 23150741 		.ascii	"#\025\007A\270\241\004\211\206\353s\332\346K\222\016"
 182      B8A10489 
 182      86EB73DA 
 182      E64B920E 
 183 014b BE04031C 		.ascii	"\276\004\003\034\007\002e\260\204\312\245\275\351\225"
 183      070265B0 
 183      84CAA5BD 
 183      E995
 184 0159 2E49DBA4 		.ascii	".I\333\244l\247\344\337\036$\300\027\020\012\307 T\200"
 184      6CA7E4DF 
 184      1E24C017 
 184      100AC720 
 184      5480
 185 016b 13108E08 		.ascii	"\023\020\216\010\206\205r|X\201\017\221\270\365EC\212"
 185      8685727C 
 185      58810F91 
 185      B8F54543 
 185      8A
 186 017c 0F18C2A7 		.ascii	"\017\030\302\247\357\364\3254\235\230\204\232\342\317"
 186      EFF4D534 
 186      9D98849A 
ARM GAS  /var/folders/fq/ltb3dbq95yq6ljzx21t9gnkc0000gn/T//ccfuS3Hm.s 			page 14


 186      E2CF
 187 018a 5EA7122A 		.ascii	"^\247\022*QB\251W\002*\362\004\230^QY\347\257\303Eg"
 187      5142A957 
 187      022AF204 
 187      985E5159 
 187      E7AFC345 
 188 019f A07FB199 		.ascii	"\240\177\261\2319\320[^`\364<;\011\354aE\326\223\026"
 188      39D05B5E 
 188      60F43C3B 
 188      09EC6145 
 188      D69316
 189 01b2 E31B7948 		.ascii	"\343\033yHK\005\314\321A\344\353\036\005\002\234\202"
 189      4B05CCD1 
 189      41E4EB1E 
 189      05029C82 
 190 01c2 37F0BB0A 		.ascii	"7\360\273\012t\234\365d\377\361\"\003I\0036o\225\375"
 190      749CF564 
 190      FFF12203 
 190      4903366F 
 190      95FD
 191 01d4 57CAC882 		.ascii	"W\312\310\202\"\311U9|\346H\021\331/\271\266I\223n7"
 191      22C95539 
 191      7CE64811 
 191      D92FB9B6 
 191      49936E37 
 192 01e8 B05EF0B5 		.ascii	"\260^\360\265G\227@\357\231.\250\206\0053h\273Z5\371"
 192      479740EF 
 192      992EA886 
 192      053368BB 
 192      5A35F9
 193 01fb 20784619 		.ascii	" xF\031g\230\214\323\212\214\256\314\264V#i\3412\352"
 193      67988CD3 
 193      8A8CAECC 
 193      B4562369 
 193      E132EA
 194 020e CF9F7BEA 		.ascii	"\317\237{\352\303d\270v\025\353\333\245&\267{%\355\000"
 194      C364B876 
 194      15EBDBA5 
 194      26B77B25 
 194      ED00
 195 0220 67550ACE 		.ascii	"gU\012\316*\012j\230\202\275g\316:\003\311\367r\034"
 195      2A0A6A98 
 195      82BD67CE 
 195      3A03C9F7 
 195      721C
 196 0232 F7F39DBE 		.ascii	"\367\363\235\276\234\240\324C@C\250U\021\324*\004u\214"
 196      9CA0D443 
 196      4043A855 
 196      11D42A04 
 196      758C
 197 0244 E04AA634 		.ascii	"\340J\2464\256#\2178\301D\323\330=\231\240~\212\202"
 197      AE238F38 
 197      C144D3D8 
 197      3D99A07E 
 197      8A82
 198 0256 7A1541BD 		.ascii	"z\025A\275B\320\300\010\236\346U\245\006\262=,\255\240"
 198      42D0C008 
ARM GAS  /var/folders/fq/ltb3dbq95yq6ljzx21t9gnkc0000gn/T//ccfuS3Hm.s 			page 15


 198      9EE655A5 
 198      06B23D2C 
 198      ADA0
 199 0268 1C1915AD 		.ascii	"\034\031\025\255\373}\331&v\351\251\237\326y\371\212"
 199      FB7DD926 
 199      76E9A99F 
 199      D679F98A 
 200 0278 9EA4F06D 		.ascii	"\236\244\360m|\277\271d\213\001\367\210\363\325\366"
 200      7CBFB964 
 200      8B01F788 
 200      F3D5F6
 201 0287 08F6D8B1 		.ascii	"\010\366\330\261\363+\267/\355\"\311]\220X5\237\337"
 201      F32BB72F 
 201      ED22C95D 
 201      9058359F 
 201      DF
 202 0298 D09D020B 		.ascii	"\320\235\002\013C\361C\321\337N\344<0\206d\313\350\005"
 202      43F143D1 
 202      DF4EE43C 
 202      308664CB 
 202      E805
 203 02aa 0EB62E5E 		.ascii	"\016\266.^t\013\204(}\330\204\217\364^\325\251\321\315"
 203      740B8428 
 203      7DD8848F 
 203      F45ED5A9 
 203      D1CD
 204 02bc B3A17F2A 		.ascii	"\263\241\177*\253i\011 \273y \311\343\031\333}X\324"
 204      AB690920 
 204      BB7920C9 
 204      E319DB7D 
 204      58D4
 205 02ce 83BED4BF 		.ascii	"\203\276\324\277\364p\240\301\300\242\376/u\263r_V\211"
 205      F470A0C1 
 205      C0A2FE2F 
 205      75B3725F 
 205      5689
 206 02e0 CCFD3375 		.ascii	"\314\3753u[\307FK\203f\016\242S\011\242\203\307\334"
 206      5BC7464B 
 206      83660EA2 
 206      5309A283 
 206      C7DC
 207 02f2 51D6B193 		.ascii	"Q\326\261\223\310\272$%\212o\021\336\316\340\347\231"
 207      C8BA2425 
 207      8A6F11DE 
 207      CEE0E799 
 208 0302 AE4E4557 		.ascii	"\256NEW\311@\326ABr\271\256\264\203\356\303\201\244"
 208      C940D641 
 208      4272B9AE 
 208      B483EEC3 
 208      81A4
 209 0314 903B7975 		.ascii	"\220;yu\007s\374\231\012\211\371\335E\205\247\0119\314"
 209      0773FC99 
 209      0A89F9DD 
 209      4585A709 
 209      39CC
 210 0326 1BD35BC7 		.ascii	"\033\323[\307{u\3448wj\273J\277\344z%\221\372w*\332"
 210      7B75E438 
ARM GAS  /var/folders/fq/ltb3dbq95yq6ljzx21t9gnkc0000gn/T//ccfuS3Hm.s 			page 16


 210      776ABB4A 
 210      BFE47A25 
 210      91FA772A 
 211 033b 8A834825 		.ascii	"\212\203H%o|z\367\334Q_R\303\235\211\334\214<^\243$"
 211      6F7C7AF7 
 211      DC515F52 
 211      C39D89DC 
 211      8C3C5EA3 
 212 0350 427D7775 		.ascii	"B}wu~G i\344\215\2035]\207\374\370^\230C\375[=\227\032"
 212      7E472069 
 212      E48D8335 
 212      5D87FCF8 
 212      5E9843FD 
 213 0368 F85E5849 		.ascii	"\370^XI]\327\330\313\250\231ga@\231\205\313|\026Z\366"
 213      5DD7D8CB 
 213      A8996761 
 213      409985CB 
 213      7C165AF6 
 214 037c 179CF6D3 		.ascii	"\027\234\366\323\316\302\367\010\357c\360+l\026\006"
 214      CEC2F708 
 214      EF63F02B 
 214      6C1606
 215 038b 9459783E 		.ascii	"\224Yx>Y\3720\220tp\035Y\303}\273\344\300u\352\360\202"
 215      59FA3090 
 215      74701D59 
 215      C37DBBE4 
 215      C075EAF0 
 216 03a0 E4F094BA 		.ascii	"\344\360\224\272k\344uw\254x\360\0360\227\255\345\340"
 216      6BE47577 
 216      AC78F01E 
 216      3097ADE5 
 216      E0
 217 03b1 64B6143C 		.ascii	"d\266\024<\263\316k\212\316\237\270\316\252\223c=AZ"
 217      B3CE6B8A 
 217      CE9FB8CE 
 217      AA93633D 
 217      415A
 218 03c3 9DFF43F8 		.ascii	"\235\377C\370\217\014>\310t^Stf\376\362\370\205\217"
 218      8F0C3EC8 
 218      745E5374 
 218      66FEF2F8 
 218      858F
 219 03d5 1ADD3C1B 		.ascii	"\032\335<\033\372P\377H\201\221\\\344Q\265\335m\330"
 219      FA50FF48 
 219      81915CE4 
 219      51B5DD6D 
 219      D8
 220 03e6 6DE451D1 		.ascii	"m\344Q\321\3142\336o\035m\011\2000\345\232\033\026\356"
 220      CC32DE6F 
 220      1D6D0980 
 220      30E59A1B 
 220      16EE
 221 03f8 92529287 		.ascii	"\222R\222\207O\334;\371~\216$\225\314\203\353\020\002"
 221      4FDC3BF9 
 221      7E8E2495 
 221      CC83EB10 
 221      02
ARM GAS  /var/folders/fq/ltb3dbq95yq6ljzx21t9gnkc0000gn/T//ccfuS3Hm.s 			page 17


 222 0409 373073EF 		.ascii	"70s\357\303\\\317\020p\223\215\263\030\277\004\012w"
 222      C35CCF10 
 222      70938DB3 
 222      18BF040A 
 222      77
 223 041a B597EADB 		.ascii	"\265\227\352\333\227C+B/\312POJ\366k\240\015\036h\257"
 223      97432B42 
 223      2FCA504F 
 223      4AF66BA0 
 223      0D1E68AF 
 224 042e 16DAA786 		.ascii	"\026\332\247\206J\222\253s\021\"q\211\340\007\031\251"
 224      4A92AB73 
 224      11227189 
 224      E00719A9 
 225 043e 2C1C5CD5 		.ascii	",\034\\\325\220\326yH\273\265\244\0274\320\032\017\264"
 225      90D67948 
 225      BBB5A417 
 225      34D01A0F 
 225      B4
 226 044f 4D0B5D38 		.ascii	"M\013]8u\370Z:<\346\011t\311@%{8\360\013\360 \353\025"
 226      75F85A3A 
 226      3CE60974 
 226      C940257B 
 226      38F00BF0 
 227 0466 648F16C9 		.ascii	"d\217\026\311GWA\033\025\350wZh\237\012\272G^\332U\016"
 227      4757411B 
 227      15E8775A 
 227      689F0ABA 
 227      475EDA55 
 228 047b 011A11D0 		.ascii	"\001\032\021\320\304\332(\034K\033<\304*w\027\302\340"
 228      C4DA281C 
 228      4B1B3CC4 
 228      2A7717C2 
 228      E0
 229 048c 17B421B4 		.ascii	"\027\264!\264{hw\320~E\273\215\366\000\355g\264[\020"
 229      7B6877D0 
 229      7E45BB8D 
 229      F600ED67 
 229      B45B10
 230 049f C68A2C1B 		.ascii	"\306\212,\033\270C\031\370\222v\340~\325\300\364@\035"
 230      B84319F8 
 230      9276E07E 
 230      D5C0F440 
 230      1D
 231 04b0 3C53AA97 		.ascii	"<S\252\227\200b\004\245^+\007\251x\370Z\3631=\314\015"
 231      806204A5 
 231      5E2B07A9 
 231      78F85AF3 
 231      313DCC0D 
 232 04c4 9F4E208C 		.ascii	"\237N \214\240\256?\252\221\015\334\225\001~0\214\014"
 232      A0AE3FAA 
 232      910DDC95 
 232      017E308C 
 232      0C
 233 04d5 E7BCC738 		.ascii	"\347\274\3078\225\241\034\343y\356\253iF\343\016\357"
 233      95A11CE3 
 233      79EEAB69 
ARM GAS  /var/folders/fq/ltb3dbq95yq6ljzx21t9gnkc0000gn/T//ccfuS3Hm.s 			page 18


 233      46E30EEF 
 234 04e5 DF0306F6 		.ascii	"\337\003\006\366f\325(\030\331\241\202\277\210~\266"
 234      66D52818 
 234      D9A182BF 
 234      887EB6
 235 04f4 FD622A4F 		.ascii	"\375b*O\330&\226\260\307n\\\310\011d[\177!;\275\177"
 235      D82696B0 
 235      C76E5CC8 
 235      09645B7F 
 235      213BBD7F 
 236 0508 DE951A4C 		.ascii	"\336\225\032L$\302\322b\207\263\243\314\240\034*\351"
 236      24C2D262 
 236      87B3A3CC 
 236      A01C2AE9 
 237 0518 AF74A8D4 		.ascii	"\257t\250\324\367\234h\016&\031\274\377\371\307M\225"
 237      F79C680E 
 237      2619BCFF 
 237      F9C74D95 
 238 0528 FE248B3B 		.ascii	"\376$\213;%y\373\312}\330@~\324=\325\345l\320\223\275"
 238      2579FBCA 
 238      7DD8407E 
 238      D43DD5E5 
 238      6CD093BD 
 239 053c BCED54C6 		.ascii	"\274\355T\306\327\335zr@\356uc\374\021OFV\351v\354\333"
 239      D7DD7A72 
 239      40EE7563 
 239      FC114F46 
 239      56E976EC 
 240 0551 8B7BB288 		.ascii	"\213{\262\210\267]\220\362\263\203\310a\356\354\037"
 240      B75D90F2 
 240      B383C861 
 240      EEEC1F
 241 0560 EB6A0B66 		.ascii	"\353j\013f\300yLz\361\221j\177\026\331\252W8\336\222"
 241      C0794C7A 
 241      F1916A7F 
 241      16D9AA57 
 241      38DE92
 242 0573 45B9D62C 		.ascii	"E\271\326,b\272\223\013\217\014*\007\203K)5\222\030"
 242      62BA930B 
 242      8F0C2A07 
 242      834B2935 
 242      9218
 243 0585 0A130CBD 		.ascii	"\012\023\014\275M\014Q\372P\364\310@JO\200\032\335<"
 243      4D0C51FA 
 243      50F4C840 
 243      4A4F801A 
 243      DD3C
 244 0597 1BBAF1F1 		.ascii	"\033\272\361\361\250;\200\224s\321\275m\337\\\015 \225"
 244      A83B8094 
 244      73D1BD6D 
 244      DF5C0D20 
 244      95
 245 05a8 CC09A84E 		.ascii	"\314\011\250N>\204\177\321h\201\341\027-3\316\301\361"
 245      3E847FD1 
 245      6881E117 
 245      2D33CEC1 
 245      F1
ARM GAS  /var/folders/fq/ltb3dbq95yq6ljzx21t9gnkc0000gn/T//ccfuS3Hm.s 			page 19


 246 05b9 D24EA384 		.ascii	"\322N\243\204\373\222\222\276\3045O\027U\351\370bJ\356"
 246      FB9292BE 
 246      C4354F17 
 246      55E9F862 
 246      4AEE
 247 05cb A4385D0F 		.ascii	"\2448]\017Y\352R\354\363\351\261\213\265\271\363\010"
 247      59EA52EC 
 247      F3E9B18B 
 247      B5B9F308 
 248 05db DB1FB326 		.ascii	"\333\037\263&\212\246\3732[\014\207\035b\030\354D\313"
 248      8AA6FB32 
 248      5B0C871D 
 248      6218EC44 
 248      CB
 249 05ec 42CB444B 		.ascii	"B\313DKCKE\333\205\226\201\266[T\362\006\353\3053\232"
 249      434B45DB 
 249      859681B6 
 249      5B54F206 
 249      EBC5339A 
 250 0600 374E3104 		.ascii	"7N1\004RD>\246\022<\270\247\350\333\353t\335c\372\236"
 250      52443EA6 
 250      123CB8A7 
 250      E8DBEB74 
 250      DD63FA9E 
 251 0614 A2BE31AD 		.ascii	"\242\2761\255>ui\301H~\365D2>-R\025\364\003\017\364"
 251      3E7569C1 
 251      487EF544 
 251      323E2D52 
 251      15F4030F 
 252 0629 99163A31 		.ascii	"\231\026:1\265\270lsM0,]\317I-\326\015S\025<\367\320"
 252      B5B86C73 
 252      4D302C5D 
 252      CF492DD6 
 252      0D53153C 
 253 063f 6E1735D0 		.ascii	"n\0275\320\037\265\264\367=\264]\323KX\354)\035wY\351"
 253      1FB5B4F7 
 253      3DB45DD3 
 253      4B58EC29 
 253      1D7759E9 
 254 0653 40C86F4B 		.ascii	"@\310oKG\356\251\252Q\242)\035\312\372@\016.\313\037"
 254      47EEA9AA 
 254      51A2291D 
 254      CAFA400E 
 254      2ECB1F
 255 0666 592236E8 		.ascii	"Y\"6\350\213X?\330\203\235\237x\253\006U\240T\215\363"
 255      8B583FD8 
 255      839D9F78 
 255      AB0655A0 
 255      548DF3
 256 0679 8F9EF6FB 		.ascii	"\217\236\366\373O\251\032{Du\325\310\025y\325\300_D"
 256      4FA91A7B 
 256      4475D5C8 
 256      1579D5C0 
 256      5F44
 257 068b B71F2FFC 		.ascii	"\267\037/\3747\251f\233Vw\363`eu0\204\207\206\262w\235"
 257      37A9669B 
 257      5677F360 
ARM GAS  /var/folders/fq/ltb3dbq95yq6ljzx21t9gnkc0000gn/T//ccfuS3Hm.s 			page 20


 257      65753084 
 257      8786B277 
 258 06a0 746915E4 		.ascii	"ti\025\344\213\006\330+\022\325\033X>>\037_I\033\360"
 258      8B06D82B 
 258      12D51B58 
 258      3E3E1F5F 
 258      491BF0
 259 06b3 D68FFDB2 		.ascii	"\326\217\375\262\367\227\341\034\211\314\023`\011K;"
 259      F797E11C 
 259      89CC1360 
 259      094B3B
 260 06c2 C8C398F2 		.ascii	"\310\303\230\362Y\036~\206\333g\237\3102\361F\356H\206"
 260      591E7E86 
 260      DB679FC8 
 260      32F146EE 
 260      4886
 261 06d4 8F4146A7 		.ascii	"\217AF\247\377\036:\365r\352e\302\222~\210\245W\301"
 261      FF1E3AF5 
 261      72EA65C2 
 261      927E88A5 
 261      57C1
 262 06e6 A1CB0F78 		.ascii	"\241\313\017x9\373\023\253\011uCOx\211\230O]\347\225"
 262      39FB13AB 
 262      0975434F 
 262      7889984F 
 262      5DE795
 263 06f9 E46DB3FC 		.ascii	"\344m\263\374\377(Tj\302AN\336=\324\270K\357\375G\001"
 263      FF28546A 
 263      C2414EDE 
 263      3DD4B84B 
 263      EFFD4701 
 264 070d 2CD00338 		.ascii	",\320\0038x\201H\341E,\315\013\2254//{t X\215\336?\033"
 264      788148E1 
 264      452CCD0B 
 264      95342F2F 
 264      7B742058 
 265 0725 FA764EDE 		.ascii	"\372vN\3360!\265\274(H\256\252\233\370\262\302\235\232"
 265      3021B5BC 
 265      2848AEAA 
 265      9BF8B2C2 
 265      9D9A
 266 0737 A33FA488 		.ascii	"\243?\244\210o}.\365\272*\317\334\37649{\020\351\350"
 266      6F7D2EF5 
 266      BA2ACFDC 
 266      FE34397B 
 266      10E9E8
 267 074a DB021CC2 		.ascii	"\333\002\034\302|s\341\276\304\327\013\025\357\347t"
 267      7C73E1BE 
 267      C4D70B15 
 267      EFE774
 268 0759 E2E12888 		.ascii	"\342\341(\210\002\034\026\337\022\3746\307\332\035\357"
 268      021C16DF 
 268      12FC36C7 
 268      DA1DEF
 269 0768 ACB038F4 		.ascii	"\254\2608\364\377\370\340\303\005f\301`\261(O\376fJ"
 269      FFF8E0C3 
 269      0566C160 
ARM GAS  /var/folders/fq/ltb3dbq95yq6ljzx21t9gnkc0000gn/T//ccfuS3Hm.s 			page 21


 269      B1284FFE 
 269      664A
 270 077a D8E4307D 		.ascii	"\330\3440}b\265.\215I\2147\241-\265'\330mKm1\037\305"
 270      62B52E8D 
 270      498C37A1 
 270      2DB527D8 
 270      6D4B6D31 
 271 0790 9A62EDD6 		.ascii	"\232b\355\326\270\315\033l\246\370\030\353\306X\273"
 271      B8CD1B6C 
 271      A6F818EB 
 271      C658BB
 272 079f CD64D960 		.ascii	"\315d\331`\3738fs\234\303\342\330\272\311\226\264l\243"
 272      FB386673 
 272      9CC3E2D8 
 272      BAC996B4 
 272      6CA3
 273 07b1 B0E4153A 		.ascii	"\260\344\025:'96\340P\010\236c\377O\254u\215=\346\243"
 273      273936E0 
 273      50089E63 
 273      FF4FAC75 
 273      8D3DE6A3 
 274 07c5 38DB7A9B 		.ascii	"8\333z\233\325\221\220\370\227e\313"
 274      D59190F8 
 274      9765CB
 275 07d0 4CFC9390 		.ascii	"L\374\223\220d\332\030\023g\332\224\220\350H2Y\023\342"
 275      64DA1813 
 275      67DA9490 
 275      E8483259 
 275      13E2
 276 07e2 E313ECA6 		.ascii	"\343\023\354\246\367\242\326\231\327m1\321N\313\254"
 276      F7A2D699 
 276      D76D31D1 
 276      4ECBAC
 277 07f1 C26BF477 		.ascii	"\302k\364wul\222\267\367|\372$\332\346\210\336\232\344"
 277      756C92B7 
 277      F77CFA24 
 277      DAE688DE 
 277      9AE4
 278 0803 B0C5AF8D 		.ascii	"\260\305\257\215\261o\210\263%F&\306&$\306:\266\262"
 278      B16F88B3 
 278      254626C6 
 278      2624C63A 
 278      B6B2
 279 0815 B1CC71B6 		.ascii	"\261\314q\266\230\304H\233\035\307\377\304\377\203\365"
 279      98C4489B 
 279      1DC7FFC4 
 279      FF83F5
 280 0824 1166CB3F 		.ascii	"\021f\313?Q\267.\"zM\224\177\324\032\374^\277f\365r"
 280      51B72E22 
 280      7A4D947F 
 280      D41AFC5E 
 280      BF66F572 
 281 0838 5D84794D 		.ascii	"]\204yM\224_\024\367\336\306\306Ho\343\012lT\271\357"
 281      945F14F7 
 281      DEC6C648 
 281      6FE30A6C 
 281      54B9EF
ARM GAS  /var/folders/fq/ltb3dbq95yq6ljzx21t9gnkc0000gn/T//ccfuS3Hm.s 			page 22


 282 084b 78EEDE15 		.ascii	"x\356\336\025#\"\027\251\325\333\2668L\346u\321\021"
 282      232217A9 
 282      D5DBB638 
 282      4CE675D1 
 282      11
 283 085c D19EB0AD 		.ascii	"\321\236\260\255\011\2116\2135~9\006\356\027m\376;\033"
 283      0989368B 
 283      357E3906 
 283      EE176DFE 
 283      3B1B
 284 086e DAC71CF9 		.ascii	"\332\307\034\371a\304j$\215\216\362y/\"\312\034E\242"
 284      61C46A24 
 284      8D8EF279 
 284      2F22CA1C 
 284      45A2
 285 0880 D1CC66EF 		.ascii	"\321\314f\357\020o\223\350\265\221>\321k\021\241\263"
 285      106F93E8 
 285      B5913ED1 
 285      6B11A1B3 
 286 0890 6E8C49F4 		.ascii	"n\214I\364\263X>\336l\267Z,\201\312\315\262\277.\177"
 286      B3583EDE 
 286      6CB75A2C 
 286      81CACDB2 
 286      BF2E7F
 287 08a3 77C5FF01 		.ascii	"w\305\377\001t7\366a"
 287      7437F661 
 288              		.text
 289              		.section	.gnu.lto_.symtab.71f9887fc009a825,"",%progbits
 290 0000 6E766963 		.ascii	"nvicEnableVector\000\000\000\000\000\000\000\000\000"
 290      456E6162 
 290      6C655665 
 290      63746F72 
 290      00000000 
 291 0019 000000B6 		.ascii	"\000\000\000\266\000\000\000nvicDisableVector\000\000"
 291      0000006E 
 291      76696344 
 291      69736162 
 291      6C655665 
 292 0033 00000000 		.ascii	"\000\000\000\000\000\000\000\000\000\000\272\000\000"
 292      00000000 
 292      0000BA00 
 292      00
 293 0040 006E7669 		.ascii	"\000nvicSetSystemHandlerPriority\000\000\000\000\000"
 293      63536574 
 293      53797374 
 293      656D4861 
 293      6E646C65 
 294 0062 00000000 		.ascii	"\000\000\000\000\000\000\000\274\000\000\000nvicCle"
 294      000000BC 
 294      0000006E 
 294      76696343 
 294      6C65
 295 0074 61725065 		.ascii	"arPending\000\000\000\000\000\000\000\000\000\000\000"
 295      6E64696E 
 295      67000000 
 295      00000000 
 295      00000000 
ARM GAS  /var/folders/fq/ltb3dbq95yq6ljzx21t9gnkc0000gn/T//ccfuS3Hm.s 			page 23


 296 0088 00BE0000 		.ascii	"\000\276\000\000\000"
 296      00
 297              		.text
 298              		.section	.gnu.lto_.opts,"",%progbits
 299 0000 272D666E 		.ascii	"'-fno-trapv' '-mcpu=cortex-m0' '-mno-thumb-interwor"
 299      6F2D7472 
 299      61707627 
 299      20272D6D 
 299      6370753D 
 300 0033 6B272027 		.ascii	"k' '-mthumb' '-ggdb' '-O2' '-fomit-frame-pointer' '"
 300      2D6D7468 
 300      756D6227 
 300      20272D67 
 300      67646227 
 301 0066 2D66616C 		.ascii	"-falign-functions=16' '-ffunction-sections' '-fdata"
 301      69676E2D 
 301      66756E63 
 301      74696F6E 
 301      733D3136 
 302 0099 2D736563 		.ascii	"-sections' '-fno-common' '-flto'\000"
 302      74696F6E 
 302      73272027 
 302      2D666E6F 
 302      2D636F6D 
 303              		.text
 304              		.comm	__gnu_lto_v1,1,1
 305              		.comm	__gnu_lto_slim,1,1
 306              		.ident	"GCC: (GNU Tools for ARM Embedded Processors) 4.9.3 20150303 (release) [ARM/embedded-4_9-br
ARM GAS  /var/folders/fq/ltb3dbq95yq6ljzx21t9gnkc0000gn/T//ccfuS3Hm.s 			page 24


DEFINED SYMBOLS
                            *ABS*:0000000000000000 nvic.c
                            *COM*:0000000000000001 __gnu_lto_v1
                            *COM*:0000000000000001 __gnu_lto_slim

NO UNDEFINED SYMBOLS
