ARM GAS  /var/folders/fq/ltb3dbq95yq6ljzx21t9gnkc0000gn/T//ccvCgpVm.s 			page 1


   1              		.cpu cortex-m0
   2              		.fpu softvfp
   3              		.eabi_attribute 20, 1
   4              		.eabi_attribute 21, 1
   5              		.eabi_attribute 23, 3
   6              		.eabi_attribute 24, 1
   7              		.eabi_attribute 25, 1
   8              		.eabi_attribute 26, 1
   9              		.eabi_attribute 30, 2
  10              		.eabi_attribute 34, 0
  11              		.eabi_attribute 18, 4
  12              		.code	16
  13              		.file	"pal.c"
  14              		.text
  15              	.Ltext0:
  16              		.section	.gnu.lto_.profile.500156a7a80c98b,"",%progbits
  17 0000 789C6366 		.ascii	"x\234cf```a\200\000F\006\015\031\000\000\340\000M"
  17      60606061 
  17      80004606 
  17      0D190000 
  17      E0004D
  18              		.text
  19              		.section	.gnu.lto_.jmpfuncs.500156a7a80c98b,"",%progbits
  20 0000 789C6366 		.ascii	"x\234cf\300\016\344\24143\003##c=#\023##s}=\023\230"
  20      C00EE4A1 
  20      34330323 
  20      23633D23 
  20      13232373 
  21 0018 6264064B 		.ascii	"bd\006K\2243\002I\0000\362\002\265"
  21      94330249 
  21      0030F202 
  21      B5
  22              		.text
  23              		.section	.gnu.lto_.inline.500156a7a80c98b,"",%progbits
  24 0000 789C6366 		.ascii	"x\234cf\300\016\336Bif\006\006N\016Ff\006F\020\013H"
  24      C00EDE42 
  24      69660606 
  24      4E0E4666 
  24      0646100B 
  25 0015 38800805 		.ascii	"8\200\010\005\016\266\017z\014l\013\344\231\030\030"
  25      0EB60F7A 
  25      0C6C0BE4 
  25      991818
  26 0024 5FB0B340 		.ascii	"_\260\263@H\020\301\001fr\200\010\0010S\000d\006#\003"
  26      4810C101 
  26      66728008 
  26      01305300 
  26      64062303 
  27 0038 1F2F230B 		.ascii	"\037/#\013\330\010FF0\237Y\001l\0267\323\005~\014c\200"
  27      D8084646 
  27      309F5901 
  27      6C1637D3 
  27      057E0C63 
  28 004d 622806B0 		.ascii	"b(\006\260,\220\227\000\261\024\230\030\230w\210+0\000"
  28      2C909700 
  28      B1149818 
  28      9877882B 
ARM GAS  /var/folders/fq/ltb3dbq95yq6ljzx21t9gnkc0000gn/T//ccvCgpVm.s 			page 2


  28      3000
  29 005f ADB60099 		.ascii	"\255\266\000\231\312\304\300-\214\3440\210\211\234@"
  29      CAC4C02D 
  29      8CE43088 
  29      899C40
  30 006e 09E2DC05 		.ascii	"\011\342\334\005\264F\002d\014\013/\320\223\023\374"
  30      B4460264 
  30      0C0B2FD0 
  30      9313FC
  31 007d 40900100 		.ascii	"@\220\001\000\311\250\037}"
  31      C9A81F7D 
  32              		.text
  33              		.section	.gnu.lto_.pureconst.500156a7a80c98b,"",%progbits
  34 0000 789C6366 		.ascii	"x\234cf```g\200\000f\006)F)&I\000\001\273\000^"
  34      60606067 
  34      80006606 
  34      29462926 
  34      490001BB 
  35              		.text
  36              		.section	.gnu.lto_palReadBus.500156a7a80c98b,"",%progbits
  37 0000 789C8D90 		.ascii	"x\234\215\220MK\033Q\024\206\317{\357d>\214\245\245"
  37      4D4B1B51 
  37      1486CF7B 
  37      EF643E8C 
  37      A5A5
  38 0012 CBA0E046 		.ascii	"\313\240\340F\\H\222\277\340_\211n\\\004,\006\301]\306"
  38      5C4892BF 
  38      E05F896E 
  38      5C042C06 
  38      C15DC6
  39 0025 24B87123 		.ascii	"$\270q#\326\205\242\242Rj\375\250\306D\015\350*\270"
  39      D685A2A2 
  39      526AFDA8 
  39      C6440DE8 
  39      2AB8
  40 0037 10177E50 		.ascii	"\020\027~P\012\011q\021\027F\260\240`T\320,D\317\231"
  40      0A097111 
  40      1746B0A0 
  40      6054D02C 
  40      44CF99
  41 004a B110DA8D 		.ascii	"\261\020\332\215\303\314\271s\356=\347y\337s5\375\377"
  41      C3CCB973 
  41      EE3DE779 
  41      DF7335FD 
  41      FF
  42 005b 84F88B29 		.ascii	"\204\370\213)\242\016^\241\011j\374\204h\304V\200\374"
  42      A20E5EA1 
  42      096AFC84 
  42      68C45680 
  42      FC
  43 006c 1028A990 		.ascii	"\020(\251\220\304\037UW\330\335x8\016^\251\206\342b"
  43      C41F5557 
  43      D8DD7838 
  43      0E5EA986 
  43      E262
  44 007e 4EF7260E 		.ascii	"N\367&\016\247LIaHZ.M\225\235\256\357\256\233\272\235"
  44      A74C4961 
ARM GAS  /var/folders/fq/ltb3dbq95yq6ljzx21t9gnkc0000gn/T//ccvCgpVm.s 			page 3


  44      485A2E4D 
  44      959DAEEF 
  44      AE9BBA9D 
  45 0092 C80D4F4F 		.ascii	"\310\015OO.\360\211\242{E\370\201\020\226!BXA\027\227"
  45      2EF089A2 
  45      7B45F881 
  45      10962142 
  45      58411797 
  46 00a6 DE8E546A 		.ascii	"\336\216Tj\226n\207\264\225*\225\337f\3477n+\036\346"
  46      966E87B4 
  46      952A95DF 
  46      66E7376E 
  46      2B1EE6
  47 00b9 DD1EA3A1 		.ascii	"\335\036\243\2414V\241\233\373x\213\260\206N)\257g\236"
  47      3456A19B 
  47      FB788BB0 
  47      864E29AF 
  47      679E
  48 00cb CB4133E3 		.ascii	"\313A3\343\272\356\247gv\315eL\375\011\023\274f?\027"
  48      BAEEA767 
  48      76CD654C 
  48      FD0913BC 
  48      663F17
  49 00de DD97978B 		.ascii	"\335\227\227\213\245\353\234\321\302\376\271Cs\257a"
  49      A5EB9CD1 
  49      C2FEB943 
  49      73AF61
  50 00ed 70080438 		.ascii	"p\010\0048\230&\007\313\222\324\226\340\2208\244\032"
  50      982607CB 
  50      92D496E0 
  50      9038A41A 
  51 00fd 7F32EB25 		.ascii	"\1772\353%'\274\3523\244\012\365\203E-\330G\245Y\364"
  51      27BCEA33 
  51      A40AF583 
  51      452DD847 
  51      A559F4
  52 0110 BC76FACB 		.ascii	"\274v\372\313\226I5\211\207\235\247\371\233\017s\230"
  52      96493589 
  52      879DA7F9 
  52      9B0F7398 
  53 0120 4143D98F 		.ascii	"AC\331\217Ja]f\343\375\331\207\257\225\217\341\356\206"
  53      4A615D66 
  53      E3FDD987 
  53      AF958FE1 
  53      EE86
  54 0132 72B08139 		.ascii	"r\260\2019\334\2117B\026a:\303~\001>\317h\3469\377\362"
  54      DC893742 
  54      16613AC3 
  54      7E013ECF 
  54      68E639FF 
  55 0147 5A58109B 		.ascii	"ZX\020\233o\274\332\321X\301\016\257\271\031>\010\""
  55      6FBCDAD1 
  55      58C10EAF 
  55      B9193E08 
  55      22
  56 0158 E721654E 		.ascii	"\347!eN\344=d\352/2\360\036O\255\330\362\000\336\205"
  56      E43D64EA 
ARM GAS  /var/folders/fq/ltb3dbq95yq6ljzx21t9gnkc0000gn/T//ccvCgpVm.s 			page 4


  56      2F32F01E 
  56      4FADD8F2 
  56      00DE85
  57 016b 6DFB80AA 		.ascii	"m\373\200\252\345\003\204\301y\272j\372\271\3056y\267"
  57      E50384C1 
  57      79BA6AFA 
  57      B9C53679 
  57      B7
  58 017c 59C37E8F 		.ascii	"Y\303~\217\006\227x\032Z4\012\236F\372i\264\315'8\036"
  58      0697781A 
  58      5A340A9E 
  58      46FA69B4 
  58      CD27381E 
  59 0190 D7A62ADE 		.ascii	"\327\246*\336\220<<\337=\344\316\331T(\022\211\372\357"
  59      903C3CDF 
  59      3DE4CED9 
  59      54281289 
  59      FAEF
  60 01a2 4022DA1F 		.ascii	"@\"\332\037\213G\023\203}\321/\261x\244\217t\357P\342"
  60      8B471383 
  60      7DD12FB1 
  60      78A48F74 
  60      EF50E2
  61 01b5 15A771D3 		.ascii	"\025\247q\323]"
  61      5D
  62              		.text
  63              		.section	.gnu.lto_palWriteBus.500156a7a80c98b,"",%progbits
  64 0000 789C8D52 		.ascii	"x\234\215R\317k\023Q\020~\337{\233\335M6\233TO% \350"
  64      CF6B1351 
  64      107EDF7B 
  64      9BDD4D36 
  64      9B544F25 
  65 0016 21F42049 		.ascii	"!\364 I\360?\020\017\375?\332^\024\012\212\321s75\236"
  65      F03F100F 
  65      FD3FDA5E 
  65      140A8AD1 
  65      7337359E 
  66 002a BC947829 		.ascii	"\274\224x)\251E\250\210m\243\255\255mb\212\207\340I"
  66      A945A888 
  66      6DA3ADAD 
  66      6D628A87 
  66      E049
  67 003c F047A982 		.ascii	"\360G\251\202\022\225\026t\005=\010\375\021H\"\2268"
  67      12951674 
  67      053D08FD 
  67      11482296 
  67      38
  68 004d F3760BA1 		.ascii	"\363v\013\241^\032\222yo\346\315\367\315|3Q\342\377"
  68      5E1A9279 
  68      6FE6CDF7 
  68      CD7C3351 
  68      E2FF
  69 005f 4F8A7EC3 		.ascii	"O\212~\303J\2104\235P\002r\352\235\020\005[\002|\021"
  69      4A88349D 
  69      500272EA 
  69      9D10055B 
  69      027C11
ARM GAS  /var/folders/fq/ltb3dbq95yq6ljzx21t9gnkc0000gn/T//ccvCgpVm.s 			page 5


  70 0072 10131213 		.ascii	"\020\023\022\023\370%\367$\246\032\225ig\350\241\347"
  70      F825F724 
  70      A61A9569 
  70      67E8A1E7 
  71 0082 79BB73B5 		.ascii	"y\273s\265\301\333\203])\304\201\014h\360\010C\224\262"
  71      C1DB835D 
  71      29C4810C 
  71      68F00843 
  71      94B2
  72 0094 5B68FA96 		.ascii	"[h\372\226:\003A\367\372R\353\255\363Sv%\316\262\273"
  72      3A0341F7 
  72      FA52EBAD 
  72      F3537625 
  72      CEB2BB
  73 00a7 517A356D 		.ascii	"Qz5m\262+\015v?6\233\037\314\364\003\317\233l\324W\275"
  73      B22B0D76 
  73      3F369B1F 
  73      CCF403CF 
  73      9B6CD457 
  74 00bc 8B46572A 		.ascii	"\213FW*\314C\021\037\026\220\302\"R\202B\002\025\244"
  74      CC43111F 
  74      1690C222 
  74      52824202 
  74      15A4
  75 00ce 297BB9BA 		.ascii	"){\271\272Uv\3259\315\373b\246|)\000~\011\200\006\036"
  75      5576D539 
  75      CDFB62A6 
  75      7C29007E 
  75      0980061E 
  76 00e2 1F071A02 		.ascii	"\037\007\032\002O\220\346\354\275\342\341'\307,R\323"
  76      4F90E6EC 
  76      BDE2E127 
  76      C72C52D3 
  77 00f2 038747FD 		.ascii	"\003\207G\375b\011&\350\\>\335\360z\275\357k\177k\306"
  77      620926E8 
  77      5C3EDDF0 
  77      7ABDEF6B 
  77      7F6BC6
  78 0105 29124CA5 		.ascii	")\022L\245\024a#\006\030\034\241\253i\262\261\330\330"
  78      14612306 
  78      181CA1AB 
  78      69B2B1D8 
  78      D8
  79 0116 64AC289B 		.ascii	"d\254(\233\030\031\333\341X\234\215\313n\202oI6B\370"
  79      1819DBE1 
  79      589C8DCB 
  79      6E826F49 
  79      3642F8
  80 0129 548267F7 		.ascii	"T\202g\367CJ>\325gLVWv.p\321\266T\324\322\216\277\271"
  80      434A3ED5 
  80      674C5657 
  80      762E70D1 
  80      B654D4D2 
  81 0140 65F32468 		.ascii	"e\363$h\354\344\256w\356\377vg1\203\256\214\266%i%\005"
  81      ECE4AE77 
  81      EEFF7667 
  81      3183AE8C 
ARM GAS  /var/folders/fq/ltb3dbq95yq6ljzx21t9gnkc0000gn/T//ccvCgpVm.s 			page 6


  81      B6256925 
  82 0155 1CBFD7BA 		.ascii	"\034\277\327\272\333Lf\316we\014O1\213}=i\254 #\210"
  82      DB4C66CE 
  82      77650C4F 
  82      318B7D3D 
  82      69AC2023 
  83 016a F18F19F0 		.ascii	"\361\217\031\360E\332\244\225+ \360\315\223\020\032"
  83      45DAA495 
  83      2B20F0CD 
  83      93101A
  84 0179 58D5843C 		.ascii	"X\325\204<\003<\323\204\267:!\241\2459\315~N\373$\234"
  84      033CD384 
  84      B73A21A1 
  84      A539CD7E 
  84      4EFB249C 
  85 018d 0ED634A7 		.ascii	"\016\3264\247\236\357z\300Y\0129\243\001\307\353o\235"
  85      9EEF7AC0 
  85      590A39A3 
  85      01C7EB6F 
  85      9D
  86 019e 8338EBB6 		.ascii	"\2038\353\266\006\004\252D@5\266\255 %FY\014\371\032"
  86      0604AA44 
  86      4035B6AD 
  86      20254659 
  86      0CF91A
  87 01b1 421CDD49 		.ascii	"B\034\335I\254\277\2638I\015;;B\271D\334\217J\350,\227"
  87      ACBFB338 
  87      490D3B3B 
  87      42B944DC 
  87      8F4AE82C 
  88 01c6 43AD3094 		.ascii	"C\2550\224\324\\\011\012\275,i=\375\013\210\035_\000"
  88      D45C090A 
  88      BD2C693D 
  88      FD0B881D 
  88      5F00
  89 01d8 A1156AA1 		.ascii	"\241\025j\2416\377\315\235\252\235\251xEzp\361\\\313"
  89      36FFCD9D 
  89      AA9DA978 
  89      457A70F1 
  89      5CCB
  90 01ea A395F1D3 		.ascii	"\243\225\361\323\373\205\315r<|J\240\216\314>\255\201"
  90      FB85CD72 
  90      3C7C4AA0 
  90      8ECC3EAD 
  90      81
  91 01fb 846F2043 		.ascii	"\204o C%\3056\012\215\3360W\343\235\3714h\372#\320d"
  91      25C5360A 
  91      8DDE3057 
  91      E39DF934 
  91      68FA23D0 
  92 0210 52D96C2E 		.ascii	"R\331l.\370^\315\347.\217\214\347\362\327\307r\327F"
  92      F85ECDE7 
  92      2E8F8CE7 
  92      F2D7C772 
  92      D746
  93 0222 C6B36342 		.ascii	"\306\263cB\215\336\314\033\243Wn\344\377\001c%\033\312"
  93      8DDECC1B 
ARM GAS  /var/folders/fq/ltb3dbq95yq6ljzx21t9gnkc0000gn/T//ccvCgpVm.s 			page 7


  93      A3576EE4 
  93      FF016325 
  93      1BCA
  94              		.text
  95              		.section	.gnu.lto_palSetBusMode.500156a7a80c98b,"",%progbits
  96 0000 789C8D90 		.ascii	"x\234\215\220\301KTq\020\307\347;\277\267\357\275v\335"
  96      C14B5471 
  96      10C7E73B 
  96      BFB7EFBD 
  96      76DD
  97 0012 8A4EB210 		.ascii	"\212N\262\020\344a\361 \356\322\177\320\255\177\241"
  97      E461F120 
  97      EED27FD0 
  97      AD7FA1
  98 0021 AB59D0C1 		.ascii	"\253Y\320\3010Z:\212\2775\003O\242v\021\324<HXZ\273"
  98      305A3A8A 
  98      BF35034F 
  98      A27611D4 
  98      3C48585A 
  99 0036 65295408 		.ascii	"e)T\010{\354R\021\202\361\302\354\320F\012\011nJ\372"
  99      7BEC5211 
  99      82F1C2EC 
  99      D0460A09 
  99      6E4AFA
 100 0049 8845677E 		.ascii	"\210Eg~\017\017\351\305\307\357\315\374f\230\357g\346"
 100      0F0FE9C5 
 100      C7EFCDFC 
 100      6698EF67 
 100      E6
 101 005a 37864E7E 		.ascii	"7\206N~9\371\2571Q^<\014\201G>\022\225C\006\364B\240"
 101      39F9AF31 
 101      515E3C0C 
 101      81473E12 
 101      954306F4 
 102 0070 7E463F36 		.ascii	"~F?6\271\301\030\251\315\217g\332\037[k\267\307\226"
 102      B9C118A9 
 102      CD8F67DA 
 102      1F5B6BB7 
 102      C796
 103 0082 5B1FB4C6 		.ascii	"[\037\264\306\"\333\341\004\203Y\264K\311v9\252\007"
 103      22DBE104 
 103      8359B44B 
 103      C97639AA 
 103      07
 104 0093 E62248EE 		.ascii	"\346\"H\356o*\273\0372\033\0343.i\370v\354\375\270\257"
 104      6F2ABB1F 
 104      321B1C33 
 104      2E69F876 
 104      ECFDB8AF 
 105 00a7 217B1AAE 		.ascii	"!{\032\256F\321\212\237\237\261v\240\366n\301^\361b"
 105      46D18A9F 
 105      9FB176A0 
 105      F66EC15E 
 105      F162
 106 00b9 36780223 		.ascii	"6x\002#<<E\016s\310\221\244\010\363\310K\365\257xs6"
 106      3C3C450E 
 106      73C891A4 
ARM GAS  /var/folders/fq/ltb3dbq95yq6ljzx21t9gnkc0000gn/T//ccvCgpVm.s 			page 8


 106      08F3C84B 
 106      F5AF7873 
 107 00ce 6BDA1CB7 		.ascii	"k\332\034\26797:\231N\224Q\242\364\360\354\270\322#"
 107      39373A99 
 107      4E9451A2 
 107      F4F0ECB8 
 107      D223
 108 00e0 3C475ECB 		.ascii	"<G^\313\033\203\315/\031\177P\246>\337<\032\030\025"
 108      1B83CD2F 
 108      197F50A6 
 108      3EDF3C1A 
 108      1815
 109 00f2 F8105FBD 		.ascii	"\370\020_\275P\263\007\007?\252\277\227\275\264\274"
 109      50B30707 
 109      3FAABF97 
 109      BDB4BC
 110 0101 587A19D1 		.ascii	"Xz\031\321\246<1~JL\340\213\011\003\015C8 \325E\257"
 110      A63C317E 
 110      4A4CE08B 
 110      09030D43 
 110      3820D545 
 111 0116 9BF9C9AC 		.ascii	"\233\371\311\254\336|\305\300R\343\357e%\356\261\221"
 111      DE7CC5C0 
 111      52E3EF65 
 111      25EEB191 
 112 0126 7EDFEB9F 		.ascii	"~\337\353\237>\207\372NC\332~q\177z+;\205\011\304|f"
 112      3E87FA4E 
 112      43DA7E71 
 112      7F7A2B3B 
 112      8509C47C 
 113 013b 8F195519 		.ascii	"\217\031U\031O\363\223\273\017\243s\235\0351\247\361"
 113      4FF393BB 
 113      0FA3739D 
 113      1D31A7F1 
 114 014b 0253F8E3 		.ascii	"\002S\370\343\366\210\227\350$%\"\341y\247\001d\260"
 114      F68897E8 
 114      242522E1 
 114      79A70164 
 114      B0
 115 015c E000FA20 		.ascii	"\340\000\372 \274\372\037\220:\015\240\005\257\035\300"
 115      BCFA1F90 
 115      3A0DA005 
 115      AF1DC0
 116 016b 6D663101 		.ascii	"mf1\001\254\007\011@\031\022\337_\363\2238\220\241$"
 116      AC070940 
 116      1912DF5F 
 116      F3933890 
 116      A124
 117 017d 4B6B7009 		.ascii	"Kkp\011\345<Z\031\256p\337?;d\303\230\263;:\007\226"
 117      E53C5A19 
 117      AE70DF3F 
 117      3B64C398 
 117      B33B3A07 
 118 0192 D047B20E 		.ascii	"\320G\262\016W/\331\263\264\216r\355\333U'!]\"ty\322"
 118      572FD9B3 
 118      B48E72ED 
 118      DB552721 
ARM GAS  /var/folders/fq/ltb3dbq95yq6ljzx21t9gnkc0000gn/T//ccvCgpVm.s 			page 9


 118      5D227479 
 119 01a7 30572814 		.ascii	"0W(\024\223\323[*\336\352\352)\226\356v\027\357t\365"
 119      93D35B2A 
 119      DEEAEA29 
 119      96EE7617 
 119      EF74F5
 120 01ba 14BAC95C 		.ascii	"\024\272\311\\\277W\362n\367\336\270y\010UN\321\210"
 120      BF57F26E 
 120      F7DEB879 
 120      08554ED1 
 120      88
 121              		.text
 122              		.section	.gnu.lto_.symbol_nodes.500156a7a80c98b,"",%progbits
 123 0000 789C6366 		.ascii	"x\234cf``\360e\200\002\246\215\214\365\014\014\023\316"
 123      6060F065 
 123      8002A68D 
 123      8CF50C0C 
 123      13CE
 124 0012 3130D4D7 		.ascii	"10\324\3273\314[\300\301\300\264\211\261\236\021E`3"
 124      33CC5BC0 
 124      C1C0B489 
 124      B19E1145 
 124      6033
 125 0024 633D13B2 		.ascii	"c=\023\262\000\3436\306zf\210\000CC\003\007\0033\023"
 125      00E336C6 
 125      7A668800 
 125      43430307 
 125      033313
 126 0037 33C39187 		.ascii	"3\303\221\207\377\030\031\000SW\025\241"
 126      FF181900 
 126      535715A1 
 127              		.text
 128              		.section	.gnu.lto_.refs.500156a7a80c98b,"",%progbits
 129 0000 789C6366 		.ascii	"x\234cf```d\200\002\000\000=\000\005"
 129      60606064 
 129      80020000 
 129      3D0005
 130              		.text
 131              		.section	.gnu.lto_.decls.500156a7a80c98b,"",%progbits
 132 0000 789CA557 		.ascii	"x\234\245WiPTW\026~\367\335nl\232nH\324\020\213JM\010"
 132      69505457 
 132      167EF7DD 
 132      6E6C9A6E 
 132      48D4108B 
 133 0017 5651CE8C 		.ascii	"VQ\316\214\332n\225\032\253\246*\216\313\004'\032\230"
 133      DA6E951A 
 133      ABA62A8E 
 133      CB04271A 
 133      98
 134 0028 36A9CCD4 		.ascii	"6\251\314\324\374\3500\320*5\010\0244S\231\177\217M"
 134      FCE830D0 
 134      2A350814 
 134      3453997F 
 134      8F4D
 135 003a 41312008 		.ascii	"A1 \010.(6\373\"*\213\342\002\356\212\200(\006\211Q"
 135      2E2836FB 
 135      222A8BE2 
ARM GAS  /var/folders/fq/ltb3dbq95yq6ljzx21t9gnkc0000gn/T//ccvCgpVm.s 			page 10


 135      02EE8A80 
 135      28068951 
 136 004e 50692028 		.ascii	"Pi (\202l\212a\225\236s\357\355\327\257\3514\214U\363"
 136      826C8A61 
 136      959E73EF 
 136      EDD7AFE9 
 136      348C55F3 
 137 0062 8AC37BE7 		.ascii	"\212\303{\347\276\357\236\363\235\345\336w\033s\034"
 137      BEEF9EF3 
 137      9DE5DE77 
 137      1B731C
 138 0071 978838CE 		.ascii	"\227\2108\316\014\327\017\357s\234;\317q2\030\363\343"
 138      0CD70FEF 
 138      739C3BCF 
 138      713218F3 
 138      E3
 139 0082 A48BE8CE 		.ascii	"\244\213\350\316\200q\005q\007\371\010q\277\272\310"
 139      80710571 
 139      07F90871 
 139      BFBAC8
 140 0091 7B35DC5D 		.ascii	"{5\334]AT \247A\3440\366\032\356\237\200\370\200\374"
 140      415420A7 
 140      41E430F6 
 140      1AEE9F80 
 140      F880FC
 141 00a4 85D882B1 		.ascii	"\205\330\202\2617p\037\002\251\002\231\260\3307\203"
 141      37701F02 
 141      A90299B0 
 141      D83783
 142 00b3 741143F0 		.ascii	"t\021C\360\036!z\2436\311\375\367v\376\010\0177\013"
 142      1E217AA3 
 142      36C9FDF7 
 142      76FE080F 
 142      370B
 143 00c5 47D11FF1 		.ascii	"G\321\037\361E|\316\344o\302\342\263\305\342Wn\361I"
 143      457CCEE4 
 143      6FC2E2B3 
 143      C5E2576E 
 143      F149
 144 00d7 7C11277D 		.ascii	"|\021'}p{\300\036\251}r_f\347\327}\006\277\357\317\022"
 144      707BC01E 
 144      A97D725F 
 144      66E7D77D 
 144      06BFEFCF 
 145 00ec E7698BEF 		.ascii	"\347i\213\357\345\240{\200`;\277<'\345\224\014\255\266"
 145      E5A07B80 
 145      603BBF3C 
 145      27E5940C 
 145      ADB6
 146 00fe F339C4A3 		.ascii	"\3639\304\243\363'\207\357\270t\363\310U\351I\324\013"
 146      F32787EF 
 146      B874F3C8 
 146      55E949D4 
 146      0B
 147 010f 29B5079D 		.ascii	")\265\007\235@U)eDMij\250p\301<\"\3179\007\333\233\225"
 147      40552965 
 147      444D696A 
ARM GAS  /var/folders/fq/ltb3dbq95yq6ljzx21t9gnkc0000gn/T//ccvCgpVm.s 			page 11


 147      A870C13C 
 147      22CF3907 
 148 0126 8B8B0541 		.ascii	"\213\213\005A\210\027\256\214\"\311\304\345K\2435J\354"
 148      8817AE8C 
 148      22C9C4E5 
 148      4BA3354A 
 148      EC
 149 0137 4E4189F1 		.ascii	"NA\211\361\246:%\376\230>G\345W%\316\001[\237()\254"
 149      A63A25FE 
 149      983E47E5 
 149      5725CE01 
 149      5B9F2829 
 150 014c 2D632CD7 		.ascii	"-c,\327\231\252\244\035\334`\210\257}&\344\270\"oe."
 150      99AAA41D 
 150      DC6088AF 
 150      7D26E4B8 
 150      226F652E 
 151 0160 181D6C49 		.ascii	"\030\035lI\251\371H\020d\250\024)Q\011\302\250\030-"
 151      A9F94810 
 151      64A81429 
 151      5109C2A8 
 151      182D
 152 0172 265190D9 		.ascii	"&Q\220\331\344\212\027\204h!9Fp\256u\345P\001\362@\205"
 152      E48A1784 
 152      68213946 
 152      70AE75E5 
 152      5001F240 
 153 0187 C88343A7 		.ascii	"\310\203C\247\2207 (\026\235\200\301\2230\010\206oN"
 153      90372028 
 153      169D80C1 
 153      93300886 
 153      6F4E
 154 0199 5E8A9523 		.ascii	"^\212\225#\245\267\343I\345\016&Q\012\2159\007\334\011"
 154      A5B7E349 
 154      E50E2651 
 154      0A8D3907 
 154      DC09
 155 01ab 8532A070 		.ascii	"\2052\240p\\\242\000\214\304`\371\223\347\332\006\024"
 155      5CA2008C 
 155      C460F993 
 155      E7DA0614 
 156 01bb 22E5929B 		.ascii	"\"\345\222\233\005\332ha\015:\015\370\"\011_\206f\345"
 156      05DA6861 
 156      0D3A0DF8 
 156      22095F86 
 156      66E5
 157 01cd 5CE19033 		.ascii	"\\\341\2203*\275|<\301\231V\342[\242\216\304\015&(i"
 157      2ABD7C3C 
 157      C19956E2 
 157      5BA28EC4 
 157      0D262869 
 158 01e1 2554447D 		.ascii	"%TD}\360\270\254M\216k\020\315\354\365\332\254V9\205"
 158      F0B8AC4D 
 158      8E6B10CD 
 158      ECF5DAAC 
 158      563985
 159 01f4 9A78A2B7 		.ascii	"\232x\242\2674\226\265\273R\354b\242\246\027w\007\342"
ARM GAS  /var/folders/fq/ltb3dbq95yq6ljzx21t9gnkc0000gn/T//ccvCgpVm.s 			page 12


 159      3496B5BB 
 159      52EC62A2 
 159      A6177707 
 159      E2
 160 0205 0606EDBB 		.ascii	"\006\006\355\273\226\373\235\022x\304\274[\032`\306"
 160      96FB9D12 
 160      78C4BC5B 
 160      1A60C6
 161 0214 54EBCE58 		.ascii	"T\353\316X\025~\304\246\357\2558|X\201\333\2302\232"
 161      157EC4A6 
 161      EFAD387C 
 161      5881DB98 
 161      329A
 162 0226 9C9727C3 		.ascii	"\234\227'\303\317\230\222\233\226^\"\247>\025D\255\312"
 162      CF98929B 
 162      965E22A7 
 162      3E1544AD 
 162      CA
 163 0237 2A1A50E0 		.ascii	"*\032P\340~\366\356r]\324\035%\036f\312\355\216\321"
 163      7EF6EE72 
 163      5DD41D25 
 163      1E66CAED 
 163      8ED1
 164 0249 D72A0A7C 		.ascii	"\327*\012|\217\250\255)Y\005\256x\224\275\273;\225\374"
 164      8FA8AD29 
 164      5905AE78 
 164      94BDBB3B 
 164      95FC
 165 025b 6A0E9E9C 		.ascii	"j\016\236\234\016te\300\303?u\015c:\217\306\230V\237"
 165      0E7465C0 
 165      C33F750D 
 165      633A8FC6 
 165      98569F
 166 026e 9124C753 		.ascii	"\221$\307S\014\232\334\236r_\206w\361\323\372\314\223"
 166      0C9ADC9E 
 166      725F8677 
 166      F1D3FACC 
 166      93
 167 027f F5D981DE 		.ascii	"\365\331\201\336\321\323\012\252\232\315\230\224,\373"
 167      D1D30AAA 
 167      9ACD9894 
 167      2CFB
 168 028d C9BD7667 		.ascii	"\311\275vgk\227Uv!R\342\006(Y\255T2O\333\212A\262\344"
 168      6B975576 
 168      2152E206 
 168      2859AD54 
 168      324FDB8A 
 169 02a4 8590A99B 		.ascii	"\205\220\251\233\220\224\032\222\251\333\220)OK\246"
 169      90941A92 
 169      A9DB9029 
 169      4F4BA6
 170 02b3 EA60B09E 		.ascii	"\352`\260\236uYEG\377\036\245h\2701'\205\366\316]0|"
 170      75594547 
 170      FF1EA568 
 170      B8312785 
 170      F6CE5D30 
 171 02c8 4B32DC80 		.ascii	"K2\334\200f\265|\307\241etv \251\003\341\024\026\337"
ARM GAS  /var/folders/fq/ltb3dbq95yq6ljzx21t9gnkc0000gn/T//ccvCgpVm.s 			page 13


 171      66B57CC7 
 171      A1657476 
 171      20A903E1 
 171      1416DF
 172 02db 9EFDC375 		.ascii	"\236\375\303u<N\247\212l\367\345\352\371\310k\236\227"
 172      3C4EA78A 
 172      6CF7E5EA 
 172      F9C86B9E 
 172      97
 173 02ec B711EC0D 		.ascii	"\267\021\354\015\226\304Um\214\211\021\366/\240n\033"
 173      96C4556D 
 173      8C8911F6 
 173      2FA06E1B 
 174 02fc C16D139A 		.ascii	"\301m\023\232'Y_\344\001\014~\007\377\270}@QH6\012k"
 174      27595FE4 
 174      010C7E07 
 174      FFB87D40 
 174      5148360A 
 175 0311 C2A506E0 		.ascii	"\302\245\006\340(\030\\\243f`\361\003\362B\367\221\027"
 175      28185CA3 
 175      6660F103 
 175      F242F791 
 175      17
 176 0322 E54A6C1B 		.ascii	"\345Jl\033\373\342\234\012\227Q\273\367\034\332\275"
 176      FBE29C0A 
 176      9751BBF7 
 176      1CDABD
 177 0331 494CD075 		.ascii	"IL\320uc\352\315C\012\202\340,QK{C}OM\237\023>\302\270"
 177      63EACD43 
 177      0A82E02C 
 177      514B7B43 
 177      7D4F4D9F 
 178 0349 27BE39DB 		.ascii	"'\2769\333\252B^^\363)ySO\336]\225P\273\214\256\266"
 178      AA425E5E 
 178      F3297953 
 178      4FDE5D95 
 178      50BB8CAE 
 179 035e 1BE0E221 		.ascii	"\033\340\342!\232/5\247D\335H<\364w\311\257D3\026?\316"
 179      9A2F35A7 
 179      44DD483C 
 179      F477C9AF 
 179      4433163F 
 180 0373 0C4DA151 		.ascii	"\014M\241Q\306\010k\014\266Q\0220\211\362\021D\371\000"
 180      C6086B0C 
 180      B6511230 
 180      89F21144 
 180      F900
 181 0385 A2FCC912 		.ascii	"\242\374\311\022%\245\376\"n\216\200\010\344\327\334"
 181      25A5FE22 
 181      6E8E8008 
 181      E4D7DC
 182 0394 B39306F6 		.ascii	"\263\223\006\366\270\315\007\233Q3\332\344\246\031\204"
 182      B8CD079B 
 182      5133DAE4 
 182      A61984
 183 03a3 39A90FB3 		.ascii	"9\251\017\263\247\2248\223\025\356\320HC\215\033\355"
 183      A7943893 
ARM GAS  /var/folders/fq/ltb3dbq95yq6ljzx21t9gnkc0000gn/T//ccvCgpVm.s 			page 14


 183      15EED048 
 183      438D1BED 
 184 03b3 E005442D 		.ascii	"\340\005D-\273q)\306\005\347\260w\302T\355[5.d\212\270"
 184      BB7129C6 
 184      05E7B077 
 184      C254ED5B 
 184      352E648A 
 185 03c8 09ABD826 		.ascii	"\011\253\330&|\364\311\375\227j|\202\275\253\270\024"
 185      7CF4C9FD 
 185      976A7C82 
 185      BDABB814 
 186 03d8 9FAAC4E5 		.ascii	"\237\252\304\345L)\354\270\233\242\246\300E\240\252"
 186      4C29ECB8 
 186      9BA2A6C0 
 186      45A0AA
 187 03e7 B3B3DFF4 		.ascii	"\263\263\337\3648\241y^\322\345\315\012-P\272\347\200"
 187      38A1795E 
 187      D2E5CD0A 
 187      2D50BAE7 
 187      80
 188 03f8 EE794AB7 		.ascii	"\356yJ\267\323R\350\001HA70\356\007y\001\3623H\027\310"
 188      D352E801 
 188      48413730 
 188      EE077901 
 188      F2334817 
 189 040d 73903E90 		.ascii	"s\220>\220g = \275 /\255\315\020\033czj\251U\025\324"
 189      67203D20 
 189      BD202FAD 
 189      CD101B63 
 189      7A6AA955 
 190 0423 EA0A1480 		.ascii	"\352\012\024\200\030\264\026\3402\365Q\200<,hc[\236"
 190      18B416E0 
 190      32F55180 
 190      3C2C6863 
 190      5B9E
 191 0435 93057BD5 		.ascii	"\223\005{\325\036{\015\331\024\026\240\243V\350\023"
 191      1E7B0DD9 
 191      1416A0A3 
 191      56E813
 192 0444 7BE8637B 		.ascii	"{\350c{\263\335V\354u\307fm\260\255Vl\265=v\321t\006"
 192      B3DD56EC 
 192      75C7666D 
 192      B0AD566C 
 192      B53D76D1 
 193 045a 4FACC84B 		.ascii	"O\254\310K\216\003\223\240cV\350S{h\233\035t\334\012"
 193      8E0393A0 
 193      6356E853 
 193      7B689B1D 
 193      74DC0A
 194 046d 353986DA 		.ascii	"59\206\332p\235\260b\333\355\261\035\323\314F\231\006"
 194      709DB062 
 194      DBEDB11D 
 194      D3CC4699 
 194      06
 195 047e F2F45762 		.ascii	"\362\364Wb1j\201\366ku\234/+\005\323c\233\232]t\230"
 195      316A81F6 
 195      6B759C2F 
ARM GAS  /var/folders/fq/ltb3dbq95yq6ljzx21t9gnkc0000gn/T//ccvCgpVm.s 			page 15


 195      2B05D363 
 195      9B9A5D74 
 196 0493 84026909 		.ascii	"\204\002i\011?\312s\202u\320\351`\015\363\231\371\303"
 196      3FCA7382 
 196      75D0E960 
 196      0DF399F9 
 196      C3
 197 04a4 BD2EC87B 		.ascii	"\275.\310{\036\305M\352\025h\010\014]\220\26682\211"
 197      1EC54DEA 
 197      1568080C 
 197      5D90B638 
 197      3289
 198 04b6 5E8E7A0F 		.ascii	"^\216z\017\015B\313\375?\355\007]?V\277s\227\032W\262"
 198      0D42CBFD 
 198      3FED075D 
 198      3F56BF73 
 198      971A57B2 
 199 04ca 25B0B7FA 		.ascii	"%\260\267\372\330+g\325n\351\313J\351H+\3635RY\210\001"
 199      D82B67D5 
 199      6EE9CB4A 
 199      E9482BF3 
 199      35525988 
 200 04df F5A771BD 		.ascii	"\365\247q\275\211\260C\253(\365\252\004W\010\361\015"
 200      89B043AB 
 200      28F5AA04 
 200      5708F10D 
 201 04ef BC7F2591 		.ascii	"\274\177%\221\0078#?\223E4\014\244m\215\242\211\304"
 201      0738233F 
 201      9345340C 
 201      A46D8DA2 
 201      89C4
 202 0501 C67284AF 		.ascii	"\306r\204\2572:\331\217\273F0\256e\312\203\027%\307"
 202      323AD98F 
 202      BB4630AE 
 202      65CA8317 
 202      25C7
 203 0513 5DF09DE9 		.ascii	"]\360\235\351\237%\237\351\307\037\037\351\370S\224"
 203      9F259FE9 
 203      C71F1FE9 
 203      F85394
 204 0522 79649653 		.ascii	"yd\226S\312$\370\365\261|\032\306`p\334zJ\351|\366\035"
 204      CA24F8F5 
 204      B17C1AC6 
 204      6070DC7A 
 204      4AE97CF6 
 205 0537 EC476802 		.ascii	"\354Gh\002\352:*E\342c=\244\240\222\347\025-\030\267"
 205      EA3A2A45 
 205      E2633DA4 
 205      A092E715 
 205      2D18B7
 206 054a 501EF213 		.ascii	"P\036\362\023\371\243\271\210n\022\3236\2073`\262\222"
 206      F9A3B988 
 206      6E12D336 
 206      873360B2 
 206      92
 207 055b 666CCA52 		.ascii	"fl\312R\235h\336\033\231!\363Q\274\027\022x\351K0Xw"
 207      9D68DE1B 
ARM GAS  /var/folders/fq/ltb3dbq95yq6ljzx21t9gnkc0000gn/T//ccvCgpVm.s 			page 16


 207      9921F351 
 207      BC171278 
 207      E94B3058 
 208 0570 DBEC931A 		.ascii	"\333\354\223\032#\344.\240\311\373\005\\N\315\264\236"
 208      23E42EA0 
 208      C9FB055C 
 208      4ECDB49E 
 209 0580 E0BB7190 		.ascii	"\340\273q\220v3!\367\326\0369m=\0014\221B\311\351i\304"
 209      763321F7 
 209      D61E396D 
 209      3D013491 
 209      42C9E969 
 210 0595 A1519BFE 		.ascii	"\241Q\233\376\034\317!\3759\345\250?\213\013'w:\213"
 210      1CCF21FD 
 210      39E5A83F 
 210      8B0B2777 
 210      3A8B
 211 05a7 FD7908FA 		.ascii	"\375y\010\3723\226\237\207\316J\211\231r\324\237b\370"
 211      33969F87 
 211      CE4A8999 
 211      72D49F62 
 211      F8
 212 05b8 2806A29E 		.ascii	"(\006\242\236-\003\220\316\366\267=w]\246\265\034\361"
 212      2D0390CE 
 212      F6B73D77 
 212      5DA6B51C 
 212      F1
 213 05c9 20B55C1C 		.ascii	" \265\\\034\257\262 \033\236\354OU\310x6\206\376A\317"
 213      AFB2201B 
 213      9EEC4F55 
 213      C8783686 
 213      FE41CF
 214 05dc D0315549 		.ascii	"\3201UI\027\325\037\246Y>M\357\311h\274\322\344]\374"
 214      17D51FA6 
 214      593E4DEF 
 214      C968BCD2 
 214      E45DFC
 215 05ef 87F07F27 		.ascii	"\207\360\177'/c\026\232_\357^\215\005L;\350~S\371C\344"
 215      2F63169A 
 215      5FEF5E8D 
 215      054C3BE8 
 215      7E53F943 
 216 0604 9929184B 		.ascii	"\231)\030K\0073Nt\204\355\203\022\010&\263\371c:\011"
 216      07334E74 
 216      84ED8312 
 216      0826B3F9 
 216      633A09
 217 0617 C5F36284 		.ascii	"\305\363b\204\034y\246dQ\002\357\011\023kZS\273\031"
 217      1C79A664 
 217      5102EF09 
 217      136B5A53 
 217      BB19
 218 0629 0DE28BD1 		.ascii	"\015\342\213\321\350\357-\350\224\250\355\346\351`\357"
 218      E8EF2DE8 
 218      94A8EDE6 
 218      E960EF
 219 0638 C5A44C95 		.ascii	"\305\244L\225-7?w\033j\211\224\332\036\221Zn^u\263\023"
ARM GAS  /var/folders/fq/ltb3dbq95yq6ljzx21t9gnkc0000gn/T//ccvCgpVm.s 			page 17


 219      2D373F77 
 219      1B6A8994 
 219      DA1E915A 
 219      6E5E75B3 
 220 064d CE67DCA2 		.ascii	"\316g\334\242\232\222\017()7\323\205\353\260'\011\223"
 220      9A920F28 
 220      2937D385 
 220      EBB02709 
 220      93
 221 065e E4B445A6 		.ascii	"\344\264E\246\240\2756\304\366\212\304\276\247\304J"
 221      A0BD36C4 
 221      F68AC4BE 
 221      A7C44A
 222 066d AF5DFB00 		.ascii	"\257]\373\000\227S\013\374\316\254\311\"\265\365$\335"
 222      97530BFC 
 222      CEACC922 
 222      B5F524DD 
 223 067d 554C4FD2 		.ascii	"ULO\322\373x%J\342\337\365$\235\314;<\30167\217_\307"
 223      FB78254A 
 223      E2DFF524 
 223      9DCC3B3C 
 223      C136378F 
 224 0693 3454628E 		.ascii	"4Tb\216\205\177\252\351\321\230\312\032~\012\013\377"
 224      857FAAE9 
 224      D198CA1A 
 224      7E0A0BFF 
 225 06a3 50747ECF 		.ascii	"Pt~\317\314\341\357\247\341\247\212\341\357\273RW\344"
 225      CCE1EFA7 
 225      E1A78AE1 
 225      EFBB5257 
 225      E4
 226 06b4 86AB58F8 		.ascii	"\206\253X\370\306\307\203_\212\225\031_vH0F\013Sf3\242"
 226      C6C7835F 
 226      8A95195F 
 226      76483046 
 226      0B536633 
 227 06c9 93509A4D 		.ascii	"\223P\232M\002\322\304\004\244\323\0048\242\226\224"
 227      02D2C404 
 227      A4D30438 
 227      A29694
 228 06d8 D47F718E 		.ascii	"\324\177q\216\265Z\007\030\265\366\247{2\345t\220\254"
 228      B55A0718 
 228      B5F6A77B 
 228      32E57490 
 228      AC
 229 06e9 B9836C70 		.ascii	"\271\203lp\274\362\350=\345\214|\017S\276\207D\276\215"
 229      BCF2E83D 
 229      E58C7C0F 
 229      53BE8744 
 229      BE8D
 230 06fb 57ABD3DC 		.ascii	"W\253\323\334p\035\343[\335\3249\254\002\302&Hu\334"
 230      701DE35B 
 230      DDD439AC 
 230      02C22648 
 230      75DC
 231 070d AB75FB62 		.ascii	"\253u\373b\222\305V\202Y(\303\206p\206H\370\010%\\{"
 231      92C55682 
ARM GAS  /var/folders/fq/ltb3dbq95yq6ljzx21t9gnkc0000gn/T//ccvCgpVm.s 			page 18


 231      5928C386 
 231      708648F8 
 231      08255C7B 
 232 0721 FCE8B7B8 		.ascii	"\374\350\267\270\215\032\221u\036)\255tC\336\036\036"
 232      8D1A9175 
 232      1E29AD74 
 232      43DE1E1E 
 233 0731 B466F150 		.ascii	"\264f\361P\256,\010\342\250e\002\273\016\302\370\350"
 233      AE2C08E2 
 233      A86502BB 
 233      0EC2F8E8 
 234 0741 67E4053C 		.ascii	"g\344\005<*\350\235\326n0E\300\0138\264\330\003\375"
 234      2AE89DD6 
 234      6E3045C0 
 234      0B38B4D8 
 234      03FD
 235 0753 160A9709 		.ascii	"\026\012\227\011\205#\2578d\344=\3201\236\226\255#u"
 235      8523AF38 
 235      64E43DD0 
 235      319E96AD 
 235      2375
 236 0765 2841AEB4 		.ascii	"(A\256\264\240\343\377\027:\276z\177>\373\271\3647\242"
 236      A0E3FF17 
 236      3ABE7A7F 
 236      3EFBB9F4 
 236      37A2
 237 0777 3E4F2E3C 		.ascii	">O.<\305~e\270\320\257\304\370\320\035\366\213HI\023"
 237      C57E65B8 
 237      D0AFC4F8 
 237      D01DF68B 
 237      484913
 238 078a 37762BCA 		.ascii	"7v+\312\211\230\026\304\025\254\262]\203\371\324\370"
 238      899816C4 
 238      15ACB25D 
 238      83F9D4F8 
 239 079a 220F94C7 		.ascii	"\"\017\224\307l\327\306\0267\252\347&[\266\013OD\343"
 239      6CD7C616 
 239      37AAE726 
 239      5BB60B4F 
 239      44E3
 240 07ac CC01DFB9 		.ascii	"\314\001\337\271<\335\226\370\271\342$\372\203\351\245"
 240      3CDD96F8 
 240      B9E224FA 
 240      83E9A5
 241 07bb B9CECD16 		.ascii	"\271\316\315\026\235=\033\272+%m\020\343\237YY2\022"
 241      9D3D1BBA 
 241      2B256D10 
 241      E39F5959 
 241      3212
 242 07cd D2EB79   		.ascii	"\322\353y"
 243 07d0 DCC79484 		.ascii	"\334\307\224\204\336\333\027\\\027f\011\367\214\203"
 243      DEDB175C 
 243      176609F7 
 243      8C83
 244 07de 197D1D0B 		.ascii	"\031}\035\013\242\222M`\317l\376\014\241B~.*\202\032"
 244      A2924D60 
 244      CF6CFE0C 
ARM GAS  /var/folders/fq/ltb3dbq95yq6ljzx21t9gnkc0000gn/T//ccvCgpVm.s 			page 19


 244      A1427E2E 
 244      2A821A
 245 07f1 C1EAB631 		.ascii	"\301\352\2661\\L\022\217\362\021\317\241\343\374B\362"
 245      5C4C128F 
 245      F211CFA1 
 245      E3FC42F2 
 246 0801 E37D2833 		.ascii	"\343}(3]=s\224%b\224\271,\312[?F\3258\333G)}\026NP\336"
 246      5D3D7394 
 246      256294B9 
 246      2CCA5B3F 
 246      46D538DB 
 247 081c 2522EFFC 		.ascii	"%\"\357\374\246_\216\311\355\243\234\021\335\326\335"
 247      A65F8EC9 
 247      EDA39C11 
 247      DDD6DD
 248 082b 99ED8C27 		.ascii	"\231\355\214'X`\005\315E#J\032\230\261:G\220\035\024"
 248      586005CD 
 248      45234A1A 
 248      98B13A47 
 248      901D14
 249 083e 6249EBA1 		.ascii	"bI\353\241\223\226\250`k\2601tJ\212\252\224F\325\373"
 249      9396A860 
 249      6BB03174 
 249      4A8AAA94 
 249      46D5FB
 250 0851 A67C9762 		.ascii	"\246|\227b\332\356KZV\012\253\214\355\276\344\016\350"
 250      DAEE4B5A 
 250      560AAB8C 
 250      EDBEE40E 
 250      E8
 251 0862 63DF978F 		.ascii	"c\337\227\2179\321\266\010\243g\356\254\326\021\366"
 251      39D1B608 
 251      A367EEAC 
 251      D611F6
 252 0871 23D295A8 		.ascii	"#\322\225\250/\313\2155\012\252\252\211z/nJ1s\276\316"
 252      2FCB8D35 
 252      0AAAAA89 
 252      7A2F6E4A 
 252      3173BECE 
 253 0885 88F93ACD 		.ascii	"\210\371:\315\362\225Wrd\324\305>_\345P\216\012Z\216"
 253      F2955772 
 253      64D4C53E 
 253      5FE5508E 
 253      0A5A8E
 254 0898 4A9A8133 		.ascii	"J\232\2013b\006\322Mo\023\235\354\3635#\272\356F\313"
 254      6206D24D 
 254      6F139DEC 
 254      F33523BA 
 254      EE46CB
 255 08ab 5F71828C 		.ascii	"_q\202\214\246\253\376\301\315G*\226\256^\233t\235\265"
 255      A6ABFEC1 
 255      CD472A96 
 255      AE5E9B74 
 255      9DB5
 256 08bd A40B3612 		.ascii	"\244\0136\022\033;\347\244t\235\347\027r\252\240\320"
 256      1B3BE7A4 
 256      749DE717 
ARM GAS  /var/folders/fq/ltb3dbq95yq6ljzx21t9gnkc0000gn/T//ccvCgpVm.s 			page 20


 256      72AAA0D0 
 257 08cd B0D070C3 		.ascii	"\260\320p\303\016\377\210\177\351\014N\237\177\371\265"
 257      0EFF887F 
 257      E90C4E9F 
 257      7FF9B5
 258 08dc E73A4E11 		.ascii	"\347:N\021\031\024bX\271BgP\352t\342\343\0375\241a\006"
 258      19146258 
 258      B9426750 
 258      EA74E2E3 
 258      1F35A161 
 259 08f1 CDB68080 		.ascii	"\315\266\200\200%\376\341;4 KBBC\364K\364\376\377\014"
 259      25FEE13B 
 259      34204B42 
 259      4243F44B 
 259      F4FEFF0C 
 260 0905 D2048504 		.ascii	"\322\004\205\004\004G\006\3525;\374\003\266\007\205"
 260      044706EA 
 260      353BFC03 
 260      B60785
 261 0914 E835BA40 		.ascii	"\3505\272@\375V\377\310`\203\316\360\2370}\304\322\355"
 261      FD56FFC8 
 261      6083CEF0 
 261      9F307DC4 
 261      D2ED
 262 0926 DCE27798 		.ascii	"\334\342w\230\034a\010\004W\000^\276t\251\206\375\205"
 262      1C610804 
 262      57005EBE 
 262      74A986FD 
 262      85
 263 0937 4668B6FB 		.ascii	"Fh\266\373\007k\010\277\010\315\226\2576\257\\\241\331"
 263      076B08BF 
 263      08CD96AF 
 263      36AF5CA1 
 263      D9
 264 0948 B469BDE6 		.ascii	"\264i\275\346s\277\215\276\377^\241\011\363\017\326"
 264      73BF8DBE 
 264      FF5EA109 
 264      F30FD6
 265 0957 050707C2 		.ascii	"\005\007\007\302\014\371F\337\265\221\021\252\010\303"
 265      0CF946DF 
 265      B59111AA 
 265      08C3
 266 0965 0E60BA2D 		.ascii	"\016`\272-,(Tg\220o\366]\277A\353\344\373\325\337\375"
 266      2C285467 
 266      906FF65D 
 266      BF41EBE4 
 266      FBD5DFFD 
 267 0979 3668E7F8 		.ascii	"6h\347\370n\361\333\260a\275V\356\367\265\337z-\336"
 267      6EF1DBB0 
 267      61BD56EE 
 267      F7B5DF7A 
 267      2DDE
 268 098b 08E2BB5E 		.ascii	"\010\342\273^\213\276\241q.\377\324\032'y\304\021z\203"
 268      8BBEA171 
 268      2EFFD41A 
 268      2779C411 
 268      7A83
ARM GAS  /var/folders/fq/ltb3dbq95yq6ljzx21t9gnkc0000gn/T//ccvCgpVm.s 			page 21


 269 099d 3C2058EF 		.ascii	"< X\357\037\216|dk\267h\265\262M\353\276\320\312\376"
 269      1F8E7C64 
 269      6BB768B5 
 269      B24DEBBE 
 269      D0CAFE
 270 09b0 F467ED26 		.ascii	"\364g\355&\362\317\007\257\325j\225,gA\201\2201\366"
 270      F2CF07AF 
 270      D56A952C 
 270      67418190 
 270      31F6
 271 09c2 2023F953 		.ascii	" #\371S\021\033\272\255\376\021\206?\300\213\320\255"
 271      111BBAAD 
 271      FE11863F 
 271      C08BD0AD 
 272 09d2 5BC1D46F 		.ascii	"[\301\324o\354\203\021\303\005\366\300\\\0117\255\336"
 272      EC8311C3 
 272      05F6C05C 
 272      0937ADDE 
 273 09e2 3F10E87B 		.ascii	"?\020\350{\330##\302\003(*\200s\201\3337\341A\006=\300"
 273      D82323C2 
 273      03282A80 
 273      7381DB37 
 273      E141063D 
 274 09f7 1441A13B 		.ascii	"\024A\241;B\003\365:\203\032\006\267\350\0150\264\031"
 274      4203F53A 
 274      831A06B7 
 274      E80D30B4 
 274      19
 275 0a08 F40F7496 		.ascii	"\364\017t\226t\350\300\351\266\360\320\3100\202\222"
 275      74E8C0E9 
 275      B6F0D0C8 
 275      308292
 276 0a17 056CF70F 		.ascii	"\005l\367\017W\350t[#C\002t:\265\370\260\364\323e+W"
 276      57E8745B 
 276      23430274 
 276      3AB5F8B0 
 276      F4D3652B 
 277 0a2c 4DD356DB 		.ascii	"M\323V\333j\253V\375\027\226\366\343a"
 277      6AAB56FD 
 277      1796F6E3 
 277      61
 278              		.text
 279              		.section	.gnu.lto_.symtab.500156a7a80c98b,"",%progbits
 280 0000 70616C52 		.ascii	"palReadBus\000\000\000\000\000\000\000\000\000\000\000"
 280      65616442 
 280      75730000 
 280      00000000 
 280      00000000 
 281 0015 00090100 		.ascii	"\000\011\001\000\000palWriteBus\000\000\000\000\000"
 281      0070616C 
 281      57726974 
 281      65427573 
 281      00000000 
 282 002a 00000000 		.ascii	"\000\000\000\000\000\000\000\016\001\000\000palSetB"
 282      0000000E 
 282      01000070 
 282      616C5365 
ARM GAS  /var/folders/fq/ltb3dbq95yq6ljzx21t9gnkc0000gn/T//ccvCgpVm.s 			page 22


 282      7442
 283 003c 75734D6F 		.ascii	"usMode\000\000\000\000\000\000\000\000\000\000\000\000"
 283      64650000 
 283      00000000 
 283      00000000 
 283      0000
 284 004e 16010000 		.ascii	"\026\001\000\000_pal_lld_setgroupmode\000\000\002\000"
 284      5F70616C 
 284      5F6C6C64 
 284      5F736574 
 284      67726F75 
 285 006b 00000000 		.ascii	"\000\000\000\000\000\000\000\000\034\001\000\000"
 285      00000000 
 285      1C010000 
 286              		.text
 287              		.section	.gnu.lto_.opts,"",%progbits
 288 0000 272D666E 		.ascii	"'-fno-trapv' '-mcpu=cortex-m0' '-mno-thumb-interwor"
 288      6F2D7472 
 288      61707627 
 288      20272D6D 
 288      6370753D 
 289 0033 6B272027 		.ascii	"k' '-mthumb' '-ggdb' '-O2' '-fomit-frame-pointer' '"
 289      2D6D7468 
 289      756D6227 
 289      20272D67 
 289      67646227 
 290 0066 2D66616C 		.ascii	"-falign-functions=16' '-ffunction-sections' '-fdata"
 290      69676E2D 
 290      66756E63 
 290      74696F6E 
 290      733D3136 
 291 0099 2D736563 		.ascii	"-sections' '-fno-common' '-flto'\000"
 291      74696F6E 
 291      73272027 
 291      2D666E6F 
 291      2D636F6D 
 292              		.text
 293              		.comm	__gnu_lto_v1,1,1
 294              		.comm	__gnu_lto_slim,1,1
 295              		.ident	"GCC: (GNU Tools for ARM Embedded Processors) 4.9.3 20150303 (release) [ARM/embedded-4_9-br
ARM GAS  /var/folders/fq/ltb3dbq95yq6ljzx21t9gnkc0000gn/T//ccvCgpVm.s 			page 23


DEFINED SYMBOLS
                            *ABS*:0000000000000000 pal.c
                            *COM*:0000000000000001 __gnu_lto_v1
                            *COM*:0000000000000001 __gnu_lto_slim

NO UNDEFINED SYMBOLS
