ARM GAS  /var/folders/fq/ltb3dbq95yq6ljzx21t9gnkc0000gn/T//ccDTlkKx.s 			page 1


   1              		.cpu cortex-m0
   2              		.fpu softvfp
   3              		.eabi_attribute 20, 1
   4              		.eabi_attribute 21, 1
   5              		.eabi_attribute 23, 3
   6              		.eabi_attribute 24, 1
   7              		.eabi_attribute 25, 1
   8              		.eabi_attribute 26, 1
   9              		.eabi_attribute 30, 2
  10              		.eabi_attribute 34, 0
  11              		.eabi_attribute 18, 4
  12              		.code	16
  13              		.file	"pal_lld.c"
  14              		.text
  15              	.Ltext0:
  16              		.section	.gnu.lto_.profile.6755c1456a2731e2,"",%progbits
  17 0000 789C6366 		.ascii	"x\234cf```c\200\000F\2066\306\026F\000\003\306\001\027"
  17      60606063 
  17      80004686 
  17      36C61646 
  17      0003C601 
  18              		.text
  19              		.section	.gnu.lto_.jmpfuncs.6755c1456a2731e2,"",%progbits
  20 0000 789C6366 		.ascii	"x\234cf\300\016\004\2404\023\003##c=#3\220d\257\257"
  20      C00E04A0 
  20      34130323 
  20      23633D23 
  20      339064AF 
  21 0015 AF670000 		.ascii	"\257g\000\000\014\320\002#"
  21      0CD00223 
  22              		.text
  23              		.section	.gnu.lto_.inline.6755c1456a2731e2,"",%progbits
  24 0000 789C6366 		.ascii	"x\234cf\300\0166@i&\006\2063\014\247\031\030\331\031"
  24      C00E3640 
  24      69260686 
  24      330CA719 
  24      18D919
  25 0013 18199815 		.ascii	"\030\031\230\025@\204\003\210H\000\021\015\214 r\001"
  25      40840388 
  25      4800110D 
  25      8C207201 
  26 0023 983C0026 		.ascii	"\230<\000&\031\0042\016\254acPj\370\305\310\304\300"
  26      1904320E 
  26      AC616350 
  26      6AF8C5C8 
  26      C4C0
  27 0035 F8829D05 		.ascii	"\370\202\235\005B\202\010\0160\223\003D\010\200\231"
  27      4282080E 
  27      30930344 
  27      088099
  28 0044 02204201 		.ascii	"\002 B\001\314T\000\021\016`\246\003\210h\200\350\006"
  28      CC540011 
  28      0E60A603 
  28      886880E8 
  28      06
  29 0055 990F2499 		.ascii	"\231\017$\231 \034&\220s\030\031l611221200\207\264\234"
  29      201C2690 
ARM GAS  /var/folders/fq/ltb3dbq95yq6ljzx21t9gnkc0000gn/T//ccDTlkKx.s 			page 2


  29      7318196C 
  29      36313132 
  29      32313230 
  30 006d 5760109A 		.ascii	"W`\020\232s\221\231\211A\350B\017#\013\330\275\000\011"
  30      73919989 
  30      41E8420F 
  30      230BD8BD 
  30      0009
  31 007f F61E80   		.ascii	"\366\036\200"
  32              		.text
  33              		.section	.gnu.lto_.pureconst.6755c1456a2731e2,"",%progbits
  34 0000 789C6366 		.ascii	"x\234cf```e\200\000&\006)F)\000\000\371\000@"
  34      60606065 
  34      80002606 
  34      29462900 
  34      00F90040 
  35              		.text
  36              		.section	.gnu.lto__pal_lld_init.6755c1456a2731e2,"",%progbits
  37 0000 789CA599 		.ascii	"x\234\245\231YLTW\030\307\35793\314\014\016\233\270"
  37      594C5457 
  37      18C7EF39 
  37      33CC0C0E 
  37      9BB8
  38 0012 21EE2282 		.ascii	"!\356\"\202\017J\272<4i\037|h\322\264\261i\223\366\275"
  38      0F4ABA3C 
  38      34691F7C 
  38      68D2B4B1 
  38      6993F6BD 
  39 0026 69BADA98 		.ascii	"i\272\332\230Jj\323\267\246\027\244\326\226\252H[K\265"
  39      4A6AD3B7 
  39      A617A4D6 
  39      96AA485B 
  39      4BB5
  40 0038 56D1A288 		.ascii	"V\321\242\210\200\202\025EEG\220\305\025\025\253\005"
  40      80821545 
  40      454790C5 
  40      1515AB05 
  41 0048 3714B0A2 		.ascii	"7\024\260\242\202\216Kup\241\347\373\337s\2703\010d"
  41      828E4B75 
  41      70A1E7FB 
  41      DF73B833 
  41      0864
  42 005a AED7E807 		.ascii	"\256\327\350\007\003\347\376\317\357|\347\233\237Q\034"
  42      03E7FECF 
  42      EF7CE79B 
  42      9F511C
  43 0069 DAD3BF12 		.ascii	"\332\323\277\022\305\237\202\211\2326[|d\016\215\361"
  43      C59F8289 
  43      9A365B7C 
  43      640E8DF1 
  44 0079 9C639A96 		.ascii	"\234c\232\226\341\341\214\321'\032\323\276\341\354\033"
  44      E1E18CD1 
  44      271AD3BE 
  44      E1EC1B
  45 0088 D6C9FD9C 		.ascii	"\326\311\375\234\345\3706\347yS\012t]\277U\275#\341"
  45      E5F836E7 
  45      79530A74 
ARM GAS  /var/folders/fq/ltb3dbq95yq6ljzx21t9gnkc0000gn/T//ccDTlkKx.s 			page 3


  45      5DBF55BD 
  45      23E1
  46 009a DB8400D7 		.ascii	"\333\204\000\327\264;\334\210a\033Y\212X\262\250\370"
  46      B43BDC88 
  46      611B598A 
  46      58B2A8F8 
  47 00aa 7CBDD3F1 		.ascii	"|\275\323\361\"\323\304\347\225\245w\217z\257\362\000"
  47      22D3C4E7 
  47      95A5778F 
  47      7AAFF200 
  48 00ba 6793E9E5 		.ascii	"g\223\351\345\256\334\206<\027\275\344Nz\271/Pt\302"
  48      AEDC863C 
  48      17BDE44E 
  48      7AB92F50 
  48      74C2
  49 00cc 99BC5ED7 		.ascii	"\231\274^\3273}G\313\365\331\316\000w\260B\346\020y"
  49      337D47CB 
  49      F5D9CE00 
  49      77B042E6 
  49      1079
  50 00de 6C134B64 		.ascii	"l\023KdE,Q\023_\322\330f\226L\313\375Y\217\317x]Yb\357"
  50      452C5113 
  50      5FD2D866 
  50      964CCBFD 
  50      598FCF78 
  51 00f6 38634F56 		.ascii	"8cOV\314\\L|\334\022\357\323{{\333J\36749\347p\361\210"
  51      CC5C4C7C 
  51      DC12EFD3 
  51      7B7BDB4A 
  51      F73439E7 
  52 010d D3412582 		.ascii	"\323A%\202\321\203.\372\324M\305C%\222\212\227J\024"
  52      D1832EFA 
  52      D44DC543 
  52      25928A97 
  52      4A14
  53 011f 95682A31 		.ascii	"\225h*1Tb\251\304Q\031N%\236\312\010*#\251\214\2422"
  53      5462A9C4 
  53      51194E25 
  53      9ECA082A 
  53      23A98CA2 
  54 0134 9ACA182A 		.ascii	"\232\312\030*\011T\306R!B\3478*\343\251L\2402\221\312"
  54      0954C652 
  54      2142E738 
  54      2AE3A94C 
  54      A03291CA 
  55 0148 242A93A9 		.ascii	"$*\223\251L\2412\225J\022\225iT\222\251L\247\222B%\225"
  55      4CA13295 
  55      4A129569 
  55      5492A94C 
  55      A7924225 
  56 015d CA0C2A9A 		.ascii	"\312\014*\232\326.NFm\357\340\234>:ZXu\205\377\312s"
  56      D62E4E46 
  56      6DEFE09C 
  56      3E3A5A58 
  56      7585FFCA 
  57 0172 74D6FB9C 		.ascii	"t\326\373\234\256\340PCAe$51B_\273XG#/\2667\236\360"
  57      AEE05043 
ARM GAS  /var/folders/fq/ltb3dbq95yq6ljzx21t9gnkc0000gn/T//ccDTlkKx.s 			page 4


  57      41652435 
  57      31425FBB 
  57      5847232F 
  58 018a E04B1ABD 		.ascii	"\340K\032\275\314\334\220\277\313\263\232\255b\001\356"
  58      CCDC90BF 
  58      CBB39AAD 
  58      6201EE
  59 0199 6225A293 		.ascii	"b%\242\223\245\242\223\364\215\266\236\225\035\336\231"
  59      A5A293F4 
  59      8DB69E95 
  59      1DDE99
  60 01a8 9BF5AC0C 		.ascii	"\233\365\254\014O\200\273\331\026\266\232\335\306\345"
  60      4F80BBD9 
  60      16B69ADD 
  60      C6E5
  61 01b6 B1AD6CA6 		.ascii	"\261\255l\246\326\302\026\336u\031\3738\214\255\236"
  61      D6C216DE 
  61      7519FB38 
  61      8CAD9E
  62 01c5 DC58B525 		.ascii	"\334X\265%\202r\235\272\376@\334J\231\310\021<\271\214"
  62      82729DBA 
  62      FE40DC4A 
  62      99C8113C 
  62      B98C
  63 01d7 5659D8A8 		.ascii	"VY\330\250\334\334h\033\233)\342\265\323,\323w\322-"
  63      DCDC681B 
  63      9B29E2B5 
  63      D32CD377 
  63      D22D
  64 01e9 639AEB0E 		.ascii	"c\232\353\016\024yS7\210\213m\355-h\237-\036\361\310"
  64      14795337 
  64      888B6DED 
  64      2D689F2D 
  64      1EF1C8
  65 01fc C9647FB1 		.ascii	"\311d\177\261\324\340\3639\220\276\375\301\232\256h"
  65      D4E0F339 
  65      90BEFDC1 
  65      9AAE68
  66 020b B16D8678 		.ascii	"\261m\206x\240\263&&\300#\357\363\010\266]\356\335]"
  66      A0B32626 
  66      C023EFF3 
  66      08B65DEE 
  66      DD5D
  67 021d BDB42756 		.ascii	"\275\264'V\354\035\027\340\303X\005v\246!\021\337)\252"
  67      EC1D17E0 
  67      C3580576 
  67      A62111DF 
  67      29AA
  68 022f EA3A17FB 		.ascii	"\352:\027\373\365C=G\3679\304\036l\007\233I\004\032"
  68      F5433D47 
  68      F739C41E 
  68      6C079B49 
  68      041A
  69 0241 DBC9BE16 		.ascii	"\333\311\276\026D\\\342\264\034\254~\305\3612\346\367"
  69      445CE2B4 
  69      1CAC7EC5 
  69      F132E6F7 
ARM GAS  /var/folders/fq/ltb3dbq95yq6ljzx21t9gnkc0000gn/T//ccDTlkKx.s 			page 5


  70 0251 70F3CD35 		.ascii	"p\363\3155\216\244|1\241\255{j>\362e\255\325\237\364"
  70      8EA47C31 
  70      A1AD7B6A 
  70      3EF265AD 
  70      D59FF4
  71 0264 F68AD37A 		.ascii	"\366\212\323zYe\350\234J\334],I<UU\365\313n\007\341"
  71      5965E89C 
  71      4ADC5D2C 
  71      493C5555 
  71      F5CB6E07 
  72 0279 7AC5917C 		.ascii	"z\305\221|N\215\355\026+\350\304M\365\252s\235\025\365"
  72      4E8DED16 
  72      2BE8C44D 
  72      F5AA739D 
  72      15F5
  73 028b 8FD800C1 		.ascii	"\217\330\000\301\236\376o\000\031\274\207%Q/D\3673+"
  73      9EFE6F00 
  73      19BC8725 
  73      512F44F7 
  73      332B
  74 029d FCB5F9EE 		.ascii	"\374\265\371\356\220\267\003ri\205\330\036o\212;\234"
  74      90B70372 
  74      6985D81E 
  74      6F8A3B9C 
  75 02ad F57FC3B0 		.ascii	"\365\177\303\260*qP\215\355\245\333\365\006\267\324"
  75      2A71508D 
  75      EDA5DBF5 
  75      06B7D4
  76 02bc D3BFA5A2 		.ascii	"\323\277\245\242\375Q\324\317}\375\372\231\243\267f"
  76      FD51D4CF 
  76      7DFDFA99 
  76      A3B766
  77 02cb 53B3A399 		.ascii	"S\263\243\231\017M\345F&\333\217\321\251\316\315\037"
  77      0F4DE546 
  77      26DB8FD1 
  77      A9CECD1F 
  78 02db 45E9C1D1 		.ascii	"E\351\301\321^<_\226\233\335\343\245\350\034\212\216"
  78      5E3C5F96 
  78      9BDDE3A5 
  78      E81C8A8E 
  79 02eb A166B06A 		.ascii	"\241f\260j\231\375\360\247\312z\2169\361%\320\240\324"
  79      99FDF0A7 
  79      CA7A8E39 
  79      F125D0A0 
  79      D4
  80 02fc 20D92193 		.ascii	" \331!\223\017\320\254xq\346\262\272|\267\001\037\025"
  80      0FD0AC78 
  80      71E6B2BA 
  80      7CB7011F 
  80      15
  81 030d 1E6D1C81 		.ascii	"\036m\034\201\326\"\316)\343\352\372\203Z!\253GT\204"
  81      D622CE29 
  81      E3EAFA83 
  81      5A21AB47 
  81      5484
  82 031f 8C6A20B2 		.ascii	"\214j \262(\3436\372\310\242-\220\035D\234K\306\035"
  82      28E336FA 
ARM GAS  /var/folders/fq/ltb3dbq95yq6ljzx21t9gnkc0000gn/T//ccDTlkKx.s 			page 6


  82      C8A22D90 
  82      1D449C4B 
  82      C61D
  83 0331 B2437618 		.ascii	"\262Cv\030Qn\031u\204\310\242\215\236\325+\262\030\013"
  83      516E1975 
  83      84C8A28D 
  83      9ED52BB2 
  83      180B
  84 0343 644711E7 		.ascii	"dG\021\347\221q\307\354\2205\"*RF\035'\262\030\243g"
  84      9171C7EC 
  84      9035222A 
  84      52461D27 
  84      B218A367 
  85 0357 7D64B116 		.ascii	"}d\261\026\310N n\230\214;i\207\254\011Q^\031u\212\310"
  85      C84E206E 
  85      988C3B69 
  85      87AC0951 
  85      5E19758A 
  86 036c 628D9E1D 		.ascii	"b\215\236\035Qdq\026\310\376F\\\224\214;m\207\354\014"
  86      51647116 
  86      C8FE465C 
  86      948C3B6D 
  86      87EC0C
  87 037f A2A265D4 		.ascii	"\242\242e\324?D\026g\364\254\217l\270\005\262f\304\305"
  87      3F441667 
  87      F4AC8F6C 
  87      B805B266 
  87      C4C5
  88 0391 C8B8163B 		.ascii	"\310\270\026;dg\021\025+\243\316\021\331pX\255\271\317"
  88      64671115 
  88      2BA3CE11 
  88      D97058AD 
  88      B9CF
  89 03a3 6A4388FC 		.ascii	"jC\210\374<D\036l\356\033C\233\373\002\266\213\033\330"
  89      3C441E6C 
  89      EE1B439B 
  89      FB02B68B 
  89      1BD8
  90 03b5 DC1795B9 		.ascii	"\334\027\225\271[C\314mU\327\227\240k\177\371\272%\206"
  90      5B43CC6D 
  90      55D797A0 
  90      6B7FF9BA 
  90      2586
  91 03c7 AFF4C5D0 		.ascii	"\257\364\305\320\365e\251\353\346g\326u\233\220\361"
  91      F565A9EB 
  91      E667D675 
  91      9B90F1
  92 03d6 F941754D 		.ascii	"\371AuM\271\264\342\322\020\272n\207\256;\350\276\011"
  92      B9B4E2D2 
  92      10BA6E87 
  92      AE3BE8BE 
  92      09
  93 03e7 60E7EDAE 		.ascii	"`\347\355\2565\303\240\353\361\320uw\347\012o\350\365"
  93      35C3A0EB 
  93      F1D07577 
  93      E70A6FE8 
  93      F5
ARM GAS  /var/folders/fq/ltb3dbq95yq6ljzx21t9gnkc0000gn/T//ccDTlkKx.s 			page 7


  94 03f8 5F914DBC 		.ascii	"_\221M\274VRz\314\021\242\353\177\225\256)\223]5g\240"
  94      56527ACC 
  94      11A2EB7F 
  94      95AE2993 
  94      5D3567A0 
  95 040c 03672B6C 		.ascii	"\003g+l;\\\036<\003\227\203f\300W\327t%x\006:\225\237"
  95      3B5C1E3C 
  95      03978366 
  95      C057D774 
  95      2578063A 
  96 0422 11758D66 		.ascii	"\021u\215f\300e\372\031\264\361\341\341a:\257+?#\356"
  96      C065FA19 
  96      B4F1E1E1 
  96      613AAF2B 
  96      3F23EE
  97 0435 861DB22E 		.ascii	"\206\035\262.\345gDu\023Y\274\351g\220\215\260@vS\371"
  97      E5674475 
  97      1359BCE9 
  97      67908DB0 
  97      407653F9 
  98 0449 1971B7EC 		.ascii	"\031q\267\354\220\371\225\237\021u\233\310F\230~\006"
  98      90F9959F 
  98      11759BC8 
  98      46987E06 
  99 0459 D9480B64 		.ascii	"\331H\013dw\224\237\021w\327\016\331=\345gD\375Gd#M"
  99      77949F11 
  99      77D70ED9 
  99      3DE56744 
  99      FD476423 
 100 046e 3F836C94 		.ascii	"?\203l\224\005\262\373\312\317\210{`\207,\240\374\214"
 100      05B2FBCA 
 100      CF887B60 
 100      872CA0FC 
 100      8C
 101 047f A81E221B 		.ascii	"\250\036\"\033e\372\031d\243-\220=T~F\334#;d\217\225"
 101      65FA1964 
 101      A32D903D 
 101      547E46DC 
 101      233B648F 
 102 0494 9F11F584 		.ascii	"\237\021\365\204\310F\233~\006\331\030\013d\275\312"
 102      C8469B7E 
 102      06D9180B 
 102      64BDCA
 103 04a3 CF88D3B9 		.ascii	"\317\210\323\271\015\262\014.\375\214\250L.\310\306"
 103      0DB20C2E 
 103      FD8CA84C 
 103      2EC8C6
 104 04b2 406317C3 		.ascii	"@c\027\303\361\363B\336\337\3177\207\366s\026\266\033"
 104      F1F342DE 
 104      DFCF3787 
 104      F67316B6 
 104      1B
 105 04c3 3EB09FBF 		.ascii	">\260\237\277\345\322\317\213\270\035?\177\307\311\317"
 105      E5D2CF8B 
 105      B81D3F7F 
 105      C7C9CF
 106 04d2 25650BFD 		.ascii	"%e\013\3751\206\237s\340\347\305<\261\337\301\254\372"
ARM GAS  /var/folders/fq/ltb3dbq95yq6ljzx21t9gnkc0000gn/T//ccDTlkKx.s 			page 8


 106      31869F73 
 106      E0E7C53C 
 106      B1DFC1AC 
 106      FA
 107 04e3 F97B9E44 		.ascii	"\371{\236D'\036\304\317\224K+\304\366\203\372\371\007"
 107      271EC4CF 
 107      944B2BC4 
 107      F683FAF9 
 107      07
 108 04f4 4E7ECEE6 		.ascii	"N~\316\346\342\276\351\351\256e\273\257\343_\266\236"
 108      E2BEE9E9 
 108      AE65BBAF 
 108      E35FB69E 
 109 0504 9768E97F 		.ascii	"\227h\351\177\265\313\317\366\273\376\037\271\321\304"
 109      B5CBCFF6 
 109      BBFE1FB9 
 109      D1C4
 110 0512 45993599 		.ascii	"E\2315\231,\304\317K\270\3643e\262\245\346\014dC\375"
 110      2CC4CF4B 
 110      B8F43365 
 110      B2A5E60C 
 110      6443FD
 111 0525 EB1ABBCF 		.ascii	"\353\032\273\317\015\013\232\001q\372\276\031X\265p"
 111      0D0B9A01 
 111      71FABE19 
 111      58B570
 112 0534 C9F1A8A0 		.ascii	"\311\361\250\240\031X\306\245\237\021\225C3\3406\375"
 112      1958C6A5 
 112      9F119543 
 112      33E036FD 
 113 0544 0CDA84F0 		.ascii	"\014\332\204\360\3600\235\313\271\3643\342r\355\220"
 113      F0309DCB 
 113      B9F433E2 
 113      72ED90
 114 0553 FDC4A59F 		.ascii	"\375\304\245\237\021\3653\221%\230~\006\331X\013d\277"
 114      11F53391 
 114      25987E06 
 114      D9580B64 
 114      BF
 115 0564 70E967C4 		.ascii	"p\351g\304\255\260C\366+\227~FT\036\221\2155\375\014"
 115      ADB043F6 
 115      2B977E46 
 115      541E918D 
 115      35FD0C
 116 0577 B2440B64 		.ascii	"\262D\013d\277q\351g\304\255\264C\266\212K?#\352w\""
 116      BF71E967 
 116      C4ADB443 
 116      B68A4B3F 
 116      23EA7722 
 117 058b 4B34FD0C 		.ascii	"K4\375\014\262q\026\310Vs\351g\304\375a\207l\015\227"
 117      B27116C8 
 117      5673E967 
 117      C4FD6187 
 117      6C0D97
 118 059e 7E46D45A 		.ascii	"~F\324Z\"\033g\372\031d\343-\220\345s\351g\304\255\263"
 118      221B67FA 
 118      1964E32D 
ARM GAS  /var/folders/fq/ltb3dbq95yq6ljzx21t9gnkc0000gn/T//ccDTlkKx.s 			page 9


 118      90E573E9 
 118      67C4ADB3 
 119 05b2 43B69E4B 		.ascii	"C\266\236K?#\352O\"\033o\372\031d\023,\220\025p\351"
 119      3F23EA4F 
 119      221B6FFA 
 119      1964132C 
 119      901570E9 
 120 05c6 67C46DB0 		.ascii	"g\304m\260C\266Q\371\031Q\205D6\001\032\273\027\216"
 120      43B651F9 
 120      19518544 
 120      36011ABB 
 120      178E
 121 05d8 9F373DE5 		.ascii	"\2377=\345\347\236\241\375\\\204\355\342\007\366\363"
 121      E79EA1FD 
 121      5C84EDE2 
 121      07F6F3
 122 05e7 66E5E762 		.ascii	"f\345\347b[~.\201\237\037l\275\234\023k\3709\017~.\225"
 122      5B7E2E81 
 122      9F1F6CBD 
 122      9C136BF8 
 122      390F7E2E 
 123 05fc 7EBEF7CC 		.ascii	"~\276\367\314~\336\"\354\273iP?S.\255(\031\302\317["
 123      7EDE22EC 
 123      BB69503F 
 123      532EAD28 
 123      19C2CF5B 
 124 0610 E1E732BA 		.ascii	"\341\3472\272o\0175`[\346C7\374\374.-\335\372C\356g"
 124      6F0F3560 
 124      5BE64337 
 124      FCFC2E2D 
 124      DDFA43EE 
 125 0625 A1B75F2E 		.ascii	"\241\267_.o\177E\306\332\252\350\020=oSz\246H\366\227"
 125      6F7F45C6 
 125      DAAAE810 
 125      3D6F537A 
 125      A648F697 
 126 0639 39026518 		.ascii	"9\002e\030\201\006\337v\2773h\004J\203F\340\376\262"
 126      8106DF76 
 126      BF336804 
 126      4A8346E0 
 126      FEB2
 127 064b F58F6383 		.ascii	"\365\217c\203F`\273\3223\242*h\004<\246\236\001;1,:"
 127      4660BBD2 
 127      33A22A68 
 127      043CA69E 
 127      013B312C 
 128 0660 CCE60E65 		.ascii	"\314\346\016eg\244\355\264\003V\251\354\214\250]\004"
 128      67A4EDB4 
 128      0356A9EC 
 128      8CA85D04 
 129 0670 36D1B433 		.ascii	"6\321\2643\300&\205\017\266[\311\031i{\354\200U)9#j"
 129      C026850F 
 129      B65BC919 
 129      697BEC80 
 129      55293923 
 130 0685 2F814D32 		.ascii	"/\201M2\345\014\260\311\341\203\355SnF\232\317\016\330"
 130      E50CB0C9 
ARM GAS  /var/folders/fq/ltb3dbq95yq6ljzx21t9gnkc0000gn/T//ccDTlkKx.s 			page 10


 130      E183ED53 
 130      6E469ACF 
 130      0ED8
 131 0697 7EE56644 		.ascii	"~\345fDU\023\330d\323\315\000\233\022>X\215R3\322\016"
 131      5513D864 
 131      D3CD009B 
 131      123E588D 
 131      5233D20E 
 132 06ab D801AB55 		.ascii	"\330\001\253UjFT\035\201M1\325\014\260\251\341\203\325"
 132      6A46541D 
 132      814D31D5 
 132      0CB0A9E1 
 132      83D5
 133 06bd 2B3323AD 		.ascii	"+3#\255\301\016\330AefD\035\"\260\251\246\231\001\226"
 133      C10ED841 
 133      6566441D 
 133      22B0A9A6 
 133      990196
 134 06d0 143ED861 		.ascii	"\024>\330a%f\244\035\261\003vT\211\031Q\307\010,\011"
 134      2566A41D 
 134      B1037654 
 134      891951C7 
 134      082C09
 135 06e3 FE5A7E28 		.ascii	"\376Z~(\01417>%\346\305\265C\212\3718\266\0331\260\230"
 135      0C31373E 
 135      25E6C5B5 
 135      438AF938 
 135      B61B31B0 
 136 06f8 4F28319F 		.ascii	"O(1\237\264%\346&\264\362\361\311\342l\247!\346B\210"
 136      B425E626 
 136      B4F2F1C9 
 136      E26CA721 
 136      E64288
 137 070b F99414B3 		.ascii	"\371\224\024\263y0\253b\376[h\267qP1S.\255h\032B\314"
 137      7930AB62 
 137      FE5B68B7 
 137      71503153 
 137      2EAD681A 
 138 0721 A721E633 		.ascii	"\247!\3463t\335\221\342{\373Z\036-\345\020s:-=\256o"
 138      74DD91E2 
 138      7BFB5A1E 
 138      2DE51073 
 138      3A2D3DAE 
 139 0736 7AE408BD 		.ascii	"z\344\010\275\376\177\344\365\347\025^\335\030\021b"
 139      FE7FE4F5 
 139      E7155EDD 
 139      181162
 140 0745 E6666566 		.ascii	"\346fef\312d-\346\014\234\301\014\324l<\2733\370/\347"
 140      CA642DE6 
 140      0C9CC10C 
 140      D46C3CBB 
 140      33F82FE7 
 141 0759 53413350 		.ascii	"SA3P[\263z\275;\370?\267\224\231\021u\216f \32243h\247"
 141      5BB37ABD 
 141      3BF83FB7 
 141      94991175 
 141      8E6620D2 
ARM GAS  /var/folders/fq/ltb3dbq95yq6ljzx21t9gnkc0000gn/T//ccDTlkKx.s 			page 11


 142 0771 858787E9 		.ascii	"\205\207\207\351<\257\324\214\270\013v\310.*5#\252\225"
 142      3CAFD48C 
 142      B80B76C8 
 142      2E2A3523 
 142      AA95
 143 0783 C8A6996A 		.ascii	"\310\246\231j\006Y\262\005\262K\312\315\210\273l\207"
 143      0659B205 
 143      B24BCACD 
 143      88BB6C87 
 144 0793 AC4DB919 		.ascii	"\254M\271\031Q\355D\226l\272\031d\323-\220u(9#\356\212"
 144      51ED4496 
 144      6CBA1964 
 144      D32D9075 
 144      283923EE 
 145 07a8 1DB27F95 		.ascii	"\035\262\177\225\234\021u\225\310\246\233r\006Y\212"
 145      9C117595 
 145      C8A69B72 
 145      06598A
 146 07b7 05B24E65 		.ascii	"\005\262Neg\304]\263Cv]\331\031Q7\210,\305\2643\310"
 146      67C45DB3 
 146      43765DD9 
 146      19513788 
 146      2CC5B433 
 147 07cc 522D9075 		.ascii	"R-\220u"
 148 07d0 293D23AE 		.ascii	")=#\256\333\016\331M\245gD\335\"\262TS\317 \233a\201"
 148      DB0ED94D 
 148      A56744DD 
 148      22B25453 
 148      CF209B61 
 149 07e5 CCAFFC8C 		.ascii	"\314\257\374\214\270\333v\310\356(?#\352.\221\315\320"
 149      B8DB76C8 
 149      EE283F23 
 149      EA2E91CD 
 149      D0
 150 07f6 2EB00CDF 		.ascii	".\260\014\337\2167\340J\215~h\312\350\207\245\\\323"
 150      8E37E04A 
 150      8D7E68CA 
 150      E887A55C 
 150      D3
 151 0807 9E9B352B 		.ascii	"\236\2335+\315\370=\177A\332\247\357\317KK\237\377\305"
 151      CDF83D7F 
 151      41DAA7EF 
 151      CF4B4B9F 
 151      FFC5
 152 0819 970BD2DE 		.ascii	"\227\013\322\336y\367\315\027\236O\2333\347\325\264"
 152      79F7CD17 
 152      9E4F9B33 
 152      E7D5B4
 153 0828 D7DE7EFD 		.ascii	"\327\336~\375\255\257\236OK\177\177\336{\363\346}8\353"
 153      ADAF9E4F 
 153      4B7F7FDE 
 153      7BF3E67D 
 153      38EB
 154 083a 03CDF5C1 		.ascii	"\003\315\365\301\374\317?\236\373I\304'\351s\347\247"
 154      FCCF3F9E 
 154      FB49C427 
 154      E973E7A7 
ARM GAS  /var/folders/fq/ltb3dbq95yq6ljzx21t9gnkc0000gn/T//ccDTlkKx.s 			page 12


 155 084a FF0F4225 		.ascii	"\377\017B%\263\247"
 155      B3A7
 156              		.text
 157              		.section	.gnu.lto__pal_lld_setgroupmode.6755c1456a2731e2,"",%progbits
 158 0000 789C9D57 		.ascii	"x\234\235W\177PUu\026\277\347{\357\373\011\210?\032"
 158      7F505575 
 158      16BFE77B 
 158      EFFB0988 
 158      3F1A
 159 0012 43D4B441 		.ascii	"C\324\264A\374\231\240H\272\352\212\253\240\325LM\315"
 159      FC99A048 
 159      BAEA8AAB 
 159      A0D54C4D 
 159      CD
 160 0023 D44C35D3 		.ascii	"\324L5\323T\226\316\266\26300\3006\355_{\345W\265\271"
 160      5496CEB6 
 160      B33030C0 
 160      36ED5F7B 
 160      E557B5B9 
 161 0037 3B2EB5BB 		.ascii	";.\265\273f2\3750\324\004y\206\277\202T^\304\012\"b"
 161      6632FD30 
 161      D4047986 
 161      BF82545E 
 161      C40A2262 
 162 004b AC06EA22 		.ascii	"\254\006\352\"P\013\210+\322\262\242/\032\222=?\356"
 162      500B882B 
 162      D2B2A22F 
 162      1A923D3F 
 162      EE
 163 005c 83F7081A 		.ascii	"\203\367\010\032F\206w\270\337\363>\347s\317\371|\317"
 163      468677B8 
 163      DFF33EE7 
 163      73CFF97C 
 163      CF
 164 006d B9DF8BAE 		.ascii	"\271\337\213\256\375\364g+~\336\016\327\264\327\360"
 164      FDF4672B 
 164      7EDE0ED7 
 164      B4D7F0
 165 007c 2F8468A0 		.ascii	"/\204h\240\266\327\243\323\251@\227\013]\031o\314\323"
 165      B6D7A3D3 
 165      A940970B 
 165      5D196FCC 
 165      D3
 166 008d 4CB7936C 		.ascii	"L\267\223l\250\241l\274\262\363\312\006\016\001\331"
 166      A8A16CBC 
 166      B2F3CA06 
 166      0E01D9
 167 009c FD170E70 		.ascii	"\375\027\016p\312\205S\271s\034\010tm\253\326\020\351"
 167      CA8553B9 
 167      731C0874 
 167      6DABD610 
 167      E9
 168 00ad 12BA2F9C 		.ascii	"\022\272/\234n\000\272\320@\373\203\322\015\233\335"
 168      6E00BAD0 
 168      40FB83D2 
 168      0D9BDD
 169 00bc E174B901 		.ascii	"\341t\271\001/%\231k\252W\301vo\321\216\220y\205\246"
ARM GAS  /var/folders/fq/ltb3dbq95yq6ljzx21t9gnkc0000gn/T//ccDTlkKx.s 			page 13


 169      2F25996B 
 169      AA57C176 
 169      6FD18E90 
 169      7985A6
 170 00cf 69FEB7B4 		.ascii	"i\376\267\264)\"7\242_i\332M%\000\330\013\363\020r\305"
 170      292237A2 
 170      5F69DA4D 
 170      2500D80B 
 170      F31072C5 
 171 00e3 776C5B98 		.ascii	"wl[\230\036\017\032^\227\225\364\235\015\351R\375\012"
 171      1E0F1A5E 
 171      9795F49D 
 171      0DE952FD 
 171      0A
 172 00f4 66D3B23C 		.ascii	"f\323\262<\277f\207\235\226\312\240e\243\347\362%\025"
 172      BF66879D 
 172      96CAA065 
 172      A3E7F225 
 172      15
 173 0105 BDDB34B3 		.ascii	"\275\3334\263\274\347J\315_\031\375J\207}\240#\037|"
 173      BCE74ACD 
 173      5F19FD4A 
 173      877DA023 
 173      1F7C
 174 0117 0291B01F 		.ascii	"\002\221\260\037\"5tiP\004\321\210\376\250\271\303\247"
 174      22357469 
 174      5004D188 
 174      FEA8B9C3 
 174      A7
 175 0128 EB2B9977 		.ascii	"\353+\231w\177e\331\002\016l;^\330\030j>\334\257\014"
 175      7F65D902 
 175      0E6C3B5E 
 175      D8186A3E 
 175      DCAF0C
 176 013b 281E1969 		.ascii	"(\036\031ihp\200#\257\366_\333\033\246'p\344\217\373"
 176      68708023 
 176      AFF65FDB 
 176      1BA62770 
 176      E48FFB
 177 014e FFB2CB2D 		.ascii	"\377\262\313-\241'\012\317s\250\015JF\206\3324\360@"
 177      A1270ACF 
 177      73A80D4A 
 177      4686DA34 
 177      F040
 178 0160 34E1076A 		.ascii	"4\341\007jw\226\205\352\211\034\233w\360\207f[\324\207"
 178      779685EA 
 178      891C9B77 
 178      F087665B 
 178      D487
 179 0172 145B915B 		.ascii	"\024[\221[\035j\326\2309m\203\203\263\372\225\035\016"
 179      1D6AD698 
 179      396D8383 
 179      B3FA951D 
 179      0E
 180 0183 0633C80F 		.ascii	"\0063\310\017\206\274\277}\327-\233\376\010\207_\277"
 180      86BCBF7D 
 180      D72D9BFE 
ARM GAS  /var/folders/fq/ltb3dbq95yq6ljzx21t9gnkc0000gn/T//ccDTlkKx.s 			page 14


 180      08875FBF 
 181 0193 B5EFAF21 		.ascii	"\265\357\257!\034\376AM\241= \270t\214\340\335}_\365"
 181      1CFE414D 
 181      A13D20B8 
 181      748CE0DD 
 181      7D5FF5
 182 01a6 3AF52738 		.ascii	":\365'8\270j\357w\005\341\022|:(\370\360\030\301\037"
 182      B86AEF77 
 182      05E1127C 
 182      3A28F8F0 
 182      18C11F
 183 01b9 79CA9ED6 		.ascii	"y\312\236\326\237\341\330\206\303\267[&HlmP\354\321"
 183      9FE1D886 
 183      C3B75B26 
 183      486C6D50 
 183      ECD1
 184 01cb 31621BBA 		.ascii	"1b\033\272\257z\\\372\363\034l\036\316\277\343\222\340"
 184      AF7A5CFA 
 184      F31C6C1E 
 184      CEBFE392 
 184      E0
 185 01dc 3341C19F 		.ascii	"3A\301\237\215\021|z\327\371\223n\375e\016\276v8\253"
 185      8D117C7A 
 185      D7F9936E 
 185      FD650EBE 
 185      7638AB
 186 01ef CC2AB92E 		.ascii	"\314*\271.(\270|\214\340\336\234\037\233B\3549\330_"
 186      28B87C8C 
 186      E0DE9C1F 
 186      9B42EC39 
 186      D85F
 187 0201 13E15388 		.ascii	"\023\341S\210\202C\3709\202\237c\370)\303\317\347\020"
 187      8243F839 
 187      829F63F8 
 187      29C3CFE7 
 187      10
 188 0212 25FD06C7 		.ascii	"%\375\006\307\301\016\232\346\036\013\205\\\276O\212"
 188      C10E9AE6 
 188      1E0B855C 
 188      BE4F8A
 189 0221 DF54FAAF 		.ascii	"\337T\372\257\245\212C\257gI\025m\347rk\203\266\356"
 189      A58A43AF 
 189      6749156D 
 189      E7726B83 
 189      B6EE
 190 0233 C468A9C0 		.ascii	"\304h\251\300I\2468\331ST3AOc\212\256\256\362%\314\340"
 190      49A638D9 
 190      53543341 
 190      4F638AAE 
 190      AEF225CC 
 191 0248 2DC766CD 		.ascii	"-\307f\315\371\300\27438\010DP1*\201\227\011\376d\026"
 191      F9C0BC33 
 191      38084450 
 191      312A8197 
 191      09FE6416 
 192 025c BD0D7A06 		.ascii	"\275\015z\006\023\024\366\026\234\010\023\206\223\301"
 192      1314F616 
ARM GAS  /var/folders/fq/ltb3dbq95yq6ljzx21t9gnkc0000gn/T//ccDTlkKx.s 			page 15


 192      9C081386 
 192      93C1
 193 026a 0C5F8CCA 		.ascii	"\014_\214\312P\311\014\355{zrA\177\225\031\376\270?"
 193      50C90CED 
 193      7B7A7241 
 193      7F9519FE 
 193      B83F
 194 027c 371F84A1 		.ascii	"7\037\204\2416\230\341\313Q\031\252 \3123\331k\016\016"
 194      3698E1CB 
 194      5119AA20 
 194      CA33D96B 
 194      0E0E
 195 028e DE6C297D 		.ascii	"\336l)}k\255G=\004<\022\010D\325p\260P7\034\022T\016"
 195      6BAD473D 
 195      043C1208 
 195      44D570B0 
 195      50371C12 
 196 02a4 FB1DB5B3 		.ascii	"\373\035\265\263k\244\034>\005\260\367C\030\023\212"
 196      6BA41C3E 
 196      05B0F743 
 196      18138A
 197 02b3 B3E00863 		.ascii	"\263\340\010c\340\004\272\014g\364D\272\234\304!\223"
 197      E004BA0C 
 197      67F444BA 
 197      9CC42193 
 198 02c3 E9728A46 		.ascii	"\351r\212F\252\337\003\304=\225\034\367\222\211 3\015"
 198      AADF03C4 
 198      3D951CF7 
 198      92892033 
 198      0D
 199 02d4 8D3392E5 		.ascii	"\2153\222\345\234N\22738\251\231@3}\037\001f\221\231"
 199      9C4E9733 
 199      38A99940 
 199      337D1F01 
 199      669199
 200 02e7 4DE67E32 		.ascii	"M\346~2Qd\346\220\211&3\227\314|\012\\@f!\313\272\210"
 200      5164E690 
 200      89263397 
 200      CC7C0A5C 
 200      406621CB 
 201 02fd 9C0F9059 		.ascii	"\234\017\220YL&\206\314\0222K\011\023Gf\031\253\027"
 201      4C2686CC 
 201      12324B09 
 201      13476619 
 201      AB17
 202 030f 4FCE07C9 		.ascii	"O\316\007\311,'\263\202\314J2\253\310\254&\263\206L"
 202      2C27B382 
 202      CC4A32AB 
 202      C8AC26B3 
 202      864C
 203 0321 0299B564 		.ascii	"\002\231\265d\326\261>\353\271\340D\2565\211\313\334"
 203      D6B13EEB 
 203      B9E044AE 
 203      3589CBDC 
 204 0331 C06A6C64 		.ascii	"\300jld}4\255\035\033\020\037\240\035J\341\037\3752"
 204      7D34AD1D 
 204      1B101FA0 
ARM GAS  /var/folders/fq/ltb3dbq95yq6ljzx21t9gnkc0000gn/T//ccDTlkKx.s 			page 16


 204      1D4AE11F 
 204      FD32
 205 0343 647F9F77 		.ascii	"d\177\237w\247\350\027\324\221>\025\342Sn\334\251?\227"
 205      A7E817D4 
 205      913E15E2 
 205      536EDCA9 
 205      3F97
 206 0355 7C7C339C 		.ascii	"||3\234\236t\016\224\371\037\270#\215\240\270e\221\006"
 206      9E740E94 
 206      F91FB823 
 206      8DA0B865 
 206      9106
 207 0367 411A079D 		.ascii	"A\032\007\235*~M\202B%h\350\361\350\300]9\205A\210j"
 207      2A7E4D82 
 207      422568E8 
 207      F1E8C05D 
 207      39854188 
 208 037c C96B0701 		.ascii	"\311k\007\001\205!\016A;\233:\372t\0029q\033\253\003"
 208      85210E41 
 208      3B9B3AFA 
 208      74023971 
 208      1BAB03
 209 038f 980F1173 		.ascii	"\230\017\021s\2300\327\373\231'\010\363\273\276\272"
 209      9830D7FB 
 209      992708F3 
 209      BBBEBA
 210 039e 53924E84 		.ascii	"S\222N\204\0065#\231\303\021\007\321\303LG\210)\\\230"
 210      06352399 
 210      C31107D1 
 210      C34C4788 
 210      295C98
 211 03b1 1AFD4C13 		.ascii	"\032\375L\023\205\351`E\321\233.fzQ\203\323#\231&!\016"
 211      85E96045 
 211      D19B2E66 
 211      7A5183D3 
 211      23992621 
 212 03c6 41DDE7DF 		.ascii	"A\335\347\337+\017\345\034\261\261j\003r<F\314\223\204"
 212      2B0FE51C 
 212      B1B16A03 
 212      723C46CC 
 212      9384
 213 03d8 B9C5CF3C 		.ascii	"\271\305\317<Y\230\367U\344\3575\230\331\3046;3\222"
 213      5998F755 
 213      E4EF3598 
 213      D9C4363B 
 213      3392
 214 03ea 7A0A0269 		.ascii	"z\012\002i\250w\267]\007\246vhP\027@]F\324Sp\231\345"
 214      A877B75D 
 214      07A67668 
 214      5017405D 
 214      46D45370 
 215 0400 DD11C21E 		.ascii	"\335\021\302\036y\012\264\266\237kpR\200\035\007\342"
 215      790AB4B6 
 215      9F6B7052 
 215      801D07E2 
 216 0410 2CCF4607 		.ascii	",\317F\007\036*x\320\351\210\235\310[\352\303/e\301"
 216      1E2A78D0 
ARM GAS  /var/folders/fq/ltb3dbq95yq6ljzx21t9gnkc0000gn/T//ccDTlkKx.s 			page 17


 216      E9889DC8 
 216      5BEAC32F 
 216      65C1
 217 0422 09DAAC05 		.ascii	"\011\332\254\005\353`X\013\226W\267\026\274\213\312"
 217      EB60580B 
 217      9657B716 
 217      BC8BCA
 218 0431 5A60C7F8 		.ascii	"Z`\307\370\024HQ\267\213\023$\335\251\350\302\273W\027"
 218      144851B7 
 218      8B1324DD 
 218      A9E8C2BB 
 218      5717
 219 0443 74954A51 		.ascii	"t\225JQ8z\365x\367\257!\347R\366K\026\006\001[\367|"
 219      387AF578 
 219      F7AF21E7 
 219      52F64B16 
 219      06015BF7 
 220 0458 BECDC100 		.ascii	"\276\315\301\000L\357\234\214n'\200O\335\203\265\252"
 220      4CEF9C8C 
 220      6E27804F 
 220      DD83B5AA 
 221 0468 75AEEE2B 		.ascii	"u\256\356+\257t\202\302\226Q\003Mi>\265\301U\327\232"
 221      AF7482C2 
 221      9651034D 
 221      693EB5C1 
 221      55D79A
 222 047b DC093AEE 		.ascii	"\334\011:\356\264\332v\011\035\353]\357\274\320\011"
 222      B4DA7609 
 222      1DEB5DEF 
 222      BCD009
 223 048a 06EE977A 		.ascii	"\006\356\227z\347Y\237Jt\025\267fv\202\015UV\305\364"
 223      E7599F4A 
 223      7415B766 
 223      76820D55 
 223      56C5F4
 224 049d 7D92EB38 		.ascii	"}\222\3538\005\330\251tUG\236\215\256\346\326\027Q\003"
 224      05D8A974 
 224      55479E8D 
 224      AEE6D617 
 224      5103
 225 04af 437B639E 		.ascii	"C{c\2364o\375\201\3550\342\331\213\363J\243FSD\003\313"
 225      346FFD81 
 225      ED30E2D9 
 225      8BF34AA3 
 225      46534403 
 226 04c4 8F5B4CF0 		.ascii	"\217[L\360+J\373^\224+p'\034\270\023\015\262]\177\313"
 226      2B4AFB5E 
 226      942B7027 
 226      1CB8130D 
 226      B25D7FCB 
 227 04d8 EB360414 		.ascii	"\3536\004\024\2018\253\207\263Z^\037P\342\235\206_\020"
 227      8138AB87 
 227      B35A5E1F 
 227      50E29D86 
 227      5F10
 228 04ea AE39AFCA 		.ascii	"\2569\257\312\362D\362\316N\343mD\007\335\030\235\202"
 228      F244F2CE 
ARM GAS  /var/folders/fq/ltb3dbq95yq6ljzx21t9gnkc0000gn/T//ccDTlkKx.s 			page 18


 228      4EE36D44 
 228      07DD189D 
 228      82
 229 04fb 693C9020 		.ascii	"i<\220 \240\351x\273\213mY\265\374*\341\304\356\370"
 229      A0E978BB 
 229      8B6D59B5 
 229      FC2AE1C4 
 229      EEF8
 230 050d 27445210 		.ascii	"'DR\020s_\000\001\315@\334\020M\025\321\314 \265\317"
 230      735F0001 
 230      CD40DC10 
 230      4D15D1CC 
 230      20B5CF
 231 0520 66DF982A 		.ascii	"f\337\230*\000Nz\240:\227\007\301\216I\237\267\236\224"
 231      004E7AA0 
 231      3A9707C1 
 231      8E499FB7 
 231      9E94
 232 0532 1DB8E355 		.ascii	"\035\270\343USP\213\312\243\237\366\224:\004}_`\357"
 232      53508BCA 
 232      A39FF694 
 232      3A047D5F 
 232      60EF
 233 0544 E87C381D 		.ascii	"\350|8\035\371\376\375\033a\005\360\036>q]>5\023.P<"
 233      F9FEFD1B 
 233      6105F01E 
 233      3E715D3E 
 233      35132E50 
 234 0559 3DA2EBDE 		.ascii	"=\242\353\336:\352\\\\d\346\340\027n\370\032\012\340"
 234      3AEA5C5C 
 234      64E6E017 
 234      6EF81A0A 
 234      E0
 235 056a 7FFC4A04 		.ascii	"\177\374J\004\215\260\230r\374!\257\335Re\026%\305\232"
 235      8DB09872 
 235      FC21AFDD 
 235      52651625 
 235      C59A
 236 057c 5FB03CB3 		.ascii	"_\260<\263\361N\350'g_^\235M\234\367\263\237T\250\314"
 236      F14EE827 
 236      675F5E9D 
 236      4D9CF7B3 
 236      9F54A8CC 
 237 0590 FF90B30F 		.ascii	"\377\220\263\017\270\373V\323\364\316\374\331\014\232"
 237      B8FB56D3 
 237      F4CEFCD9 
 237      0C9A
 238 059e 8633B808 		.ascii	"\2063\270\010\213\221\216k\264\017\325\370\235\277\306"
 238      8B918E6B 
 238      B40FD5F8 
 238      9DBFC6
 239 05ad A8711775 		.ascii	"\250q\027u\211)\201(/\217,j\316O\212\302y@\371\347\004"
 239      89298128 
 239      2F8F2C6A 
 239      CE4F8AC2 
 239      7940F9E7 
 240 05c2 173597FD 		.ascii	"\0275\227\375w]\324\277\2063h\246\242\346rQ\016ibl\203"
ARM GAS  /var/folders/fq/ltb3dbq95yq6ljzx21t9gnkc0000gn/T//ccDTlkKx.s 			page 19


 240      775DD4BF 
 240      863368A6 
 240      A2E67251 
 240      0E69626C 
 241 05d7 3B077E29 		.ascii	";\007~)\367\231O\323L\375c\227\365\002\230\203\3152"
 241      F7994FD3 
 241      4CFD6397 
 241      F5029883 
 241      CD32
 242 05e9 3FB85916 		.ascii	"?\270Y\026\242\177\250Y\274\324,\0135\326\246\257\322"
 242      A27FA859 
 242      BCD42C0B 
 242      35D6A6AF 
 242      D2
 243 05fa D266D1B8 		.ascii	"\322f\321\270\265\271\302\231\361KI\213_\233\001K\211"
 243      B5B9C299 
 243      F14B498B 
 243      5F9B014B 
 243      89
 244 060b 078418B5 		.ascii	"\007\204\030\265\361\017\006\246\276\010\375\242M\273"
 244      F10F06A6 
 244      BE08FDA2 
 244      4DBB
 245 0619 A54D0CFB 		.ascii	"\245M\014\373u\326\346\233\321\264\231\376\263\031\264"
 245      75D6E69B 
 245      D1B499FE 
 245      B319B4
 246 0628 0E67D046 		.ascii	"\016g\320F\332\304\310,\326\227<'\364K\244\371\207\216"
 246      DAC4C82C 
 246      D6973C27 
 246      F44BA4F9 
 246      878E
 247 063a 0E071E1D 		.ascii	"\016\007\036\035\337\370g\263\317\222d)\342\002u\213"
 247      DFF867B3 
 247      CF926429 
 247      E202758B 
 248 064a C32301BD 		.ascii	"\303#\001\275\301\272-C\377\220n\225\244\3332\321\355"
 248      C1BA2D43 
 248      FF906E95 
 248      A4DB32D1 
 248      ED
 249 065b 965FB7F8 		.ascii	"\226_\267\370q\353\366-gM\377]\300\277\375\272UY\202"
 249      71EBF62D 
 249      674DFF5D 
 249      C0BFFDBA 
 249      555982
 250 066e 3C28C4A8 		.ascii	"<(\304\250[\237\245\333r\244F\277\350\326m\301V\260"
 250      5B9FA5DB 
 250      72A446BF 
 250      E8D66DC1 
 250      56B0
 251 0680 DFB85BDD 		.ascii	"\337\270[\335\332\2073\350 \335Vp-\275C\265\254\034"
 251      DA8733E8 
 251      20DD5670 
 251      2DBD43B5 
 251      AC1C
 252 0692 772D9DCC 		.ascii	"w-\235\314d\020\323U\256\0053\367\317\307*.g\245d\336"
ARM GAS  /var/folders/fq/ltb3dbq95yq6ljzx21t9gnkc0000gn/T//ccDTlkKx.s 			page 20


 252      6410D355 
 252      AE0533F7 
 252      CFC72A2E 
 252      67A564DE 
 253 06a6 6C65BE9A 		.ascii	"le\276\232\375\266\273\315\274k\370~\327(\363\325\262"
 253      FDB6BBCD 
 253      BC6BF87E 
 253      D728F3D5 
 253      B2
 254 06b7 0BB7FD99 		.ascii	"\013\267\375\231\257\031w\346\377a&\0331]\037\231y\002"
 254      AF1977E6 
 254      FF61261B 
 254      315D1F99 
 254      7902
 255 06c9 67BE2638 		.ascii	"g\276&8\363\265\354Ww\233y\367\360\375nP\346ky\216\235"
 255      F3B5EC57 
 255      779B79F7 
 255      F0FD6E50 
 255      E66B798E 
 256 06de 7C20F381 		.ascii	"| \363\201\177\273$^\216\307ux\204\342\354\016\235\360"
 256      7FBB245E 
 256      8EC77578 
 256      84E2EC0E 
 256      9DF0
 257 06f0 7CCEAEA3 		.ascii	"|\316\256\243g\372\305\354\212\277GX \377\241\211$."
 257      67FAC5EC 
 257      8ABF4758 
 257      20FFA189 
 257      242E
 258 0702 0DFFA1D5 		.ascii	"\015\377\241\325\371\350\250\367X\357c\353q\254\002"
 258      F9E8A8F7 
 258      58EF63EB 
 258      71AC02
 259 0711 49F8185F 		.ascii	"I\370\030_o\235/\236U\002J\304\036\012z\227\342\223"
 259      6F9D2F9E 
 259      55024AC4 
 259      1E0A7A97 
 259      E293
 260 0723 3F51502D 		.ascii	"?QP-\236\345\202J\302\375\012B\361\313B\222\240\276"
 260      9EE5824A 
 260      C2FD0A42 
 260      F1CB4292 
 260      A0BE
 261 0735 8D15D006 		.ascii	"\215\025\320\006\224&\010\304\257\012\033\010\224\237"
 261      942608C4 
 261      AF0A1B08 
 261      949F
 262 0743 D7E35922 		.ascii	"\327\343Y\"\250\2152\220\015;\367d\313i\204o\007=\001"
 262      A88D3290 
 262      0D3BF764 
 262      CB69846F 
 262      073D01
 263 0756 41FC4EB2 		.ascii	"A\374N\262\221\213r\323;f\013l\365\366\236\321\345\024"
 263      918B72D3 
 263      3B660B6C 
 263      F5F69ED1 
 263      E514
ARM GAS  /var/folders/fq/ltb3dbq95yq6ljzx21t9gnkc0000gn/T//ccDTlkKx.s 			page 21


 264 0768 A6175040 		.ascii	"\246\027P@/\316\373\322\230\230X\371M\315\210}eSrlZ"
 264      2FCEFBD2 
 264      989858F9 
 264      4DCD887D 
 264      6553726C 
 265 077d 6A7A6646 		.ascii	"jzfF\354\223O=\266,.\366\321G\223b\037z\342\221\307"
 265      EC934F3D 
 265      B62C2EF6 
 265      D1479362 
 265      1F7AE291 
 266 0792 5F8D8B4D 		.ascii	"_\215\213M\333\224\374Br\362\346\230\2275\203\020F\312"
 266      DB94FC42 
 266      72F2E698 
 266      97358310 
 266      46CA
 267 07a4 A68CDF1A 		.ascii	"\246\214\337\032)\251\233\267\330\310\244\333S3\177"
 267      29A99BB7 
 267      D8C8A4DB 
 267      53337F
 268 07b3 9FB625DD 		.ascii	"\237\266%\335\221\232\221\266e\313\346t[\332\357\322"
 268      919A91B6 
 268      65CBE674 
 268      5BDAEFD2 
 269 07c3 36A71B9B 		.ascii	"6\247\033\233\2223\323\365\227~\223\351\244"
 269      9233D3F5 
 269      977E93E9 
 269      A4
 270 07d0 0B8A5029 		.ascii	"\013\212P)KUJ\234J\211\377?\345\340qd"
 270      4B554A9C 
 270      4A89FF3F 
 270      E5E07164 
 271              		.text
 272              		.section	.gnu.lto_.symbol_nodes.6755c1456a2731e2,"",%progbits
 273 0000 789C6366 		.ascii	"x\234cf``Pa\200\002\246M\214\365\014\014\023\31610\324"
 273      60605061 
 273      8002A64D 
 273      8CF50C0C 
 273      13CE3130 
 274 0015 D733CC5B 		.ascii	"\3273\314[\300\301\300\264\231\261\236\021Y\200\001"
 274      C0C1C0B4 
 274      99B19E11 
 274      598001
 275 0024 00B9A509 		.ascii	"\000\271\245\011\326"
 275      D6
 276              		.text
 277              		.section	.gnu.lto_.refs.6755c1456a2731e2,"",%progbits
 278 0000 789C6366 		.ascii	"x\234cf```d\200\002\000\000=\000\005"
 278      60606064 
 278      80020000 
 278      3D0005
 279              		.text
 280              		.section	.gnu.lto_.decls.6755c1456a2731e2,"",%progbits
 281 0000 789CAD58 		.ascii	"x\234\255XiPUG\026\276}\373m<\036`\202Y\312\2622\204"
 281      69505547 
 281      16BE7DFB 
 281      6D3C1E60 
 281      8259CAB2 
ARM GAS  /var/folders/fq/ltb3dbq95yq6ljzx21t9gnkc0000gn/T//ccDTlkKx.s 			page 22


 282 0016 9A2156CA 		.ascii	"\232!V\312\344\271TM\345\307TM\004Lt\342\302<L\245\246"
 282      E4B9544D 
 282      E5C7544D 
 282      044C74E2 
 282      C23C4CA5 
 283 002b E607C3C8 		.ascii	"\346\007\303\310S\251A\240\3409\225\371w\345\241\202"
 283      53A941A0 
 283      E03995F9 
 283      77E5A182 
 284 003b 6058DC41 		.ascii	"`X\334A\341\311\" \233l*\001\021A\021\010 \021\024\015"
 284      E1C92220 
 284      9B6C2A01 
 284      11411108 
 284      2011140D 
 285 004f 5116A3E0 		.ascii	"Q\026\243\340\002\230\010\012\006aNw\337w\337\302%1"
 285      0298080A 
 285      06614E77 
 285      DF77DFC2 
 285      2531
 286 0061 35738BF3 		.ascii	"5s\213\363\372\236\356\257\3179}\372\3649}\301\034\307"
 286      FA9EEEAF 
 286      CF397DFA 
 286      F4397DC1 
 286      1CC7
 287 0073 AD411C37 		.ascii	"\255A\0347\013\317kor\334A\236\3430\364\005p\266\007"
 287      0BCF6B6F 
 287      72DC419E 
 287      E330F405 
 287      70B607
 288 0086 BAB8BB40 		.ascii	"\272\270\273@\357#n\316C\372=D\274;\220\016\250\017"
 288      EF236ECE 
 288      43FA3D44 
 288      BC3B900E 
 288      A80F
 289 0098 E85DA00D 		.ascii	"\350]\240\015\200_\0174D\306\241\275\003\355_\241]\014"
 289      805F0F34 
 289      44C6A1BD 
 289      03ED5FA1 
 289      5D0C
 290 00aa B411C800 		.ascii	"\264\021\310\000\264\010h!\364\377\031\332\353\320^"
 290      B4086821 
 290      F4FF19DA 
 290      EBD05E
 291 00b9 047A0BDE 		.ascii	"\004z\013\336\233\240}\035\332K\320\272A\333\000\355"
 291      9BA07D1D 
 291      DA4BD0BA 
 291      41DB00ED 
 292 00c9 02682F43 		.ascii	"\002h/C\353\011\355\025h\027B\333\010\355k\320\336\204"
 292      EB09ED15 
 292      681742DB 
 292      08ED6BD0 
 292      DE84
 293 00db F606D02D 		.ascii	"\366\006\320-\240n;\233\277\220\261\231\254\303\325"
 293      A06E3B9B 
 293      BF90B199 
 293      ACC3D5
 294 00ea C9E677A0 		.ascii	"\311\346w\240\357]\240\337\003U\211\366\377\205c\366"
ARM GAS  /var/folders/fq/ltb3dbq95yq6ljzx21t9gnkc0000gn/T//ccDTlkKx.s 			page 23


 294      EF5DA0DF 
 294      035589F6 
 294      FF8563F6 
 295 00fa 11FB55A2 		.ascii	"\021\373U\242^\242\223\330Gl#v\021\335h\036\337\374"
 295      5EA293D8 
 295      476C2376 
 295      11DD681E 
 295      DFFC
 296 010c C8A3EA92 		.ascii	"\310\243\352\222\361v\327a\036\271k\275\010\373uj\363"
 296      F176D761 
 296      1EB96BBD 
 296      08FB756A 
 296      F3
 297 011d 1115B03A 		.ascii	"\021\025\260:\255\202\260\265w\342\037\272\320\321~"
 297      AD82B0B5 
 297      77E21FBA 
 297      D0D17E
 298 012c 0DE15B67 		.ascii	"\015\341[g\367\357T\322\341DD\370\354#\003\335\332\245"
 298      F7EF54D2 
 298      E14444F8 
 298      EC2303DD 
 298      DAA5
 299 013e A7044188 		.ascii	"\247\004A\210\023\352\027\330\244\326L\236\311sg\363"
 299      13EA17D8 
 299      A4D64C9E 
 299      C97367F3 
 300 014e 28AEBC76 		.ascii	"(\256\274vx\302\203\316[L\330\276\272\232\373*\354B"
 300      78C283CE 
 300      5B4CD8BE 
 300      BA9AFB2A 
 300      EC42
 301 0160 872ED44D 		.ascii	"\207.\324M6i\361b\372\236\030\327\337\242\305\177\240"
 301      3669F162 
 301      FA9E18D7 
 301      DFA2C57F 
 301      A0
 302 0171 EF3B4FD6 		.ascii	"\357;O\326$\252a\312\273Z*\261/}*\307\205\262$\020<"
 302      24AA61CA 
 302      BB5A2AB1 
 302      2F7D2AC7 
 302      85B22410 
 303 0186 A08B6FBE 		.ascii	"\240\213o\276/d\273#\037m\016\250\1772\234\332\264X"
 303      2F64BB23 
 303      1F6D0EA8 
 303      7F329CDA 
 303      B458
 304 0198 1014A812 		.ascii	"\020\024\250\022i\321i\204Q!Z\012\246\320\331\344\211"
 304      69D16984 
 304      51215A0A 
 304      A6D0D9E4 
 304      89
 305 01a9 13841821 		.ascii	"\023\204\030!\331,\2704\273s(\017-B\371h\021\207*\220"
 305      D92CB834 
 305      BB73280F 
 305      2D42F968 
 305      11872A90 
 306 01bd 0F202816 		.ascii	"\017 (\026\225Ag9t\202\340\313\323u\261J\244\365\221"
ARM GAS  /var/folders/fq/ltb3dbq95yq6ljzx21t9gnkc0000gn/T//ccDTlkKx.s 			page 24


 306      95416739 
 306      7482E0CB 
 306      D375B14A 
 306      A4F591
 307 01d0 9F744666 		.ascii	"\237tFf\0225\341v\366\3417\211\011U`B\251\315\004\260"
 307      1235E176 
 307      F6E13789 
 307      09556042 
 307      A9CD04B0 
 308 01e4 48F2CB74 		.ascii	"H\362\313tkZ\265\016\247!\272\302\314\344c\023JlaL\366"
 308      6B5AB50E 
 308      A721BAC2 
 308      CCE46313 
 308      4A6C614C 
 309 01f9 78E78F1A 		.ascii	"x\347\217\032\234\307\230\234\203\207\212\230\233\251"
 309      9CC7989C 
 309      83878A98 
 309      9BA9
 310 0207 D7B34AAB 		.ascii	"\327\263J\253\277\300\245l\250\322Rt\005\343*\306|3"
 310      BFC0A56C 
 310      A8D25274 
 310      05E32AC6 
 310      7C33
 311 0219 38F95447 		.ascii	"8\371TGq\013\010\3330R\230\340\216\253\331X~\356\276"
 311      710B08DB 
 311      305298E0 
 311      8EABD958 
 311      7EEEBE
 312 022c 218CEB18 		.ascii	"!\214\353\030s\364y[\023\363\377\333\300\272\304_\214"
 312      73F4795B 
 312      13F3FFDB 
 312      C0BAC45F 
 312      8C
 313 023d BDAF43DE 		.ascii	"\275\257C\336\354\361\364\261\300:\237$\344\335]\273"
 313      ECF1F4B1 
 313      C03A9F24 
 313      E4DD5DBB 
 314 024d DF2CE4BC 		.ascii	"\337,\344\274M\355?\007\3667#O\333\252\227,\342\250"
 314      4DED3F07 
 314      F637234F 
 314      DBAA972C 
 314      E2A8
 315 025f 0F601D04 		.ascii	"\017`\035\004nI\317S5/\243\320Zg\350y\202B\357K\320"
 315      6E49CF53 
 315      352FA3D0 
 315      5A67E879 
 315      8242EF4B 
 316 0274 04097A56 		.ascii	"\004\011zVV\252\015yTB\3268#\277FN\006\034\227\260u"
 316      56AA0D79 
 316      5442D638 
 316      23BF464E 
 316      061C97B0 
 317 0289 F206D861 		.ascii	"\362\006\330a\223$l\265\274\\\233\011\231\022\364\202"
 317      93246CB5 
 317      BC5C9B09 
 317      9912F482 
 318 0299 33B4DE06 		.ascii	"3\264\336\006M\201\375\026\222\005\341c\023\207\212"
ARM GAS  /var/folders/fq/ltb3dbq95yq6ljzx21t9gnkc0000gn/T//ccDTlkKx.s 			page 25


 318      4D81FD16 
 318      9205E163 
 318      13878A
 319 02a8 60BC980E 		.ascii	"`\274\230\016\0214l:j\201\010iD\336\350\"P\023\320%"
 319      11346C3A 
 319      6A810869 
 319      44DEE822 
 319      5013D025 
 320 02bc A006A0CB 		.ascii	"\240\006\240\313@W\2207\015\006\0221\375\361y*\001\221"
 320      40579037 
 320      0D061231 
 320      FDF1792A 
 320      0191
 321 02ce 699C182C 		.ascii	"i\234\030,\322\011\342\023\333\017%\272!O\0379M\350"
 321      D209E213 
 321      DB0F25BA 
 321      214F1F39 
 321      4DE8
 322 02e0 1B50F09B 		.ascii	"\033P\360\233\225\345o\325\240V\230Tb\013M\242\331\032"
 322      95E56FD5 
 322      A0569854 
 322      620B4DA2 
 322      D91A
 323 02f2 9AD75FB6 		.ascii	"\232\327_\266\277\203'X\270\364\277L\256T\342i\306\034"
 323      BF832758 
 323      B8F4BF4C 
 323      AE54E269 
 323      C61C
 324 0304 684DF907 		.ascii	"hM\371\0076\363\354P\326\027w\251i\034}D\330\242\242"
 324      36F3EC50 
 324      D61777A9 
 324      691C7D44 
 324      D8A2A2
 325 0317 E4436ABC 		.ascii	"\344Cj\274\227\215\015\325=\026x:\026@\330\221\206g"
 325      978D0DD5 
 325      3D16783A 
 325      1640D891 
 325      8667
 326 0329 716A9CC2 		.ascii	"qj\234\302\3062\277*\237bi%\022X\365\363\262\2424\005"
 326      C632BF2A 
 326      9F626925 
 326      1258F5F3 
 326      B2A23405 
 327 033d 893F4F6F 		.ascii	"\211?Ooo\022}B\377p\336\006\001\374N\354\273\006\366"
 327      6F127D42 
 327      FF70DE06 
 327      01FC4EEC 
 327      BB06F6
 328 0350 F5402BAD 		.ascii	"\365@+\255\266\313a\213\004K\355{\"\262\315\031\271"
 328      B6CB618B 
 328      044BED7B 
 328      22B2CD19 
 328      B9
 329 0361 C411D866 		.ascii	"\304\021\330f\005v8\003\257\312oe\001\214\237\242C="
 329      05763803 
 329      AFCA6F65 
 329      018C9FA2 
ARM GAS  /var/folders/fq/ltb3dbq95yq6ljzx21t9gnkc0000gn/T//ccDTlkKx.s 			page 26


 329      433D
 330 0373 A277BF03 		.ascii	"\242w\277\003\357^\007O\336\004\272\001t\013\250[\364"
 330      EF5E074F 
 330      DE04BA01 
 330      740BA85B 
 330      F4
 331 0384 2AD5D16C 		.ascii	"*\325\321l\325\321\356\254\243\3361\012\005\313M+\264"
 331      D5D1EEAC 
 331      A3DE310A 
 331      05CB4D2B 
 331      B4
 332 0395 D319FAAD 		.ascii	"\323\031\372\255\035\224\356U5\015\214\036\231\300@"
 332      1D94EE55 
 332      350D8C1E 
 332      99C040
 333 03a4 27C68BCE 		.ascii	"'\306\213\316\252\361\021\352W\336\37429\0069E\211u"
 333      AAF111EA 
 333      57DEFC32 
 333      39063945 
 333      8975
 334 03b6 11E836D8 		.ascii	"\021\3506\330\376*\353\240\032g :\276\007p\257-:z\354"
 334      FE2AEBA0 
 334      1A67203A 
 334      BE0770AF 
 334      2D3A7AEC 
 335 03ca A263E869 		.ascii	"\242c\350i^\255\312STc\231O\0157\257\016\020!\334,\371"
 335      5EADCA53 
 335      5463994F 
 335      0D37AF0E 
 335      1021DC2C 
 336 03df 5AA1DB6B 		.ascii	"Z\241\333k\313\251\350\216\335\351\342P\037\322\211"
 336      CBA9E88E 
 336      DDE9E250 
 336      1FD289
 337 03ee C8ACEF5B 		.ascii	"\310\254\357[\247\325\012\236\365\241\277\323J\2246"
 337      A7D50A9E 
 337      F5A1BFD3 
 337      4A9436
 338 03fd D51583DF 		.ascii	"\325\025\203\337:H\0150\013\013\024(\340M\273\271\003"
 338      3A480D30 
 338      0B0B1428 
 338      E04DBBB9 
 338      03
 339 040e E82DF8ED 		.ascii	"\350-\370\355G\012&`0\277\247F\215\263X\354\355)\272"
 339      470A2660 
 339      30BFA746 
 339      8DB358EC 
 339      ED29BA
 340 0421 DCEAE195 		.ascii	"\334\352\341\225!XN?\031\216\037[vT\260\304\0103\263"
 340      21584E3F 
 340      198E1F5B 
 340      7654B0C4 
 340      0833B3
 341 0434 B388CE42 		.ascii	"\263\210\316B\203\322z9\362N\215Ew\221\027Lll>\321\253"
 341      83D27A39 
 341      F24E8D45 
 341      7791174C 
ARM GAS  /var/folders/fq/ltb3dbq95yq6ljzx21t9gnkc0000gn/T//ccDTlkKx.s 			page 27


 341      6C6C3ED1 
 342 0449 64458C27 		.ascii	"dE\214'\202\276\273Z6\340N\203x)a\017\235\032\016\301"
 342      82BEBB5A 
 342      36E04E83 
 342      7829610F 
 342      9D1A0EC1 
 343 045d 834CC748 		.ascii	"\203L\307HC\316\227Z(\027\346W+\0270c\246ww\254\016"
 343      43CE975A 
 343      2817E657 
 343      2B173063 
 343      A67777AC 
 344 0472 8FB1E9FB 		.ascii	"\217\261\351\373*\322\3224x\2021\223\311\271\271\012"
 344      2AD2D234 
 344      78823193 
 344      C9B9B90A 
 345 0482 3CCD989A 		.ascii	"<\315\230\232\023\005c\032\034\213Y\251l\331\331\256"
 345      1305631A 
 345      1C8B59A9 
 345      6CD9D9AE 
 346 0492 C57B19D3 		.ascii	"\305{\031\323\233z\"\317\035\177\305\230\216\231\344"
 346      9B7A22CF 
 346      1D7FC598 
 346      8E99E4
 347 04a1 9FD43815 		.ascii	"\237\3248\025;T\005wV\025\322z\356\215cj6]\305\301\326"
 347      3B540577 
 347      5615D27A 
 347      EE8D636A 
 347      365DC5C1 
 348 04b6 F424253E 		.ascii	"\364$%>\300\240\311\003\251]\012|\034;T\\/Vq\017?\232"
 348      C0A0C903 
 348      A95D0A7C 
 348      1C3B545C 
 348      2F56710F 
 349 04cc ACD45076 		.ascii	"\254\324Pvv\026\223`\313\272\3359\340\"\325\3333\367"
 349      76169360 
 349      CBBADD39 
 349      E022D5DB 
 349      33F7
 350 04de 102976CF 		.ascii	"\020)v\317 S\376d\213\031/\373z\013\356P\346\203/\306"
 350      2053FE64 
 350      8B192FFB 
 350      7A0BEE50 
 350      E6832FC6 
 351 04f2 60D94F88 		.ascii	"`\331O\210/&\300\027^\242/\236B\3478\253\267\025\203"
 351      2F26C017 
 351      5EA22F9E 
 351      42E738AB 
 351      B71583
 352 0505 A3095AAB 		.ascii	"\243\011Z\253\340\333\331\251\264\212N\202\340\037m"
 352      E0DBD9A9 
 352      B48A4E82 
 352      E01F6D
 353 0514 829FA15F 		.ascii	"\202\237\241_\224\374\\V2:;\226\004\233\232\317\326"
 353      94FC5C56 
 353      323A3B96 
 353      049B9ACF 
 353      D6
ARM GAS  /var/folders/fq/ltb3dbq95yq6ljzx21t9gnkc0000gn/T//ccDTlkKx.s 			page 28


 354 0525 977060BC 		.ascii	"\227p`\274\205\307E\224Q\354\275P\273\020A\376\021\213"
 354      85C74594 
 354      51ECBD50 
 354      BB1041FE 
 354      118B
 355 0537 DF9E9AB5 		.ascii	"\337\236\232\265f\263p\340m\252v\012\324NClJ\322\227"
 355      66B370E0 
 355      6DAA760A 
 355      D44E436C 
 355      4AD297
 356 054a 38650B8B 		.ascii	"8e\013\213\360q\024g\027~\323\342)\233\001+~\206\250"
 356      F0711467 
 356      177ED3E2 
 356      299B012B 
 356      7E86A8
 357 055d 7F69CB10 		.ascii	"\177i\313\0201\226\221]\252\374eT\356\013Y\271c\266"
 357      3196915D 
 357      AAFC6554 
 357      EE0B59B9 
 357      63B6
 358 056f 63FF2817 		.ascii	"c\377(\027i\010b\356\251o}\3304\242\302\345\314\366"
 358      690862EE 
 358      A96F7DD8 
 358      34A2C2E5 
 358      CCF6
 359 0581 C489B3BD 		.ascii	"\304\211\263\275\244|/\244\306\367?\314\355\320\011"
 359      A47C2FA4 
 359      C6F73FCC 
 359      EDD009
 360 0590 62D11A05 		.ascii	"b\321\032\005\0251\374\302y*\254\320?zOY\037\303\254"
 360      1531FCC2 
 360      792AACD0 
 360      3F7A4F59 
 360      1FC3AC
 361 05a3 989D1F9A 		.ascii	"\230\235\037\232*\0363r\316m\253$`\262J3\357\203\004"
 361      2A1E3372 
 361      CE6DAB24 
 361      60B24A33 
 361      EF8304
 362 05b6 DE1BEDE4 		.ascii	"\336\033\355\344\355\362\307\203]j\310X\000\231k{V\322"
 362      EDF2C783 
 362      5D6AC858 
 362      00996B7B 
 362      56D2
 363 05c8 5882C742 		.ascii	"X\202\307B\220\271s^\231\234\203@\230\263\377f\326\214"
 363      90B9735E 
 363      999C8340 
 363      98B3FF66 
 363      D68C
 364 05da 1657B28D 		.ascii	"\026W\262\215+\273Tgv\305\325\214\021f\232_\272\341"
 364      2BBB5467 
 364      76C5D58C 
 364      11669A5F 
 364      BAE1
 365 05ec 3AC6586F 		.ascii	":\306Xo\257:v{=~\273\353\261\033ndc\025uq\373\265\270"
 365      AF3A767B 
 365      3D7EBBEB 
ARM GAS  /var/folders/fq/ltb3dbq95yq6ljzx21t9gnkc0000gn/T//ccDTlkKx.s 			page 29


 365      B11B6E64 
 365      63157571 
 366 0603 9931F983 		.ascii	"\2311\371\203\035\251n\024\270\004X\267\254\254\211"
 366      1DA96E14 
 366      B80458B7 
 366      ACAC89
 367 0612 872AE4E9 		.ascii	"\207*\344\351m{\034R\350\017`\337=j_\"\317v\366\010"
 367      6D7B1C52 
 367      E80F60DF 
 367      3D6A5F22 
 367      CF76F608 
 368 0626 AC39054C 		.ascii	"\2549\005L<\014\224\012\264\017\350+\240d\240C@I@\373"
 368      3C0C940A 
 368      B40FE82B 
 368      A064A043 
 368      404940FB 
 369 063a 810E001D 		.ascii	"\201\016\000\035\344\255\273\037k\356\277#n\316\020"
 369      E4ADBB1F 
 369      6BEEBF23 
 369      6ECE10
 370 0649 6CCE23F0 		.ascii	"l\316#\3608\0218\317\245&\326l\351\313U\211\330\307"
 370      381138CF 
 370      A526D66C 
 370      E9CB5589 
 370      D8C7
 371 065b CE58875B 		.ascii	"\316X\207[\025@'%\350n\336\011Z\357,vX\302\216\310\213"
 371      15402725 
 371      E86EDE09 
 371      5AEF2C76 
 371      58C28EC8 
 372 0670 B5C3F64A 		.ascii	"\265\303\366J\330ag\354\022G\013nK\310\207\362\013\263"
 372      D86167EC 
 372      12470B6E 
 372      4BC887F2 
 372      0BB3
 373 0682 41A724E8 		.ascii	"A\247$\350\036gc\343xG\350\013\011\032/\017\265\263"
 373      1E6763E3 
 373      7847E80B 
 373      091A2F0F 
 373      B5B3
 374 0694 F56709BB 		.ascii	"\365g\011\273\327\031\233\340 vg\377X\256\261\036\322"
 374      D7199BE0 
 374      207667FF 
 374      58AEB11E 
 374      D2
 375 06a5 682CC4DB 		.ascii	"h,\304\333.y\177I&\364\177o\267g\017d\235`W\252o\345"
 375      2E797F49 
 375      26F47F6F 
 375      B7670F64 
 375      9D6057AA 
 376 06bb 92520D90 		.ascii	"\222R\015\220\271w\270\214\223\343\217\\\221\217'\305"
 376      B977B88C 
 376      93E38F5C 
 376      918F27C5 
 377 06cb 4D1B3528 		.ascii	"M\0335(\015\004\335\267\34542\211>r\261\207\216B\310"
 377      0D04DDB7 
 377      E5343289 
ARM GAS  /var/folders/fq/ltb3dbq95yq6ljzx21t9gnkc0000gn/T//ccDTlkKx.s 			page 30


 377      3E72B187 
 377      8E42C8
 378 06de FD2FE107 		.ascii	"\375/\341\007Q?\325\272{\217\033ncG`_m\346O.\016\365"
 378      513FD5BA 
 378      7B8F1B6E 
 378      6347605F 
 378      6DE64F2E 
 379 06f4 378DB7AF 		.ascii	"7\215\267\257\277\307x\235h\030\230~g\327\243DH\311"
 379      BFC7789D 
 379      6818987E 
 379      67D7A344 
 379      48C9
 380 0706 3A6A7A4D 		.ascii	":jzM\274;,1\003\306\323y\311x\2003\343\347\223\210\216"
 380      BC3B2C31 
 380      03C6D379 
 380      C9788033 
 380      E3E79388 
 381 071b 83D1F642 		.ascii	"\203\321\366BQ\352\265\266\012W\334C\315\341K\316\365"
 381      51EAB5B6 
 381      0A57DC43 
 381      CDE14BCE 
 381      F5
 382 072c 8D69C4A4 		.ascii	"\215i\304\244\337\237\321\242\005\015'x-\312\264i\250"
 382      DF9FD1A2 
 382      050D2778 
 382      2DCAB469 
 382      A8
 383 073d 42BFF8F1 		.ascii	"B\277\370\361f\341e\013\353\351\206\2067\360\017L\307"
 383      66E1650B 
 383      EBE98686 
 383      37F00F4C 
 383      C7
 384 074e EE13D305 		.ascii	"\356\023\323\005n\242\016K\241\013B9\240!\353\2255d"
 384      6EA20E4B 
 384      A10B4239 
 384      A021EB95 
 384      3564
 385 0760 CB6BE8EE 		.ascii	"\313k\350\356~\321\210\351\365\204\210c\327\223\244"
 385      7ED188E9 
 385      F5848863 
 385      D793A4
 386 076f A4D1F3EC 		.ascii	"\244\321\363\354\312B\026\221\313\323\316\201;\011\031"
 386      CA421691 
 386      CBD3CE81 
 386      3B0919
 387 077e 4ADA497C 		.ascii	"J\332I|w\222u\2768s\274S;\357E&\237'\027\231<^\274\310"
 387      779275BE 
 387      3873BC53 
 387      3BEF4526 
 387      9F271799 
 388 0796 5CBD587B 		.ascii	"\\\275X{\320\003\217\260\015,\317\277\232\355&^d\036"
 388      D0038FB0 
 388      0D2CCFBF 
 388      9AED265E 
 388      641E
 389 07a8 942CB7BB 		.ascii	"\224,\267\273\310\300,T\300\333.2\360\316.2\247xr\221"
 389      C8C02C54 
ARM GAS  /var/folders/fq/ltb3dbq95yq6ljzx21t9gnkc0000gn/T//ccDTlkKx.s 			page 31


 389      C0DB2E32 
 389      F0CE2E32 
 389      A7787291 
 390 07bc 693B34BC 		.ascii	"i;4\274\206\336\007\3521\275\020t\364\304+\261YA\205"
 390      86DE07EA 
 390      31BD1074 
 390      F4C42BB1 
 390      594185
 391 07cf C6       		.ascii	"\306"
 392 07d0 743EBEEB 		.ascii	"t>\276\353\201\223\030#$\015\305b\234\312\230\370T\363"
 392      81931823 
 392      240DC562 
 392      9CCA98F8 
 392      54F3
 393 07e2 90061F66 		.ascii	"\220\006\037fLW~r\234\006\2473f\252c\250\012\343\034"
 393      4C577E72 
 393      9C06A733 
 393      66AA63A8 
 393      0AE31C
 394 07f5 C654250D 		.ascii	"\306T%\015e*p1c.\367\354~\240\302\225\214\271\225\267"
 394      652A7031 
 394      632EF7EC 
 394      7EA0C295 
 394      8CB995B7 
 395 0809 67BF06D7 		.ascii	"g\277\006\3272&%\367\000\344\251K\214\271\320\324\221"
 395      322625F7 
 395      00E4A94B 
 395      8CB9D0D4 
 395      91
 396 081a E5825B18 		.ascii	"\345\202[\03031\221\024\303\343v\306\264\344\244O\271"
 396      33319114 
 396      C3E376C6 
 396      B4E4A44F 
 396      B9
 397 082b E3EB8C79 		.ascii	"\343\353\214y6t\265\036\341^\306\364=\357k`\237\036"
 397      3674B51E 
 397      E15EC6F4 
 397      3DEF6B60 
 397      9F1E
 398 083d CBD87DB0 		.ascii	"\313\330}\260\264\300\025\017\320\261\005\375WJ\037"
 398      B4C0150F 
 398      D0B105FD 
 398      574A1F
 399 084c B920BB6C 		.ascii	"\271 \273lN\012\27379\313O\332+\036/-(\027\310\331'"
 399      4E0ABB37 
 399      39CB4FDA 
 399      2B1E2F2D 
 399      2817C8D9 
 400 0861 C7B918BC 		.ascii	"\307\271\030\274\324\374\0139\355X\2415\243\224\310"
 400      D4FC0B39 
 400      ED58A135 
 400      A394C8
 401 0870 22ED924F 		.ascii	"\"\355\222O\211\004=\347\014MpNT\371\022\266\334\031"
 401      89043DE7 
 401      0C4D704E 
 401      54F912B6 
 401      DC19
ARM GAS  /var/folders/fq/ltb3dbq95yq6ljzx21t9gnkc0000gn/T//ccDTlkKx.s 			page 32


 402 0882 3B270117 		.ascii	";'\001\027I\3303\316\3309\0110C\302\236v\306\316\251"
 402      49D833CE 
 402      D8390930 
 402      43C29E76 
 402      C6CEA9
 403 0895 2DE7246C 		.ascii	"-\347$l\315\034\254\263\334L\011[&o\257\315c\205\022"
 403      CD1CACB3 
 403      DC4C095B 
 403      266FAFCD 
 403      638512
 404 08a8 B44ADE5C 		.ascii	"\264J\336\\\033\364\270\004-\225\267\326\006-\226\240"
 404      1BF4B804 
 404      2D95B7D6 
 404      062D96A0 
 405 08b8 67E59D6B 		.ascii	"g\345\235k\203\236\222\240\225\316P\373Bh\237c\013\371"
 405      839E92A0 
 405      95CE50FB 
 405      42689F63 
 405      0BF9
 406 08ca 45E22760 		.ascii	"E\342'`\263\230`[\341\250\327B\362<\017t\031\350\"P"
 406      B398605B 
 406      E1A8D742 
 406      F23C0F74 
 406      19E82250 
 407 08de 23D005A0 		.ascii	"#\320\005\240o\200\256\000]\002\252\007j\002\252\003"
 407      6F80AE00 
 407      5D02AA07 
 407      6A02AA03 
 408 08ee 6A016AB0 		.ascii	"j\001j\260\253\365\226R\311\222jy\017\277/U\215\243"
 408      ABF59652 
 408      C9926A79 
 408      0FBF2F55 
 408      8DA3
 409 0900 85F4CB7F 		.ascii	"\205\364\313\177N\325\240\365\247\240\260U\252?\025"
 409      4ED5A0F5 
 409      A7A0B055 
 409      AA3F15
 410 090f F26BA292 		.ascii	"\362k\242\222 \303\245d4\324(\255%\246\3723\015j\007"
 410      20C3A564 
 410      34D428AD 
 410      25A6FA33 
 410      0D6A07
 411 0922 6C912DC3 		.ascii	"l\221-\3035\313\225\030\353\362Q\033\254\372\377\345"
 411      35CB9518 
 411      EBF2511B 
 411      ACFAFFE5 
 412 0932 01F26931 		.ascii	"\001\362i1j\036U;T\230v\207\012\323\301J\006i\001]\334"
 412      6A1E553B 
 412      54987687 
 412      0AD3C14A 
 412      0669015D 
 413 0947 77E10676 		.ascii	"w\341\006v\370\244\224\373\377\006\367\253\377\334 "
 413      F8A494FB 
 413      FF06F7AB 
 413      FFDC20
 414 0956 39BFECC6 		.ascii	"9\277\354\306\010\357\240\370\252\203\342NQq'U|\255"
 414      08EFA0F8 
ARM GAS  /var/folders/fq/ltb3dbq95yq6ljzx21t9gnkc0000gn/T//ccDTlkKx.s 			page 33


 414      AA83E24E 
 414      51712755 
 414      7CAD
 415 0968 3EB6D95D 		.ascii	">\266\331]V1\367\352Z\321\267\274'\310J\267t\036\326"
 415      5631F7EA 
 415      5AD1B7BC 
 415      27C84AB7 
 415      741ED6
 416 097b 69C5F211 		.ascii	"i\305\362\021\367\353_~\350\032\257%\251q\264\265\316"
 416      F7EB5F7E 
 416      E81AAF25 
 416      A971B4B5 
 416      CE
 417 098c 83560630 		.ascii	"\203V\0060I,!\017\236\011:\332Ejf\027+\026e\307\212"
 417      492C210F 
 417      9E093ADA 
 417      456A6617 
 417      2B1665C7 
 418 09a1 2B5CE62D 		.ascii	"+\\\346-\026\327i\261\350\266\026\213\363\215\023\337"
 418      16D769B1 
 418      E8B6168B 
 418      F38D13DF 
 419 09b1 BAE17D4A 		.ascii	"\272\341}J\232.\257<\355\376\201\207bQ\017\305\242`"
 419      9A2EAF3C 
 419      EDFE8187 
 419      62510FC5 
 419      A260
 420 09c3 705B8A59 		.ascii	"p[\212Y\310\021\372gg\177\347Ef\241\033v\305\342\206"
 420      C811FA67 
 420      677FE745 
 420      66A11B76 
 420      C5E286
 421 09d6 B558F4F0 		.ascii	"\265X\364\360^\234\352\323\015\237{\371q\257G\233\266"
 421      5E9CEAD3 
 421      0D9F7BF9 
 421      71AF479B 
 421      B6
 422 09e7 AF5C11B4 		.ascii	"\257\\\021\264524\"(\332h\332\021\031d\322\354\010\015"
 422      35323422 
 422      28DA68DA 
 422      111964D2 
 422      EC080D
 423 09fa 37419F49 		.ascii	"7A\237I\033\024d}\375\223>\"\322\244\337\272y\363\007"
 423      1B14647D 
 423      FD933E22 
 423      D2A4DFBA 
 423      79F307
 424 0a0d C151DBF5 		.ascii	"\301Q\333\365@\037\204G\204\033?0\006\3773T\037\032"
 424      401F8447 
 424      841B3F30 
 424      06FF3354 
 424      1F1A
 425 0a1f BE396C47 		.ascii	"\2769lG\210Q\277=x\363\266\320p\243>(\304\270%xG\230"
 425      8851BF3D 
 425      78F3B6D0 
 425      70A33E28 
 425      C4B82578 
ARM GAS  /var/folders/fq/ltb3dbq95yq6ljzx21t9gnkc0000gn/T//ccDTlkKx.s 			page 34


 426 0a35 29C8F49F 		.ascii	")\310\364\237Hc\364\207\333\270\245\25709\332\024\002"
 426      4863F487 
 426      DBB8A5AF 
 426      3039DA14 
 426      02
 427 0a46 AA00ACDC 		.ascii	"\252\000\254\334\036\021b\214RE\220\311Q\352\210\350"
 427      1E11628C 
 427      524590C9 
 427      51EA88E8 
 428 0a56 48A33124 		.ascii	"H\2431$J\031\271#2$\012G\204D)\202\267D\205\221\237"
 428      4A19B923 
 428      32240A47 
 428      84442982 
 428      B7448591 
 429 0a6b 6DCB3FFC 		.ascii	"m\313?\374P\317\376\"\242\365\333\202\303\364\221\021"
 429      50CFFE22 
 429      A2F5DB82 
 429      C3F49111 
 430 0a7b 51A6687D 		.ascii	"Q\246h}\340\246\365+W\350\327\255\363\327\177\032\260"
 430      E0A6F52B 
 430      57E8D7AD 
 430      F3D77F1A 
 430      B0
 431 0a8c 76E3BF57 		.ascii	"v\343\277W\350#\203\303\202\302\302B@\264*`\225\177"
 431      E82383C3 
 431      82C2C242 
 431      40B42A60 
 431      957F
 432 0a9e B0295815 		.ascii	"\260)X\025\340\313\032?\326\370\263\346\023\322\270"
 432      E0CB1A3F 
 432      D6F8B3E6 
 432      13D2B8
 433 0aad 04AC5AE7 		.ascii	"\004\254Z\347\027\021\276%t\253[\22081(4<\324\364[\225"
 433      1711BE25 
 433      74AB5B90 
 433      38312834 
 433      3CD4F45B 
 434 0ac2 6DE67476 		.ascii	"m\346tv\2165)\327o\364_mPm\334\364\267\200\325\006\365"
 434      8E3529D7 
 434      6FF45F6D 
 434      506DDCF4 
 434      B780D506 
 435 0ad7 C6C080D5 		.ascii	"\306\300\200\325\253\375\015\312\200\317\003\374\015"
 435      ABFD0DCA 
 435      80CF03FC 
 435      0D
 436 0ae4 782DD046 		.ascii	"x-\320F\177\003\372\202\372}\371\037%\277\223W\014{"
 436      7F03FA82 
 436      FA7DF91F 
 436      25BF9357 
 436      0C7B
 437 0af6 A2DC1C66 		.ascii	"\242\334\034f\014\216Bk\024\276\201\006\203b\235\337"
 437      0C8E426B 
 437      14BE8106 
 437      83629DDF 
 438 0b06 6706C5AA 		.ascii	"g\006\305\252O\014\353\310\317\032\354k0hC#\2105\241"
 438      4F0CEBC8 
ARM GAS  /var/folders/fq/ltb3dbq95yq6ljzx21t9gnkc0000gn/T//ccDTlkKx.s 			page 35


 438      CF1AEC6B 
 438      30684323 
 438      8835A1
 439 0b19 2141261D 		.ascii	"!A&\035{\335\036\034\375/\330\307\320\010\342\313 \323"
 439      7BDD1E1C 
 439      FD2FD8C7 
 439      D008E2CB 
 439      20D3
 440 0b2b 1BD25240 		.ascii	"\033\322R@\332\326\250\210\035\221\244\337\325\340\347"
 440      DAD6A888 
 440      1D91A4DF 
 440      D5E0E7
 441 0b3a 17B409BC 		.ascii	"\027\264\011\274\354o\334\302\373\031\024~\237|j\300"
 441      EC6FDCC2 
 441      FB19147E 
 441      9F7C6AC0 
 442 0b4a 7E6B0D9A 		.ascii	"~k\015\232U\001\276+\014\201\233\350\313r\362\242Z\265"
 442      5501BE2B 
 442      0C819BE8 
 442      CB72F2A2 
 442      5AB5
 443 0b5c C677F506 		.ascii	"\306w\365\006\203\232\014\210\355rh\025\276\376~0#\020"
 443      839A0C88 
 443      ED726815 
 443      BEFE7E30 
 443      2310
 444 0b6e 3AD6F812 		.ascii	":\326\370\022\234\222\210XA\177Wb?\303\212\367\354\235"
 444      9C928858 
 444      417F5762 
 444      3FC38AF7 
 444      EC9D
 445 0b80 66FCD2A4 		.ascii	"f\374\322\244\367[\037\2706\020\234\246\247\276\331"
 445      F75B1FB8 
 445      36109CA6 
 445      A7BED9
 446 0b8f B26CE5B2 		.ascii	"\262l\345\262/?\202}\321\020\017\023G\375\027\364\210"
 446      2F3F827D 
 446      D1100F13 
 446      47FD17F4 
 446      88
 447 0ba0 F6E6     		.ascii	"\366\346"
 448              		.text
 449              		.section	.gnu.lto_.symtab.6755c1456a2731e2,"",%progbits
 450 0000 5F70616C 		.ascii	"_pal_lld_init\000\000\000\000\000\000\000\000\000\000"
 450      5F6C6C64 
 450      5F696E69 
 450      74000000 
 450      00000000 
 451 0017 0000E300 		.ascii	"\000\000\343\000\000\000_pal_lld_setgroupmode\000\000"
 451      00005F70 
 451      616C5F6C 
 451      6C645F73 
 451      65746772 
 452 0034 00000000 		.ascii	"\000\000\000\000\000\000\000\000\000\000*\001\000\000"
 452      00000000 
 452      00002A01 
 452      0000
ARM GAS  /var/folders/fq/ltb3dbq95yq6ljzx21t9gnkc0000gn/T//ccDTlkKx.s 			page 36


 453              		.text
 454              		.section	.gnu.lto_.opts,"",%progbits
 455 0000 272D666E 		.ascii	"'-fno-trapv' '-mcpu=cortex-m0' '-mno-thumb-interwor"
 455      6F2D7472 
 455      61707627 
 455      20272D6D 
 455      6370753D 
 456 0033 6B272027 		.ascii	"k' '-mthumb' '-ggdb' '-O2' '-fomit-frame-pointer' '"
 456      2D6D7468 
 456      756D6227 
 456      20272D67 
 456      67646227 
 457 0066 2D66616C 		.ascii	"-falign-functions=16' '-ffunction-sections' '-fdata"
 457      69676E2D 
 457      66756E63 
 457      74696F6E 
 457      733D3136 
 458 0099 2D736563 		.ascii	"-sections' '-fno-common' '-flto'\000"
 458      74696F6E 
 458      73272027 
 458      2D666E6F 
 458      2D636F6D 
 459              		.text
 460              		.comm	__gnu_lto_v1,1,1
 461              		.comm	__gnu_lto_slim,1,1
 462              		.ident	"GCC: (GNU Tools for ARM Embedded Processors) 4.9.3 20150303 (release) [ARM/embedded-4_9-br
ARM GAS  /var/folders/fq/ltb3dbq95yq6ljzx21t9gnkc0000gn/T//ccDTlkKx.s 			page 37


DEFINED SYMBOLS
                            *ABS*:0000000000000000 pal_lld.c
                            *COM*:0000000000000001 __gnu_lto_v1
                            *COM*:0000000000000001 __gnu_lto_slim

NO UNDEFINED SYMBOLS
