ARM GAS  /var/folders/fq/ltb3dbq95yq6ljzx21t9gnkc0000gn/T//ccEWH5s2.s 			page 1


   1              		.cpu cortex-m0
   2              		.fpu softvfp
   3              		.eabi_attribute 20, 1
   4              		.eabi_attribute 21, 1
   5              		.eabi_attribute 23, 3
   6              		.eabi_attribute 24, 1
   7              		.eabi_attribute 25, 1
   8              		.eabi_attribute 26, 1
   9              		.eabi_attribute 30, 2
  10              		.eabi_attribute 34, 0
  11              		.eabi_attribute 18, 4
  12              		.code	16
  13              		.file	"st.c"
  14              		.text
  15              	.Ltext0:
  16              		.section	.gnu.lto_.profile.acf1170c8aff2426,"",%progbits
  17 0000 789C6366 		.ascii	"x\234cf```a\200\000F\006)\036\000\000\264\000/"
  17      60606061 
  17      80004606 
  17      291E0000 
  17      B4002F
  18              		.text
  19              		.section	.gnu.lto_.jmpfuncs.acf1170c8aff2426,"",%progbits
  20 0000 789C6366 		.ascii	"x\234cf\300\016\304\2404+\210`\004\202z&\006\006f\020"
  20      C00EC4A0 
  20      342B8860 
  20      04827A26 
  20      06066610 
  21 0014 CD021400 		.ascii	"\315\002\024\000\000\015^\001-"
  21      000D5E01 
  21      2D
  22              		.text
  23              		.section	.gnu.lto_.inline.acf1170c8aff2426,"",%progbits
  24 0000 789C6366 		.ascii	"x\234cf\300\016r\2414+\003\003\013\017#\003\023\220"
  24      C00E72A1 
  24      342B0303 
  24      0B0F2303 
  24      1390
  25 0012 C9B6401E 		.ascii	"\311\266@\036D10r\201\010\0066VFF \305\300\304\366A"
  25      44313072 
  25      81080636 
  25      56464620 
  25      C5C0C4F6 
  26 0027 0F2EC7C4 		.ascii	"\017.\307\304\300\302\014T\315t\201\037.\304\014\022"
  26      C0C20C54 
  26      CD74811F 
  26      2EC40C12 
  27 0037 82A84416 		.ascii	"\202\250D\026f\301T\311\000\000\270\007\010x"
  27      66C154C9 
  27      0000B807 
  27      0878
  28              		.text
  29              		.section	.gnu.lto_.pureconst.acf1170c8aff2426,"",%progbits
  30 0000 789C6366 		.ascii	"x\234cf``\340f\200\000V\006\011F)&)f)\026)\000\004\004"
  30      6060E066 
  30      80005606 
  30      09462926 
ARM GAS  /var/folders/fq/ltb3dbq95yq6ljzx21t9gnkc0000gn/T//ccEWH5s2.s 			page 2


  30      29662916 
  31 0018 009E     		.ascii	"\000\236"
  32              		.text
  33              		.section	.gnu.lto_stInit.acf1170c8aff2426,"",%progbits
  34 0000 789C6366 		.ascii	"x\234cf\300\004R@\274\020\210\245\201\230\221\231\201"
  34      C0045240 
  34      BC1088A5 
  34      81989199 
  34      81
  35 0011 9169C239 		.ascii	"\221i\3029\006\206F\016&FF\020\203\201\221\241\236\211"
  35      0686460E 
  35      26464610 
  35      838191A1 
  35      9E89
  36 0023 B19EF125 		.ascii	"\261\236\361%\323G&\306\011\007V\317\340V_\332\320\320"
  36      D34726C6 
  36      090756CF 
  36      E0565FDA 
  36      D0D0
  37 0035 F0E1D0F9 		.ascii	"\360\341\320\371\306\200\003\214?\231\030\030>3A\314"
  37      C680038C 
  37      3F991818 
  37      3E3341CC 
  38 0045 615CCEA8 		.ascii	"a\\\316\250\316\000T\364\261\345\357un\266\026\240\""
  38      CE0054F4 
  38      B1E5EF75 
  38      6EB616A0 
  38      22
  39 0056 01881CE3 		.ascii	"\001\210\034\343\012F6F \275^\350@\303\377\377\217\247"
  39      0A463646 
  39      20BD5EE8 
  39      40C3FFFF 
  39      8FA7
  40 0068 FED16766 		.ascii	"\376\321gf`x\002\224\001\231\377\224\211\011D3\337a"
  40      60780294 
  40      0199FF94 
  40      89094433 
  40      DF61
  41 007a 6C3EF097 		.ascii	"l>\360\227\027\244\024d\306\274\313}\353\230j\1777t"
  41      17A41464 
  41      C6BCCB7D 
  41      EB986A7F 
  41      3774
  42 008c 3470FC64 		.ascii	"4p\374db\374\314\004\324\316\270\222\261\226\341'P\365"
  42      62FCCC04 
  42      D4CEB892 
  42      B196E127 
  42      50F5
  43 009e 3DC6C603 		.ascii	"=\306\306\003\377Y\301*\031@\3460\202\364\003M\223\324"
  43      FF59C12A 
  43      1940E630 
  43      82F4034D 
  43      93D4
  44 00b0 D3D387A0 		.ascii	"\323\323\207\240\374b\375\214\304\034\375\342\242d\375"
  44      FC62FD8C 
  44      C41CFDE2 
  44      A264FD
ARM GAS  /var/folders/fq/ltb3dbq95yq6ljzx21t9gnkc0000gn/T//ccEWH5s2.s 			page 3


  45 00bf E212BD64 		.ascii	"\342\022\275d\006\00038A\331"
  45      06003338 
  45      41D9
  46              		.text
  47              		.section	.gnu.lto_stStartAlarm.acf1170c8aff2426,"",%progbits
  48 0000 789C9D92 		.ascii	"x\234\235\222\315k\023A\030\306\347\231]w\027\033J\361"
  48      CD6B1341 
  48      18C6E799 
  48      5D77171B 
  48      4AF1
  49 0012 1483E021 		.ascii	"\024\203\340!\226^L\006\365\037\360\340\245\320\236"
  49      965E4C06 
  49      F51FF0E0 
  49      A5D09E
  50 0021 ECC19BC4 		.ascii	"\354\301\233\304*T\210T\232\340\265\223\230`Q\333\006"
  50      2A548854 
  50      9AE0B593 
  50      986051DB 
  50      06
  51 0032 4FA28456 		.ascii	"O\242\204VKh5\251\215\306\372Q)\204\326\242P0\370\201"
  51      4B6835A9 
  51      8DC6FA51 
  51      2984D6A2 
  51      5030F881 
  52 0046 050F3548 		.ascii	"\005\0175H\212\265\007I\214\245]\241\306w6\021l\275"
  52      8AB50749 
  52      8CA55DA1 
  52      C6773611 
  52      6CBD
  53 0058 88CBEECE 		.ascii	"\210\313\356\316\274_\317\373\233\017\215\375\375x\350"
  53      BC5FCFFB 
  53      9B0F8DFD 
  53      FD78E8
  54 0067 7BCE193B 		.ascii	"{\316\031;A#4\006\236x\305X\304\342\200\2320\260~\216"
  54      41233406 
  54      9E78C558 
  54      C4E2809A 
  54      30B07E8E 
  55 007b 7E7CE115 		.ascii	"~|\341\025\216D>}\275\251-%\245,\277\311\271\343n\233"
  55      8E443E7D 
  55      BDA92D25 
  55      A52CBFC9 
  55      B9E36E9B 
  56 008f CAAABC2E 		.ascii	"\312\252\274.\203q\264Q\312\360P|\020\332>0\232/~\332"
  56      8371B451 
  56      CAF0507C 
  56      10DA3E30 
  56      9A2F7EDA 
  57 00a3 ACBA56B9 		.ascii	"\254\272V\271\315\321\242\314\033K+\3375er\256\314\213"
  57      CDD1A2CC 
  57      1B4B2BDF 
  57      356572AE 
  57      CC8B
  58 00b5 572AD5DD 		.ascii	"W*\325\335\255cRF\363\263Yy\224\374\032&\240\221\036"
  58      AD635246 
  58      F3B35979 
  58      94FC1A26 
ARM GAS  /var/folders/fq/ltb3dbq95yq6ljzx21t9gnkc0000gn/T//ccEWH5s2.s 			page 4


  58      A0911E
  59 00c8 EEC083BB 		.ascii	"\356\300\203\273\3600r1\244\321\252\322+\261\255\245"
  59      F0307231 
  59      A4D1AAD2 
  59      2BB1ADA5 
  60 00d8 262346BD 		.ascii	"&#F\275[\266~\267E\006\006h\234\332\223\227\265\332"
  60      5BB67EB7 
  60      45060668 
  60      9CDA9397 
  60      B5DA
  61 00ea D878665A 		.ascii	"\330xfZ7\211\233*t\252\325\031+Q\226Z\305\012\265\244"
  61      37899B2A 
  61      74AAD519 
  61      2B51965A 
  61      C50AB5A4 
  62 00fe 517B8FA8 		.ascii	"Q{\217\250\203\222K\375\270\014\355\200Cy{t\344%\367"
  62      83924BFD 
  62      B80CED80 
  62      43797B74 
  62      E425F7
  63 0111 DE228E62 		.ascii	"\336\"\216br>\220\217\216\312\237\265\032\024\315\344"
  63      723E908F 
  63      8ECA9FB5 
  63      1A14CDE4 
  64 0121 769AC63A 		.ascii	"v\232\306:\357\301\273Ar\037\020]\276TX\177\273\212"
  64      EFC1BB41 
  64      721F105D 
  64      BE54587F 
  64      BB8A
  65 0133 6D70C5D4 		.ascii	"mp\305\324\232[\2458lU\216\035\350\014S0H$\013c\203"
  65      9A5BA538 
  65      6C558E1D 
  65      E80C5330 
  65      48240B63 
  66 0148 EB759DB9 		.ascii	"\353u\235\271kvf$\336\254|\224|uf}\250Y\355\322.9 \245"
  66      6B766624 
  66      DEAC7C94 
  66      7C75667D 
  66      A859EDD2 
  67 0160 AEEA3F96 		.ascii	"\256\352?\226\012\257-\307\305\224\271\371u1i&q3\222"
  67      0AAF2DC7 
  67      C594B9F9 
  67      75316926 
  67      713392
  68 0173 9096CD0D 		.ascii	"\220\226\315\015\334'\276\007\212\217b\205\317\023\013"
  68      DC27BE07 
  68      8A8F6285 
  68      CF130B
  69 0182 2E5F5AC6 		.ascii	"._Z\306\"\371\37567\221C\022\337h\023\234\266\024\177"
  69      22F9FD36 
  69      37914312 
  69      DF68139C 
  69      B6147F
  70 0195 51999B75 		.ascii	"Q\231\233u\211I\025?hs\013\017\341\203\327\323\210c"
  70      8949153F 
  70      68730B0F 
  70      E183D7D3 
ARM GAS  /var/folders/fq/ltb3dbq95yq6ljzx21t9gnkc0000gn/T//ccEWH5s2.s 			page 5


  70      8863
  71 01a7 1A82A814 		.ascii	"\032\202\250\024R9\373.j6\210\376\275\237\205GN?4\364"
  71      5239FB2E 
  71      6A3688FE 
  71      BD9F8547 
  71      4E3F34F4 
  72 01bb 1EC3F727 		.ascii	"\036\303\367'\276E}\236P\241\322/\377\237\376SG\237"
  72      BE457D9E 
  72      50A1D22F 
  72      FF9FFE53 
  72      479F
  73 01cd 37F4671C 		.ascii	"7\364g\034\375Bq~\330\271f\026\371\237Q\3412\"\305\205"
  73      FD42717E 
  73      D8B96616 
  73      F99F51E1 
  73      3222C585 
  74 01e1 354B9D80 		.ascii	"5K\235\200:\261\022\361\320\341\323.\354\365\373E\375"
  74      3AB112F1 
  74      D0E1D32E 
  74      ECF5FB45 
  74      FD
  75 01f2 ED0D899E 		.ascii	"\355\015\211\236@P\204\372\272E(\354\357ff\340T(|\366"
  75      405084FA 
  75      BA4528EC 
  75      EF6666E0 
  75      54287CF6 
  76 0206 DC195DFD 		.ascii	"\334\031]\375\304\316\264\363\275}\341\2208\336\325"
  76      C4CEB4F3 
  76      BD7DE190 
  76      38DED5
  77 0215 79E4B0E8 		.ascii	"y\344\260\350\3508&\272\332;/\034\242\302\223\301\340"
  77      E83826BA 
  77      DA3B2F1C 
  77      A2C293C1 
  77      E0
  78 0226 697F0FFB 		.ascii	"i\177\017\373\005\326B\026\367"
  78      05D64216 
  78      F7
  79              		.text
  80              		.section	.gnu.lto_stStopAlarm.acf1170c8aff2426,"",%progbits
  81 0000 789C6366 		.ascii	"x\234cf\300\004R@\254\313\310\300\340\015\244\031\231"
  81      C0045240 
  81      ACCBC8C0 
  81      E00DA419 
  81      99
  82 0011 19189926 		.ascii	"\031\030\231&\234c`h\344`bd\0041\030\030\031\352\231"
  82      9C636068 
  82      E4606264 
  82      04311818 
  82      19EA99
  83 0024 18EB195F 		.ascii	"\030\353\031_2}db\234p`\365\014n\365\245\015\015\015"
  83      327D6462 
  83      9C7060F5 
  83      0C6EF5A5 
  83      0D0D0D
  84 0037 1F366D97 		.ascii	"\0376m\227h\225\370\311\304\300\360\231\011b\014\343"
  84      6895F8C9 
ARM GAS  /var/folders/fq/ltb3dbq95yq6ljzx21t9gnkc0000gn/T//ccEWH5s2.s 			page 6


  84      C4C0F099 
  84      09620CE3 
  85 0047 72467506 		.ascii	"rFu\006\240\232\217-\177\257s\263\265\000\325\010@\344"
  85      A09A8F2D 
  85      7FAF73B3 
  85      B500D508 
  85      40E4
  86 0059 185730B2 		.ascii	"\030W0\262\001\215gX/t\240\341\377\377\305s\336lgaf"
  86      018D6758 
  86      2F74A0E1 
  86      FFFFC573 
  86      DE6C6761 
  87 006e 60780294 		.ascii	"`x\002\224\002\231\377\224\211\011D3\337b<\364a\307"
  87      0299FF94 
  87      89094433 
  87      DF623CF4 
  87      61C7
  88 0080 BCDD47B9 		.ascii	"\274\335G\271Q\214x\260\364\275\004\330\200\317L\214"
  88      518C78B0 
  88      F4BD04D8 
  88      80CF4C8C 
  89 0090 E88633AE 		.ascii	"\350\2063\256dd\003\232\276\212\221\015(\321\263\353"
  89      6464039A 
  89      BE8A910D 
  89      28D1B3EB 
  90 00a0 6B1FDF0B 		.ascii	"k\037\337\013\246\237L\214\015\035\015\015, \265\367"
  90      A69F4C8C 
  90      0D1D0D0D 
  90      2C20B5F7 
  91 00b0 9F9CBFC8 		.ascii	"\237\234\277\310\001\026b\000q\177\274;=\227}.\343\354"
  91      01166200 
  91      717FBC3B 
  91      3D977D2E 
  91      E3EC
  92 00c2 C6090D1C 		.ascii	"\306\011\015\034?\231\230\030W3J1\256a\224\002\313\235"
  92      3F999818 
  92      57334A31 
  92      AE619402 
  92      CB9D
  93 00d4 7FBEE228 		.ascii	"\177\276\342(\217\356\352\206\226\306\017{\276\235\342"
  93      8FEEEA86 
  93      96C60F7B 
  93      BE9DE2
  94 00e3 FFC9C4CC 		.ascii	"\377\311\304\314\270\226q.\343'\240\033\301\2660\256"
  94      B896712E 
  94      E327A01B 
  94      C1B630AE 
  95 00f3 63D44536 		.ascii	"c\324E6\021\350~\306\365@\275\367\030\033\037\034}\317"
  95      11E87EC6 
  95      F540BDF7 
  95      181B1F1C 
  95      7DCF
  96 0105 01722028 		.ascii	"\001r (\010\236\000\255\002\372\005\250KROO\037\202"
  96      089E00AD 
  96      02FA05A8 
  96      4B524F4F 
  96      1F82
ARM GAS  /var/folders/fq/ltb3dbq95yq6ljzx21t9gnkc0000gn/T//ccEWH5s2.s 			page 7


  97 0117 F28BF533 		.ascii	"\362\213\3653\022s\364\213\213\222\365\213K\364\222"
  97      1273F48B 
  97      8B92F58B 
  97      4BF492
  98 0126 19F4D165 		.ascii	"\031\364\321e\012\362\213J\212\365\203C|\215\215\364"
  98      0AF28B4A 
  98      8AF58343 
  98      7C8D8DF4 
  99 0136 7D7C5CF4 		.ascii	"}|\\\364C<}\313\014\201j\343srR\3642\030\000\204\322"
  99      433C7DCB 
  99      0C816AE3 
  99      737252F4 
  99      32180084 
 100 014b 8661     		.ascii	"\206a"
 101              		.text
 102              		.section	.gnu.lto_stSetAlarm.acf1170c8aff2426,"",%progbits
 103 0000 789C6590 		.ascii	"x\234e\220\317k\023Q\020\307\347\373v\273Yl(\305S\032"
 103      CF6B1351 
 103      10C7E7FB 
 103      76BB596C 
 103      28C5531A 
 104 0014 040FB1F4 		.ascii	"\004\017\261\364b\363P\377\001\017^\204\366d\017\336"
 104      62F350FF 
 104      010F5E84 
 104      F6640FDE 
 105 0024 2456A142 		.ascii	"$V\241B\244\322\015^\373\022\023,\376\250\241\247R\011"
 105      A4D20D5E 
 105      FB12132C 
 105      FEA8A1A7 
 105      5209
 106 0036 564BB49A 		.ascii	"VK\264\232\326V\253\027\203\260T\212B\301\340\305R\017"
 106      D656AB17 
 106      83B0548A 
 106      42C1E0C5 
 106      520F
 107 0048 35488A15 		.ascii	"5H\212\025D\214\261\244+\3248o\323\036Z\227\335}of\276"
 107      448CB1A4 
 107      2BD4386F 
 107      D31E5A97 
 107      DD7D6F66 
 108 005d 33F39931 		.ascii	"3\363\2311\350\377'\314\237)\210\316\362\011\203 \262"
 108      E8FF27CC 
 108      9F2988CE 
 108      F2098320 
 108      B2
 109 006e EF8992B6 		.ascii	"\357\211\222\266\000\364\205@\303\002\303\370&\252\002"
 109      00F48540 
 109      C302C3F8 
 109      26AA02
 110 007d 59B730DE 		.ascii	"Y\2670\336\332\225WJ\375\034+\2062!\217\323j\242Y\006"
 110      DA95574A 
 110      FD1C2B86 
 110      32218FD3 
 110      6AA25906 
 111 0091 8FD0C592 		.ascii	"\217\320\305\222;\243\231\3330\016\201\370\276\374e"
 111      3BA399DB 
 111      300E81F8 
ARM GAS  /var/folders/fq/ltb3dbq95yq6ljzx21t9gnkc0000gn/T//ccEWH5s2.s 			page 8


 111      BEFC65
 112 00a0 AB16DC10 		.ascii	"\253\026\334\020\236@\2736'V\326\177\033\332\024B\233"
 112      9E40BB36 
 112      2756D67F 
 112      1BDA1442 
 112      9B
 113 00b1 D76E566B 		.ascii	"\327nVk\007:\247\224J\271\305yu\222\375\006\246ap=<"
 113      073AA794 
 113      4AB9C579 
 113      7592FD06 
 113      A661703D 
 114 00c6 46184F10 		.ascii	"F\030O\020&v\021\012\350\324\362jz{\245\325Js\357\366"
 114      2676110A 
 114      E8D4F26A 
 114      7A7BA5D5 
 114      4A73EFF6 
 115 00da EDDDB698 		.ascii	"\355\335\266\230\201\005>\347\016\272\252\321\230z\370"
 115      81053EE7 
 115      0EBAAAD1 
 115      987AF8
 116 00e9 BD68B630 		.ascii	"\275h\26607g\230\234k\022UX\245\247X\347\226|\032\037"
 116      3767989C 
 116      6B125558 
 116      A5A758E7 
 116      967C1A1F 
 117 00fd 91F25116 		.ascii	"\221\362Q\026\362\177n\3008\342S>\230\274\367ND\356"
 117      F27F6EC0 
 117      38E2533E 
 117      98BCF74E 
 117      44EE
 118 010f 334779F5 		.ascii	"3Gy\365M\314MM\252\277\215\0064\315\354^\232\2359\237"
 118      4DCC4D4D 
 118      AABF8D06 
 118      34CDEC5E 
 118      9A9D399F 
 119 0123 2252E772 		.ascii	"\"R\347r\237\220Z\273^\332\\\335\300\036\270r\276\036"
 119      9F905ABB 
 119      5EDA5CDD 
 119      C01EB872 
 119      BE1E
 120 0135 D2129FAD 		.ascii	"\322\022\237\255&\260\017\2350\007\213\213\314\303\252"
 120      26B00F9D 
 120      30078B8B 
 120      CCC3AA
 121 0144 0BB35967 		.ascii	"\013\263Ygq\314\233)e\332\264\217\305\267^m\216\266"
 121      71CC9B29 
 121      65DAB48F 
 121      C5B75E6D 
 121      8EB6
 122 0156 E92DB5A8 		.ascii	"\351-\265\250\021\245L\235\377\271R\372`\373.\322\346"
 122      11A54C9D 
 122      FFB952FA 
 122      60FB2ED2 
 122      E6
 123 0167 D68FE55C 		.ascii	"\326\217\345\\ \207\273\311\254\262=a\341\031\363=\327"
 123      2087BBC9 
 123      ACB23D61 
ARM GAS  /var/folders/fq/ltb3dbq95yq6ljzx21t9gnkc0000gn/T//ccEWH5s2.s 			page 9


 123      E119F33D 
 123      D7
 124 0178 7C1C2B7D 		.ascii	"|\034+}\235^\012v\027T:\351\036\366D\000\013\310\341"
 124      9D5E0A76 
 124      17543AE9 
 124      1EF64400 
 124      0BC8E1
 125 018b 172FC16F 		.ascii	"\027/\301o\313\361\267\325\305\327A9\253\343G=a\343"
 125      CBF1B7D5 
 125      C5D74139 
 125      ABE3473D 
 125      61E3
 126 019d 05BA1109 		.ascii	"\005\272\021\011\357\304\361\022\222\251h\015\311\362"
 126      EFC4F112 
 126      92A9680D 
 126      C9F2
 127 01ab 52DDD613 		.ascii	"R\335\326\023\350\211+<\005/\217\253tD\243\262\371\016"
 127      E8892B3C 
 127      052F8FAB 
 127      7444A3B2 
 127      F90E
 128 01bd 3A722016 		.ascii	":r \026\227\316P\277t\022\321~\012\304\316;\211K\227"
 128      97CE50BF 
 128      7412D17E 
 128      0AC4CE3B 
 128      894B97
 129 01d0 2F9AFA27 		.ascii	"/\232\372'\367\313\256\014\016%\034y\246\257\367\304"
 129      F7CBAE0C 
 129      0E251C79 
 129      A6AFF7C4 
 130 01e0 71D9D373 		.ascii	"q\331\323sJ\366\235\356\275z\214\023\317\305\343\027"
 130      4AF69DEE 
 130      BD7A8C13 
 130      CFC5E317 
 131 01f0 A203F40F 		.ascii	"\242\003\364\017\030\365\321\351"
 131      18F5D1E9 
 132              		.text
 133              		.section	.gnu.lto_stGetAlarm.acf1170c8aff2426,"",%progbits
 134 0000 789C654F 		.ascii	"x\234eO\315+\304Q\024\275\347\376\306\317\224Ib\303"
 134      CD2BC451 
 134      14BDE7FE 
 134      C6CF9449 
 134      62C3
 135 0012 64475999 		.ascii	"dGY\231\027\376\005\033\371\330\260\227XXL\221\231l"
 135      17FE051B 
 135      F9D8B097 
 135      58584C91 
 135      996C
 136 0024 E7CD34C5 		.ascii	"\347\3154\305B\222,D#\205|\214\361\261\364\025)YL\221"
 136      42922C44 
 136      23857C8C 
 136      F1B1F415 
 136      29594C91 
 137 0038 0D350B24 		.ascii	"\0155\013$B$c\210\337B\343\276a\203\327{\335w\3569\335"
 137      42246388 
 137      DF42E3BE 
 137      6183D77B 
ARM GAS  /var/folders/fq/ltb3dbq95yq6ljzx21t9gnkc0000gn/T//ccEWH5s2.s 			page 10


 137      DD77EE39 
 138 004d 7B8E45FF 		.ascii	"{\216E\377\217W^\004D\215Ra\021x\344\210(\354f\300|"
 138      8F575E04 
 138      448D5261 
 138      1178E488 
 138      28EC66C0 
 139 0062 08146284 		.ascii	"\010\024b\204p\317iF\362\352#\343\271c\207\251\210\004"
 139      70CF6946 
 139      F2EA23E3 
 139      B96387A9 
 139      8804
 140 0074 4E9CDDBC 		.ascii	"N\234\335\274Z\006\202\015\334\312\034]\331UsZG\236"
 140      5A06820D 
 140      DCCA1C5D 
 140      D955735A 
 140      479E
 141 0086 4777FDE3 		.ascii	"Gw\375\343c\323p\230)\303\204yx\261\000\263\010\213"
 141      63D37098 
 141      29C38479 
 141      78B100B3 
 141      088B
 142 0098 A832DA74 		.ascii	"\2502\332t\364\363\254\300\216j\255\213>\231\214H\270"
 142      F4F3ACC0 
 142      8E6AAD8B 
 142      3E998C48 
 142      B8
 143 00a9 25D8E283 		.ascii	"%\330\342\203V\213\367t6;3\365\270\353r19lYd\006\321"
 143      568BF774 
 143      363B33F5 
 143      B8EB7231 
 143      396C5964 
 144 00bf B53C63E9 		.ascii	"\265<c\351F\200T+\205\375\315\215\251\207\203\222_\363"
 144      4680542B 
 144      85FDCD8D 
 144      A9878392 
 144      5FF3
 145 00d1 2EE7B2A5 		.ascii	".\347\262\245\271Q\031\306\237M\2048l\331\263\014\373"
 145      B95119C6 
 145      9F4D8438 
 145      6CD9B30C 
 145      FB
 146 00e2 9D4D9EA1 		.ascii	"\235M\236\241\315\267\341B\023\300\245\007\265v\031"
 146      CDB7E142 
 146      13C0A507 
 146      B57619
 147 00f1 F9C5F5F1 		.ascii	"\371\305\365\361\211;\327\"\003?\236\222\261\374\030"
 147      893BD722 
 147      033F9E92 
 147      B1FC18
 148 0100 26C323DA 		.ascii	"&\303#\332\355p\036\022\222d\305$\021\356\370v\341\300"
 148      ED701E12 
 148      9264C524 
 148      11EEF876 
 148      E1C0
 149 0112 531DD7D1 		.ascii	"S\035\327\321\360\363\366i\262\322a\033\253\210\341"
 149      F0F3F669 
 149      B2D2611B 
ARM GAS  /var/folders/fq/ltb3dbq95yq6ljzx21t9gnkc0000gn/T//ccEWH5s2.s 			page 11


 149      AB88E1
 150 0121 456CE616 		.ascii	"El\346\026\211\3440\275\277\343Q\011\221\354\2658\234"
 150      89E430BD 
 150      BFE35109 
 150      91ECB538 
 150      9C
 151 0132 8F3554A3 		.ascii	"\2175T\243\302\373\303c\035\212R\210\234\017\224\177"
 151      C2FBC363 
 151      1D8A5288 
 151      9C0F947F 
 152 0142 5BB2C415 		.ascii	"[\262\304\025\235#|9\0332\001\244A&5LZ\031Z\346\363"
 152      9D237C39 
 152      1B3201A4 
 152      4126354C 
 152      5A195AE6 
 153 0157 A9EFDB13 		.ascii	"\251\357\333\023P\335\035~\025\350\353T\201\240\257"
 153      50DD1D7E 
 153      15E8EB54 
 153      81A0AF
 154 0166 93D45FA6 		.ascii	"\223\324_\246\267\247/\030P\255m\315u\265\252\251\251"
 154      B7A72F18 
 154      50AD6DCD 
 154      75B5AAA9 
 154      A9
 155 0177 5EB53534 		.ascii	"^\26554\367\327\210\266\335\357\357\362u\323\027;\277"
 155      F7D788B6 
 155      DDEFEFF2 
 155      75D3173B 
 155      BF
 156 0188 A4AE     		.ascii	"\244\256"
 157              		.text
 158              		.section	.gnu.lto_.symbol_nodes.acf1170c8aff2426,"",%progbits
 159 0000 789C55C8 		.ascii	"x\234U\310;\021\2000\000D\301w\011\231\211[$\\$\240"
 159      3B118030 
 159      0044C177 
 159      0999895B 
 159      245C24A0 
 160 0014 80A1C000 		.ascii	"\200\241\300\000\341#\003\015(a(\240 [n\004z>a\221a"
 160      E123030D 
 160      286128A0 
 160      205B6E04 
 160      7A3E6191 
 161 0029 38C1669C 		.ascii	"8\301f\2342\241\312jb\225C\023\233\034\233\330\345\356"
 161      32A1CA6A 
 161      62954313 
 161      9B1C9BD8 
 161      E5EE
 162 003b 1F3AE4F4 		.ascii	"\037:\344\364\006\245d\"\211\371\272\305\003\370$\037"
 162      06A56422 
 162      89F9BAC5 
 162      03F8241F 
 163 004b 5C       		.ascii	"\\"
 164              		.text
 165              		.section	.gnu.lto_.refs.acf1170c8aff2426,"",%progbits
 166 0000 789C6366 		.ascii	"x\234cf```d\200\002\000\000=\000\005"
 166      60606064 
 166      80020000 
ARM GAS  /var/folders/fq/ltb3dbq95yq6ljzx21t9gnkc0000gn/T//ccEWH5s2.s 			page 12


 166      3D0005
 167              		.text
 168              		.section	.gnu.lto_.decls.acf1170c8aff2426,"",%progbits
 169 0000 789CB557 		.ascii	"x\234\265WiP\024I\026\256\254l\240i\233F1\306q\211\215"
 169      69501449 
 169      16AEAC6C 
 169      A0699B46 
 169      31C67189 
 170 0015 58C409C2 		.ascii	"X\304\011\302\235P[\321\230\335\037\2731\272h8\306\216"
 170      9D505BD1 
 170      98DD1FBB 
 170      31BA6838 
 170      C68E
 171 0027 336EE346 		.ascii	"3n\343FL\304\374\350a\221\031\210\3400\240\335\330\371"
 171      4CC4FCE8 
 171      61911988 
 171      E030A0DD 
 171      D8F9
 172 0039 57080A1E 		.ascii	"W\010\012\036(\":\234\332\012\310}y1\034\002^\034*\207"
 172      28223A9C 
 172      DA0AC87D 
 172      79311C02 
 172      5E1C2A87 
 173 004d 8A075E34 		.ascii	"\212\007^4x\203G\343\005\210\322\3732\263\252\272\250"
 173      788347E3 
 173      0588D2FB 
 173      32B3AABA 
 173      A8
 174 005e 6D5DF7C7 		.ascii	"m]\367\307V\360\250|\225\337\373\362\345{/\217\306\034"
 174      56F0A87C 
 174      95DFFBF2 
 174      E57B2F8F 
 174      C61C
 175 0070 C795218E 		.ascii	"\307\225!\216s\300c\234\306qQ<\307\271\303\267\325\234"
 175      73C0639C 
 175      C671513C 
 175      C7B9C3B7 
 175      D59C
 176 0082 F3217A19 		.ascii	"\363!z\031\310q\220&\220\023 \247AZ\270\377|\010\016"
 176      C8719026 
 176      901320A7 
 176      415AB8FF 
 176      7C080E
 177 0095 8BF6AD20 		.ascii	"\213\366\255 \305\342w^\354seCx=E\033\003\210\036\244"
 177      C5E2775E 
 177      EC736543 
 177      783D451B 
 177      03881EA4 
 178 00a9 166416C8 		.ascii	"\026d\026\310t\360m\032\310\020\264/\211\334z\320'\340"
 178      74F06D1A 
 178      C810B42F 
 178      89DC7AD0 
 178      27E0
 179 00bb ED86182F 		.ascii	"\355\206\030/\261\377\004\332\360\307}\206&s\023\177"
 179      B1FF04DA 
 179      F0C77D86 
 179      2673137F 
ARM GAS  /var/folders/fq/ltb3dbq95yq6ljzx21t9gnkc0000gn/T//ccEWH5s2.s 			page 13


 180 00cb 3522B7C4 		.ascii	"5\"\267\304Ex\220\302\236`\002Tv\2348\317\217\365\013"
 180      457890C2 
 180      9E600254 
 180      769C38CF 
 180      8FF50B
 181 00de 897EF1A2 		.ascii	"\211~\361\242\335\034\321\237\005*^\0227\355\377\310"
 181      DD1CD19F 
 181      052A5E12 
 181      37EDFFC8 
 182 00ee 476C0245 		.ascii	"Gl\002E\276\305*\276a\036\325V\274\354\230\362\220G"
 182      BEC52ABE 
 182      611ED556 
 182      BCEC98F2 
 182      9047
 183 0100 069D1F51 		.ascii	"\006\235\037Q\353\322\3322\334A\325\3534D\255\037\037"
 183      EBD2DA32 
 183      DC41D5EB 
 183      3444AD1F 
 183      1F
 184 0111 E8D17CBA 		.ascii	"\350\321|\272[\200'5A\230\252A\253g\240B\344\213\212"
 184      5B802735 
 184      4198AA41 
 184      AB67A042 
 184      E48B8A
 185 0124 902F3016 		.ascii	"\220/0\026\243O\341\377\367\032\306d\255I|\256\301<"
 185      A34FE1FF 
 185      F71AC664 
 185      AD497CAE 
 185      C13C
 186 0136 22EDBC8C 		.ascii	"\"\355\274\214\376\036\335\334\0220K\026\232\333\220"
 186      FE1EDDDC 
 186      12304B16 
 186      9ADB90
 187 0145 73B8FB15 		.ascii	"s\270\373\025\367\262x\277\275\202\265\312^4\332\253"
 187      F7B278BF 
 187      BD82B5CA 
 187      5E34DAAB 
 188 0155 17DA8466 		.ascii	"\027\332\204f\207\343KJ\205J\020F\245h.A\22265Ae\310"
 188      87E34B4A 
 188      854A1046 
 188      A5682E41 
 188      92363541 
 189 016b 0FCCCE0D 		.ascii	"\017\314\316\015\214\276\320S/\247\022\226\254\253\367"
 189      8CBED053 
 189      2FA71296 
 189      ACABF7
 190 017a 5E62EA25 		.ascii	"^b\352%O\324\316\275\326#\336\370s:\362\356\263\331"
 190      4FD4CEBD 
 190      D623DEF8 
 190      733AF2EE 
 190      B3D9
 191 018c 3BDCF062 		.ascii	";\334\360b\332N\355O\273\244\301\177\246\355\370\203"
 191      DA4EED4F 
 191      BBA4C17F 
 191      A6EDF883 
 192 019c F5DB3CC0 		.ascii	"\365\333<\300\304OG\375\370eh\364\210\226\252\016\007"
 192      C44F47FD 
ARM GAS  /var/folders/fq/ltb3dbq95yq6ljzx21t9gnkc0000gn/T//ccEWH5s2.s 			page 14


 192      F86568F4 
 192      8896AA0E 
 192      07
 193 01ad 860FFC81 		.ascii	"\206\017\374\201[\335\375\236(@\227\017>\3333\356\\"
 193      5BDDFD9E 
 193      2840970F 
 193      3EDB33EE 
 193      5C
 194 01be F9AD2068 		.ascii	"\371\255 h\320Q\244C\325\262W\324\226<\311\202\260A"
 194      D051A443 
 194      D5B257D4 
 194      963CC982 
 194      B041
 195 01d0 101204B7 		.ascii	"\020\022\004\267\"\003\207\312!\034\025\020\016t\004"
 195      220387CA 
 195      211C1510 
 195      0E7404
 196 01df 05008262 		.ascii	"\005\000\202b\321!\370x\030>\002\361\341\201\247[u\022"
 196      D121F878 
 196      183E02F1 
 196      E181A75B 
 196      7512
 197 01f1 714A41DA 		.ascii	"qJA\332\014B\\\003\304UNb\030\347C\314\307\\3\237\250"
 197      0C425C03 
 197      C4554E62 
 197      18E743CC 
 197      C75C339F 
 198 0206 EEC9C212 		.ascii	"\356\311\302\022\363`A\366'\204\271\026\230+\235\314"
 198      F36041F6 
 198      2784B916 
 198      982B9DCC 
 199 0216 351F66FE 		.ascii	"5\037f\376\325%3:\225\325\277\321K\003\325C\351\276"
 199      D525333A 
 199      95D5BFD1 
 199      4B03D543 
 199      E9BE
 200 0228 A7A590D7 		.ascii	"\247\245\220\327Q_\242{o)\324\323R\250Cb-\034\255\353"
 200      515FA27B 
 200      6F29D4D3 
 200      52A84362 
 200      2D1CADEB 
 201 023c 7EACC357 		.ascii	"~\254\303W\021\015\275\255\366\3113O\310\271\015r^\267"
 201      110DBDAD 
 201      F6C9334F 
 201      C8B90D72 
 201      5EB7
 202 024e 09670AD6 		.ascii	"\011g\012\326\015\302\204\303\201\250\025jPd\275A\312"
 202      0DC284C3 
 202      81A8156A 
 202      5064BD41 
 202      CA
 203 025f FA719AF5 		.ascii	"\372q\232\365\035[\0077\362\370.c9\027\177*\336\235"
 203      1D5B0737 
 203      F2F82E63 
 203      39177F2A 
 203      DE9D
 204 0271 B258EBF3 		.ascii	"\262X\353\363\334Y\335\320\262iT\0204J\004M\224\240"
ARM GAS  /var/folders/fq/ltb3dbq95yq6ljzx21t9gnkc0000gn/T//ccEWH5s2.s 			page 15


 204      DC59DDD0 
 204      B2695410 
 204      344A044D 
 204      94A0
 205 0283 AAC8DEE8 		.ascii	"\252\310\336\350\205\355\214\340bf\301.=#\350\225\011"
 205      85ED8CE0 
 205      6266C12E 
 205      3D23E895 
 205      09
 206 0294 8807CD0A 		.ascii	"\210\007\315\012\202f\211\340\004%hi\270\334ePN\232"
 206      826689E0 
 206      04256869 
 206      B8DC6550 
 206      4E9A
 207 02a6 C4C339EB 		.ascii	"\304\3039\353\223\223\026@\271mtH\217\307\331h\245\375"
 207      93931640 
 207      B96D7448 
 207      8FC7D968 
 207      A5FD
 208 02b8 C3593A3A 		.ascii	"\303Y::\232m\354N\213\263\320\301\004\235R\014xJ\032"
 208      9A6DEC4E 
 208      8BB3D0C1 
 208      049D520C 
 208      784A1A
 209 02cb F0341DF0 		.ascii	"\3604\035\360RV\332\021\2047\261UT\223=\226\216\011"
 209      5256DA11 
 209      8437B155 
 209      54933D96 
 209      8E09
 210 02dd 87602F79 		.ascii	"\207`/y4\262dgBj\276`s8~\307\226\313\031\005\313\031"
 210      34B26467 
 210      426ABE60 
 210      73387EC7 
 210      96CB1905 
 211 02f3 89A585B2 		.ascii	"\211\245\205\262\334\316h\336\242\321o!)\007\267=\333"
 211      DCCE68DE 
 211      A2D16F21 
 211      2907B73D 
 211      DB
 212 0304 0CD4C0E9 		.ascii	"\014\324\300\351w+\322S4\274\311$\0375ng\213Kp'\303"
 212      772BD253 
 212      34BCC924 
 212      1F356E67 
 212      8B4B7027 
 213 0319 5635956E 		.ascii	"V5\225n\366\244\253\353\007\242\236\254M\312\325\340"
 213      F6A4ABEB 
 213      07A29EAC 
 213      4DCAD5E0 
 214 0329 93FCA465 		.ascii	"\223\374\244e4\213-\243\276\354\261|O\252\222#\300\233"
 214      348B2DA3 
 214      BEECB17C 
 214      4FAA9223 
 214      C09B
 215 033b 7C6A6A1C 		.ascii	"|jj\034m\321\341N\006\337\226lk\207:\240\012\337v_\310"
 215      6DD1E14E 
 215      06DF966C 
 215      6B873AA0 
ARM GAS  /var/folders/fq/ltb3dbq95yq6ljzx21t9gnkc0000gn/T//ccEWH5s2.s 			page 16


 215      0ADF765F 
 216 0350 33C84B2C 		.ascii	"3\310K,o\340\253\004a\011\352\206\200v:\353u\226\262"
 216      6FE0AB04 
 216      6109EA86 
 216      80763AEB 
 216      7596B2
 217 0363 5C99EF9C 		.ascii	"\\\231\357\234\3548\352\202r\235%\226\3539\370x\236"
 217      EC38EA82 
 217      729D2596 
 217      EB39F878 
 217      9E
 218 0374 2D84336F 		.ascii	"-\2043o\033\023\335\220.\300\265\321E\027F\342b\374"
 218      1B13DD90 
 218      2EC0B5D1 
 218      451746E2 
 218      62FC
 219 0386 852EC60B 		.ascii	"\205.\306\013\340B\207\323\205ni\311\200\377ON\346\377"
 219      E04287D3 
 219      856E69C9 
 219      80FF4F4E 
 219      E6FF
 220 0398 4B974CD6 		.ascii	"K\227L\326\315G\321\202Eb\246\343\025\306\003l\372Y"
 220      CD47D182 
 220      4562A6E3 
 220      15C6036C 
 220      FA59
 221 03aa 6395C553 		.ascii	"c\225\305S\360}Q\311l\275\241\301\203L\311\337\275\247"
 221      F07D51C9 
 221      6CBDA1C1 
 221      834CC9DF 
 221      BDA7
 222 03bc CC8DC658 		.ascii	"\314\215\306XK\343\324\325\263\303\023?c}\007\323G6"
 222      4BE3D4D5 
 222      B3C3133F 
 222      637D07D3 
 222      4736
 223 03ce 7BE3974C 		.ascii	"{\343\227L\221v>=\333\371\306\306{zy<\302\372\316^\351"
 223      91763E3D 
 223      DBF9C6C6 
 223      7B7A793C 
 223      C2FACE5E 
 224 03e3 3FE086C7 		.ascii	"?\340\206\307\231\2229r\276\305\233\002g\022u$;!\301"
 224      99923972 
 224      BEC59B02 
 224      67127524 
 224      3B21C1
 225 03f6 1BC763DA 		.ascii	"\033\307c\332g-|\3470\340$\246H;\276\236\355\3709'\006"
 225      672D7CE7 
 225      30E024A6 
 225      483BBE9E 
 225      EDF83927 
 226 040b 2F78E16D 		.ascii	"/x\341m\254\357\305\300\206\011\204S\231R4\320\231\346"
 226      ACEFC5C0 
 226      86098453 
 226      995234D0 
 226      99E6
 227 041d 45817388 		.ascii	"E\201s\210\272/},\010\247\263\256\272\341\255/\2658"
ARM GAS  /var/folders/fq/ltb3dbq95yq6ljzx21t9gnkc0000gn/T//ccEWH5s2.s 			page 17


 227      BA2F7D2C 
 227      08A7B3AE 
 227      BAE1AD2F 
 227      B538
 228 042f 83297D23 		.ascii	"\203)}#}'=(n\001\335\201\033r\322<Y9\321\356\355\025"
 228      7D273D28 
 228      6E01DD81 
 228      1B72D23C 
 228      5939D1EE 
 229 0445 F92F9863 		.ascii	"\371/\230c\230\262\356\277y\036\223\230\012Rm\352\225"
 229      98B2EEBF 
 229      791E9398 
 229      0A526DEA 
 229      95
 230 0456 4BEA1189 		.ascii	"K\352\021\211>\232\343\213\036\262x\346\016u\227x\373"
 230      3E9AE38B 
 230      1EB278E6 
 230      0E759778 
 230      FB
 231 0467 A452B820 		.ascii	"\244R\270 \370Yh\266\036\000\374:\205\017\"\037\311"
 231      F85968B6 
 231      1E00FC3A 
 231      850F221F 
 231      C9
 232 0478 886EEB97 		.ascii	"\210n\353\227\213\354\036J\364\245\017\241\267\354I"
 232      8BEC1E4A 
 232      F4A50FA1 
 232      B7EC49
 233 0487 6F413887 		.ascii	"oA8\207\315\342r\374\375+<\2662\345P^\3011\266\004\226"
 233      CDE272FC 
 233      FD2B3CB6 
 233      32E5505E 
 233      C131B604 
 234 049c D0295CBD 		.ascii	"\320)\\\275p\331\003\027\210\361\253N\0353\320\276\257"
 234      70D90317 
 234      88F1AB4E 
 234      1D33D0BE 
 234      AF
 235 04ad 88DA7E34 		.ascii	"\210\332~4\245Y\207\213Y\337\273\322\273\243<\256`\312"
 235      A559878B 
 235      59DFBBD2 
 235      BBA33CAE 
 235      60CA
 236 04bf 83C6C702 		.ascii	"\203\306\307\002O\201\253\211z\373IJ\237\026WO\036\300"
 236      4F81AB89 
 236      7AFB494A 
 236      9F16574F 
 236      1EC0
 237 04d1 C006D8B2 		.ascii	"\300\006\330\262\265\332\341\361\376\240\274\226\202"
 237      B5DAE1F1 
 237      FEA0BC96 
 237      82
 238 04de F27B1A93 		.ascii	"\362{\032\223\370\334\002\033\026gi\225b\362\012\320"
 238      F8DC021B 
 238      16676995 
 238      62F20AD0 
 239 04ee 57297A84 		.ascii	"W)z\204\316\362\2654\313\341k\211]S\224\350K\037Bw\274"
ARM GAS  /var/folders/fq/ltb3dbq95yq6ljzx21t9gnkc0000gn/T//ccEWH5s2.s 			page 18


 239      CEF2B534 
 239      CBE16B89 
 239      5D5394E8 
 239      4B1F4277 
 240 0503 2ECA75C7 		.ascii	".\312u\3075\314\313\344\206\364\203,\014\337\201:\343"
 240      35CCCBE4 
 240      86F4832C 
 240      0CDF813A 
 240      E3
 241 0514 465752A5 		.ascii	"FWR\245\027\362g\317t\177\305\023\340o\025\022\023\354"
 241      17F267CF 
 241      747FC513 
 241      E06F1512 
 241      13EC
 242 0526 6F53EAFE 		.ascii	"oS\352\376\272+A\310\237I\307x\016kj\003?\335\271d^"
 242      BA2B41C8 
 242      9F49C778 
 242      0E6B6A03 
 242      3FDDB964 
 243 053b D0013F87 		.ascii	"\320\001?\207\177\034\201[\373\312\335\333\026P\350"
 243      7F1C815B 
 243      FBCADDDB 
 243      1650E8
 244 054a B01A6AA7 		.ascii	"\260\032j\247\320B$c\273dl\237\032kS\321\236\223\241"
 244      D0422463 
 244      BB646C9F 
 244      1A6B53D1 
 244      9E93A1
 245 055d BD6AE875 		.ascii	"\275j\350u\025\364\272\014\275\253\206\336Q{\320)co"
 245      15F4BA0C 
 245      BDAB86DE 
 245      517BD029 
 245      636F
 246 056f ABB1B7D4 		.ascii	"\253\261\267\324\330\016\031{\3235\226\272\260S\254"
 246      D80E197B 
 246      D33596BA 
 246      B053AC
 247 057e D325160E 		.ascii	"\323%\026\016\265A\177;\355\"h\330U\320\016>\000%\362"
 247      B5417F3B 
 247      ED2268D8 
 247      55D00E3E 
 247      0025F2
 248 0591 FE280164 		.ascii	"\376(\001d\013\310F\220\011\344\217\266\302;\036D\000"
 248      0BC84690 
 248      09E48FB6 
 248      C23B1E44 
 248      00
 249 05a2 79077A12 		.ascii	"y\007z\022\274\267\2038\240\235\014\357m ) \233@\336"
 249      BCB78338 
 249      A09D0CEF 
 249      6D202920 
 249      9B40DE
 250 05b5 C2B77190 		.ascii	"\302\267q\220Tho\346\375\351\266F\035l\223\035\274\254"
 250      54686FE6 
 250      FDE9B646 
 250      1D6C931D 
 250      BCAC
ARM GAS  /var/folders/fq/ltb3dbq95yq6ljzx21t9gnkc0000gn/T//ccEWH5s2.s 			page 19


 251 05c7 76708E6A 		.ascii	"vp\216j.M2\264\307%\324\031\315\2632\362\232\032yU\035"
 251      2E4D32B4 
 251      C725D419 
 251      CDB332F2 
 251      9A1A7955 
 252 05dc A1DB32F6 		.ascii	"\241\3332\366\231\353\334;i\257\311\320~\327\251W\320"
 252      99EBDC3B 
 252      69AFC9D0 
 252      7ED7A957 
 252      D0
 253 05ed DE90B1F7 		.ascii	"\336\220\261\367\324\330\373\223h\343\255\203\363\000"
 253      D4D8FB93 
 253      68E3AD83 
 253      F300
 254 05fb 398A7CD0 		.ascii	"9\212|\320\230\210\224\326\004z\243r\240]&\275\342z"
 254      988894D6 
 254      047AA372 
 254      A05D26BD 
 254      E27A
 255 060d 5E4EE879 		.ascii	"^N\350y\031z\303u\355\311\276\306[o\022\007\206\300"
 255      197AC375 
 255      EDC9BEC6 
 255      5B6F1207 
 255      86C0
 256 061f 81C72254 		.ascii	"\201\307\"T\332\250DW\025\323\272%\323>Q\323>Uc{e\354"
 256      DAA84457 
 256      15D3BA25 
 256      D33E51D3 
 256      3E55637B 
 257 0635 80EB9AA6 		.ascii	"\200\353\232\246\336\222\023\320\326X\356. \002\341"
 257      DE9213D0 
 257      D658EE2E 
 257      2002E1
 258 0644 A49B0427 		.ascii	"\244\233\004'\227\210\355Qy'\\[\030\323K\327K\231\215"
 258      9788ED51 
 258      79275C5B 
 258      18D34BD7 
 258      4B998D
 259 0657 0A2770AB 		.ascii	"\012'p\253\275v\002\243\351\001\256*\032\245A!\377\277"
 259      BD7602A3 
 259      E901AE2A 
 259      1AA54121 
 259      FFBF
 260 0669 8B9A4E67 		.ascii	"\213\232Ng(J\213v\302@g\235\2079\231\233t\230\037\337"
 260      284A8B76 
 260      C240679D 
 260      8739999B 
 260      74981FDF 
 261 067d D732EC31 		.ascii	"\3272\3541\351V\264S1%\016\355\342\331\255\010\336\200"
 261      E956B453 
 261      31250EED 
 261      E2D9AD08 
 261      DE80
 262 068f DE73F441 		.ascii	"\336s\364A0~\306\366\301\304g#\017\015p\021k\256\262"
 262      307EC6F6 
 262      C1C46723 
 262      0F0D7011 
ARM GAS  /var/folders/fq/ltb3dbq95yq6ljzx21t9gnkc0000gn/T//ccEWH5s2.s 			page 20


 262      6BAEB2
 263 06a2 97141786 		.ascii	"\227\024\027\206\244\301\026G/bV-\275@\246\363\316\233"
 263      A4C11647 
 263      2F62562D 
 263      BD40A6F3 
 263      CE9B
 264 06b4 18B4D94D 		.ascii	"\030\264\331Ml7Onbm\245\271?\340\015\032\302\242\271"
 264      6C374F6E 
 264      626DA5B9 
 264      3FE00D1A 
 264      C2A2B9
 265 06c7 935375CC 		.ascii	"\223Su\314\033\005\370\372\322\033P2\\~\262x\035\332"
 265      1B05F8FA 
 265      D21B5032 
 265      5C7EB278 
 265      1DDA
 266 06d9 231AB027 		.ascii	"#\032\260'\003\276\217~I:\240\251\245oz\253\261\247"
 266      03BE8F7E 
 266      493AA0A9 
 266      A56F7AAB 
 266      B1A7
 267 06eb 09782687 		.ascii	"\011x&\207\346\322#\000\375\002Q$]\034\312\344}Q\006"
 267      E6D22300 
 267      FD025124 
 267      5D1CCAE4 
 267      7D5106
 268 06fe 4F4F8581 		.ascii	"OO\205\201]\303\233\335t\":\371\277\241\263S/f\262K"
 268      5DC39BDD 
 268      74223AF9 
 268      BFA1B353 
 268      2F66B24B 
 269 0712 5F38511F 		.ascii	"_8Q\037\037\262\266h\351N\357Eo\017\033\355\233uT\325"
 269      1FB2B668 
 269      E94EEF45 
 269      6F0F1BED 
 269      9B7554D5 
 270 0726 53F579E9 		.ascii	"S\365y\351\270\346\375\307\323>^<\236\3662\356\363;"
 270      B8E6FDC7 
 270      D33E5E3C 
 270      9EF632EE 
 270      F33B
 271 0738 CE5CD33B 		.ascii	"\316\\\323;OaD\347\231\003c\347\362\004n\345}$#zS~x"
 271      4F6144E7 
 271      990363E7 
 271      F2046EE5 
 271      7D24237A 
 272 074f B49257A2 		.ascii	"\264\222W\242\263?\204\276\227\266\333\216q\222\206"
 272      B33F84BE 
 272      97B6DB8E 
 272      719286
 273 075e FDB2E879 		.ascii	"\375\262\350y\327\253\307\251Ly\235\366k\211v\366~\241"
 273      D7ABC7A9 
 273      4C799DF6 
 273      6B8976F6 
 273      7EA1
 274 0770 DB6A2F6A 		.ascii	"\333j/jlA\361\2516\340#w|\264\237\367A\007 G\360\253"
 274      6C41F1A9 
ARM GAS  /var/folders/fq/ltb3dbq95yq6ljzx21t9gnkc0000gn/T//ccEWH5s2.s 			page 21


 274      36E02377 
 274      7CB49FF7 
 274      41072047 
 275 0786 42419C47 		.ascii	"BA\234G\002\217\016\"\236C\371\374l\362\013\347UM\215"
 275      028F0E22 
 275      9E43F9FC 
 275      6CF20BE7 
 275      554D8D
 276 0799 1BDECBD8 		.ascii	"\033\336\313\330j\263\366%yK)\257\230\224rr\227.P\244"
 276      6AB3F625 
 276      794B29AF 
 276      98947272 
 276      972E50A4 
 277 07ad BC404AF9 		.ascii	"\274@J\371A\232\362[\027JJ\014\270\212\321<M.\250\347"
 277      419AF25B 
 277      174A4A0C 
 277      B88AD13C 
 277      4D2EA8E7 
 278 07c1 298DB5A3 		.ascii	")\215\265\243\200\375\350h\022f\321\252)TP"
 278      80FDE868 
 278      1266D1AA 
 278      295450
 279 07d0 144A1445 		.ascii	"\024J\024E\224B:w\015\364\334E\017R\213*\331\035p\012"
 279      94423A77 
 279      0DF4DC45 
 279      0F528B2A 
 279      D91D700A 
 280 07e4 5153DE0C 		.ascii	"QS\336\014w\260\013\210\216\250o\306Z\343\335\337\237"
 280      77B00B88 
 280      8EA86FC6 
 280      5AE3DDDF 
 280      9F
 281 07f5 9C322939 		.ascii	"\2342)9\245,9m\211%]^\352\344\024CTJhT\312i\270\313"
 281      A52C396D 
 281      89255D5E 
 281      EAE41443 
 281      544A6854 
 282 080d A4704F3C 		.ascii	"\244pO<v\264{\253\223\363^t\373\351\353\177\303'\330"
 282      76B47BAB 
 282      93F35E74 
 282      FBE9EB7F 
 282      C327D8
 283 0820 CC7312F6 		.ascii	"\314s\022\3665\350\305t\034kU\246\243BL\007\374\304"
 283      35E8C574 
 283      1C6B55A6 
 283      A3424C07 
 283      FCC4
 284 0832 5250553A 		.ascii	"RPU:\323QE\323\321f\035\271\345\215\273\030[A\177r\241"
 284      D35145D3 
 284      D1661DB9 
 284      E58DBB18 
 284      5B417F72 
 285 0847 9B948EBA 		.ascii	"\233\224\216\272\225\273\024\351 \277\250\252\025\261"
 285      95BB14E9 
 285      20BFA8AA 
 285      15B1
 286 0855 AC966279 		.ascii	"\254\226by\210\306r\350\242\220\200\260\215\321\024"
ARM GAS  /var/folders/fq/ltb3dbq95yq6ljzx21t9gnkc0000gn/T//ccEWH5s2.s 			page 22


 286      88C672E8 
 286      A29080B0 
 286      8DD114
 287 0864 251FB8ED 		.ascii	"%\037\270\355&:\365\332\245S\247'9u\330\351\324\021"
 287      263AF5DA 
 287      A553A727 
 287      3975D8E9 
 287      D411
 288 0876 7E36E71E 		.ascii	"~6\347\036gY\031\035aq_\361\315\337\375\202\270\337"
 288      6759191D 
 288      61715FF1 
 288      CDDFFD82 
 288      B8DF
 289 0888 CC9F6F64 		.ascii	"\314\237od\1771q\306\360\220Hc\\l\2501\3162?\224\363"
 289      7F3171C6 
 289      F0904863 
 289      5C6CA831 
 289      CE323F94 
 290 089d 8CFB39CE 		.ascii	"\214\3739\316\022\021\025f\266h\327GD[\026~a\266\350"
 290      12111566 
 290      B668D747 
 290      445B167E 
 290      61B6E8
 291 08b0 CC66A9F9 		.ascii	"\314f\251\371'c\314:\213\361\247\320\320y!\261QF\220"
 291      2763CC3A 
 291      8BF1A7D0 
 291      D07921B1 
 291      514690
 292 08c3 79D131D1 		.ascii	"y\3211\321a\363\302B\376\021a\214\210\016\215\\\277"
 292      61F3C242 
 292      FE11618C 
 292      880E8D5C 
 292      BF
 293 08d4 36CC1815 		.ascii	"6\314\030\025\022\032\036\021\035f4\257\015\3731d}\244"
 293      121A1E11 
 293      1D6634AF 
 293      0DFB3164 
 293      7DA4
 294 08e6 C56CF979 		.ascii	"\305l\371y]X\334\374pn\356G\030\307Y\326\302P\000\376"
 294      5D58DCFC 
 294      706EEE47 
 294      18C759D6 
 294      C25000FE 
 295 08fa 4CE961AC 		.ascii	"L\351a\254E\006\204\206\023\007EF}\234%\330\022\022"
 295      45068486 
 295      13074546 
 295      7D9C25D8 
 295      1212
 296 090c 6B591A09 		.ascii	"kY\032\011lS\210\022\263\216\266u\320\016\263H\315\025"
 296      6C538812 
 296      B38EB675 
 296      D00EB348 
 296      CD15
 297 091e 6132C21C 		.ascii	"a2\302\034\031\271\326\034\001\2010\252#\260.&\326\022"
 297      19B9D61C 
 297      018130AA 
 297      23B02E26 
ARM GAS  /var/folders/fq/ltb3dbq95yq6ljzx21t9gnkc0000gn/T//ccEWH5s2.s 			page 23


 297      D612
 298 0930 670C5EB3 		.ascii	"g\014^\263jQ\240\361\353\257\227\031\327\254\\\365\317"
 298      6A51A0F1 
 298      EBAF9719 
 298      D7AC5CF5 
 298      CF
 299 0941 85466601 		.ascii	"\205Ff\001C\201m\324\242@3\204F\214\014Q\304\310\220"
 299      43816DD4 
 299      A2403384 
 299      468C0C51 
 299      C4C890
 300 0954 260E322D 		.ascii	"&\0162-\004\011\324\004\257\0122i\226\255\\n\342\203"
 300      0409D404 
 300      AF0A3269 
 300      96AD5C6E 
 300      E283
 301 0966 4D78F90A 		.ascii	"Mx\371\012\223[P\320*\323B\372?P\023\024\264\334\204"
 301      935B50D0 
 301      2AD342FA 
 301      3F501314 
 301      B4DC84
 302 0979 83BE5983 		.ascii	"\203\276Y\203W\007\007\341\245&\0236\005\201\016\006"
 302      570707E1 
 302      A5261336 
 302      05810E06 
 303 0989 7F59B6C6 		.ascii	"\177Y\266\306\204\227\021\313UKM\374\267\314j\021\340"
 303      849711CB 
 303      554B4DFC 
 303      B7CC6A11 
 303      E0
 304 099a BF33057E 		.ascii	"\2773\005~\254\247\242\177\340\254\2178\3218\022\034"
 304      ACA7A27F 
 304      E0AC8F38 
 304      D138121C 
 305 09aa 730899BB 		.ascii	"s\010\231\273&4<$Vk6\377\270>:\324l\366\222\032\363"
 305      26343C24 
 305      566B36FF 
 305      B83E3AD4 
 305      6CF6921A 
 306 09bf BF58B0E8 		.ascii	"\277X\260\350\017\323dx\314:\206\236*}\011\023\315\225"
 306      0FD36478 
 306      CC3A869E 
 306      2A7D0913 
 306      CD95
 307 09d1 068B174B 		.ascii	"\006\213\027K\335?\271\354\376\343\277\001F]\352,"
 307      DD3FB9EC 
 307      FEE3BF01 
 307      465DEA2C 
 308              		.text
 309              		.section	.gnu.lto_.symtab.acf1170c8aff2426,"",%progbits
 310 0000 7374496E 		.ascii	"stInit\000\000\000\000\000\000\000\000\000\000\000\000"
 310      69740000 
 310      00000000 
 310      00000000 
 310      0000
 311 0012 AC000000 		.ascii	"\254\000\000\000stStartAlarm\000\000\000\000\000\000"
 311      73745374 
ARM GAS  /var/folders/fq/ltb3dbq95yq6ljzx21t9gnkc0000gn/T//ccEWH5s2.s 			page 24


 311      61727441 
 311      6C61726D 
 311      00000000 
 312 0028 00000000 		.ascii	"\000\000\000\000\000\000\275\000\000\000stStopAlarm"
 312      0000BD00 
 312      00007374 
 312      53746F70 
 312      416C6172 
 313 003d 00000000 		.ascii	"\000\000\000\000\000\000\000\000\000\000\000\000\277"
 313      00000000 
 313      00000000 
 313      BF
 314 004a 00000073 		.ascii	"\000\000\000stSetAlarm\000\000\000\000\000\000\000\000"
 314      74536574 
 314      416C6172 
 314      6D000000 
 314      00000000 
 315 005f 00000000 		.ascii	"\000\000\000\000\301\000\000\000stGetAlarm\000\000\000"
 315      C1000000 
 315      73744765 
 315      74416C61 
 315      726D0000 
 316 0074 00000000 		.ascii	"\000\000\000\000\000\000\000\000\000\304\000\000\000"
 316      00000000 
 316      00C40000 
 316      00
 317 0081 73745F6C 		.ascii	"st_lld_init\000\000\002\000\000\000\000\000\000\000"
 317      6C645F69 
 317      6E697400 
 317      00020000 
 317      00000000 
 318 0096 0000C600 		.ascii	"\000\000\306\000\000\000"
 318      0000
 319              		.text
 320              		.section	.gnu.lto_.opts,"",%progbits
 321 0000 272D666E 		.ascii	"'-fno-trapv' '-mcpu=cortex-m0' '-mno-thumb-interwor"
 321      6F2D7472 
 321      61707627 
 321      20272D6D 
 321      6370753D 
 322 0033 6B272027 		.ascii	"k' '-mthumb' '-ggdb' '-O2' '-fomit-frame-pointer' '"
 322      2D6D7468 
 322      756D6227 
 322      20272D67 
 322      67646227 
 323 0066 2D66616C 		.ascii	"-falign-functions=16' '-ffunction-sections' '-fdata"
 323      69676E2D 
 323      66756E63 
 323      74696F6E 
 323      733D3136 
 324 0099 2D736563 		.ascii	"-sections' '-fno-common' '-flto'\000"
 324      74696F6E 
 324      73272027 
 324      2D666E6F 
 324      2D636F6D 
 325              		.text
 326              		.comm	__gnu_lto_v1,1,1
ARM GAS  /var/folders/fq/ltb3dbq95yq6ljzx21t9gnkc0000gn/T//ccEWH5s2.s 			page 25


 327              		.comm	__gnu_lto_slim,1,1
 328              		.ident	"GCC: (GNU Tools for ARM Embedded Processors) 4.9.3 20150303 (release) [ARM/embedded-4_9-br
ARM GAS  /var/folders/fq/ltb3dbq95yq6ljzx21t9gnkc0000gn/T//ccEWH5s2.s 			page 26


DEFINED SYMBOLS
                            *ABS*:0000000000000000 st.c
                            *COM*:0000000000000001 __gnu_lto_v1
                            *COM*:0000000000000001 __gnu_lto_slim

NO UNDEFINED SYMBOLS
