ARM GAS  /var/folders/fq/ltb3dbq95yq6ljzx21t9gnkc0000gn/T//cckW0FW7.s 			page 1


   1              		.cpu cortex-m0
   2              		.fpu softvfp
   3              		.eabi_attribute 20, 1
   4              		.eabi_attribute 21, 1
   5              		.eabi_attribute 23, 3
   6              		.eabi_attribute 24, 1
   7              		.eabi_attribute 25, 1
   8              		.eabi_attribute 26, 1
   9              		.eabi_attribute 30, 2
  10              		.eabi_attribute 34, 0
  11              		.eabi_attribute 18, 4
  12              		.code	16
  13              		.file	"st_lld.c"
  14              		.text
  15              	.Ltext0:
  16              		.section	.gnu.lto_.profile.61fe100bf2a34665,"",%progbits
  17 0000 789C6366 		.ascii	"x\234cf```a\200\000F\006+Y\000\001\005\000`"
  17      60606061 
  17      80004606 
  17      2B590001 
  17      050060
  18              		.text
  19              		.section	.gnu.lto_.jmpfuncs.61fe100bf2a34665,"",%progbits
  20 0000 789C6366 		.ascii	"x\234cf\300\016|\2414\023\0203\2020\323G&\306\306e\273"
  20      C00E7CA1 
  20      34131033 
  20      8230D347 
  20      26C6C665 
  21 0015 7BD85F30 		.ascii	"{\330_0\375\004\013.g\224\002\3110\201$\226\335m\375"
  21      FD040B2E 
  21      679402C9 
  21      30812496 
  21      DD6DFD
  22 0028 C5099260 		.ascii	"\305\011\222`\024``\\\001\224\000\011\236\177p\270\237"
  22      1460605C 
  22      01940009 
  22      9E7F70B8 
  22      9F
  23 0039 072CC8C4 		.ascii	"\007,\310\304\300\270\022(\310\000\000\332\240\023\326"
  23      C0B81228 
  23      C80000DA 
  23      A013D6
  24              		.text
  25              		.section	.gnu.lto_.inline.61fe100bf2a34665,"",%progbits
  26 0000 789C6366 		.ascii	"x\234cf\300\016\234\2404\023\003\003\257\030#\003\023"
  26      C00E9CA0 
  26      34130303 
  26      AF182303 
  26      13
  27 0011 DFBD0006 		.ascii	"\337\275\000\006\266\005\362L`1n\006\006\306\011~\214"
  27      B605F24C 
  27      60316E06 
  27      06C6097E 
  27      8C
  28 0022 5C50358C 		.ascii	"\\P5\214@(\"\003T$\363\340\026#\\\0253\017X7\003\000"
  28      40282203 
  28      5424F3E0 
ARM GAS  /var/folders/fq/ltb3dbq95yq6ljzx21t9gnkc0000gn/T//cckW0FW7.s 			page 2


  28      16235C15 
  28      330F5837 
  29 0038 EA30064C 		.ascii	"\3520\006L"
  30              		.text
  31              		.section	.gnu.lto_.pureconst.61fe100bf2a34665,"",%progbits
  32 0000 789C6366 		.ascii	"x\234cf```e\200\000&\006+F)\000\001Y\000`"
  32      60606065 
  32      80002606 
  32      2B462900 
  32      01590060 
  33              		.text
  34              		.section	.gnu.lto_Vector80.61fe100bf2a34665,"",%progbits
  35 0000 789C8553 		.ascii	"x\234\205S]H\024Q\024\276\347\316\354\217\273\233E\017"
  35      5D481451 
  35      14BEE7CE 
  35      EC8FBB9B 
  35      450F
  36 0012 113EA4E0 		.ascii	"\021>\244\340\203\010\351\220A>G\021H\355K\372.\262"
  36      8308E990 
  36      413E4711 
  36      48ED4BFA 
  36      2EB2
  37 0024 BBA0B0B6 		.ascii	"\273\240\260\266\261\263\211>\210\263\271eDD\004\201"
  37      B1B3893E 
  37      88B3B965 
  37      44440481 
  38 0034 15463DD8 		.ascii	"\025F=\330\237\251\251i\271VNV\232\332\277\345Ri\212"
  38      9FA9A969 
  38      B9564E56 
  38      9ADABFE5 
  38      52698A
  39 0047 B85060B1 		.ascii	"\270P`\261\266f\015R\333\271w\266rg\241\226\331{g\316"
  39      B6660D52 
  39      DBB977B6 
  39      7267A196 
  39      D97B67CE 
  40 005b 77CFF79D 		.ascii	"w\317\367\235\363\335{\005\222\376\333\212\377\223\""
  40      F3DD7B05 
  40      92FEDB8A 
  40      FF9322
  41 006a 210B3883 		.ascii	"!\0138\203\211\000=\361\224\220\240\225R!\274\211(6"
  41      89003DF1 
  41      9490A095 
  41      5221BC89 
  41      2836
  42 007c 7152228A 		.ascii	"qR\"\212C\000Q\017\213\000\354\205\000i\240\202\010"
  42      4300510F 
  42      8B00EC85 
  42      0069A082 
  42      08
  43 008d 0DF0912E 		.ascii	"\015\360\221.R8\241\2665\333\363Z\025E\211\275|'\036"
  43      5238A1B6 
  43      35DBF35A 
  43      154589BD 
  43      7C271E
  44 00a0 DAA85142 		.ascii	"\332\250QB\342T\347\207K\220Gp\315\350p$S(\002\366\332"
  44      E254E787 
ARM GAS  /var/folders/fq/ltb3dbq95yq6ljzx21t9gnkc0000gn/T//cckW0FW7.s 			page 3


  44      4B904770 
  44      CDE87024 
  44      532802F6 
  45 00b5 DFB1F4C4 		.ascii	"\337\261\364\304\376\201j\024r\330g\370\344\243f3\373"
  45      FE816A14 
  45      72D867F8 
  45      E4A36633 
  45      FB
  46 00c6 A422FB8C 		.ascii	"\244\"\373\214\235z\323\351\310\275\240(\007gg\242n"
  46      9D7AD3E9 
  46      C8BDA028 
  46      076767A2 
  46      6E
  47 00d7 35745EF9 		.ascii	"5t^\371\231H\200F\005\270\014\002\262\302\025\310\202"
  47      99488046 
  47      05B80C02 
  47      B2C215C8 
  47      82
  48 00e8 AB9095AC 		.ascii	"\253\220\225\254\0373\026C?\"vs\010\345\327A\033\344"
  48      1F331643 
  48      3F227673 
  48      08E5D741 
  48      1BE4
  49 00fa EAD2700D 		.ascii	"\352\322p\015\314\200\023\213t\256W\225D\"\376y\256"
  49      CC80138B 
  49      74AE5795 
  49      4422FE79 
  49      AE
  50 010b A9B8933A 		.ascii	"\251\270\223:D\302b&\242Q\321\314\006B\3461\201\265"
  50      44C26226 
  50      A251D1CC 
  50      0642E631 
  50      81B5
  51 011d 15A594CD 		.ascii	"\025\245\224\315\302\024\204\324\301q`\024\337\250\210"
  51      C21484D4 
  51      C1716014 
  51      DFA888
  52 012c 0AE7268E 		.ascii	"\012\347&\216w\320\372\025\345\210b\325\250)N\031q;"
  52      77D0FA15 
  52      E58862D5 
  52      A8294E19 
  52      713B
  53 013e D433F1E0 		.ascii	"\3243\361\340\305\201c\026V\275\031c\035\220\245Q\013"
  53      C5816316 
  53      56BD1963 
  53      1D90A551 
  53      0B
  54 014f 9904CAE5 		.ascii	"\231\004\312\345Q\006\363\311[\030\352\353Z\0362\351"
  54      5106F3C9 
  54      5B18EAEB 
  54      5A1E32E9 
  55 015f 7C264C3A 		.ascii	"|&L:\026\376z<\223%Y\221R\341m\317\314?{a\345!\336\323"
  55      16FE7A3C 
  55      93255991 
  55      52E16DCF 
  55      CC3F7B61 
  56 0177 ABC9C46B 		.ascii	"\253\311\304k{\013\234\305\3063\240\023;\276\316:F\240"
ARM GAS  /var/folders/fq/ltb3dbq95yq6ljzx21t9gnkc0000gn/T//cckW0FW7.s 			page 4


  56      7B0B9CC5 
  56      C633A013 
  56      3BBECE3A 
  56      46A0
  57 0189 37727AC9 		.ascii	"7rz\311V\320\246\204\020\261A\027\264\300\027\3564t"
  57      56D0A684 
  57      10B14117 
  57      B4C017EE 
  57      3474
  58 019b 43012A35 		.ascii	"C\001*5~?\374X\320\205\222Zg\"\321%\201\021\213\350"
  58      7E3FFC58 
  58      D085925A 
  58      6722D125 
  58      81118BE8 
  59 01af 5D0FB2BC 		.ascii	"]\017\262\274\206\320\233\306\254\344\232\325\035\240"
  59      86D09BC6 
  59      ACE49AD5 
  59      1DA0
  60 01bd 13702369 		.ascii	"\023p#il\224\012$\274I\300\322c\261\3459^\372\252\252"
  60      6C940A24 
  60      BC49C0D2 
  60      63B1E539 
  60      5EFAAAAA 
  61 01d1 828AA2E6 		.ascii	"\202\212\242\346\377\273\262\336\277\225\365A\301\352"
  61      FFBBB2DE 
  61      BF95F541 
  61      C1EA
  62 01df 066D18BA 		.ascii	"\006m\030\272\2119\357 8\247\365\267\013);8\033\035"
  62      8939EF20 
  62      38A7F5B7 
  62      0B293B38 
  62      1B1D
  63 01f1 C8E77B17 		.ascii	"\310\347{\027\307\275HEzF&\213\011\334b\220`\200\272"
  63      C7BD4845 
  63      7A46268B 
  63      09DC6290 
  63      6080BA
  64 0204 8F0E9B09 		.ascii	"\217\016\233\011\3643H4B\3433x\252\303\0142\245B\352"
  64      F4334834 
  64      42E33378 
  64      AAC30C32 
  64      A542EA
  65 0217 AD0D0406 		.ascii	"\255\015\004\006\030`6\234\"\002\267\201m\347\035>\222"
  65      1860369C 
  65      2202B781 
  65      6DE71D3E 
  65      92
  66 0228 094078AC 		.ascii	"\011@x\254\351\374\262\230=\005-Js\216F\355,\343\371"
  66      E9FCB298 
  66      3D052D4A 
  66      738E46ED 
  66      2CE3F9
  67 023b C2703803 		.ascii	"\302p8\003]%p\027\262q\034\004\221LA\343l\367\310\364"
  67      5D257017 
  67      B2711C04 
  67      914C41E3 
  67      6CF7C8F4 
ARM GAS  /var/folders/fq/ltb3dbq95yq6ljzx21t9gnkc0000gn/T//cckW0FW7.s 			page 5


  68 024f C6D4220E 		.ascii	"\306\324\"\016\335\375\335\224%MJ\345\"\367\200\027"
  68      DDFDDD94 
  68      254D4AE5 
  68      22F78017 
  69 025f 9172D01C 		.ascii	"\221r\320\034qj\3450\014\341Y\323\350\032\335\262O\327"
  69      716AE530 
  69      0CE159D3 
  69      E81ADDB2 
  69      4FD7
  70 0271 0C96B5FE 		.ascii	"\014\226\265\376a\3170Z\3264\217\226\335g\220-\315\262"
  70      61CF305A 
  70      D6348F96 
  70      DD67902D 
  70      CDB2
  71 0283 69247EC0 		.ascii	"i$~\300 {\232e\013h\331C\0069\014\226\275E\313\206\031"
  71      207B9A65 
  71      0B68D943 
  71      06390C96 
  71      BD45CB86 
  72 0298 B026AD8F 		.ascii	"\260&\255\217\021\336\307#\335\262\371\377Z6\312-\033"
  72      11DEC723 
  72      DDB2F9FF 
  72      5A36CA2D 
  72      1B
  73 02a9 43CBD861 		.ascii	"C\313\330a\023\177\337\273\331\320 \277wifd\306i&&\214"
  73      137FDFBB 
  73      D9D020BF 
  73      77696664 
  73      C6692626 
  74 02be A31378A7 		.ascii	"\243\023x\2474\272\226\274\207\240\272\262\233/&\354"
  74      34BA96BC 
  74      87A0BAB2 
  74      9B2F26EC 
  75 02ce 0E03E340 		.ascii	"\016\003\343@j\251\2600\371\370d\251\262\302+\355\367"
  75      6AA9B030 
  75      F9F864A9 
  75      B2C22BED 
  75      F7
  76 02df F903B254 		.ascii	"\371\003\262TZ\346\334Z$\355\331\263S*+q\326l\221\344"
  76      5AE6DC5A 
  76      24EDD9B3 
  76      532A2B71 
  76      D66C91E4 
  77 02f3 40B9D7EB 		.ascii	"@\271\327\353.t\221\214r\271\242\306\343.\367\3727\257"
  77      2E74918C 
  77      72B9A2C6 
  77      E32EF7FA 
  77      37AF
  78 0305 CEF4D406 		.ascii	"\316\364\324\006\244\035\316\322\222R\251j\237\313{"
  78      A41DCED2 
  78      9252A96A 
  78      9FCB7B
  79 0314 C0ED915C 		.ascii	"\300\355\221\\>\277\247\334U\275\353\300>Wa%\3116\312"
  79      3EBFA7DC 
  79      55BDEBC0 
  79      3E576125 
  79      C936CA
ARM GAS  /var/folders/fq/ltb3dbq95yq6ljzx21t9gnkc0000gn/T//cckW0FW7.s 			page 6


  80 0327 F8641CFC 		.ascii	"\370d\034\374\001>\033q\014\377a\251\224\353d\304\363"
  80      013E1B71 
  80      0CFF61A9 
  80      94EB64C4 
  80      F3
  81 0338 0DB85EE5 		.ascii	"\015\270^\345\366\275\316\035\316Z\\\304\305j\266U\343"
  81      F6BDCE1D 
  81      CE5A5CC4 
  81      C56AB655 
  81      E3
  82 0349 4AAB6BBF 		.ascii	"J\253k\277\\\345\316\251\"\226jO\265\317_\247\007<\030"
  82      5CE5CEA9 
  82      22966A4F 
  82      B5CF5FA7 
  82      073C18
  83 035c F8053C4A 		.ascii	"\370\005<J\365\325"
  83      F5D5
  84              		.text
  85              		.section	.gnu.lto_st_lld_init.61fe100bf2a34665,"",%progbits
  86 0000 789C9D94 		.ascii	"x\234\235\224\313OSA\024\207\3477\267/(*\272\"\335\270"
  86      CB4F5341 
  86      1487E737 
  86      B72F282A 
  86      BA22DDB8 
  87 0014 70C1C672 		.ascii	"p\301\306r\203\374\013nL .d\345\306\030]\270 \301\010"
  87      83FC0B6E 
  87      4C202E64 
  87      E5C6185D 
  87      B820C108 
  88 0028 7147B895 		.ascii	"qG\270\2256aa\020\301D\254\342#\206\372@\036\212\240"
  88      36616110 
  88      C144ACE2 
  88      2386FA40 
  88      1E8AA0
  89 003b A0C8157C 		.ascii	"\240\310\025| \012\015QhB\000M\204D\023\026\027(\232"
  89      200A0D51 
  89      6842004D 
  89      84441316 
  89      17289A
  90 004e 42B49E33 		.ascii	"B\264\2363\267\024\205\215\264ig\332\231\351\367\235"
  90      B714858D 
  90      B46967DA 
  90      99E9F79D 
  91 005e 73E7CC68 		.ascii	"s\347\314hb\353\313G\237\243N!\012\251\207& \353\307"
  91      62EBCB47 
  91      9FA34E21 
  91      0AA98726 
  91      20EBC7
  92 0071 84087824 		.ascii	"\204\010x$\300_\004D\265D5\276\313E\211z\263\265\311"
  92      C05F0444 
  92      B54435BE 
  92      CB45897A 
  92      B3B5C9
  93 0084 9BDF6218 		.ascii	"\233\337b\030\206\325\260\234\027\312KH!\226\245\215"
  93      86D5B09C 
  93      17CA4B48 
  93      2196A58D 
ARM GAS  /var/folders/fq/ltb3dbq95yq6ljzx21t9gnkc0000gn/T//cckW0FW7.s 			page 7


  94 0094 C11DE40B 		.ascii	"\301\035\344\013Z\263\030\374\025\363\272\202\264&\327"
  94      5AB318FC 
  94      15F3BA82 
  94      B426D7
  95 00a3 9EC35DB8 		.ascii	"\236\303]\270@}\307\036\323H&o_[Xs\354\226\"!\311E\215"
  95      407DC71E 
  95      D348266F 
  95      5F5B5873 
  95      EC962221 
  96 00ba 931B1737 		.ascii	"\223\033\0277B\314\321rv\316K\311\2756\205\301\236\305"
  96      42CCD172 
  96      76CE4BC9 
  96      BD3685C1 
  96      9EC5
  97 00cc 6811037E 		.ascii	"h\021\003~J\366\217\014\267\364f}\223\011)\215\233\265"
  97      4AF68F0C 
  97      B7F4667D 
  97      9309298D 
  97      9BB5
  98 00de 8683759F 		.ascii	"\206\203u\237\347\242\343\0365$\370\347\271\310\255"
  98      E7A2E31E 
  98      3524F8E7 
  98      B9C8AD
  99 00ed 3E4F33AE 		.ascii	">O3\256\"!5\334\203\017\367\341S\023_W\303\363^\177"
  99      222135DC 
  99      830FF7E1 
  99      53135F57 
  99      C3F35E7F 
 100 0101 AB110C78 		.ascii	"\253\021\014x\022\322\201V4cIE\216\007\360\213)\324"
 100      12D28156 
 100      34634945 
 100      8E07F08B 
 100      29D4
 101 0113 C45DB647 		.ascii	"\304]\266G\263U\341\330|\\c.\244@\033A(\230\006\360"
 101      B355E1D8 
 101      7C5C632E 
 101      A4401B41 
 101      289806F0 
 102 0127 926D58DA 		.ascii	"\222mX\3327,\035\360\023\233)=\027'4[\345\244\177\214"
 102      372C1DF0 
 102      139B293D 
 102      1727345B 
 102      E5A47F8C 
 103 013b 2ED4367A 		.ascii	".\3246z\331\3434:C\233Rr*f\370\362\357\033^[\346B'\311"
 103      D9E3343A 
 103      439B5272 
 103      2A66F8F2 
 103      EF1B5E5B 
 104 0153 1EA6644B 		.ascii	"\036\246dK]V\277\266!{\244d\374\244\321\365oJ\254\332"
 104      5D56BFB6 
 104      217BA464 
 104      FCA4D1F5 
 104      6F4AACDA 
 105 0167 92C3FF62 		.ascii	"\222\303\377b\037o`\2739\007\027S,k\262\306\235\002"
 105      1F6F60BB 
 105      39071753 
 105      2C6BB2C6 
ARM GAS  /var/folders/fq/ltb3dbq95yq6ljzx21t9gnkc0000gn/T//cckW0FW7.s 			page 8


 105      9D02
 106 0179 9DEF5BA9 		.ascii	"\235\357[\251\333\311\341\272\215ZcS\006nE\3744\231"
 106      DBC9E1BA 
 106      8D5A6353 
 106      066E45FC 
 106      3499
 107 018b 9C6055C0 		.ascii	"\234`U\3000\314\275\011\351A\017\351\236\244t\335\261"
 107      30CCBD09 
 107      E9410FE9 
 107      9EA474DD 
 107      B1
 108 019c 2BF16CD6 		.ascii	"+\361l\326\201mO\225M\225M/\3744m\0164F$\243\034\311"
 108      816D4F95 
 108      4D954D2F 
 108      FC346D0E 
 108      344624A3 
 109 01b2 1FB4137D 		.ascii	"\037\264\023}v\026Vg,\355\337\006\375\231\242kL\177"
 109      76165667 
 109      2CEDDF06 
 109      FD99A26B 
 109      4C7F
 110 01c4 AEE897BA 		.ascii	"\256\350\227\272\007\232v\331\364$\225~\177\212neD\177"
 110      079A76D9 
 110      F424957E 
 110      7F8A6E65 
 110      447F
 111 01d6 A1E80EA6 		.ascii	"\241\350\016\246\017(z\3721\320\030\314\365\310\247"
 111      0F287AFA 
 111      31D018CC 
 111      F5C8A7
 112 01e5 B7CFCEC2 		.ascii	"\267\317\316\302K\305\246\202\340\251\246\370Jh\207"
 112      4BC5A682 
 112      E0A9A6F8 
 112      4A6887
 113 01f4 DE463B64 		.ascii	"\336F;d\356g\361 \374\330\347Se6\004=m\262209\360J\231"
 113      EE67F120 
 113      FCD8E753 
 113      6536043D 
 113      6DB23230 
 114 020c 5C0C7B4D 		.ascii	"\\\014{M\334t\3303\231\300\336(\230\233ao\377\202Y\031"
 114      DC74D833 
 114      99C0DE28 
 114      989B616F 
 114      FF825919 
 115 0220 C18615CC 		.ascii	"\301\206\025\314\303\260w\352\371\216\207#5\366\356"
 115      C3B077EA 
 115      F98E8723 
 115      35F6EE
 116 022f 4160643D 		.ascii	"A`d=\320\331L\330\357\025;\213\331\037(P\206M#d&\307"
 116      D0D94CD8 
 116      EF153B8B 
 116      D91F2850 
 116      864D2364 
 117 0245 D471E1F5 		.ascii	"\324q\341\365\327?\326\265\313\2525\252q:\026\331\313"
 117      D73FD6B5 
 117      CBAA35AA 
 117      713A16D9 
ARM GAS  /var/folders/fq/ltb3dbq95yq6ljzx21t9gnkc0000gn/T//cckW0FW7.s 			page 9


 117      CB
 118 0256 7C22308A 		.ascii	"|\"0\212*\236\212\314\204V\325\265\344\315\025\030\203"
 118      2A9E8ACC 
 118      8456D5B5 
 118      E4CD1518 
 118      83
 119 0267 8F86A25F 		.ascii	"\217\206\242_\206.\344\250!*\332(|\011\231#f\0210\373"
 119      862EE4A8 
 119      212ADA28 
 119      7C099923 
 119      661130FB 
 120 027b 0F2B9EE0 		.ascii	"\017+\236\340\313\016|\311Q\251\353\005\005\251wy\205"
 120      CB0E7CC9 
 120      51A9EB05 
 120      05A97779 
 120      85
 121 028c 7EEA7899 		.ascii	"~\352x\231~\272\374Le\205~\244\264\244\350\200^\\|P"
 121      7EBAFC4C 
 121      65857EA4 
 121      B4A4E880 
 121      5E5C7C50 
 122 02a0 2F3D5472 		.ascii	"/=Tr\266P\257\250<VVv\262\340\204\370\003\020\012\362"
 122      B650AFA8 
 122      3C565676 
 122      B2E084F8 
 122      03100AF2 
 123 02b4 95       		.ascii	"\225"
 124              		.text
 125              		.section	.gnu.lto_.symbol_nodes.61fe100bf2a34665,"",%progbits
 126 0000 789C4DC8 		.ascii	"x\234M\310\275\015\3020\024E\341s\375l\304\026\036\365"
 126      BD0DC230 
 126      1445E173 
 126      FD6CC416 
 126      1EF5
 127 0012 A5B0A065 		.ascii	"\245\260\240e\002D\301\002\011?\023D)3C\212\224\236"
 127      0244C102 
 127      093F1344 
 127      2933438A 
 127      949E
 128 0024 0161090A 		.ascii	"\001a\011\012\337\352~\307\200\302\177a\224\303e\005"
 128      DFEA7EC7 
 128      80C27F61 
 128      94C36505 
 129 0034 77AEB723 		.ascii	"w\256\267#a\222\253\017z\312\303/0\014\315/\271\365"
 129      6192AB0F 
 129      7ACAC32F 
 129      300CCD2F 
 129      B9F5
 130 0046 7EC863EF 		.ascii	"~\310c\357\267<u6\"\367\355#k\257,\313\301\010\314\247"
 130      B73C7536 
 130      22F7ED23 
 130      6BAF2CCB 
 130      C108CCA7 
 131 005a 9A4D89FD 		.ascii	"\232M\211\375\\3_q\253$+"
 131      5C335F71 
 131      AB242B
 132              		.text
ARM GAS  /var/folders/fq/ltb3dbq95yq6ljzx21t9gnkc0000gn/T//cckW0FW7.s 			page 10


 133              		.section	.gnu.lto_.refs.61fe100bf2a34665,"",%progbits
 134 0000 789C6366 		.ascii	"x\234cf```d\200\002\000\000=\000\005"
 134      60606064 
 134      80020000 
 134      3D0005
 135              		.text
 136              		.section	.gnu.lto_.decls.61fe100bf2a34665,"",%progbits
 137 0000 789CB558 		.ascii	"x\234\265XkPTG\026\236\276=\0140\014`a\312\244\254\324"
 137      6B505447 
 137      169EBE3D 
 137      0C300C60 
 137      61CAA4AC 
 138 0015 C658BBAC 		.ascii	"\306X\273\254\311\242(V\355\346\307nmt\300G%Dk [\251"
 138      C9A22856 
 138      EDE6C76E 
 138      6D74C047 
 138      25446B20 
 139 002b 64AB2604 		.ascii	"d\253&\004G\241\226\207\013\230\325\177\027!\212\342"
 139      47A19687 
 139      0B98D57F 
 139      17218AE2 
 140 003b 0381A888 		.ascii	"\003\201\250\210 \012\310c@\020EA\020\006T\036\212\200"
 140      200AC863 
 140      40104541 
 140      1006541E 
 140      8A80
 141 004d 0222A282 		.ascii	"\002\"\242\202\306\210\210(\370\002|\300\236\356\276"
 141      C6888828 
 141      F8027CC0 
 141      9EEEBE
 142 005c F7CE9DEB 		.ascii	"\367\316\235\353\230\344\307\356-\017}O\367\327_\237"
 142      98E4C7EE 
 142      2D0F7D4F 
 142      F7D75F9F 
 143 006c 47DFEE33 		.ascii	"G\337\3563b\225J\025\202T\252)x\302\336U\251\260\032"
 143      62954A15 
 143      8254AA29 
 143      78C2DE55 
 143      A9B01A
 144 007f 04FA5682 		.ascii	"\004\372V\202p \313@JU\354\321\200\034\0079\001r\032"
 144      7020CB40 
 144      4A55ECD1 
 144      801C0739 
 144      01721A
 145 0092 A416C402 		.ascii	"\244\026\304\002rN\365\346Cp\323\004\0367\020\035H%"
 145      724EF5E6 
 145      4370D304 
 145      1E37101D 
 145      4825
 146 00a4 C887204D 		.ascii	"\310\207 M\002o#\351\207\265\265 -\360>\003\332wA\312"
 146      026F23E9 
 146      87B5B520 
 146      2DF03E03 
 146      DA7741CA 
 147 00b8 E0FD3D68 		.ascii	"\340\375=h\253\240\205F5\006\342.p\222\365fB\347\373"
 147      ABA08546 
 147      3506E22E 
ARM GAS  /var/folders/fq/ltb3dbq95yq6ljzx21t9gnkc0000gn/T//cckW0FW7.s 			page 11


 147      7092F566 
 147      42E7FB
 148 00cb 20BF0399 		.ascii	" \277\003\231\005\362{\020O\304\354\231\003\355\307"
 148      05F27B10 
 148      4FC4EC99 
 148      03EDC7
 149 00da 205E20F3 		.ascii	" ^ \363@\026 f\253\362!>\270\012\366\021\233\002\001"
 149      40162066 
 149      ABF2213E 
 149      B80AF611 
 149      9B0201
 150 00ed 1720D811 		.ascii	"\027 \330\021\004\355\267\310j\333\035\350\373\016\261"
 150      04EDB7C8 
 150      6ADB1DE8 
 150      FB0EB1
 151 00fc 389C01D1 		.ascii	"8\234\001\321\202\370\203\376O\020G\220q\320_\2008\300"
 151      82F883FE 
 151      4F104790 
 151      71D05F80 
 151      38C0
 152 010e FB24B4AF 		.ascii	"\373$\264\257@\324\360\376Z\210\341\211\267\304h\224"
 152      40D4F0FE 
 152      5A88E189 
 152      B7C46894 
 153 011e 4395479E 		.ascii	"C\225G\236^t\271\307!7\355,\242\236Jn\332\253\001U\247"
 153      5E74B9C7 
 153      2137ED2C 
 153      A29E4A6E 
 153      DAAB0155 
 154 0133 5513B5B6 		.ascii	"U\023\265\266f\274A\2139D\336\263\367\336\352\324z\025"
 154      66BC418B 
 154      3944DEB3 
 154      F7DEEAD4 
 154      7A15
 155 0145 F23C9FC0 		.ascii	"\362<\237\300[\256\"+\305\266\204\376f-\366\240\240"
 155      5BAE222B 
 155      C5B684FE 
 155      662DF6A0 
 155      A0
 156 0156 D8C355DB 		.ascii	"\330\303U\333\034a\376\207Z:\324\227>\221\343LU\222"
 156      1C61FE87 
 156      5A3AD497 
 156      3E91E34C 
 156      5592
 157 0168 5E77E8E2 		.ascii	"^w\350\342\232\356\362\331n\310S\233\003D#\247\223\033"
 157      9AEEF2D9 
 157      6EC8539B 
 157      034423A7 
 157      931B
 158 017a DEE77935 		.ascii	"\336\347y5*AZdF\030\025\"/\022r2\233<\011<\277\221O"
 158      2A415A64 
 158      46181522 
 158      2F127232 
 158      9B3C093C 
 159 0191 8AE39D9B 		.ascii	"\212\343\235\233\334T(\017\315D\371h\246\012\035A\236"
 159      DC54280F 
 159      CD44F968 
ARM GAS  /var/folders/fq/ltb3dbq95yq6ljzx21t9gnkc0000gn/T//cckW0FW7.s 			page 12


 159      A60A1D41 
 159      9E
 160 01a2 80A05854 		.ascii	"\200\240XT\004\235\305\320\011\304\347^\325\304; \255"
 160      049DC5D0 
 160      09C4E75E 
 160      D5C43B20 
 160      AD
 161 01b3 A7FD4947 		.ascii	"\247\375IG\355L\242&\234\312\3363\203\230P\012&\024"
 161      ED4CA226 
 161      9CCADE33 
 161      8398500A 
 161      2614
 162 01c5 584D008B 		.ascii	"XM\000\213\230\015d\000<\251zy\273S\375\356\2170\203"
 162      980D6400 
 162      3CA97A79 
 162      BB53FDEE 
 162      8F3083
 163 01d8 704F53A3 		.ascii	"pOS\243\2253$r\025*C\260s\3217j!\246\245\367\262\325"
 163      95332472 
 163      152A43B0 
 163      73D1376A 
 163      21A6A5F7 
 164 01ee 7833A211 		.ascii	"x3\242\0219\275#\366\222zV&\237U:\222\237{\3229\215"
 164      39BD23F6 
 164      927A5626 
 164      9F553A92 
 164      9F7BD239 
 165 0203 CFDAC84F 		.ascii	"\317\332\310ONM!:\011\035\223VT\221w\266\342q4\013&"
 165      4E4D213A 
 165      091D9356 
 165      549177B6 
 165      E271340B 
 166 0218 76EC4B3E 		.ascii	"v\354K>\216\260\205\261T%\245\334\322Q\226\376\264F"
 166      8EB085B1 
 166      5425A5DC 
 166      D25196FE 
 166      B446
 167 022a 93259E7F 		.ascii	"\223%\236\17755\205\031E\271\214\242\\\2448A).?\256"
 167      35358519 
 167      45B98CA2 
 167      5CA43841 
 167      292E3FAE 
 168 023e E41D710B 		.ascii	"\344\035q\013\245\340\266_\352\233T#O\035\365\2728\357"
 168      A5E0B65F 
 168      EA9B5423 
 168      4F1DF5BA 
 168      38EF
 169 0250 C9FA58FE 		.ascii	"\311\372X\376ST\211t\350\244\325\353\025:\346\364Vk"
 169      53548974 
 169      E8A4D5EB 
 169      153AE6F4 
 169      566B
 170 0262 0CE58EA2 		.ascii	"\014\345\216\242\012\210\342\012\235\200\206\005\236"
 170      0A88E20A 
 170      9D808605 
 170      9E
 171 026f C7175C73 		.ascii	"\307\027\\sS\303\026\243D\337\320=\223\274\377\365s"
ARM GAS  /var/folders/fq/ltb3dbq95yq6ljzx21t9gnkc0000gn/T//cckW0FW7.s 			page 13


 171      53C316A3 
 171      44DFD03D 
 171      93BCFFF5 
 171      73
 172 0280 B7B746AA 		.ascii	"\267\267F\252\212F\352\024\022B\2257t\252\320\031\277"
 172      8A46EA14 
 172      12429537 
 172      74AAD019 
 172      BF
 173 0291 644E761D 		.ascii	"dNv\035Iir\006'\373\371\221\314\202\274\305\273\342"
 173      49697206 
 173      27FBF991 
 173      CC82BCC5 
 173      BBE2
 174 02a3 9272F8FE 		.ascii	"\222r\370\376\251\251\017\350,T-\363\263Z\364\3634\365"
 174      A9A90FE8 
 174      2C542DF3 
 174      B35AF4F3 
 174      34F5
 175 02b5 73CBD4C3 		.ascii	"s\313\324\303\012-\256`\3734\247\256\373\276\003e)M"
 175      0A2DAE60 
 175      FB34A7AE 
 175      FBBE0365 
 175      294D
 176 02c7 4F3CC2A5 		.ascii	"O<\302\245\361\007\345\001\257\221\261\324\210,\265"
 176      F107E501 
 176      AF91B1D4 
 176      882CB5
 177 02d6 94A5A7EB 		.ascii	"\224\245\247\353\356^\227\001\016\357P\253\220\205\366"
 177      EE5E9701 
 177      0EEF50AB 
 177      9085F6
 178 02e5 24149756 		.ascii	"$\024\227V;S\367\310\356`\356\355k/J\327I}u\210v\026"
 178      3B53F7C8 
 178      EE60EEED 
 178      6B2F4AD7 
 178      497D7588 
 179 02fb EF7C7656 		.ascii	"\357|vV\367V\237\317P\237\353E\237\313:\315\231Z<\304"
 179      F7569FCF 
 179      509FEB45 
 179      9FCB3ACD 
 179      995A3CC4 
 180 030f ACEDAC8D 		.ascii	"\254\355\254\215\315\3270k_]X#3\026&\241\2632c\317\212"
 180      CDD7306B 
 180      5F5D5823 
 180      331626A1 
 180      B33263CF 
 181 0324 C69EA3A6 		.ascii	"\306\236\243\246\325\267U\354F\324\214e\242ec\265\347"
 181      D5B755EC 
 181      46D48C65 
 181      A26563B5 
 181      E7
 182 0335 46357223 		.ascii	"F5r# SV#\032\251\021\015\242\021E)'-.:y\236\001 \203"
 182      20535623 
 182      1AA9110D 
 182      A2114529 
 182      272D2E3A 
ARM GAS  /var/folders/fq/ltb3dbq95yq6ljzx21t9gnkc0000gn/T//cckW0FW7.s 			page 14


 183 034e 3721BA15 		.ascii	"7!\272\025H\013\350\206\301\232\035:zJ\360\0322\273"
 183      480BE886 
 183      C19A1D3A 
 183      7A4AF01A 
 183      32BB
 184 0360 B4D6BCC5 		.ascii	"\264\326\274\305\231\036\023\337\022\265\276rs\206\032"
 184      991E13DF 
 184      12B5BE72 
 184      73861A
 185 036f E763EAD1 		.ascii	"\347c\352\321p}\316z-|\204q\277\355#\204\031\361iS\317"
 185      707DCE7A 
 185      2D7C8471 
 185      BFED2384 
 185      19F16953 
 186 0384 303ECEA6 		.ascii	"0>\316\246\357\233()p\301\025\202\222\326\330\253\306"
 186      EF9B2829 
 186      70C11582 
 186      92D6D8AB 
 186      C6
 187 0395 D54CC9F9 		.ascii	"\325L\311\371qw\221\003]\324\211\036;m\235;\235q\035"
 187      71779103 
 187      5DD4891E 
 187      3B6D9D3B 
 187      9D711D
 188 03a8 1B3B9C3A 		.ascii	"\033;\234:\266\305\03570\345\302\355\361':\012\234F"
 188      B6C51D37 
 188      30E5C2ED 
 188      F1273A0A 
 188      9C46
 189 03ba D489979D 		.ascii	"\324\211\227\235=\034nfc\347\257\334:\344\200/2%m\254"
 189      3D1C6E66 
 189      63E7AFDC 
 189      3AE4802F 
 189      32256DAC 
 190 03ce A5C19D02 		.ascii	"\245\301\235\002\337\243\001L\217\213s\307\035l,+\357"
 190      DFA3014C 
 190      8F8B73C7 
 190      1D6C2C2B 
 190      EF
 191 03df F5941BEE 		.ascii	"\365\224\033\356a\212xJ\352\330)\271\277\356\376%W|"
 191      618A784A 
 191      EAD829B9 
 191      BFEEFE25 
 191      577C
 192 03f1 938D3DB9 		.ascii	"\223\215=\271\275q\022\341\333L\311\277\335\232\354"
 192      BD7112E1 
 192      DB4CC9BF 
 192      DD9AEC
 193 0400 4A817388 		.ascii	"J\201s\210z uB\217\357\262\241S\243\211O\235\360}\246"
 193      7A207542 
 193      8FEFB2A1 
 193      53A3894F 
 193      9DF07DA6 
 194 0414 F48DF5D5 		.ascii	"\364\215\365\325;R\334|\242\376X\275?\331\231\305\227"
 194      3B52DC7C 
 194      A2FE58BD 
 194      3FD999C5 
ARM GAS  /var/folders/fq/ltb3dbq95yq6ljzx21t9gnkc0000gn/T//cckW0FW7.s 			page 15


 194      97
 195 0425 0EEF3892 		.ascii	"\016\3578\222\363\204\031\206)\353\301\353-\230\304"
 195      F3841986 
 195      29EBC1EB 
 195      2D98C4
 196 0434 941793A5 		.ascii	"\224\027\223\245\323\312ru\233\234Uh\316Lt\213\3053"
 196      D3CA7275 
 196      9B9C5568 
 196      CE4C748B 
 196      C533
 197 0446 63A8BDD0 		.ascii	"c\250\275\320\335#\211\302y~V\014\335\251\375\000\357"
 197      DD2389C2 
 197      797E560C 
 197      DDA9FD00 
 197      EF
 198 0457 A0F09F90 		.ascii	"\240\360\237\220\2078\211\240\367t\345\2178\312\321"
 198      873889A0 
 198      F774E58F 
 198      38CAD1
 199 0466 2DBF84DE 		.ascii	"-\277\204\336\272;\265\001\341\207\314\213\256\330\273"
 199      BA3BB501 
 199      E187CC8B 
 199      AED8BB
 200 0475 5738FC98 		.ascii	"W8\374\230)e\331\271'\330\236\370\224\272\320}\251\313"
 200      2965D9B9 
 200      27D89EF8 
 200      94BAD07D 
 200      A9CB
 201 0487 118F09F1 		.ascii	"\021\217\011\361;\2324\341F\307\226\021\265\271|\273"
 201      3B9A34E1 
 201      46C79611 
 201      B5B97CBB 
 202 0497 458B5FB2 		.ascii	"E\213_\262\261\327\346;\343\034\206\023\230(\0035\017"
 202      B1D7E63B 
 202      E31C8613 
 202      98280335 
 202      0F
 203 04a8 788E0257 		.ascii	"x\216\002W\022\365\346\360\366>'\034\247\266Y\300\215"
 203      12F5E6F0 
 203      F63E271C 
 203      A7B659C0 
 203      8D
 204 04b9 2DB035F1 		.ascii	"-\2605\361\350\224\343\333\203\362H\014\312G4&\261\031"
 204      E894E3DB 
 204      83F2480C 
 204      CA473426 
 204      B119
 205 04cb B9FD58F0 		.ascii	"\271\375X\3602K\214\311C@\267S\364\010\365\362\221\350"
 205      324B8CC9 
 205      4340B753 
 205      F408F5F2 
 205      91E8
 206 04dd E5E8D5F8 		.ascii	"\345\350\325\3706\0279\272\345\227\320\027\237\347g"
 206      361739BA 
 206      E597D017 
 206      9FE767
 207 04ec 68F01666 		.ascii	"h\360\026feBu\352a\026\206\257@\235\321\333\266\271"
ARM GAS  /var/folders/fq/ltb3dbq95yq6ljzx21t9gnkc0000gn/T//cckW0FW7.s 			page 16


 207      654275EA 
 207      611686AF 
 207      409DD1DB 
 207      B6B9
 208 04fe C415CD66 		.ascii	"\304\025\315f\317\364\331\262\307sv\026\037\0377\222"
 208      CFF4D9B2 
 208      C7737616 
 208      1F1F3792 
 209 050e 7934EB2F 		.ascii	"y4\353/\225e\274%\036\323E\206\340\223\177\211\246["
 209      9565BC25 
 209      1ED34586 
 209      E0937F89 
 209      A65B
 210 0520 BF990774 		.ascii	"\277\231\007t\305\217\341\217\212\340\263\372\2125M"
 210      C58FE18F 
 210      8AE0B3FA 
 210      8A354D
 211 052f F329F4BE 		.ascii	"\363)\364\276\022:H\241yH\302\266I\330\253Jl\217\202"
 211      123A48A1 
 211      7948C2B6 
 211      49D8AB4A 
 211      6C8F82
 212 0542 F68204BD 		.ascii	"\366\202\004\275\254\204v(\240\327$\350\015%\364\272"
 212      AC847628 
 212      A0D724E8 
 212      0D25F4BA 
 213 0552 D2825609 		.ascii	"\322\202V\011\333\255\304^Qb/J\330.\373Xj\302.a\243"
 213      DBADC45E 
 213      51622F4A 
 213      D82EFB58 
 213      6AC22E61 
 214 0567 7E1AA342 		.ascii	"~\032\243B\3150~\236\016\0214\034+(\201\363D\257\321"
 214      CD307E9E 
 214      0E11341C 
 214      2B2881F3 
 214      44AFD1
 215 057a 6CF40A24 		.ascii	"l\364\012$\216\233\215&\241\035\003\211\207\367\027"
 215      8E9B8D26 
 215      A11D0389 
 215      87F717
 216 0589 D04E803C 		.ascii	"\320N\200<\007\341A\337\0142\016\357\261\320\376\000"
 216      07E141DF 
 216      0C320EEF 
 216      B1D0FE00 
 217 0599 B209640A 		.ascii	"\262\011d\012\364g OA\266\200\276\221\233MO]j`\223d"
 217      F467204F 
 217      41B680BE 
 217      919B4D4F 
 217      5D6A6093 
 218 05ae 60ABD2C0 		.ascii	"`\253\322\3009\012_j%\350E\273Pk4\317K\310KJd\2732B"
 218      390A5F6A 
 218      25E845BB 
 218      506B34CF 
 218      4BC84B4A 
 219 05c6 3725EC3D 		.ascii	"7%\354=\373\271\267\322^\225\240\327\354\247^F\333+"
 219      FBB9B7D2 
 219      5E95A0D7 
ARM GAS  /var/folders/fq/ltb3dbq95yq6ljzx21t9gnkc0000gn/T//cckW0FW7.s 			page 17


 219      ECA75E46 
 219      DB2B
 220 05d8 616F2AB1 		.ascii	"ao*\261}6\264\261Y\367\347\002r\024y\240\307\002R\374"
 220      7D36B4B1 
 220      59F7E702 
 220      721479A0 
 220      C70252FC 
 221 05ec 28D01385 		.ascii	"(\320\023\205\001\315\022i\233}\277\254\320\026\011"
 221      01CD1269 
 221      9B7DBFAC 
 221      D01609
 222 05fb DA697FEF 		.ascii	"\332i\177\357I\266\306f]'\006\334\001\003~\026\240\342"
 222      49B6C666 
 222      5D2706DC 
 222      01037E16 
 222      A0E2
 223 060d 4925982A 		.ascii	"I%\230*s\353\206D{WI;\240\304\366H\330^\373{\232ZKJ"
 223      73EB8644 
 223      7B57493B 
 223      A0C4F648 
 223      D85EFB7B 
 224 0625 A7FE9A62 		.ascii	"\247\376\232b\015\217\010D%\336\315*i\213\364\017\026"
 224      0D8F0844 
 224      25DECD2A 
 224      698BF40F 
 224      16
 225 0636 B7EA7881 		.ascii	"\267\352x\201i\330\376\247\314V\205\202\254q\244r\022"
 225      69D8FEA7 
 225      CC568582 
 225      AC71A472 
 225      12
 226 0647 A3E99EF6 		.ascii	"\243\351\236\366v4J\204\215\374\377\336\324\324\235"
 226      76344A84 
 226      8DFCFFDE 
 226      D4D49D
 227 0656 A17027B4 		.ascii	"\241p'\264\225\233\216.X\253@\342\233X\334\237>\320"
 227      959B8E2E 
 227      58AB40E2 
 227      9B58DC9F 
 227      3ED0
 228 0668 30EA6853 		.ascii	"0\352hS'\020\260\365\230\335\306\261:\001Z@7\2313\276"
 228      2710B0F5 
 228      98DDC6B1 
 228      3A015A40 
 228      379933BE 
 229 067c C575F420 		.ascii	"\305u\364 T\377\264\277\364\204;\362\2349\223\226\372"
 229      54FFB4BF 
 229      F4843BF2 
 229      9C399396 
 229      FA
 230 068d 09506CEE 		.ascii	"\011Pl\356\342\264h;\207e?@\366B\377\370\337\311\000"
 230      E2B4683B 
 230      87653F40 
 230      F642FFF8 
 230      DFC900
 231 06a0 BC3AD196 		.ascii	"\274:\321\226\226\357#\311<~O\205\274\350\351\215v\200"
 231      96EF23C9 
ARM GAS  /var/folders/fq/ltb3dbq95yq6ljzx21t9gnkc0000gn/T//cckW0FW7.s 			page 18


 231      3C7E4F85 
 231      BCE8E98D 
 231      7680
 232 06b2 FF644885 		.ascii	"\377dH\205\222\270\231h'\307\016tKq\207#\275\015>\241"
 232      92B89968 
 232      27C70E74 
 232      4B718723 
 232      BD0D3EA1 
 233 06c6 777776FF 		.ascii	"wwv\377\020\242\307\256#-B\177\250\250`\027\016\255"
 233      10A2C7AE 
 233      232D427F 
 233      A8A86017 
 233      0EAD
 234 06d8 57727246 		.ascii	"WrrFv\273\276\375\256\370\221\023\356\212T\306=\034"
 234      76BBBEFD 
 234      AEF89113 
 234      EE8A54C6 
 234      3D1C
 235 06ea 3754ACB1 		.ascii	"7T\254\261^\211\210Z\236\014k\247p\004\276\233\363\020"
 235      5E89885A 
 235      9E0C6BA7 
 235      7004BE9B 
 235      F310
 236 06fc 2751855C 		.ascii	"'Q\205\\T{-[\3256a*\263)\247\366\010a\332C\303\024{"
 236      547B2D5B 
 236      D536612A 
 236      B329A7F6 
 236      0861DA43 
 237 0713 3331C916 		.ascii	"31\311\026]e\203\336+\240\367RtMf\323\244\0267\260\353"
 237      5D6583DE 
 237      2BA0F752 
 237      744D66D3 
 237      A41637B0 
 238 0728 A562E8DE 		.ascii	"\245b\350\336FR#[JG*\217\025\375\255\210\334\034\344"
 238      4652235B 
 238      4A472A8F 
 238      15FDAD88 
 238      DC1CE4
 239 073b C7008A8D 		.ascii	"\307\000\212\215Gt\3154\316Z3\246\011\301F\3738R3\346"
 239      4774CD34 
 239      CE5A33A6 
 239      09C146FB 
 239      385233E6 
 240 074f DE333FC2 		.ascii	"\3363?\302x\202\021=\356\270:\356D\211J\323/\034\302"
 240      7882113D 
 240      EEB83AEE 
 240      44894AD3 
 240      2F1CC2
 241 0762 D2EF92C5 		.ascii	"\322\357\222\305\224%]\306\222.\262\354\247,\267:\273"
 241      94255DC6 
 241      922EB2EC 
 241      A72CB73A 
 241      BB
 242 0773 DAB578AB 		.ascii	"\332\265x\253\003\253\311\012\013oh\031Kf\301#N\301"
 242      03ABC90A 
 242      0B6F6819 
 242      4B66C123 
ARM GAS  /var/folders/fq/ltb3dbq95yq6ljzx21t9gnkc0000gn/T//cckW0FW7.s 			page 19


 242      4EC1
 243 0785 922163C9 		.ascii	"\222!c\311\020Y2)\313\235\316Q^\2133\030\313\341\341"
 243      10593229 
 243      CB9DCE51 
 243      5E8B3318 
 243      CBE1E1
 244 0798 EA7BCCA9 		.ascii	"\352{\314\251\254}fM\023o\231\232\252\345?\244\024\007"
 244      AC7D664D 
 244      136F999A 
 244      AAE53FA4 
 244      1407
 245 07aa 64140744 		.ascii	"d\024\007D\212,F1\\hq\301y\214\342\340`\317N-.g\312"
 245      8A2C4631 
 245      5C6871C1 
 245      798CE2E0 
 245      60CF4E2D 
 246 07c1 70E3E431 		.ascii	"p\343\3441\007(\216\321!:\003z\256\246\264"
 246      07288ED1 
 246      213A037A 
 246      AEA6B4
 247 07d0 BF746361 		.ascii	"\277tcaK<Y:wB\0266\266\316Aq\035\224\315A\375\177P\\"
 247      4B3C593A 
 247      77421636 
 247      B6CE4171 
 247      1D94CD41 
 248 07e8 2A872E35 		.ascii	"*\207.5u\350\356S\204G\030{\255\271i\273FL\301\035\277"
 248      75E8EE53 
 248      8447187B 
 248      ADB969BB 
 248      464CC11D 
 249 07fd BADC4D3C 		.ascii	"\272\334M<5\031\035\260L\243\\\2712\233sE\242\303\224"
 249      35191DB0 
 249      4CA35CB9 
 249      329B7345 
 249      A2C394
 250 0810 E845635D 		.ascii	"\350Ec]\"\207\3435\224h\364Pz\211\232\271]Sb\353v\236"
 250      2287E335 
 250      9468F450 
 250      7A899AB9 
 250      5D5362EB 
 251 0826 8C224FA4 		.ascii	"\214\"O\244\310\247\024\365\331\335{\034q\232@\361s"
 251      C8A714F5 
 251      D9DD7B1C 
 251      719A40F1 
 251      73
 252 0837 49BBAB98 		.ascii	"I\273\253\230E\2632\213\0052\226\002\221\245\220\262"
 252      45B3328B 
 252      05329602 
 252      91A590B2 
 253 0847 EC696BF6 		.ascii	"\354ik\366\300E\214$\353\372\345\317\204\034\016>Q\346"
 253      C0458C24 
 253      EBFAE5CF 
 253      841C0E3E 
 253      51E6
 254 0859 D02CE330 		.ascii	"\320,\3430\213\034E\224#\263\375\306\240\032\3271\222"
 254      8B1C4594 
 254      23B3FDC6 
ARM GAS  /var/folders/fq/ltb3dbq95yq6ljzx21t9gnkc0000gn/T//cckW0FW7.s 			page 20


 254      A01AD731 
 254      92
 255 086a C9B8F63E 		.ascii	"\311\270\366>\007\346\214Y\221\303b\031E\261Hq\204R"
 255      07E68C59 
 255      91C36219 
 255      45B14871 
 255      8452
 256 087c 9C3F7339 		.ascii	"\234?s9\225\303\0275oI\333\324\343C\251:1mw\274\336"
 256      95C31735 
 256      6F49DBD4 
 256      E343A93A 
 256      316D77BC 
 257 0891 4C5B8994 		.ascii	"L[\211\224\266R\222\266\022\221\375(eo\331}o\031=\""
 257      B65292B6 
 257      1291FD28 
 257      656FD97D 
 257      6F193D22 
 258 08a5 2C587E64 		.ascii	",X~d\350\330\221\261\257\265{\213\003\276\306\326\336"
 258      E8D891B1 
 258      AFB57B8B 
 258      03BEC6D6 
 258      DE
 259 08b6 D8FEE027 		.ascii	"\330\376\340'w|\227)\374\316\201x\214\007\231\262%9"
 259      777C9729 
 259      FCCE8178 
 259      8C0799B2 
 259      2539
 260 08c8 6EC0093F 		.ascii	"n\300\011?dJG~R\202\023~\314\224\211\326\201r\214_2"
 260      644A477E 
 260      5282137E 
 260      CC9489D6 
 260      81728C5F 
 261 08dd A57CE7C0 		.ascii	"\245|\347\300\0015\216w\244\312\271\356M\203\032\234"
 261      01358E77 
 261      A4CAB9EE 
 261      4D831A9C 
 262 08ed C8949EBC 		.ascii	"\310\224\236\274\315)N8\205)\273rS7q8\235)\265\015\255"
 262      CD294E38 
 262      8529BB72 
 262      53377138 
 262      9D29B50D 
 263 0902 879C7116 		.ascii	"\207\234q\026S\236=\333\271\221\3039Li\316I\237p\303"
 263      539E3DDB 
 263      B991C339 
 263      4C69CE49 
 263      9F70C3
 264 0915 454C793E 		.ascii	"ELy>\320fA\270\214*\323\372\033K\206\234\221\274\220"
 264      D06641B8 
 264      8C2AD3FA 
 264      1B4B869C 
 264      91BC90
 265 0928 9C2E9692 		.ascii	"\234.\226\222\343\247\037x\025XK\311r\210M+\367\366"
 265      E3A71F78 
 265      15584BC9 
 265      72884D2B 
 265      F7F6
 266 093a CA63BF59 		.ascii	"\312c\277Y\274\363N\330E\312\256\307#\022\324\242\204"
ARM GAS  /var/folders/fq/ltb3dbq95yq6ljzx21t9gnkc0000gn/T//cckW0FW7.s 			page 21


 266      BCF34ED8 
 266      45CAAEC7 
 266      2312D4A2 
 266      84
 267 094b BE51F2E5 		.ascii	"\276Q\362\345K\330SJl\207\022[$ak\224\3307\252\224L"
 267      4BD8534A 
 267      6C87125B 
 267      24616B94 
 267      D837AA94 
 268 0960 095BA1C4 		.ascii	"\011[\241\304\276Q(U\230\345\225\232\015\366\2152\341"
 268      BE512855 
 268      98E5959A 
 268      0DF68D32 
 268      E1
 269 0971 8084ADB4 		.ascii	"\200\204\255\264o\2575bf\011z\332\276\271Vh\206\004"
 269      6FAF3562 
 269      66097ADA 
 269      BEB95668 
 269      8604
 270 0983 3D69DF5A 		.ascii	"=i\337Z+\264X\202\326\332\017\256\025Z(A\253\225Py9"
 270      2BB45882 
 270      D6DA0FAE 
 270      155A2841 
 270      AB955079 
 271 0998 2DAF28CA 		.ascii	"-\257(\312\340\332:F\257-\002'\345D;\\\247\365P\006"
 271      E0DA3A46 
 271      AF2D0227 
 271      E5443B5C 
 271      A7F55006 
 272 09ac 9C01B900 		.ascii	"\234\001\271\000\322\010\322\014r\016\344\022\310E\220"
 272      D208D20C 
 272      720EE412 
 272      C84590
 273 09bb F3200D20 		.ascii	"\363 \015 - gA\332@\232\344\265p\211dI\235\322\022Y"
 273      2D206741 
 273      DA409AE4 
 273      B5708964 
 273      499DD212 
 274 09d0 CD482B8C 		.ascii	"\315H+\21443)\230\000b\257`*0\237\227\012\246*\373>"
 274      34332998 
 274      0062AF60 
 274      2A309F97 
 274      0AA62AFB 
 275 09e5 7D2CD44B 		.ascii	"},\324K\2732\353\253\034\220\347tJZ\371\231\023\352"
 275      BB32EBAB 
 275      1C90E774 
 275      4A5AF999 
 275      13EA
 276 09f7 00EC71E9 		.ascii	"\000\354q\351l\241+\320\307\236\373\3502x\375\277\212"
 276      6CA12BD0 
 276      C79EFBE8 
 276      3278FDBF 
 276      8A
 277 0a08 00F9C5FE 		.ascii	"\000\371\305\3760\356\241m]\324aS\027u\012Wx'\275\302"
 277      30EEA16D 
 277      5DD46153 
 277      17750A57 
ARM GAS  /var/folders/fq/ltb3dbq95yq6ljzx21t9gnkc0000gn/T//cckW0FW7.s 			page 22


 277      7827BDC2 
 278 0a1c F714BE18 		.ascii	"\367\024\276\030t\300\375\354sn,>w\315\025?b\312P\312"
 278      74C0FDEC 
 278      736E2C3E 
 278      77CD153F 
 278      62CA50CA 
 279 0a30 D06B37FC 		.ascii	"\320k7\374\234)\325\2077\327\270\340\327T\321\\\330"
 279      9C29D587 
 279      37D7B8E0 
 279      D754D15C 
 279      D8
 280 0a41 76F6BC23 		.ascii	"v\366\274#\262~\336\375\017s\255\241\272\012n\367\376"
 280      B27EDEFD 
 280      0F73ADA1 
 280      BA0A6EF7 
 280      FE
 281 0a52 E227F020 		.ascii	"\342'\360 WLP\271\022;\307\376N\261\376\346\357\025"
 281      574C50B9 
 281      123BC7FE 
 281      4EB1FEE6 
 281      EF15
 282 0a64 E27403E2 		.ascii	"\342t\003\342t\023\374\276\006r\035\244G\276\003\206"
 282      7413FCBE 
 282      06721DA4 
 282      47BE0386 
 283 0a74 A505BAED 		.ascii	"\245\005\272\355\033c\335\001\203\271d\007\364\332\337"
 283      1B63DD01 
 283      83B96407 
 283      F4DADF
 284 0a83 014332B7 		.ascii	"\001C2\267\256\3305U\334\000W.\215mu\0277\300#?'\324"
 284      AED83555 
 284      DC00572E 
 284      8D6D7517 
 284      37C0233F 
 285 0a99 0FD02EEB 		.ascii	"\017\320.\353\006\350\265\267\001\254\277\017\300\231"
 285      06E8B5B7 
 285      01ACBF0F 
 285      C099
 286 0aa7 5F738CFC 		.ascii	"_s\214\374wDB\301R\233\274\366\333\344\365\226\220\327"
 286      774442C1 
 286      529BBCF6 
 286      DBE4F596 
 286      90D7
 287 0ab9 5B34AFDB 		.ascii	"[4\257\333\366wg\350l\320gl\012\271\333\002\232\264"
 287      F67767E8 
 287      6CD0676C 
 287      0AB9DB02 
 287      9AB4
 288 0acb 4EEB4223 		.ascii	"N\353B#b\026\372\030c4K\277\370r\226^\2455\032\305\236"
 288      6216FA18 
 288      63344BBF 
 288      F872965E 
 288      A5351AC5 
 289 0ae0 BF7A47AE 		.ascii	"\277zG\256\215\361^\023\034<7(*\334\033dnDd\204i\256"
 289      8DF15E13 
 289      1C3C3728 
 289      2ADC1B64 
ARM GAS  /var/folders/fq/ltb3dbq95yq6ljzx21t9gnkc0000gn/T//cckW0FW7.s 			page 23


 289      6E446484 
 290 0af6 29E8BB50 		.ascii	")\350\273P\357\320\210\340\260u\253L\336\341A\301!\241"
 290      EFD088E0 
 290      B075AB4C 
 290      DEE141C1 
 290      21A1
 291 0b08 11266FE3 		.ascii	"\021&o\343*\323\352\240ua1\306\230\015kM\321\363BT^"
 291      2AD3EAA0 
 291      756131C6 
 291      980D6B4D 
 291      D1F34254 
 292 0b1d BF617274 		.ascii	"\277art\314*X\012\300N\3770\005\307DF}2\337{\336<\341"
 292      CC2A580A 
 292      C04EFF30 
 292      05C74446 
 292      7D32DF7B 
 293 0b34 5F64B477 		.ascii	"_d\264wHP\230\367\332\310\250\230h\357\200@\377\205"
 293      485098F7 
 293      DAC8A898 
 293      68EF8040 
 293      FF85
 294 0b46 3EDE9F7F 		.ascii	">\336\237\177\356\353\035\270\334\377\373\0050\321\030"
 294      EEEB1DB8 
 294      DCFFFB05 
 294      30D118
 295 0b55 16B66A5E 		.ascii	"\026\266j^\260\312\205\275\031C#Bc\234\242Lk`\035c\314"
 295      B0CA85BD 
 295      19432342 
 295      639CA24C 
 295      6B601D63 
 296 0b6a 1FE42451 		.ascii	"\037\344$Q1\002\307\"\203\277\336\177\275wpHpd\224\011"
 296      3102C722 
 296      83BFDE7F 
 296      BD777048 
 296      70649409 
 297 0b7e D6F43092 		.ascii	"\326\3640\222~ch\324\277\215\246\265\241a\221k\326\231"
 297      7E6368D4 
 297      BF8DA6B5 
 297      A161916B 
 297      D699
 298 0b90 3EFAF589 		.ascii	">\372\365\211\306\357\377\034N&\007\207\004l\210\016"
 298      C6EFFF1C 
 298      4E260787 
 298      046C880E 
 299 0ba0 0C0D3745 		.ascii	"\014\0157E-\013\212X\025f\212Z\376\201b\262\350dpH\364"
 299      2D0B8A58 
 299      15668A5A 
 299      FE8162B2 
 299      E8647048 
 300 0bb5 06129069 		.ascii	"\006\022\220i\021\337\207\006\373E\004}\027fb\336\376"
 300      11DF8706 
 300      FB45047D 
 300      176662DE 
 300      FE
 301 0bc6 C9BEAFC1 		.ascii	"\311\276\257\301\221\341\341\221\021\342\252d\022L\006"
 301      91E1E191 
 301      11E2AA64 
ARM GAS  /var/folders/fq/ltb3dbq95yq6ljzx21t9gnkc0000gn/T//cckW0FW7.s 			page 24


 301      124C06
 302 0bd5 3FC3494A 		.ascii	"?\303IJB\301=\2547,\000\361Q\007\370\353\015j\337\345"
 302      42C13DAC 
 302      372C00F1 
 302      5107F8EB 
 302      0D6ADFE5 
 303 0be9 7E062EC0 		.ascii	"~\006.\300\200\375\226\032\034\364z\177\303\002\372"
 303      80FD961A 
 303      1CF47A7F 
 303      C302FA
 304 0bf8 D747ADD7 		.ascii	"\327G\255\327\373\031\260\376\213@\2742@\217\027\031"
 304      FB19B0FE 
 304      8B40BC32 
 304      408F1719 
 305 0c08 0CD8A007 		.ascii	"\014\330\240\007\035&,\366\0154`_2\323\177\221\201["
 305      1D262CF6 
 305      0D34605F 
 305      32D37F91 
 305      815B
 306 0c1a C1662D04 		.ascii	"\301f-\004\374W\006\237\337\032}\301\0260L\035\034\022"
 306      FC57069F 
 306      DF1A7DC1 
 306      16304C1D 
 306      1C12
 307 0c2c 14E51119 		.ascii	"\024\345\021\031\035\024\006\361\370<2\370_K\242\"\303"
 307      1D1406F1 
 307      F83C32F8 
 307      5F4BA222 
 307      C3
 308 0c3d 9707183E 		.ascii	"\227\007\030>PR\021\010\011\013iI4h\000e\023<h6\302"
 308      50521108 
 308      090B6949 
 308      34680065 
 308      133C6836 
 309 0c52 A0C3B81A 		.ascii	"\240\303\270\032z\214\241\321Q\316R\227\253\321\270"
 309      7A8CA1D1 
 309      51CE5297 
 309      ABD1B8
 310 0c61 2A349A84 		.ascii	"*4\232\204\216\344\3135(\354?A\033\242!\351a\260\365"
 310      8EE4CB35 
 310      28EC3F41 
 310      1BA221E9 
 310      61B0F5
 311 0c74 BCE42B99 		.ascii	"\274\344+\231\326\307x\353\375\003\226\007X\303O\222"
 311      D6C778EB 
 311      FD039607 
 311      58C34F92 
 312 0c84 161CBE64 		.ascii	"\026\034\276d]\004\211\343t\262\374\012\333\304\275"
 312      5D0489E3 
 312      74B2FC0A 
 312      DBC4BD
 313 0c93 2358FF65 		.ascii	"#X\377eD\230\314\034j\237M\327;\324\234u\02166\272\310"
 313      4498CC1C 
 313      6A9F4DD7 
 313      3BD49C75 
 313      113636BA 
 314 0ca8 3A7546A3 		.ascii	":uF\243)B4\322\305\240\327\033\003\341c\3605\255\346"
ARM GAS  /var/folders/fq/ltb3dbq95yq6ljzx21t9gnkc0000gn/T//cckW0FW7.s 			page 25


 314      294234D2 
 314      C5A0D71B 
 314      03E163F0 
 314      35ADE6
 315 0cbb 20DAFA25 		.ascii	" \332\372%K!\376\313\015N\213V.\3661\004\004\322\227"
 315      4B21FECB 
 315      0D4E8B56 
 315      2EF63104 
 315      04D297
 316 0cce 05E445B3 		.ascii	"\005\344E\263h\331b\277/\014\216d@h\027@\013\211\"\031"
 316      68D962BF 
 316      2F0C8E64 
 316      40681740 
 316      0B892219 
 317 0ce2 0B808E65 		.ascii	"\013\200\216e\213\011\316\201P\370\320\277\013\377h"
 317      8B09CE81 
 317      50F8D0BF 
 317      0BFF68
 318 0cf1 DFE98040 		.ascii	"\337\351\200@\226\234\325\363\027\316_\377\011\370\353"
 318      969CD5F3 
 318      17CE5FFF 
 318      09F8EB
 319 0d00 E6BB78A9 		.ascii	"\346\273x\251\277\376K\321\020\315r_\375\012_?\015Y"
 319      BFFE4BD1 
 319      10CD725F 
 319      FD0A5F3F 
 319      0D59
 320 0d12 62C9D7A4 		.ascii	"b\311\327\244\361Y\362\365\177\001\313\3374q"
 320      F159F2F5 
 320      7F01CBDF 
 320      3471
 321              		.text
 322              		.section	.gnu.lto_.symtab.61fe100bf2a34665,"",%progbits
 323 0000 56656374 		.ascii	"Vector80\000\000\000\000\000\000\000\000\000\000\000"
 323      6F723830 
 323      00000000 
 323      00000000 
 323      000000
 324 0013 00B40000 		.ascii	"\000\264\000\000\000st_lld_init\000\000\000\000\000"
 324      0073745F 
 324      6C6C645F 
 324      696E6974 
 324      00000000 
 325 0028 00000000 		.ascii	"\000\000\000\000\000\000\000\266\000\000\000_port_i"
 325      000000B6 
 325      0000005F 
 325      706F7274 
 325      5F69
 326 003a 72715F65 		.ascii	"rq_epilogue\000\000\002\000\000\000\000\000\000\000"
 326      70696C6F 
 326      67756500 
 326      00020000 
 326      00000000 
 327 004f 0000BD00 		.ascii	"\000\000\275\000\000\000chSysTimerHandlerI\000\000\002"
 327      00006368 
 327      53797354 
 327      696D6572 
ARM GAS  /var/folders/fq/ltb3dbq95yq6ljzx21t9gnkc0000gn/T//cckW0FW7.s 			page 26


 327      48616E64 
 328 006a 00000000 		.ascii	"\000\000\000\000\000\000\000\000\000\277\000\000\000"
 328      00000000 
 328      00BF0000 
 328      00
 329 0077 6E766963 		.ascii	"nvicEnableVector\000\000\002\000\000\000\000\000\000"
 329      456E6162 
 329      6C655665 
 329      63746F72 
 329      00000200 
 330 0090 000000C5 		.ascii	"\000\000\000\305\000\000\000"
 330      000000
 331              		.text
 332              		.section	.gnu.lto_.opts,"",%progbits
 333 0000 272D666E 		.ascii	"'-fno-trapv' '-mcpu=cortex-m0' '-mno-thumb-interwor"
 333      6F2D7472 
 333      61707627 
 333      20272D6D 
 333      6370753D 
 334 0033 6B272027 		.ascii	"k' '-mthumb' '-ggdb' '-O2' '-fomit-frame-pointer' '"
 334      2D6D7468 
 334      756D6227 
 334      20272D67 
 334      67646227 
 335 0066 2D66616C 		.ascii	"-falign-functions=16' '-ffunction-sections' '-fdata"
 335      69676E2D 
 335      66756E63 
 335      74696F6E 
 335      733D3136 
 336 0099 2D736563 		.ascii	"-sections' '-fno-common' '-flto'\000"
 336      74696F6E 
 336      73272027 
 336      2D666E6F 
 336      2D636F6D 
 337              		.text
 338              		.comm	__gnu_lto_v1,1,1
 339              		.comm	__gnu_lto_slim,1,1
 340              		.ident	"GCC: (GNU Tools for ARM Embedded Processors) 4.9.3 20150303 (release) [ARM/embedded-4_9-br
ARM GAS  /var/folders/fq/ltb3dbq95yq6ljzx21t9gnkc0000gn/T//cckW0FW7.s 			page 27


DEFINED SYMBOLS
                            *ABS*:0000000000000000 st_lld.c
                            *COM*:0000000000000001 __gnu_lto_v1
                            *COM*:0000000000000001 __gnu_lto_slim

NO UNDEFINED SYMBOLS
