ARM GAS  /var/folders/fq/ltb3dbq95yq6ljzx21t9gnkc0000gn/T//ccgi2MRg.s 			page 1


   1              		.cpu cortex-m0
   2              		.fpu softvfp
   3              		.eabi_attribute 20, 1
   4              		.eabi_attribute 21, 1
   5              		.eabi_attribute 23, 3
   6              		.eabi_attribute 24, 1
   7              		.eabi_attribute 25, 1
   8              		.eabi_attribute 26, 1
   9              		.eabi_attribute 30, 2
  10              		.eabi_attribute 34, 0
  11              		.eabi_attribute 18, 4
  12              		.code	16
  13              		.file	"board.c"
  14              		.text
  15              	.Ltext0:
  16              		.section	.gnu.lto_.profile.4b25037e8f781450,"",%progbits
  17 0000 789C6366 		.ascii	"x\234cf```a\200\000F\006>f\000\000\223\000\032"
  17      60606061 
  17      80004606 
  17      3E660000 
  17      93001A
  18              		.text
  19              		.section	.gnu.lto_.jmpfuncs.4b25037e8f781450,"",%progbits
  20 0000 789C6366 		.ascii	"x\234cf\300\0168\2414\023\210`\004b\000\001S\000\020"
  20      C00E38A1 
  20      34138860 
  20      04620001 
  20      530010
  21              		.text
  22              		.section	.gnu.lto_.inline.4b25037e8f781450,"",%progbits
  23 0000 789C6366 		.ascii	"x\234cf\300\016\264\2414\023\003\003\013\017#\210b`"
  23      C00EB4A1 
  23      34130303 
  23      0B0F2388 
  23      6260
  24 0012 5B200FA2 		.ascii	"[ \017\242\030\030\271@\004\0033\023\2520\003\000,\231"
  24      1818B940 
  24      04033313 
  24      AA300300 
  24      2C99
  25 0024 01E6     		.ascii	"\001\346"
  26              		.text
  27              		.section	.gnu.lto_.pureconst.4b25037e8f781450,"",%progbits
  28 0000 789C6366 		.ascii	"x\234cf```e\200\000&\006\011F\006\000\000\331\000$"
  28      60606065 
  28      80002606 
  28      09460600 
  28      00D90024 
  29              		.text
  30              		.section	.gnu.lto___early_init.4b25037e8f781450,"",%progbits
  31 0000 789C6366 		.ascii	"x\234cf\300\004R@\274\010\210\215\200\230\221\231\201"
  31      C0045240 
  31      BC08888D 
  31      80989199 
  31      81
  32 0011 9169C239 		.ascii	"\221i\3029\006\206F\016&FF\020\203\201\221\241\236\211"
  32      0686460E 
ARM GAS  /var/folders/fq/ltb3dbq95yq6ljzx21t9gnkc0000gn/T//ccgi2MRg.s 			page 2


  32      26464610 
  32      838191A1 
  32      9E89
  33 0023 B19EF125 		.ascii	"\261\236\361%\323G&\306\011\007V\317\340V_\332\320\320"
  33      D34726C6 
  33      090756CF 
  33      E0565FDA 
  33      D0D0
  34 0035 F0E1D146 		.ascii	"\360\341\321F\211V\211\237L\014\014\237\231 \3060.g"
  34      8956899F 
  34      4C0C0C9F 
  34      9920C630 
  34      2E67
  35 0047 546700AA 		.ascii	"Tg\000\252\371\330\362\367:7[\013P\215\000D\216q\005"
  35      F9D8F2F7 
  35      3A375B0B 
  35      508D0044 
  35      8E7105
  36 005a 231B2390 		.ascii	"#\033#\220^/t\240\341\377\377\307s\346lfaf`x\002\224"
  36      5E2F74A0 
  36      E1FFFFC7 
  36      73E66C66 
  36      61666078 
  37 0070 0299FF94 		.ascii	"\002\231\377\224\211\011D3\337al>\260\361\030#H1\310"
  37      89094433 
  37      DF616C3E 
  37      B0F11823 
  37      4831C8
  38 0083 947997FB 		.ascii	"\224y\227\373\3261\325\376n\350h\340\370\311\304\370"
  38      D631D5FE 
  38      6EE868E0 
  38      F8C9C4F8 
  39 0093 99096800 		.ascii	"\231\011h\000\343J\306Z\206\237@\345\367\030\033\017"
  39      E34AC65A 
  39      869F40E5 
  39      F7181B0F 
  40 00a3 6C7603AB 		.ascii	"lv\003\253d\000\031\304\0102\000h\234\201\236\236>\004"
  40      640019C4 
  40      08320068 
  40      9C819E9E 
  40      3E04
  41 00b5 E517EB67 		.ascii	"\345\027\353g$\346\350'\345'\026\245\024\353\007\207"
  41      24E6E827 
  41      E52716A5 
  41      14EB0787 
  42 00c5 C4FB853A 		.ascii	"\304\373\205:\373\270\372\307\273\031\030\033\004Y@"
  42      FBB8FAC7 
  42      BB19181B 
  42      045940
  43 00d4 C4F59219 		.ascii	"\304\365\222\031\000o\033H\320"
  43      006F1B48 
  43      D0
  44              		.text
  45              		.section	.gnu.lto_boardInit.4b25037e8f781450,"",%progbits
  46 0000 789C6366 		.ascii	"x\234cf\300\004R@\\\002\304F@\314\310\314\300\3104\341"
  46      C0045240 
  46      5C02C446 
ARM GAS  /var/folders/fq/ltb3dbq95yq6ljzx21t9gnkc0000gn/T//ccgi2MRg.s 			page 3


  46      40CCC8CC 
  46      C0C834E1 
  47 0014 1C034323 		.ascii	"\034\003C#\007\023##\210\301\300\310P\317\304X\317\370"
  47      07132323 
  47      88C1C0C8 
  47      50CFC458 
  47      CFF8
  48 0026 92E92313 		.ascii	"\222\351#\023\343\204\003\253gp\253/mhh\370pi\247D\253"
  48      E38403AB 
  48      6770AB2F 
  48      6D6868F8 
  48      7069A744 
  49 003b C44F2606 		.ascii	"\304O&\006\206\317L\020c\030\2273\2523\000\325|l\371"
  49      86CF4C10 
  49      63189733 
  49      AA3300D5 
  49      7C6CF9
  50 004e 7B9D9BAD 		.ascii	"{\235\233\255\005\250F\000\"\307\270\202\221\215\021"
  50      05A84600 
  50      22C7B882 
  50      918D11
  51 005d 48AF173A 		.ascii	"H\257\027:\320\360\377\377\342\351ov\262\000\205\237"
  51      D0F0FFFF 
  51      E2E96F76 
  51      B200859F 
  52 006d 0031C8FC 		.ascii	"\0001\310\374\247LL \232\371\036##H!\310\244'L\214 "
  52      A74C4C20 
  52      9AF91E23 
  52      234821C8 
  52      A4274C8C 
  53 0082 21A00203 		.ascii	"!\240\002\003==}\010\312/\326\317H\314\321O\312O,J)"
  53      3D3D7D08 
  53      CA2FD6CF 
  53      48CCD14F 
  53      CA4F2C4A 
  54 0097 D60F0E89 		.ascii	"\326\017\016\211\367\013u\366q\365\217w306\010\262\200"
  54      F70B75F6 
  54      71F58F77 
  54      33303608 
  54      B280
  55 00a9 88EB2533 		.ascii	"\210\353%3\000\0001\3267g"
  55      000031D6 
  55      3767
  56              		.text
  57              		.section	.gnu.lto_.symbol_nodes.4b25037e8f781450,"",%progbits
  58 0000 789C6366 		.ascii	"x\234cf``pa\200\002\246M\214\365\014\014\023\31610\324"
  58      60607061 
  58      8002A64D 
  58      8CF50C0C 
  58      13CE3130 
  59 0015 D733CC5B 		.ascii	"\3273\314[\300\301\300\264\231\261\236\021Y\200u##\303"
  59      C0C1C0B4 
  59      99B19E11 
  59      59807523 
  59      23C3
  60 0027 42A67A06 		.ascii	"B\246z\006\306-\214\365L\020\011\206\206\006\016\006"
  60      C62D8CF5 
ARM GAS  /var/folders/fq/ltb3dbq95yq6ljzx21t9gnkc0000gn/T//ccgi2MRg.s 			page 4


  60      4C100986 
  60      86060E06 
  61 0037 66205CF2 		.ascii	"f \\\362\340\037#\003\000\210:\022t"
  61      E01F2303 
  61      00883A12 
  61      74
  62              		.text
  63              		.section	.gnu.lto_.refs.4b25037e8f781450,"",%progbits
  64 0000 789C6366 		.ascii	"x\234cf```d\200\002\000\000=\000\005"
  64      60606064 
  64      80020000 
  64      3D0005
  65              		.text
  66              		.section	.gnu.lto_.decls.4b25037e8f781450,"",%progbits
  67 0000 789C9556 		.ascii	"x\234\225VkPSG\024\276\233\233\007\304\010\216\314\250"
  67      6B505347 
  67      14BE9B9B 
  67      07C4088E 
  67      CCA8
  68 0012 E3742AC5 		.ascii	"\343t*\305\031\3528J\250\3168\376\350\264Z\254\326\031"
  68      19EA384A 
  68      A8CE38FE 
  68      E8B45AAC 
  68      D619
  69 0024 AAF4E1F4 		.ascii	"\252\364\341\364G\177\244\221DH\013$\023BG\377-`\025"
  69      477FA491 
  69      44480B24 
  69      134247FF 
  69      2D6015
  70 0037 10155410 		.ascii	"\020\025T\020\005%(\032\305\000\021\251<\313\313*\021"
  70      0525281A 
  70      C50011A9 
  70      3CCBCB2A 
  70      11
  71 0048 A5D50A2A 		.ascii	"\245\325\012*\255\205\210\012\370@\001\021Q\321\364"
  71      AD85880A 
  71      F8400111 
  71      51D1F4
  72 0057 EC6E1E10 		.ascii	"\354n\036\020\203\332\235\354\335{\316\371\316w\316"
  72      83DA9DEC 
  72      DD7BCEF9 
  72      CE77CE
  73 0066 EE9EDD5C 		.ascii	"\356\236\335\\\236\343\270\014\350vh?J9\256\003q\034"
  73      9EE3B80C 
  73      E876683F 
  73      4A39AE03 
  73      711C
  74 0078 0F7204E7 		.ascii	"\017r\004\347nD6C/\201n\201\016\020\356\0317\261\231"
  74      6E443643 
  74      2F816E81 
  74      0E10EE19 
  74      37B199
  75 008b 39B7DF73 		.ascii	"9\267\337s\350\307\035z\201\303f\341^o%\016.g,\344\320"
  75      E8C71D7A 
  75      81C366E1 
  75      5E6F250E 
  75      2E672CE4 
ARM GAS  /var/folders/fq/ltb3dbq95yq6ljzx21t9gnkc0000gn/T//ccgi2MRg.s 			page 5


  76 00a0 79B64101 		.ascii	"y\266A\001\252*\031n\235\322'@~\322@\"V\357\262\346"
  76      AA2A196E 
  76      9DD22740 
  76      7ED24022 
  76      56EFB2E6 
  77 00b4 88419449 		.ascii	"\210A\224I\205D\254y\321\335&\234\231\205\241e$\343"
  77      8544AC79 
  77      D1DD269C 
  77      9985A165 
  77      24E3
  78 00c6 69421431 		.ascii	"iB\0241\003\231\320lt\014\315\006\326\343h&<\277\027"
  78      0399D06C 
  78      740CCD06 
  78      D6E36826 
  78      3CBF17
  79 00d9 32A6A6CC 		.ascii	"2\246\246\314\241~\304\013\020y?\234s\263M\272\240\010"
  79      A17EC40B 
  79      10793F9C 
  79      73B34DBA 
  79      A008
  80 00eb DC5270C3 		.ascii	"\334Rp\303(r\207K\273j\372$\360 6Z\006J\362\266\360"
  80      2872874B 
  80      BB6AFA24 
  80      F020365A 
  80      064AF2B6 
  81 0100 FBB03109 		.ascii	"\373\2601\011\277\262\333\021\345BE\210G'\320\002\232"
  81      BFB2DB11 
  81      E5424588 
  81      4727D002 
  81      9A
  82 0111 31BCB3D4 		.ascii	"1\274\263\324\315(\020\374\212\362w\266K\370U\224\334"
  82      CD2810FC 
  82      8AF277B6 
  82      4BF85594 
  82      DC
  83 0122 3C5C5725 		.ascii	"<\\W%\001\022\213\305\330zXl\305\015v\373\247\324\277"
  83      01128BC5 
  83      D87A586C 
  83      C50D76FB 
  83      A7D4BF
  84 0135 789C7FB1 		.ascii	"x\234\177\261\323\277\204\372\233LW\213E\374W\324\377"
  84      D3BF84FA 
  84      9B4C578B 
  84      45FC57D4 
  84      FF
  85 0146 6EB26D40 		.ascii	"n\262m@\014\3766<\320\222\374\302/\247\0147m\306c\220"
  85      0CFE363C 
  85      D092FCC2 
  85      2FA70C37 
  85      6DC66390 
  86 015a 05A22CA5 		.ascii	"\005\242,\245\343XJ\235,\026\312R\333\231z\317\227."
  86      E3584A9D 
  86      2C16CA52 
  86      DB997ACF 
  86      972E
  87 016c 96CD8730 		.ascii	"\226\315\2070\265\330w'\212\350j\245S\346\232\321\323"
  87      B5D87727 
ARM GAS  /var/folders/fq/ltb3dbq95yq6ljzx21t9gnkc0000gn/T//ccgi2MRg.s 			page 6


  87      8AE86AA5 
  87      53E69AD1 
  87      D3
  88 017d 263F66A7 		.ascii	"&?f\247rYm\337\023\177j\177\217\210]u5=b~7\242\266\372"
  88      72596DDF 
  88      137F6A7F 
  88      8F885D75 
  88      353D627E 
  89 0195 BAD17352 		.ascii	"\272\321sR\376(\023\322Sl\347\245|)\023\022\217\326"
  89      FE2813D2 
  89      536CE7A5 
  89      7C291312 
  89      8FD6
  90 01a7 A44BC0EB 		.ascii	"\244K\300\353\003)]\262\256\334g\205\276T$\245\344\017"
  90      03295DB2 
  90      AEDC6785 
  90      BE5424A5 
  90      E40F
  91 01b9 2A81B507 		.ascii	"*\201\265\007\037\366C\301\322BX\340\201\347G\272\277"
  91      1FF643C1 
  91      D24258E0 
  91      81E747BA 
  91      BF
  92 01ca 48C6CB50 		.ascii	"H\306\313P\015\222\242\012W\356\324\233\264\024\214"
  92      0D92A20A 
  92      57EED49B 
  92      B4148C
  93 01d9 93C8E6F9 		.ascii	"\223\310\346\371Z\3758\327\336\241j\024\014\010\212"
  93      5AFD38D7 
  93      DEA16A14 
  93      0C088A
  94 01e8 4595A0AC 		.ascii	"E\225\240\254\002%\020\237\035\253\333,B\322`\357N\277"
  94      0225109F 
  94      1DABDB2C 
  94      42D260EF 
  94      4EBF
  95 01fa 7971A229 		.ascii	"yq\242)<2\355\235\201\261\020\325B\012\247\335)@F\256"
  95      3C32ED9D 
  95      81B110D5 
  95      420AA7DD 
  95      294046AE 
  96 020e 8D1F6BD9 		.ascii	"\215\037k\331_%\343\013Yy\344g\344=\021\361E\216Z\031"
  96      5F25E30B 
  96      5979E467 
  96      E43D11F1 
  96      458E5A19 
  97 0222 BE34E8C3 		.ascii	"\2764\350\303\237dBaV\266\231\255(]\340C\245U\337\361"
  97      9F644261 
  97      56B699AD 
  97      285DE043 
  97      A555DFF1 
  98 0236 55CC546E 		.ascii	"U\314Tn47\363|=\023.t\217>\226Q\3344Z{\375'\266\371"
  98      3437F37C 
  98      3D132E74 
  98      8F3E9651 
  98      DC345A7B 
  99 024e F16798ED 		.ascii	"\361g\230\355\330\221\355\275<oe\302\276\247\027\317"
ARM GAS  /var/folders/fq/ltb3dbq95yq6ljzx21t9gnkc0000gn/T//ccgi2MRg.s 			page 7


  99      D891EDBD 
  99      3C6F65C2 
  99      BEA717CF 
 100 025e B12D9805 		.ascii	"\261-\230\005\242oj\343\346\036\031\012b- \330\010\363"
 100      A26F6AE3 
 100      E61E190A 
 100      622D20D8 
 100      08F3
 101 0270 1C3870E2 		.ascii	"\0348p\342\326\352\335\311\270p\026\315\277\036\362"
 101      D6EADDC9 
 101      B87016CD 
 101      BF1EF2
 102 027f FF1305B8 		.ascii	"\377\023\005\270g=\217\224\272\211\024<G\340\306\\\223"
 102      673D8F94 
 102      BA89143C 
 102      47E0C65C 
 102      93
 103 0290 D81A4AA1 		.ascii	"\330\032J\241g<\241\277\323c1\337\005\335\346\202\326"
 103      673CA1BF 
 103      D36331DF 
 103      05DDE682 
 103      D6
 104 02a1 79657523 		.ascii	"yeu#\367\271\220M\236\310F\344\221\300\001\027\366\254"
 104      F7B9904D 
 104      9EC846E4 
 104      91C00117 
 104      F6AC
 105 02b3 F704C661 		.ascii	"\367\004\306aw\272\260\015\336y\335)\344\273\240\347"
 105      77BAB00D 
 105      DE79DD29 
 105      E4BBA0E7 
 106 02c3 3CA1CD6E 		.ascii	"<\241\315nh&\275\0130^f\340\320)\260\227S\023A\303\246"
 106      6826BD0B 
 106      305E66E0 
 106      D029B097 
 106      531341C3 
 107 02d8 A34B5021 		.ascii	"\243KP!-(\010Y\241\267B\277\000\375<\364\213\320\377"
 107      2D280859 
 107      A1B742BF 
 107      00FD3CF4 
 107      8BD0FF
 108 02eb 4041B418 		.ascii	"@A\264\030H\305\330RMb\214\210\033\347<k\316J\021\244"
 108      48C5D852 
 108      4D628C88 
 108      1BE73C6B 
 108      CE4A11A4 
 109 02ff B766A74F 		.ascii	"\267f\247OE\001\301\336\"\241\277 \300\377\016v,\312"
 109      4501C1DE 
 109      22A1BF20 
 109      C0FF0E76 
 109      2CCA
 110 0311 075D06A7 		.ascii	"\007]\006\247_\335\245I\";K\263\375e\353\373\274\235"
 110      5FDDA549 
 110      223B4BB3 
 110      FD65EBFB 
 110      BC9D
 111 0323 958BED65 		.ascii	"\225\213\355eF\271\210\337\302SaOK\346\017\374v\366"
ARM GAS  /var/folders/fq/ltb3dbq95yq6ljzx21t9gnkc0000gn/T//ccgi2MRg.s 			page 8


 111      46B988DF 
 111      C253614F 
 111      4BE60FFC 
 111      76F6
 112 0335 9ED8507C 		.ascii	"\236\330P|EB\353h)\275\203\314\031\331\022~\017\263"
 112      4542EB68 
 112      29BD83CC 
 112      19D9127E 
 112      0FB3
 113 0347 F5D63DC0 		.ascii	"\365\326=\300\002j\213 b\177\323H\212\204\317e\266\374"
 113      026A8B20 
 113      627FD348 
 113      8A84CF65 
 113      B6FC
 114 0359 1D65CFD8 		.ascii	"\035e\317\330\205\252\003Q\362\364\244y\277\220\324"
 114      85AA0351 
 114      F2F4A479 
 114      BF90D4
 115 0368 5F405010 		.ascii	"_@P\020\251>l\3533\255\301\260\356$\277\016\310\257"
 115      A93E6CEB 
 115      33ADC1B0 
 115      EE24BF0E 
 115      C8AF
 116 037a 1346D76C 		.ascii	"\023F\327l\377\236\260E\330X\373\241\003y\305\0239o"
 116      FF9EB045 
 116      D858FBA1 
 116      0379C513 
 116      396F
 117 038c 22F0A213 		.ascii	"\"\360\242\023\330\356\011\274\352}+O\202\275\214\232"
 117      D8EE09BC 
 117      EA7D2B4F 
 117      82BD8C9A 
 118 039c 3A1DAB7B 		.ascii	":\035\253{\023V\367\006\254d\027\364\177\241\333\240"
 118      1356F706 
 118      AC6417F4 
 118      7FA1DBA0 
 119 03ac FFE35855 		.ascii	"\377\343XU\032\303\352\214\321\346\031\243yb\025b\343"
 119      1AC3EA8C 
 119      D1E619A3 
 119      79621562 
 119      E3
 120 03bd 7527F49A 		.ascii	"u'\364\232'\364\3728(\335\253*Z\030\235^\012\003\025"
 120      27F4FA38 
 120      28DDAB2A 
 120      5A189D5E 
 120      0A0315
 121 03d0 0C9B2B24 		.ascii	"\014\233+$\374!\272\256\202\344\227\031I\310\243J\234"
 121      FC21BAAE 
 121      82E49719 
 121      49C8A34A 
 121      9C
 122 03e1 9340B721 		.ascii	"\223@\267!\367w\231\007\215\370\012\252\343\026\200"
 122      F7779907 
 122      8DF80AAA 
 122      E31680
 123 03f0 BBDDD5D1 		.ascii	"\273\335\325\3219\256:z\037\233j\305\001\2160\306\311"
 123      39AE3A7A 
ARM GAS  /var/folders/fq/ltb3dbq95yq6ljzx21t9gnkc0000gn/T//ccgi2MRg.s 			page 9


 123      1F9B6AC5 
 123      018E30C6 
 123      C9
 124 0401 C27093C6 		.ascii	"\302p\223\306\000\212k\275\267\363y\336\314\012\242"
 124      008A6BBD 
 124      B7F379DE 
 124      CC0AA2
 125 0410 79AC3F4F 		.ascii	"y\254?O8\247\236?\200}\2501\347~v\256?\275\336\215\251"
 125      38A79E3F 
 125      807DA831 
 125      E77E76AE 
 125      3FBDDE8D 
 126 0425 B84D4054 		.ascii	"\270M@T\215\035]\007\247RU\327Cv\343#\373\231\254+\""
 126      8D1D5D07 
 126      A75255D7 
 126      4376E323 
 126      FB99AC2B 
 127 043a AAFAE550 		.ascii	"\252\372\345P\273QLT\035\231[\253}\030\312\316\263K"
 127      BB514C54 
 127      1D995BAB 
 127      7D18CACE 
 127      B34B
 128 044c 109BA454 		.ascii	"\020\233\244T\201\203\350\325\267\335\\?\205\311\015"
 128      8183E8D5 
 128      B7DD5C3F 
 128      85C90D
 129 045b F389A2F6 		.ascii	"\363\211\242\366x\257E\262\244\034\247\030\227\322\335"
 129      78AF45B2 
 129      A41CA718 
 129      97D2DD
 130 046a 2087A70F 		.ascii	" \207\247\017&C\016\020\271\317\311!\272\013#9H\367"
 130      26430E10 
 130      B9CFC921 
 130      BA0B2339 
 130      48F7
 131 047c 602487E9 		.ascii	"`$\207\351>\214\344@=\200\021\016\025\352\247\177\024"
 131      3E8CE440 
 131      3D80110E 
 131      15EAA77F 
 131      14
 132 048d 28AB366F 		.ascii	"(\2536o\027\373S\302tV\303\325\015\355,\345\366\242"
 132      17FB53C2 
 132      7456C3D5 
 132      0DED2CE5 
 132      F6A2
 133 049f F6221151 		.ascii	"\366\"\021Q\355\275?Z\356\343\370\337\242\371Y\362\012"
 133      EDBD3F5A 
 133      EEE3F8DF 
 133      A2F959F2 
 133      0A
 134 04b0 9AFD3CC2 		.ascii	"\232\375<\302?\362\010_\345\010?\340\010?\350\010_\351"
 134      3FF2085F 
 134      E5083FE0 
 134      083FE808 
 134      5FE9
 135 04c2 085FC9C2 		.ascii	"\010_\311\302\367\235\252\270\354\357\014\227F\303\015"
 135      F79DAAB8 
ARM GAS  /var/folders/fq/ltb3dbq95yq6ljzx21t9gnkc0000gn/T//ccgi2MRg.s 			page 10


 135      ECEF0C97 
 135      46C30D
 136 04d1 8EE41979 		.ascii	"\216\344\031y\017\366\312I\330\037\277\231\375F\315"
 136      0FF6CA49 
 136      D81FBF99 
 136      FD46CD
 137 04e0 8E3B9EEB 		.ascii	"\216;\236\3534\031\325[\022\035\331V\220\316\366\344"
 137      3419D55B 
 137      121DD956 
 137      90CEF6E4 
 138 04f0 92735DAE 		.ascii	"\222s]\256\015\235j\224\275\205\275\322\301>\362fvK"
 138      0D9D6A94 
 138      BD85BDD2 
 138      C13EF266 
 138      764B
 139 0502 92ED9694 		.ascii	"\222\355\226\224R\315Cw\200\212\324\340C\264\204\326"
 139      52CD4377 
 139      808AD4E0 
 139      43B484D6 
 140 0512 E1108CA4 		.ascii	"\341\020\214\244\026\207a$\365\370\004F\250I\364\024"
 140      16876124 
 140      F5F80446 
 140      A849F414 
 141 0522 2D21AE5B 		.ascii	"-!\256[\273*\232\005s\013\260\3058P2T\210\022\311\227"
 141      BB2A9A05 
 141      730BB0C5 
 141      38503254 
 141      8812C997 
 142 0536 18261F52 		.ascii	"\030&\037R\224\250\207\235\205q\327\002\321\364\242"
 142      94A8879D 
 142      8571D702 
 142      D1F4A2
 143 0545 391C1A05 		.ascii	"9\034\032\005\177\364\014\315\005\216\316\234\2064\241"
 143      7FF40CCD 
 143      058ECE9C 
 143      8634A1
 144 0554 2CCDFDAD 		.ascii	",\315\375\255@\277\237\334\337\207\317\221\214~<\221"
 144      40BF9FDC 
 144      DF87CF91 
 144      8C7E3C91 
 145 0564 51A650A8 		.ascii	"Q\246P\250\225\372\230M\012M\234\306 ^\265f]`\030\027"
 145      95FA984D 
 145      0A4D9CC6 
 145      205EB566 
 145      5D601817 
 146 0578 1A122267 		.ascii	"\032\022\"g?m\274<Z\031#_\257U\352U\361\362o\276U\254"
 146      3F6DBC3C 
 146      5A19235F 
 146      AF55EA55 
 146      F1F26FBE 
 147 058e 591716FE 		.ascii	"Y\027\026\376\371Z\305\312\320\305\241_/e\372\220H\316"
 147      F95AC5CA 
 147      D0C5A15F 
 147      2F65FA90 
 147      48CE
 148 05a0 97BEAC06 		.ascii	"\227\276\254\006\206i\361\206\330\305\213\024\2211\332"
 148      8669F186 
ARM GAS  /var/folders/fq/ltb3dbq95yq6ljzx21t9gnkc0000gn/T//ccgi2MRg.s 			page 11


 148      D8C58B14 
 148      9131DA
 149 05af C89F28E5 		.ascii	"\310\237(\345k\\:\255\336@\250\276\\\274\210=W\206n"
 149      6B5C3AAD 
 149      DE40A8BE 
 149      5CBC883D 
 149      57866E
 150 05c2 DC482C8A 		.ascii	"\334H,\212\230\030UH47\2351D\3514ZE\274\332\220\240"
 150      98185548 
 150      34379D31 
 150      44E9345A 
 150      45BCDA90 
 151 05d7 53187C12 		.ascii	"S\030|\0224q\006\320\031\244\012\205\363\365c\271Vg"
 151      347106D0 
 151      19A40A85 
 151      F3F563B9 
 151      5667
 152 05e9 90474546 		.ascii	"\220GEF.T\352c\345\320\027\306i\343\324\013\325\312"
 152      2E54EA63 
 152      E5D017C6 
 152      69E3D40B 
 152      D5CA
 153 05fb F51AB926 		.ascii	"\365\032\271&.2&A\245\226\307*#\2435qj\271B\245\336"
 153      2E322641 
 153      A596C72A 
 153      23A33571 
 153      6AB942A5 
 154 0610 A04C8831 		.ascii	"\240L\2101(\014\233t\352x\210\261\340\035\234\343\015"
 154      280C9B74 
 154      EA7888B1 
 154      E01D9CE3 
 154      0D
 155 0621 2A080560 		.ascii	"*\010\005`Q\254V\245\326\213\265\304Y/\321\306\353\324"
 155      51AC56A5 
 155      D68BB5C4 
 155      592FD1C6 
 155      EBD4
 156 0633 6A955EA4 		.ascii	"j\225^\244K\320\251\364\274V\245\027*7\350c\310#\372"
 156      4BD0A9F4 
 156      BC56A517 
 156      2A37E863 
 156      C823FA
 157 0646 A3374D35 		.ascii	"\2437M5<|\205|U\304\352\265?/\222\353\\s\025G,_\241"
 157      3C7C857C 
 157      55C4EAB5 
 157      3F2F92EB 
 157      5C731547 
 158 065d 3428C511 		.ascii	"4(\305\021\237\261!\214\015+\330\260\222\014\276\021"
 158      9FB1218C 
 158      0D2BD8B0 
 158      920CBE11 
 159 066d CBC3C3B4 		.ascii	"\313\303\303\264q\0334Q\323\211\237s&\221T5;D\257U\001"
 159      711B3451 
 159      D3899F73 
 159      26915435 
 159      3B44AF55 
 160 0682 28E475D3 		.ascii	"(\344u\323\177\264\017\301$"
ARM GAS  /var/folders/fq/ltb3dbq95yq6ljzx21t9gnkc0000gn/T//ccgi2MRg.s 			page 12


 160      7FB40FC1 
 160      24
 161              		.text
 162              		.section	.gnu.lto_.symtab.4b25037e8f781450,"",%progbits
 163 0000 5F5F6561 		.ascii	"__early_init\000\000\000\000\000\000\000\000\000\000"
 163      726C795F 
 163      696E6974 
 163      00000000 
 163      00000000 
 164 0016 0000AC00 		.ascii	"\000\000\254\000\000\000boardInit\000\000\000\000\000"
 164      0000626F 
 164      61726449 
 164      6E697400 
 164      00000000 
 165 002a 00000000 		.ascii	"\000\000\000\000\000\000\000\256\000\000\000pal_def"
 165      000000AE 
 165      00000070 
 165      616C5F64 
 165      6566
 166 003c 61756C74 		.ascii	"ault_config\000\000\000\000\000\000\000\000\000\000"
 166      5F636F6E 
 166      66696700 
 166      00000000 
 166      00000000 
 167 0051 0000F900 		.ascii	"\000\000\371\000\000\000stm32_clock_init\000\000\002"
 167      00007374 
 167      6D33325F 
 167      636C6F63 
 167      6B5F696E 
 168 006a 00000000 		.ascii	"\000\000\000\000\000\000\000\000\000\260\000\000\000"
 168      00000000 
 168      00B00000 
 168      00
 169              		.text
 170              		.section	.gnu.lto_.opts,"",%progbits
 171 0000 272D666E 		.ascii	"'-fno-trapv' '-mcpu=cortex-m0' '-mno-thumb-interwor"
 171      6F2D7472 
 171      61707627 
 171      20272D6D 
 171      6370753D 
 172 0033 6B272027 		.ascii	"k' '-mthumb' '-ggdb' '-O2' '-fomit-frame-pointer' '"
 172      2D6D7468 
 172      756D6227 
 172      20272D67 
 172      67646227 
 173 0066 2D66616C 		.ascii	"-falign-functions=16' '-ffunction-sections' '-fdata"
 173      69676E2D 
 173      66756E63 
 173      74696F6E 
 173      733D3136 
 174 0099 2D736563 		.ascii	"-sections' '-fno-common' '-flto'\000"
 174      74696F6E 
 174      73272027 
 174      2D666E6F 
 174      2D636F6D 
 175              		.text
 176              		.comm	__gnu_lto_v1,1,1
ARM GAS  /var/folders/fq/ltb3dbq95yq6ljzx21t9gnkc0000gn/T//ccgi2MRg.s 			page 13


 177              		.comm	__gnu_lto_slim,1,1
 178              		.ident	"GCC: (GNU Tools for ARM Embedded Processors) 4.9.3 20150303 (release) [ARM/embedded-4_9-br
ARM GAS  /var/folders/fq/ltb3dbq95yq6ljzx21t9gnkc0000gn/T//ccgi2MRg.s 			page 14


DEFINED SYMBOLS
                            *ABS*:0000000000000000 board.c
                            *COM*:0000000000000001 __gnu_lto_v1
                            *COM*:0000000000000001 __gnu_lto_slim

NO UNDEFINED SYMBOLS
