ARM GAS  /var/folders/fq/ltb3dbq95yq6ljzx21t9gnkc0000gn/T//ccgdnZEb.s 			page 1


   1              		.cpu cortex-m0
   2              		.fpu softvfp
   3              		.eabi_attribute 20, 1
   4              		.eabi_attribute 21, 1
   5              		.eabi_attribute 23, 3
   6              		.eabi_attribute 24, 1
   7              		.eabi_attribute 25, 1
   8              		.eabi_attribute 26, 1
   9              		.eabi_attribute 30, 2
  10              		.eabi_attribute 34, 0
  11              		.eabi_attribute 18, 4
  12              		.code	16
  13              		.file	"chcore_v6m.c"
  14              		.text
  15              	.Ltext0:
  16              		.section	.gnu.lto_.profile.3b9cffce39d1d834,"",%progbits
  17 0000 789C6366 		.ascii	"x\234cf```a\200\000F\006%q\000\000\317\000B"
  17      60606061 
  17      80004606 
  17      25710000 
  17      CF0042
  18              		.text
  19              		.section	.gnu.lto_.jmpfuncs.3b9cffce39d1d834,"",%progbits
  20 0000 789C6366 		.ascii	"x\234cf\300\016\270\2414\023\0203\002A=\003\003\000"
  20      C00EB8A1 
  20      34131033 
  20      02413D03 
  20      0300
  21 0012 03260094 		.ascii	"\003&\000\224"
  22              		.text
  23              		.section	.gnu.lto_.inline.3b9cffce39d1d834,"",%progbits
  24 0000 789C6366 		.ascii	"x\234cf\300\016b\2404\023\003\003'\007#\003\023\317"
  24      C00E62A0 
  24      34130303 
  24      27072303 
  24      13CF
  25 0012 835806B6 		.ascii	"\203X\006\266\005\362L 1F\006!\021Ff\206\314\217L\214"
  25      05F24C20 
  25      31460621 
  25      11466686 
  25      CC8F4C8C 
  26 0026 3D4BFB67 		.ascii	"=K\373gs\277`\372\311\304\360\361\377\377\377\374\014"
  26      73BF60FA 
  26      C9C4F0F1 
  26      FFFFFFFC 
  26      0C
  27 0037 8CCB19A5 		.ascii	"\214\313\031\245\030\0302 \024#\003\003\013P9X\033\313"
  27      18183220 
  27      14230303 
  27      0B503958 
  27      1BCB
  28 0049 02790106 		.ascii	"\002y\001\006\261UU,`C\271\301\022\000u|\0212"
  28      B155552C 
  28      6043B9C1 
  28      1200757C 
  28      1132
  29              		.text
ARM GAS  /var/folders/fq/ltb3dbq95yq6ljzx21t9gnkc0000gn/T//ccgdnZEb.s 			page 2


  30              		.section	.gnu.lto_.pureconst.3b9cffce39d1d834,"",%progbits
  31 0000 789C6366 		.ascii	"x\234cf```e\200\000&\006+F+\000\001y\000\200"
  31      60606065 
  31      80002606 
  31      2B462B00 
  31      01790080 
  32              		.text
  33              		.section	.gnu.lto_NMI_Handler.3b9cffce39d1d834,"",%progbits
  34 0000 789C8D52 		.ascii	"x\234\215RKO\023Q\024>\347\336aZ\251\200q\301\202M\233"
  34      4B4F1351 
  34      143EE7DE 
  34      615AA980 
  34      71C1824D 
  35 0015 10434C1A 		.ascii	"\020CL\032\2521qg\214!1q\321H\350\0170f,\201\010\264"
  35      AA317167 
  35      8C213171 
  35      D148E80F 
  35      30662C81 
  36 002b 698BE28A 		.ascii	"i\213\342\212i\2554,T\024\225\2620\342\202\370\000\001"
  36      69AD342C 
  36      541495B2 
  36      30E282F8 
  36      0001
  37 003d 151FE083 		.ascii	"\025\037\340\203\252\250\004\025\210\0064\342c,\020"
  37      AAA80415 
  37      880634E2 
  37      632C10
  38 004c 25294AC5 		.ascii	"%)J\305\007\215!x\317\264\032\012.l\246w\346\236\363"
  38      078D2178 
  38      CFB41A0A 
  38      2E6CA677 
  38      E69EF3
  39 005f 7DE77CE7 		.ascii	"}\347|\347\273\227\303\312_\236\370\017s\200Q\361F\016"
  39      BB97C3CA 
  39      5F9EF80F 
  39      738051F1 
  39      460E
  40 0071 C81A8600 		.ascii	"\310\032\206\000\374F\206H\037\200P\313\260\026\247"
  40      FC468648 
  40      1F8050CB 
  40      B016A7
  41 0080 599C6143 		.ascii	"Y\234aC\244-l*hUUu\366\371\260\2778\202\011\0060\307"
  41      A42D6C2A 
  41      68555575 
  41      F6F9B0BF 
  41      38820906 
  42 0096 9275F01C 		.ascii	"\222u\360\034\026\200\000\235\032}f\344V\244\317\236"
  42      1680009D 
  42      1A7D66E4 
  42      56A4CF9E 
  43 00a6 8E6FCF4C 		.ascii	"\216o\317L\237X\202\241\205\266\275\307\007\3022m\231"
  43      9F5882A1 
  43      85B6BDC7 
  43      07C2326D 
  43      99
  44 00b7 44DBC32F 		.ascii	"D\333\303/\243ZN\376YU\015h\365\023OV\253\003jP[\\4"
  44      A35A4EFE 
ARM GAS  /var/folders/fq/ltb3dbq95yq6ljzx21t9gnkc0000gn/T//ccgdnZEb.s 			page 3


  44      59550D68 
  44      F5134F56 
  44      AB036A50 
  45 00ce 2718C7F3 		.ascii	"'\030\307\363\310EY\274\200yx\021\363RB\005%\036\\x"
  45      C84559BC 
  45      80797811 
  45      F3524205 
  45      251E5C78 
  46 00e2 69928342 		.ascii	"i\222\203B\300\032l\303\374dolG\031\001\030E\004\346"
  46      C01A6CC3 
  46      FC646F6C 
  46      47190118 
  46      4504E6
  47 00f5 C29BEF91 		.ascii	"\302\233\357\221l\276Q\027\360\341\353\227\031\324["
  47      6CBE5117 
  47      F0E1EB97 
  47      19D45B
  48 0104 CCCE778F 		.ascii	"\314\316w\217\3476\253-\201c\352\342\342V!\\\302K\377"
  48      E736AB2D 
  48      8163EAE2 
  48      E256215C 
  48      C24BFF
  49 0117 6A821D98 		.ascii	"j\202\035\230\337\2716\"@\267\246C\241M\315\314  \242"
  49      DFB93622 
  49      40B7A643 
  49      A14DCDCC 
  49      2020A2
  50 012a 30D75709 		.ascii	"0\327W\011\022,C\326A\000\223\2429Y4\305\030\275\371"
  50      122C43D6 
  50      410093A2 
  50      395934C5 
  50      18BDF9
  51 013d 38FAA3F1 		.ascii	"8\372\243\361\370u\236\246Sk\215j\262.q\216\341\362"
  51      F8759EA6 
  51      536B8D6A 
  51      B22E718E 
  51      E1F2
  52 014f 11A80C76 		.ascii	"\021\250\014v\242,\332v\211U\014\341\024\210\306\333"
  52      A22CDA76 
  52      89550CE1 
  52      1488C6DB 
  53 015f 47FB72CC 		.ascii	"G\373r\314\336\323j\330\222`2qb\363/\372\015\222h\207"
  53      DED36AD8 
  53      92603271 
  53      62F32FFA 
  53      0D926887 
  54 0173 97D1AC1B 		.ascii	"\227\321\254\033q\246KM\230D\004\257\240\364\223Q\201"
  54      71A64B4D 
  54      984404AF 
  54      A0F49351 
  54      81
  55 0184 AB28C118 		.ascii	"\253(\301\030\0064R@\325\2508e^c\340U\250\251~\302D"
  55      06345240 
  55      D5A83865 
  55      5E63E055 
  55      A8A97EC2 
  56 0199 1A7E3246 		.ascii	"\032~2F\2611d\272im\004a\002r0\\\3679\234\235Dp\021"
ARM GAS  /var/folders/fq/ltb3dbq95yq6ljzx21t9gnkc0000gn/T//ccgdnZEb.s 			page 4


  56      B13164BA 
  56      696D0461 
  56      0272305C 
  56      F7399C9D 
  57 01b0 5A7A76CC 		.ascii	"Zzv\314\002\330-\374I#q\252\373.\364\250YN\222$\012"
  57      02D82DFC 
  57      492371AA 
  57      FB2EF4A8 
  57      594E9224 
  58 01c5 A510827C 		.ascii	"\245\020\202|\344\261\177P\342\373\365\201\337>\015"
  58      E4B17F50 
  58      E2FBF581 
  58      DF3E0D
  59 01d4 96274F79 		.ascii	"\226'Oy\241]\376{\306\022^\373\247\375\327\251\272\004"
  59      A15DFE7B 
  59      C6125EFB 
  59      A7FDD7A9 
  59      BA04
  60 01e6 E31888C6 		.ascii	"\343\030\210\306\247n,\3632XJ\371\224\233l\231\233\200"
  60      A76E2CF3 
  60      32584AF9 
  60      949B6C99 
  60      9B80
  61 01f8 3774276F 		.ascii	"7t'o\322m@\250C\221~\037\233o\344\346\023\230\364\322"
  61      D26D40A8 
  61      43917E1F 
  61      9B6FE4E6 
  61      1398F4D2 
  62 020c 408C93E3 		.ascii	"@\214\223\343\277\374\231\272\227=\177\274\034\351\252"
  62      BFFC99BA 
  62      973D7FBC 
  62      1CE9AA
  63 021b CF202F7B 		.ascii	"\317 /{\311KIdn\241$\342C\227\373\257\030\314M\270\344"
  63      C94B4964 
  63      6EA124E2 
  63      4397FBAF 
  63      18CC4DB8 
  64 0230 20B4AED6 		.ascii	" \264\256\326\207\250\223o\023\031\357 I\365Ggg\254"
  64      87A8936F 
  64      1319EF20 
  64      49F54767 
  64      67AC
  65 0242 E94A274B 		.ascii	"\351J'KS*y\272J\355\307`,\003\360.\245\244\364T\344"
  65      532A79BA 
  65      4AEDC760 
  65      2C03F02E 
  65      A5A4F454 
  66 0257 752E601F 		.ascii	"u.`\037%2VL\026\321'\273\247\257\360\220&\033\014\265"
  66      2532564C 
  66      16D127BB 
  66      A7AFF090 
  66      261B0CB5 
  67 026b FC90CC43 		.ascii	"\374\220\314C)qFb\214\304\036\365\256\322\305\335\327"
  67      29714662 
  67      8CC41EF5 
  67      AED2C5DD 
  67      D7
ARM GAS  /var/folders/fq/ltb3dbq95yq6ljzx21t9gnkc0000gn/T//ccgdnZEb.s 			page 5


  68 027c C53D10E2 		.ascii	"\305=\020\342\336\241_;\364\321HZ\310\336Iq\007\305"
  68      DEA15F3B 
  68      F4D1485A 
  68      C8DE4971 
  68      07C5
  69 028e 551598F5 		.ascii	"U\025\230\365\205\205\266\344\343\362\332<>\233\333"
  69      8585B6E4 
  69      E3F2DA3C 
  69      3E9BDB
  70 029d E5F1796D 		.ascii	"\345\361ym\333J\354E\366\032\233R\246\270<\316]\373"
  70      DB4AEC45 
  70      F61A9B52 
  70      A6B83CCE 
  70      5DFB
  71 02af 3657162A 		.ascii	"6W\026* )\276\032\267\354qz\253+|\326\245,g\215\317"
  71      2029BE1A 
  71      B7EC717A 
  71      AB2B7CD6 
  71      A52C678D 
  72 02c4 566477EC 		.ascii	"Vdw\354p\330\312\253\224\212\352=N\233\316R*\267WW)"
  72      70D8CAAB 
  72      948AEA3D 
  72      4E9BCE52 
  72      2AB75757 
  73 02d9 85659065 		.ascii	"\205e\220e/qX\326m\260Z\334^w&\360-\036\310\366\271"
  73      2F7158D6 
  73      6DB05ADC 
  73      5E7726F0 
  73      2D1EC8F6 
  74 02ee DC3B4B8B 		.ascii	"\334;K\213=.\305\341\333\255\354\315\262;J(i\025\250"
  74      3D2EC5E1 
  74      DBADECCD 
  74      B23B4A28 
  74      6915A8
  75 0301 4C601EE0 		.ascii	"L`\036\340^\367\177\013+\003\243\342\366\226;-\345`"
  75      5EF77F0B 
  75      2B03A3E2 
  75      F6963B2D 
  75      E560
  76 0313 A87456BA 		.ascii	"\250tV\272<\007\3407\346\007\217l"
  76      3C07E037 
  76      E6078F6C 
  77              		.text
  78              		.section	.gnu.lto__port_irq_epilogue.3b9cffce39d1d834,"",%progbits
  79 0000 789C9554 		.ascii	"x\234\225T\355O\233U\024\277\347>/--/\213\037\346\234"
  79      ED4F9B55 
  79      14BFE73E 
  79      2F2D2D2F 
  79      8B1FE69C 
  80 0014 89252164 		.ascii	"\211%!d32\252F\367I\242f\211\211F\342\002\177\200\321"
  80      3332AA46 
  80      F749A266 
  80      898946E2 
  80      027F80D1 
  81 0028 AE0B4458 		.ascii	"\256\013DX\233\266\030\374\260\354i\251\342\22296\026"
  81      9BB618FC 
  81      B0EC69A9 
ARM GAS  /var/folders/fq/ltb3dbq95yq6ljzx21t9gnkc0000gn/T//ccgdnZEb.s 			page 6


  81      E2923936 
  81      16
  82 0039 2706110C 		.ascii	"'\006\021\014!\016\331\240\314\275\361\242\253\302\006"
  82      210ED9A0 
  82      CCBDF1A2 
  82      ABC206
  83 0048 C3C1D810 		.ascii	"\303\301\330\020\306\306\204\332\214dK\030\322\341("
  83      C6C684DA 
  83      8C644B18 
  83      D2E128
  84 0057 15B19E73 		.ascii	"\025\261\236s\237N(\303D\233\247\367y\356y\373\235\363"
  84      9F4E28C3 
  84      449BA7F7 
  84      79EE79FB 
  84      9DF3
  85 0069 3BE75E89 		.ascii	";\347^\211=\372{\023\377\177*\214\215\343\033\014\014"
  85      3DFA7B13 
  85      FF7F2A8C 
  85      8DE31B0C 
  85      0C
  86 007a F8A121C6 		.ascii	"\370\241!\306\274F\316\245\332<\246\231\324\007\033"
  86      BC46CEA5 
  86      DA3CA699 
  86      D4071B
  87 0089 98962A71 		.ascii	"\230\226*q\271\373)\334)?[q'\203\252\033)\017?T\000"
  87      B9FB29DC 
  87      293F5B71 
  87      2783AA1B 
  87      290F3F54 
  88 009e FA60C0F6 		.ascii	"\372`\300\366qIVT\330\007wy\204\303\241`K\215yK\223"
  88      71495654 
  88      D8077779 
  88      84C3A160 
  88      4B8D794B 
  89 00b3 A66973E1 		.ascii	"\246is\341\256M\037n\212q\306\346\271\016\014_\303\026"
  89      AE4D1F6E 
  89      8A71C6E6 
  89      B90E0C5F 
  89      C316
  90 00c5 3499BD74 		.ascii	"4\231\275t<\314\245\034`\370\335\321\372\373\240\371"
  90      3CCCA51C 
  90      60F8DDD1 
  90      FAFBA0F9 
  91 00d5 0E8F71C8 		.ascii	"\016\217q\310\244mgu\177\215J[.\3236\334so\322\220\335"
  91      A46D6775 
  91      7F8D4A5B 
  91      2ED336DC 
  91      736FD290 
  92 00ea A869BEE0 		.ascii	"\250i\276\340\300I\355\0259\306%8\006\022\306\203f\330"
  92      C049ED15 
  92      39C62538 
  92      0612C683 
  92      66D8
  93 00fc 0CDFC066 		.ascii	"\014\337\300f\206\"\006-\220M\346\021\377\362u\263\352"
  93      8622062D 
  93      904DE611 
  93      FFF275B3 
ARM GAS  /var/folders/fq/ltb3dbq95yq6ljzx21t9gnkc0000gn/T//ccgdnZEb.s 			page 7


  93      EA
  94 010d 47EC0D3A 		.ascii	"G\354\015:&\034\007\025\030\243\274\216\216\016\032"
  94      261C0715 
  94      18A3BC8E 
  94      8E0E1A
  95 011c 25ABC0FC 		.ascii	"%\253\300\374\344z8\224\221\365\025F\015\335m\034J\325"
  95      E47A3894 
  95      91F51546 
  95      0DDD6D1C 
  95      4AD5
  96 012e FA357F28 		.ascii	"\3725\177(\036\267\304\270\014'\222\203'\322n\205,t"
  96      1EB7C4B8 
  96      0C279283 
  96      27D26E85 
  96      2C74
  97 0140 6BBEF520 		.ascii	"k\276\365 \230.\275 B\374z\377\267{ B\314-\235\232\330"
  97      982EBD20 
  97      42FC7AFF 
  97      B77B2042 
  97      CC2D9D9A 
  98 0155 F8B9D6E0 		.ascii	"\370\271\326\340;\254\305\343/C\214+\320\266n\220\000"
  98      3BACC5E3 
  98      2F438C2B 
  98      D0B66E90 
  98      00
  99 0166 64B53D16 		.ascii	"d\265=\026D\243\256H\335\027\3175g\247s\240\274e\241"
  99      44A3AE48 
  99      DD17CF35 
  99      67A773A0 
  99      BC65A1
 100 0179 5104882A 		.ascii	"Q\004\210*V\003\326\244\232q10v\033\253 \232\2479\247"
 100      5603D6A4 
 100      9A713130 
 100      761BAB20 
 100      9AA739A7 
 101 018d B7340AFE 		.ascii	"\2674\012\376\033\025\215U*\025\026\345T\327\201\246"
 101      1B158D55 
 101      2A1516E5 
 101      54D781A6 
 102 019d AA5A41A0 		.ascii	"\252ZA\2401\022\217\3073\030\264' \247\221\230\332<"
 102      31128FC7 
 102      3318B427 
 102      20A79198 
 102      DA3C
 103 01af 6902BCE1 		.ascii	"i\002\274\341h\307\011)\231\036\302\021\354\260d\336"
 103      68C70929 
 103      991EC211 
 103      ECB064DE 
 104 01bf 42D37F6C 		.ascii	"B\323\177lep\022\324y\016k4\355}S/2\370\226T<Y\025<"
 104      657012D4 
 104      790E6B34 
 104      ED7D532F 
 104      32F89654 
 105 01d7 B791C129 		.ascii	"\267\221\301)RHk\273\000\247\011\002\316\210\225U\003"
 105      52486BBB 
 105      00A70902 
 105      CE889555 
ARM GAS  /var/folders/fq/ltb3dbq95yq6ljzx21t9gnkc0000gn/T//ccgdnZEb.s 			page 8


 105      03
 106 01e8 AA072A1B 		.ascii	"\252\007*\033\026dK-\324i5\2311\236B\036\3033\027;S"
 106      16644B2D 
 106      D4693599 
 106      319E421E 
 106      C333173B 
 107 01fd 642C15CE 		.ascii	"d,\025\316\202\005\327s 3\312{!\262=9\207\013K\303r"
 107      8205D773 
 107      2033CA7B 
 107      21B23D39 
 107      870B4BC3 
 108 0212 223D790D 		.ascii	"\"=y\015\024\261\310\240C\000u\342\212mo$\270#\335U"
 108      14B1C8A0 
 108      430075E2 
 108      8A6D6F24 
 108      B823DD55 
 109 0226 E7332CED 		.ascii	"\3473,\355\0118\023y\315,\216\364\032\004\\\027\301"
 109      09381379 
 109      CD2C8EF4 
 109      1A045C17 
 109      C1
 110 0237 A1A43EA0 		.ascii	"\241\244>\240\305\314(\201n\220\243\030\232\301w\230"
 110      C5CC2881 
 110      6E90A318 
 110      9AC17798 
 111 0247 C218F842 		.ascii	"\302\030\370B\321\310\031\211\342Qx\322\334\004\337"
 111      D1C81989 
 111      E25178D2 
 111      DC04DF
 112 0256 78E567B3 		.ascii	"x\345g\263=*e\021\345\012\311\306\200\323\2168E\011"
 112      3D2A6511 
 112      E50AC9C6 
 112      80D38E38 
 112      4509
 113 0268 9A54D47C 		.ascii	"\232T\324|4V\377\274nAF\210pg\177\377b\212\030\354\220"
 113      3456FFBC 
 113      6E414688 
 113      70677FFF 
 113      628A18EC 
 114 027d DEA6EFB1 		.ascii	"\336\246\357\261MI\216*\305\236\254\234\2557\351\216"
 114      4D498E2A 
 114      C59EAC9C 
 114      AD37E98E 
 115 028d 0612252C 		.ascii	"\006\022%,0\300\301>\357\200,\235\006\321\226_.\373"
 115      30C0C13E 
 115      EF802C9D 
 115      06D1965F 
 115      2EFB
 116 029f 8BF5019E 		.ascii	"\213\365\001\236\354\261\007\375\015\332_\361\270\030"
 116      ECB107FD 
 116      0DDA5FF1 
 116      B818
 117 02ad BDF3EB8E 		.ascii	"\275\363\353\216^\220\342\033\220R_8:}6y\024BM\361\255"
 117      5E90E21B 
 117      90525F38 
 117      3A7D3679 
 117      14424DF1 
ARM GAS  /var/folders/fq/ltb3dbq95yq6ljzx21t9gnkc0000gn/T//ccgdnZEb.s 			page 9


 118 02c2 6490A055 		.ascii	"d\220\240Uy\244\203?\010J\177\244\203\004\254\227(\235"
 118      79A4833F 
 118      084A7FA4 
 118      8304AC97 
 118      289D
 119 02d4 9A593C22 		.ascii	"\232Y<\"Y\256%(5\223\307\247\023K^\223\240\264\347!"
 119      59AE2528 
 119      3593C7A7 
 119      134B5E93 
 119      A0B4E721 
 120 02e8 A5C381FD 		.ascii	"\245\303\201\375\012Q\332K\224\342(\303\005\220Q>\324"
 120      0A51DA4B 
 120      94E228C3 
 120      0590513E 
 120      D4
 121 02f9 DE7BD260 		.ascii	"\336{\322`\031]\335\217P\240\011u\344|Q\264\277\017"
 121      195DDD8F 
 121      50A00975 
 121      E47C51B4 
 121      BF0F
 122 030b 04CF7381 		.ascii	"\004\317s\201^\237\222\250\376\346x\307\262\201\350"
 122      5E9F92A8 
 122      FEE678C7 
 122      B281E8
 123 031a 9375FAE8 		.ascii	"\223u\372\3508\266\035\016HuP\353\305\001|\"\306S\221"
 123      38B61D0E 
 123      487550EB 
 123      C5017C22 
 123      C65391
 124 032d 67E8A79A 		.ascii	"g\350\247\232\011|\364\350r\332\266g\350\272\270\004"
 124      097CF4E8 
 124      72DAB667 
 124      E8BAB804 
 125 033d 75705FDC 		.ascii	"up_\334?0\000\333PW\335q\343\200I\034\030\254\317\310"
 125      3F3000DB 
 125      5057DD71 
 125      E380491C 
 125      18ACCFC8 
 126 0351 E027F4B9 		.ascii	"\340'\364\271\005\025\301\232\004\357f\264\371r\344"
 126      0515C19A 
 126      04EF66B4 
 126      F972E4
 127 0360 602BDFBB 		.ascii	"`+\337\273\244}\254\031c<m\236\023\003\227a/\236\311"
 127      A47DAC19 
 127      633C6D9E 
 127      13039761 
 127      2F9EC9
 128 0373 74268EE0 		.ascii	"t&\216\340\273+\266S\267\257\\5R<\252q\360\237\303'"
 128      BB2BB653 
 128      B7AF5C35 
 128      523CAA71 
 128      F09FC327 
 129 0387 B3B9C725 		.ascii	"\263\271\307%\254b\241r\341\330\316D\025\253S~\362\337"
 129      AC62A172 
 129      E1D8CE44 
 129      15AB537E 
 129      F2DF
ARM GAS  /var/folders/fq/ltb3dbq95yq6ljzx21t9gnkc0000gn/T//ccgdnZEb.s 			page 10


 130 0399 531E1229 		.ascii	"S\036\022)\003\245|E\244\274\222N\360\245\030\317\230"
 130      03A57C45 
 130      A4BC924E 
 130      F0A518CF 
 130      98
 131 03aa 1750C398 		.ascii	"\027P\303\230\017\001)\254%[\007\232l\376\237@WW\200"
 131      0F0129AC 
 131      255B079A 
 131      6CFE9F40 
 131      575780
 132 03bd AEAD0F64 		.ascii	"\256\255\017dD\325H\002H\0257\320$x\203#o\350W\007\335"
 132      44D54802 
 132      481537D0 
 132      24788323 
 132      6FE85707 
 133 03d2 4F4052E4 		.ascii	"O@R\344\367\351\334\\\253\3768\334V\227\307\352t\270"
 133      F7E9DC5C 
 133      ABFE38DC 
 133      5697C7EA 
 133      74B8
 134 03e4 3C6EEBAB 		.ascii	"<n\353\253\005\371;\362\313\255\266\"\233\303e\177\373"
 134      05F93BF2 
 134      CBADB622 
 134      9BC3657F 
 134      FB
 135 03f5 FDEDA5B9 		.ascii	"\375\355\245\2716\306K\\\262\315S\356T]vwY\211'g\265"
 135      36C64B5C 
 135      B2CD53EE 
 135      545D7677 
 135      59892767 
 136 040a A3BDDC63 		.ascii	"\243\275\334c\335\221_\370z\241\265x\217\255\244l\227"
 136      DD915FF8 
 136      7AA1B578 
 136      8FADA46C 
 136      97
 137 041b DD2A1C6D 		.ascii	"\335*\034m\245\257\225\355\261\345\026\375g\224\"f\264"
 137      A5AF95ED 
 137      B1E516FD 
 137      67942266 
 137      B4
 138 042c 39DDC5BB 		.ascii	"9\335\305\2732\213\231\241\324^\352p}\300\322\362\013"
 138      328B99A1 
 138      D45EEA70 
 138      7DC0D2F2 
 138      0B
 139 043d 0A33B39F 		.ascii	"\0123\263\237\315\311t\272\235&&\345\271X\272\307\341"
 139      CDC974BA 
 139      9D2626E5 
 139      B958BAC7 
 139      E1
 140 044e 7C6BF74E 		.ascii	"|k\367N\227\303V\350y\307\366^Z~a\001)s\320\312\304"
 140      97C356E8 
 140      79C7F65E 
 140      5A7E6101 
 140      2973D0CA 
 141 0463 B88B496E 		.ascii	"\270\213In'\373\033HLc6"
 141      27FB1B48 
ARM GAS  /var/folders/fq/ltb3dbq95yq6ljzx21t9gnkc0000gn/T//ccgdnZEb.s 			page 11


 141      4C6336
 142              		.text
 143              		.section	.gnu.lto_.symbol_nodes.3b9cffce39d1d834,"",%progbits
 144 0000 789C4DC8 		.ascii	"x\234M\310\273\015\2000\000\304P_\222\"C0\032\273\\"
 144      BB0D8030 
 144      00C4505F 
 144      92224330 
 144      1ABB5C
 145 0013 4A4A247E 		.ascii	"JJ$~\035\242`\027:X\011$@\212\273\347\010\264|\205A"
 145      1DA26017 
 145      3A580924 
 145      408ABBE7 
 145      08B47C85 
 146 0028 86FE049B 		.ascii	"\206\376\004\233u\313\204QV=4\313\341\035\224\356\361"
 146      75CB8451 
 146      563D34CB 
 146      E11D94EE 
 146      F1
 147 0039 22C7DA93 		.ascii	"\"\307\332\223\234~\227LTb?\256\206\033\202\242\030"
 147      9C7E974C 
 147      54623FAE 
 147      861B82A2 
 147      18
 148 004a 3B       		.ascii	";"
 149              		.text
 150              		.section	.gnu.lto_.refs.3b9cffce39d1d834,"",%progbits
 151 0000 789C6366 		.ascii	"x\234cf``\340d\200\000&F&&~&f\001\006\000\001\235\000"
 151      6060E064 
 151      80002646 
 151      26267E26 
 151      66010600 
 152 0017 38       		.ascii	"8"
 153              		.text
 154              		.section	.gnu.lto_.decls.3b9cffce39d1d834,"",%progbits
 155 0000 789C8D56 		.ascii	"x\234\215VkP\024W\026\356\333w\030\230\207\203\205\273"
 155      6B501457 
 155      16EEDB77 
 155      18988783 
 155      85BB
 156 0012 89E1CFA2 		.ascii	"\211\341\317\242\265K\305-t\022S\265\225\037\251\322"
 156      B54BC52D 
 156      741253B5 
 156      951FA9D2 
 157 0022 C4AADDB8 		.ascii	"\304\252\335\270[&T\254\375\225\037\2758L\234)\207\031"
 157      5B2654AC 
 157      FD951FBD 
 157      384C9C29 
 157      8719
 158 0034 9C1936E4 		.ascii	"\234\0316\344_#\242\204\370\012\032\004\327\260\243"
 158      5F23A284 
 158      F80A1A04 
 158      D7B0A3
 159 0043 0C22833C 		.ascii	"\014\"\203<\002\212\362\020\320\004\203@\024\021_!\274"
 159      028AF210 
 159      D0048340 
 159      14115F21 
 159      BC
ARM GAS  /var/folders/fq/ltb3dbq95yq6ljzx21t9gnkc0000gn/T//ccgdnZEb.s 			page 12


 160 0054 7C1B9C38 		.ascii	"|\033\2348<\"\017\205\331s\357\235\236i\006\250\315"
 160      3C220F85 
 160      D973EF9D 
 160      9E6906A8 
 160      CD
 161 0065 2D0E3DE7 		.ascii	"-\016=\347\3669\337\371\316\351\323\3476\3468\356\217"
 161      F639DFF9 
 161      CEE9D3E7 
 161      36E638EE 
 161      8F
 162 0076 88E3FCB0 		.ascii	"\210\343\374\260f4\034\267\215\3478\014{\211 \260\315"
 162      66341CB7 
 162      8DE7380C 
 162      7B8920B0 
 162      CD
 163 0087 7DC8B115 		.ascii	"}\310\261\025\001r\012\244\006\344\014\310Y\220fn\376"
 163      01720AA4 
 163      06E40CC8 
 163      5990666E 
 163      FE
 164 0098 2236AA80 		.ascii	"\"6\252\200\277\016D\013r\033d\000d\005\310\317 ^\220"
 164      BF0E440B 
 164      721B6400 
 164      6405C8CF 
 164      205E90
 165 00ab D180BD32 		.ascii	"\321\200\2752\3403\001\362\022d\226c\2011\232\217Mb"
 165      E03301F2 
 165      12649663 
 165      81319A8F 
 165      4D62
 166 00bd 2F0DC3AE 		.ascii	"/\015\303\256\014\303\257\017p\036\225\305\272\011\242"
 166      0CC3AF0F 
 166      701E95C5 
 166      BA09A2
 167 00cc 00BCF324 		.ascii	"\000\274\363$\017\270B\212\\\017HW\200+\301\215\204"
 167      0FB8428A 
 167      5C0F4857 
 167      802BC18D 
 167      84
 168 00dd 7D158816 		.ascii	"}\025\210\026\205\2704\313r\015_#<\252\253\030\377A"
 168      85B834CB 
 168      720D5F23 
 168      3CAAAB18 
 168      FF41
 169 00ef F398473A 		.ascii	"\363\230G:u\034Q\353s\333\362\225\240j\325\012\2426"
 169      751C51EB 
 169      73DBF295 
 169      A06AD50A 
 169      A236
 170 0101 BCB8DBA3 		.ascii	"\274\270\333\243x\365+\021\326\201Lq\251\002%\276\202"
 170      78F52B11 
 170      D6814C71 
 170      A90225BE 
 170      82
 171 0112 4A502C3A 		.ascii	"JP,:\211b!\301R\364*\374\377X\301\220\216\367O\277P"
 171      896221C1 
 171      52F42AFC 
ARM GAS  /var/folders/fq/ltb3dbq95yq6ljzx21t9gnkc0000gn/T//ccgdnZEb.s 			page 13


 171      FF58C190 
 171      8EF74FBF 
 172 0127 611E91DF 		.ascii	"a\036\221\337E\371C=\352\004\017\270e\213->\024\012"
 172      45F9433D 
 172      EA040FB8 
 172      658B2D3E 
 172      140A
 173 0139 5733DA5F 		.ascii	"W3\332_\214\343\012EW\225\257|\372\216Vl\023[\374\376"
 173      8CE30A45 
 173      5795AF7C 
 173      FA8E566C 
 173      135BFCFE 
 174 014d 75140A79 		.ascii	"u\024\012y\020Fe(\201\326\016~S\027t\012\305\201[\367"
 174      10466528 
 174      81D60E7E 
 174      5317740A 
 174      C5815BF7 
 175 0161 689D1889 		.ascii	"h\235\030\211\327\021l~\357\265\201Y\005\212\327\272"
 175      D7116C7E 
 175      EFB58159 
 175      058AD7BA 
 176 0171 01DD975F 		.ascii	"\001\335\227_4\226\236!\256G\225H\213\312\203\376\350"
 176      34969E21 
 176      AE479548 
 176      8BCA83FE 
 176      E8
 177 0182 432D8B98 		.ascii	"C-\213\230#\212;\010sU\233NN\035U\240x\260\011X\003"
 177      238A3B08 
 177      73559B4E 
 177      4E1D55A0 
 177      78B00958 
 178 0197 FEF39DA5 		.ascii	"\376\363\235\245?\352\024PR\012\3641\315=\367\350\314"
 178      3FEA1450 
 178      520AF431 
 178      CD3DF7E8 
 178      CC
 179 01a8 73DDA2B9 		.ascii	"s\335\242\271\177Cs\257B\201\344K\206\353=*l\245\311"
 179      7F4373AF 
 179      4281E44B 
 179      86EB3D2A 
 179      6CA5C9
 180 01bb 0F5F71F7 		.ascii	"\017_q\367\351\00296\356\306\005\242k\2078\353\367#"
 180      E9023936 
 180      EEC605A2 
 180      6B8738EB 
 180      F723
 181 01cd EA84AA65 		.ascii	"\352\204\252eYVKY\326\320,]U'\036E\341\014DQ\316^9\375"
 181      59564B59 
 181      D6D02C5D 
 181      55271E45 
 181      E10C4451 
 182 01e5 2B029441 		.ascii	"+\002\224A\321W\231\345y\357\313\314\003nq\320\357\377"
 182      D15799E5 
 182      79EFCBCC 
 182      036E71D0 
 182      EFFF
 183 01f7 03ABD569 		.ascii	"\003\253\325i\031\312i\011\345\014E\3518\222\327\312"
ARM GAS  /var/folders/fq/ltb3dbq95yq6ljzx21t9gnkc0000gn/T//ccgdnZEb.s 			page 14


 183      19CA6909 
 183      E50C45E9 
 183      3892D7CA 
 184 0207 E30B0CA5 		.ascii	"\343\013\014\245\350\276\267_KQ\\\245\245\273\342X\271"
 184      E8BEB75F 
 184      4B515CA5 
 184      A5BBE258 
 184      B9
 185 0218 2942AD0C 		.ascii	")B\255\014\241VB8K\021\016\347u\034\215\3047(\202\342"
 185      A1564238 
 185      4B110EE7 
 185      751C8DC4 
 185      372882E2 
 186 022c FE54FF44 		.ascii	"\376T\377D$\212U\305\307\346\213Q\250\036\251\270\335"
 186      248A55C5 
 186      C7E68B51 
 186      A81EA9B8 
 186      DD
 187 023d A4A8BE1D 		.ascii	"\244\250\276\035\007\226n\347PB,Z\005\365l\200z\222"
 187      07966EE7 
 187      50422C5A 
 187      05F56C80 
 187      7A92
 188 024f 5B1CAA83 		.ascii	"[\034\252\203\0125B\205\334\364\331\257'\273\350\\\000"
 188      0A354285 
 188      DCF4D9AF 
 188      27BBE85C 
 188      00
 189 0260 9EAD7CD8 		.ascii	"\236\255|\330g@\020\352z\313>\177\204\274\310\304>T"
 189      674010EA 
 189      7ACB3E7F 
 189      84BCC8C4 
 189      3E54
 190 0272 E5F3733A 		.ascii	"\345\363s:\354j]\241O\203{Yf%\267z\373\242ifU\336\335"
 190      EC6A5DA1 
 190      4F837B59 
 190      6625B77A 
 190      FBA26966 
 191 0289 15DA02F1 		.ascii	"\025\332\002\361\230TepBM\262\354\232\244\354\232iv"
 191      98546570 
 191      424DB2EC 
 191      9AA4EC9A 
 191      6976
 192 029b 0D9DA595 		.ascii	"\015\235\245\225<\355x\221\227\277\001Z\366\006\344"
 192      3CED7891 
 192      97BF015A 
 192      F606E4
 193 02aa 154EDF52 		.ascii	"\025N\337R\342<\326\307\377\315uW\360\3708S|\347F\206"
 193      E23CD6C7 
 193      FFCD7557 
 193      F0F83853 
 193      7CE74686 
 194 02be 74B89829 		.ascii	"t\270\230)\375\325\327Z\243\361I\246\270\277\312;\025"
 194      FDD5D75A 
 194      A3F149A6 
 194      B8BFCA3B 
 194      15
ARM GAS  /var/folders/fq/ltb3dbq95yq6ljzx21t9gnkc0000gn/T//ccgdnZEb.s 			page 15


 195 02cf 4121A288 		.ascii	"A!\242\210Z\335T\320\253\301e\354\336L\367\224\177\011"
 195      5ADD54D0 
 195      ABC165EC 
 195      DE4CF794 
 195      7F09
 196 02e1 AE604AC7 		.ascii	"\256`J\307\335\3111-5\\J\324\336c\343\317u\270\232\335"
 196      DDC9312D 
 196      355C4AD4 
 196      DE63E3CF 
 196      75B89ADD 
 197 02f5 DBDF71E6 		.ascii	"\333\337q\346b\024\256cJ\301D\347\245hj\270\234\250"
 197      6214AE63 
 197      4AC144E7 
 197      A5686AB8 
 197      9CA8
 198 0307 F94F3BF7 		.ascii	"\371O;\367b\334H\357\251g\277.:\034\205V\262\025\277"
 198      62DC48EF 
 198      A967BF2E 
 198      3A1C8556 
 198      B215BF
 199 031a 6CA50B9E 		.ascii	"l\245\013\236\207\257\262\265rcn\246\350^N;\270\015"
 199      87AFB2B5 
 199      72636EA6 
 199      E85E4E3B 
 199      B80D
 200 032c D2BF8996 		.ascii	"\322\277\211\226\205\032\3762-\347\237\341\037G\314"
 200      851AFE32 
 200      2DE79FE1 
 200      1F47CC
 201 033b 5D0DC5CA 		.ascii	"]\015\305\312\2667\250\351w\341\246\257\023\313\022"
 201      B637A8E9 
 201      77E1A6AF 
 201      13CB12
 202 034a 14346D0B 		.ascii	"\0244m\013\232v\204\233v\206\2416\007M\333\027& \203"
 202      9A76849B 
 202      7686A136 
 202      074DDB17 
 202      262083
 203 035d 6D0CDAB6 		.ascii	"m\014\332\266\206\333^\012\203\255\017\232~\273 \331"
 203      86DB5E0A 
 203      83AD0F9A 
 203      7EBB20D9 
 204 036d 90E5E5A0 		.ascii	"\220\345\345\240\345\017\013se\004Hs\016\326e)EDl8\251"
 204      E50F0B73 
 204      65044873 
 204      0ED66529 
 204      45446C38 
 205 0382 53D8FA92 		.ascii	"S\330\372\2226\243(\256wr\250\005\274/\020\357\213\001"
 205      36A328AE 
 205      7772A805 
 205      BC2F10EF 
 205      8B01
 206 0394 38B04437 		.ascii	"8\260D7\240\331\257\243\225\350*H7\310-\220+ \327@\272"
 206      A0D9AFA3 
 206      95E82A48 
 206      37C82D90 
 206      2B20D740 
ARM GAS  /var/folders/fq/ltb3dbq95yq6ljzx21t9gnkc0000gn/T//ccgdnZEb.s 			page 16


 207 03a9 407AD04A 		.ascii	"@z\320J\012D\030\015\236/n\207)\3078}\277p\242\214\023"
 207      0A44180D 
 207      9E2F6E87 
 207      29C7387D 
 207      BF70A28C 
 208 03be 3CE58703 		.ascii	"<\345\207\003\217\362\224Z\371\314\222[s\3506\242c\215"
 208      8FF2945A 
 208      F9CC925B 
 208      73E836A2 
 208      638D
 209 03d0 5CC1BAB9 		.ascii	"\\\301\272\271i\362\222\032_`\375\262'{\360\262\032"
 209      69F2921A 
 209      5F60FDB2 
 209      277BF0B2 
 209      1A
 210 03e1 B73325E3 		.ascii	"\2673%\343D\303\236Hh\236\025j\012;\360\237)\267\212"
 210      44C39E48 
 210      689E156A 
 210      0A3BF09F 
 210      29B78A
 211 03f4 AAE47C8C 		.ascii	"\252\344|\214&3\264\355\241X\244C\361j:C\313\313\356"
 211      2633B4ED 
 211      A158A443 
 211      F16A3A43 
 211      CBCBEE
 212 0407 BE9F09AF 		.ascii	"\276\237\011\257j?R\243\037C3\224x\223\225\035\342\303"
 212      6A3F52A3 
 212      1F433394 
 212      7893951D 
 212      E2C3
 213 0419 85A8F741 		.ascii	"\205\250\367A\021V\250\251-\352\205\315\237`\023\200"
 213      1156A8A9 
 213      2DEA85CD 
 213      9F601380 
 214 0429 5B5F36ED 		.ascii	"[_6\355\214@\352\370\205\235\006\027p\242\024<\345\207"
 214      8C40EAF8 
 214      859D0617 
 214      70A2143C 
 214      E587
 215 043b 5F114505 		.ascii	"_\021E\005\032\000\012wB\024\200\021\343@n@&me_\377"
 215      1A000A77 
 215      42148011 
 215      E3406E40 
 215      266D655F 
 216 0450 0B37633A 		.ascii	"\0137c:\227\356\035\255\252\215F\361\261\261ji\324<"
 216      97EE1DAD 
 216      AA8D46F1 
 216      B1B16A69 
 216      D43C
 217 0462 00E7A179 		.ascii	"\000\347\241y\243fr\035\271\301\221\341E\256\224\230"
 217      A366721D 
 217      B9C191E1 
 217      45AE9498 
 218 0472 2F57C4CB 		.ascii	"/W\304\313\203\303\353.\260\"\2678t\0378\335\243\211"
 218      83C3EB2E 
 218      B022B738 
 218      741F38DD 
ARM GAS  /var/folders/fq/ltb3dbq95yq6ljzx21t9gnkc0000gn/T//ccgdnZEb.s 			page 17


 218      A389
 219 0484 045F401D 		.ascii	"\004_@\035{\001\367U\270\307\330\373\210\211z\344\326"
 219      7B01F755 
 219      B8C7D8FB 
 219      88897AE4 
 219      D6
 220 0495 83714C55 		.ascii	"\203qLU:B\252o\366F\253\263\003C\214<7\255Z\366\330"
 220      3A42AA6F 
 220      F646ABB3 
 220      03438C3C 
 220      37AD5AF6 
 221 04aa 9E50ECD7 		.ascii	"\236P\354\327c\321c\006\355i?t/\"\346@\240\315\342\020"
 221      63D16306 
 221      ED693F74 
 221      2F22E640 
 221      A0CDE210 
 222 04be 25FE10CC 		.ascii	"%\376\020\314\037Q\363\237Q\214\344D\025\331\330\320"
 222      1F51F39F 
 222      518CE444 
 222      15D9D8D0 
 223 04ce B1B191F3 		.ascii	"\261\261\221\363\3057\376\310\305\343=\225\342\255\242"
 223      C537FEC8 
 223      C5E33D95 
 223      E2ADA2
 224 04dd E10A1FE7 		.ascii	"\341\012\037\347\035Q\005\302\271\244p\303\210\321\341"
 224      1D5105C2 
 224      B9A470C3 
 224      88D1E1
 225 04ec 9097867B 		.ascii	"\220\227\206{\312\302yi\270\214\226\362\353\2214\334"
 225      CAC27969 
 225      B88C96F2 
 225      EB9134DC 
 226 04fc DB0460A2 		.ascii	"\333\004`\242hp\030\321d#\351\271\230u\356\234\216\252"
 226      687018D1 
 226      6423E9B9 
 226      9875EE9C 
 226      8EAA
 227 050e 4A3AFBDC 		.ascii	"J:\373\334\276\274%\213\223\031\221\310\370X\362\336"
 227      BEBC258B 
 227      931991C8 
 227      F858F2DE 
 228 051e CCE17265 		.ascii	"\314\341rex\362\277\200\3713j>J\331\21406\243\224\315"
 228      78F2BF80 
 228      F9336A3E 
 228      4AD98C30 
 228      36A394CD 
 229 0532 D4F055AF 		.ascii	"\324\360U\257Z~D\220&\011\005\030\233sD\024\354{\331"
 229      5A7E4490 
 229      26090518 
 229      9B734414 
 229      EC7BD9
 230 0545 1989BFA3 		.ascii	"\031\211\277\243-\202\216=\271\263_\215\2570\305\373"
 230      2D828E3D 
 230      B9B35F8D 
 230      AF30C5FB 
 231 0555 FD6C4D04 		.ascii	"\375lM\004\034\361\350W\332\"\260s\376D\321M\015\234"
 231      1CF1E857 
ARM GAS  /var/folders/fq/ltb3dbq95yq6ljzx21t9gnkc0000gn/T//ccgdnZEb.s 			page 18


 231      DA22B073 
 231      FE44D14D 
 231      0D9C
 232 0567 202D55BE 		.ascii	" -U\276\306\375\265\333\016\303\364\244'\254+\233'\250"
 232      C6FDB5DB 
 232      0EC3F4A4 
 232      27AC2B9B 
 232      27A8
 233 0579 685C6A44 		.ascii	"h\\jD\364\034\216y\242\262^\234\240\307HvyU\243\212"
 233      F41C8E79 
 233      A2B25E9C 
 233      A0C74876 
 233      7955A38A 
 234 058d 7E32103E 		.ascii	"~2\020>\354\223\241\267f\366\227\350E?\031\246(\323"
 234      EC93A1B7 
 234      66F697E8 
 234      453F19A6 
 234      28D3
 235 059f 49E993E1 		.ascii	"I\351\223\341`\255X\022\205?W,\302nr\357\370\220\226"
 235      60AD5812 
 235      853F572C 
 235      C26E72EF 
 235      F89096
 236 05b2 B21B7C56 		.ascii	"\262\033|V\336\037\370Rj\026W(\010\016\232\016r{A\270"
 236      DE1FF852 
 236      6A165728 
 236      080E9A0E 
 236      727B41B8 
 237 05c6 4D4BDC5E 		.ascii	"MK\334^\262\003\374\352\345\030|\220!\273~\352\376\007"
 237      B203FCEA 
 237      E5187C90 
 237      21BB7EEA 
 237      FE07
 238 05d8 4BB2F2C1 		.ascii	"K\262\362\301\330\226\334`\222Q\364+`FvN\316H \263\024"
 238      D896DC60 
 238      9251F42B 
 238      6046764E 
 238      CE4820B3 
 239 05ed A4B0ABEF 		.ascii	"\244\260\253\357\211\002\237d(\263\231]\003\021\024"
 239      89029F64 
 239      28B3995D 
 239      031114
 240 05fc C65556A6 		.ascii	"\306UV\246\224\270P\010\277\014\302/A\210<\201h\377"
 240      94B85008 
 240      BF0CC22F 
 240      41883C81 
 240      68FF
 241 060e B6FB108F 		.ascii	"\266\373\020\217O/\226\242\177\364\370!m\340\001T>\374"
 241      4F2F96A2 
 241      7FF4F821 
 241      6DE00154 
 241      3EFC
 242 0620 FB9C0740 		.ascii	"\373\234\007@\2203x)\311\035<$\011*\003\317\244\340"
 242      90337829 
 242      C91D3C24 
 242      092A03CF 
 242      A4E0
ARM GAS  /var/folders/fq/ltb3dbq95yq6ljzx21t9gnkc0000gn/T//ccgdnZEb.s 			page 19


 243 0632 170F9EF1 		.ascii	"\027\017\236\361h\346LKr\360\207\312\275\223g\323\022"
 243      68E64C4B 
 243      72F087CA 
 243      BD9367D3 
 243      12
 244 0643 AEE4BCCE 		.ascii	"\256\344\274\316o\311Q\314\261.\235c\235\025\260\316"
 244      6FC951CC 
 244      B12E9D63 
 244      9D15B0CE 
 245 0653 A2D6433D 		.ascii	"\242\326C=7\272`\2662\342n\217\247O\035(a\361\263y%"
 245      37BA60B6 
 245      32E26E8F 
 245      A74F1D28 
 245      61F1B379 
 246 0668 DCC587F2 		.ascii	"\334\305\207\362\337%Q\334M)\336\357\031\021\325\270"
 246      DF2551DC 
 246      4D29DEEF 
 246      1911D5B8 
 247 0678 87C19CF0 		.ascii	"\207\301\234\3606>V\261\022\036\011+a\266\014\"[\202"
 247      363E56B1 
 247      121E092B 
 247      61B60C22 
 247      5B82
 248 068a F89C4178 		.ascii	"\370\234Ax=-\032\334\277X\011o\037\354z\241\223zxx~"
 248      3D2D1ADC 
 248      BF58096F 
 248      1FEC7AA1 
 248      937A7878 
 249 069f 09738225 		.ascii	"\011s\202%\374\202\2240G\002\337\303\307q\232\0176m"
 249      FC829430 
 249      4702DFC3 
 249      C7719A0F 
 249      366D
 250 06b1 14DE4FB2 		.ascii	"\024\336O\262&[\214v\345\337>\370g\334\006n\325\232"
 250      265B8C76 
 250      E5DF3EF8 
 250      67DC066E 
 250      D59A
 251 06c3 357AF667 		.ascii	"5z\366gs\350\355N}\252\315\356t\350\337\375h\323\206"
 251      73E8ED4E 
 251      7DAACDEE 
 251      74E8DFFD 
 251      68D386
 252 06d6 4DE97A83 		.ascii	"M\351z\203\311`\263\033\205\177\377%e\215\201\213\262"
 252      C960B31B 
 252      857FFF25 
 252      658D818B 
 252      B2
 253 06e7 1BB726D9 		.ascii	"\033\267&\331S\004\347\237\376\277\313\032\023\027#"
 253      5304E79F 
 253      FEBFCB1A 
 253      131723
 254 06f6 907DC16C 		.ascii	"\220}\301l\337.\030S\315\026\333\3264\343\357\331\226"
 254      DF2E1853 
 254      CD16DBD6 
 254      34E3EFD9 
 254      96
ARM GAS  /var/folders/fq/ltb3dbq95yq6ljzx21t9gnkc0000gn/T//ccgdnZEb.s 			page 20


 255 0707 E353B3D3 		.ascii	"\343S\263\323`\022>\261\333R\004\263\303\376[\031\230"
 255      60123EB1 
 255      DB5204B3 
 255      C3FE5B19 
 255      98
 256 0718 B865CCDF 		.ascii	"\270e\314\337\230nv\006\275#\204\367l6\313k\006\323"
 256      986E7606 
 256      BD2384F7 
 256      6C36CB6B 
 256      06D3
 257 072a 668369A3 		.ascii	"f\203i\243#\321n4\246\244:\3156\353G\306\355if\2731"
 257      23D16E34 
 257      A6A43ACD 
 257      36EB47C6 
 257      ED6966BB 
 258 073f 392E0CDD 		.ascii	"9.\014\335l5X\322\222\215\000\3540\230\222\001T\023"
 258      6C3558D2 
 258      928D00EC 
 258      30989201 
 258      5413
 259 0751 C0741A9C 		.ascii	"\300t\032\234\351\274\375\015\336\376&o_\313\333\337"
 259      E9BCFD0D 
 259      DEFE266F 
 259      5FCBDBDF 
 260 0761 C2F637D7 		.ascii	"\302\3667\327*-v\301iJ\346S\015\212\364T\207=*\315l"
 260      2A2D76C1 
 260      694AE653 
 260      0D8AF454 
 260      873D2ACD 
 261 0776 75BEB556 		.ascii	"u\276\265Vp\252\005A\372\371\216\336\226\352\324o5\030"
 261      70AA0541 
 261      FAF98EDE 
 261      96EAD46F 
 261      3518
 262 0788 56436DF4 		.ascii	"VCm\364 \253\2556\253q\2651i\2139\030+%\311`2[\215z"
 262      20ABAD36 
 262      AB71B531 
 262      698B3918 
 262      2B25C960 
 263 07a0 21D9F849 		.ascii	"!\331\370IR\232\305)8?K5: v\302opv8\223!\024\030+\014"
 263      529AC529 
 263      383F4B35 
 263      3A2076C2 
 263      6F707638 
 264 07ba A624BB4A 		.ascii	"\246$\273J\020\266\032\235B\342\346\304%I\226O\223>"
 264      10B61A9D 
 264      42E2E6C4 
 264      2549964F 
 264      933E
 265 07cc 730866AB 		.ascii	"s\010f\253"
 266 07d0 05B013E4 		.ascii	"\005\260\023\344iB2\372\015\2336o\334\034\312\226\024"
 266      694232FA 
 266      0D9B366F 
 266      DC1CCA96 
 266      14
 267 07e1 D190F2D7 		.ascii	"\321\220\362\3274\253\001\220\000\304\301@~G\223O\263"
 267      34AB0190 
ARM GAS  /var/folders/fq/ltb3dbq95yq6ljzx21t9gnkc0000gn/T//ccgdnZEb.s 			page 21


 267      00C4C140 
 267      7E47934F 
 267      B3
 268 07f2 5A6C866D 		.ascii	"Zl\206m\301\222jd\233ZA0Z\223\266X\214\344A\306\320"
 268      C1926A64 
 268      9B5A4130 
 268      5A93B658 
 268      8CE441C6 
 269 0807 1B736C55 		.ascii	"\033slU\301\255%\202\220lvH\246\377\003\013\263\235"
 269      C1AD2582 
 269      906C7648 
 269      A6FF030B 
 269      B39D
 270 0819 21       		.ascii	"!"
 271              		.text
 272              		.section	.gnu.lto_.symtab.3b9cffce39d1d834,"",%progbits
 273 0000 4E4D495F 		.ascii	"NMI_Handler\000\000\000\000\000\000\000\000\000\000"
 273      48616E64 
 273      6C657200 
 273      00000000 
 273      00000000 
 274 0015 0000AC00 		.ascii	"\000\000\254\000\000\000_port_irq_epilogue\000\000\000"
 274      00005F70 
 274      6F72745F 
 274      6972715F 
 274      6570696C 
 275 0030 00000000 		.ascii	"\000\000\000\000\000\000\000\000\000\263\000\000\000"
 275      00000000 
 275      00B30000 
 275      00
 276 003d 5F706F72 		.ascii	"_port_switch_from_isr\000\000\002\000\000\000\000\000"
 276      745F7377 
 276      69746368 
 276      5F66726F 
 276      6D5F6973 
 277 005a 00000000 		.ascii	"\000\000\000\000\265\000\000\000_port_exit_from_isr"
 277      B5000000 
 277      5F706F72 
 277      745F6578 
 277      69745F66 
 278 0075 00000200 		.ascii	"\000\000\002\000\000\000\000\000\000\000\000\000\267"
 278      00000000 
 278      00000000 
 278      B7
 279 0082 00000063 		.ascii	"\000\000\000chSchIsPreemptionRequired\000\000\002\000"
 279      68536368 
 279      49735072 
 279      65656D70 
 279      74696F6E 
 280 00a2 00000000 		.ascii	"\000\000\000\000\000\000\000\000\277\000\000\000"
 280      00000000 
 280      BF000000 
 281              		.text
 282              		.section	.gnu.lto_.opts,"",%progbits
 283 0000 272D666E 		.ascii	"'-fno-trapv' '-mcpu=cortex-m0' '-mno-thumb-interwor"
 283      6F2D7472 
 283      61707627 
ARM GAS  /var/folders/fq/ltb3dbq95yq6ljzx21t9gnkc0000gn/T//ccgdnZEb.s 			page 22


 283      20272D6D 
 283      6370753D 
 284 0033 6B272027 		.ascii	"k' '-mthumb' '-ggdb' '-O2' '-fomit-frame-pointer' '"
 284      2D6D7468 
 284      756D6227 
 284      20272D67 
 284      67646227 
 285 0066 2D66616C 		.ascii	"-falign-functions=16' '-ffunction-sections' '-fdata"
 285      69676E2D 
 285      66756E63 
 285      74696F6E 
 285      733D3136 
 286 0099 2D736563 		.ascii	"-sections' '-fno-common' '-flto'\000"
 286      74696F6E 
 286      73272027 
 286      2D666E6F 
 286      2D636F6D 
 287              		.text
 288              		.comm	__gnu_lto_v1,1,1
 289              		.comm	__gnu_lto_slim,1,1
 290              		.ident	"GCC: (GNU Tools for ARM Embedded Processors) 4.9.3 20150303 (release) [ARM/embedded-4_9-br
ARM GAS  /var/folders/fq/ltb3dbq95yq6ljzx21t9gnkc0000gn/T//ccgdnZEb.s 			page 23


DEFINED SYMBOLS
                            *ABS*:0000000000000000 chcore_v6m.c
                            *COM*:0000000000000001 __gnu_lto_v1
                            *COM*:0000000000000001 __gnu_lto_slim

NO UNDEFINED SYMBOLS
