ARM GAS  /var/folders/fq/ltb3dbq95yq6ljzx21t9gnkc0000gn/T//ccVJdjSz.s 			page 1


   1              		.cpu cortex-m0
   2              		.fpu softvfp
   3              		.eabi_attribute 20, 1
   4              		.eabi_attribute 21, 1
   5              		.eabi_attribute 23, 3
   6              		.eabi_attribute 24, 1
   7              		.eabi_attribute 25, 1
   8              		.eabi_attribute 26, 1
   9              		.eabi_attribute 30, 2
  10              		.eabi_attribute 34, 0
  11              		.eabi_attribute 18, 4
  12              		.code	16
  13              		.file	"chmsg.c"
  14              		.text
  15              	.Ltext0:
  16              		.section	.gnu.lto_.profile.ea214ae88ded1546,"",%progbits
  17 0000 789C6366 		.ascii	"x\234cf```a\200\000F\006\177\015\000\001:\000\200"
  17      60606061 
  17      80004606 
  17      7F0D0001 
  17      3A0080
  18              		.text
  19              		.section	.gnu.lto_.jmpfuncs.ea214ae88ded1546,"",%progbits
  20 0000 789C6366 		.ascii	"x\234cf\300\016\002\24043\003\023##s}=#\323G&\306\357"
  20      C00E02A0 
  20      34330313 
  20      2323737D 
  20      3D23D347 
  21 0017 AD1F3AB9 		.ascii	"\255\037:\271^0\375db\340a`\\\316(\305\300\310\\\016"
  21      5E30FD64 
  21      62E06160 
  21      5CCE28C5 
  21      C0C85C0E 
  22 002b 54C3C4C0 		.ascii	"T\303\304\300\000\226\336\270\360\366wf\2604\037\003"
  22      0096DEB8 
  22      F0F67766 
  22      B0341F03 
  23 003b E30AA034 		.ascii	"\343\012\24043H/##\023X\025s9#\220\004\000\015z\020"
  23      33482F23 
  23      23135815 
  23      73392390 
  23      04000D7A 
  24 0050 5B       		.ascii	"["
  25              		.text
  26              		.section	.gnu.lto_.inline.ea214ae88ded1546,"",%progbits
  27 0000 789C6366 		.ascii	"x\234cf\300\016b\24143\003\203\250,##\003#\003\003\223"
  27      C00E62A1 
  27      34330383 
  27      A82C2323 
  27      03230303 
  28 0015 E48AC38C 		.ascii	"\344\212\303\214\014\2347\314\230@\022L\334\014@A09"
  28      0C9C37CC 
  28      9840124C 
  28      DC0C4041 
  28      3039
  29 0027 C18F8941 		.ascii	"\301\217\211A\220\037\310\2218\260\233\221\201m\201"
  29      901FC891 
ARM GAS  /var/folders/fq/ltb3dbq95yq6ljzx21t9gnkc0000gn/T//ccVJdjSz.s 			page 2


  29      38B09B91 
  29      816D81
  30 0036 3C920266 		.ascii	"<\222\002f\006\016\001\240\014\313\002y\270\0043\017"
  30      060E01A0 
  30      0CCB0279 
  30      B804330F 
  31 0046 507282DF 		.ascii	"Pr\202\337\004?\006\000\330\213\0126"
  31      043F0600 
  31      D88B0A36 
  32              		.text
  33              		.section	.gnu.lto_.pureconst.ea214ae88ded1546,"",%progbits
  34 0000 789C6366 		.ascii	"x\234cf```g\200\000f\006+&+f+\000\002\342\000\301"
  34      60606067 
  34      80006606 
  34      2B262B66 
  34      2B0002E2 
  35              		.text
  36              		.section	.gnu.lto_chMsgSend.ea214ae88ded1546,"",%progbits
  37 0000 789C9555 		.ascii	"x\234\225U[L\034e\024\376\317?\263\313\300.lm41T\005"
  37      5B4C1C65 
  37      14FECF3F 
  37      B3CBC02E 
  37      6C6D3431 
  38 0016 D390DAD4 		.ascii	"\323\220\332\324e\023M\214\211\246\32141\372\200\017"
  38      65134D8C 
  38      89A6D134 
  38      31FA800F 
  39 0026 36F1C198 		.ascii	"6\361\301\230\370\260\020!\221B\331\255i\037Hg\351\266"
  39      F8B01021 
  39      9142D9AD 
  39      691F4867 
  39      E9B6
  40 0038 680C4A68 		.ascii	"h\014Jh\242\015\027\205 \351\005\012\005\204rQY\264"
  40      A20D1785 
  40      20E9050A 
  40      05847251 
  40      59B4
  41 004a 2E148542 		.ascii	".\024\205Bi\241\224\333R@\213\221p\025\2344\260\236"
  41      69A194DB 
  41      52408B91 
  41      70159C34 
  41      B09E
  42 005c F3CF88EC 		.ascii	"\363\317\210\354\002\251Nvgv\376s\316w\316\371\316e"
  42      02A94E76 
  42      6776FE73 
  42      CE77CEF9 
  42      CE65
  43 006e 25B6F57A 		.ascii	"%\266\365z\036\277o*\214\215\341\023L\014x~\017c\036"
  43      1EBF6F2A 
  43      8C8DE113 
  43      4C0C787E 
  43      0F631E
  44 0081 8573C96F 		.ascii	"\205s\311ocj\224\334u\220\251V\011d\375X\006\240\037"
  44      636A94DC 
  44      7590A956 
  44      0964FD58 
  44      06A01F
ARM GAS  /var/folders/fq/ltb3dbq95yq6ljzx21t9gnkc0000gn/T//ccVJdjSz.s 			page 3


  45 0094 0CD8492E 		.ascii	"\014\330I.\311p\022f\370\002\207\346\352\345n\313}\256"
  45      C9701266 
  45      F80287E6 
  45      EAE56ECB 
  45      7DAE
  46 00a6 7116CFF0 		.ascii	"q\026\317\360\265\245\240\363\234\231^A\246\327\341"
  46      B5A5A0F3 
  46      9C995E41 
  46      A6D7E1
  47 00b5 FCE0EF31 		.ascii	"\374\340\3571\373*TU\235_l\030\261\236~]\343\234-q\006"
  47      FB2A5455 
  47      9D5F6C18 
  47      B19E7E5D 
  47      E39C2D71 
  48 00ca E721162E 		.ascii	"\347!\026.@,\301]\204}\250\351\361\345\335\212\226\236"
  48      402CC15D 
  48      847DA8E9 
  48      F1E5DD8A 
  48      969E
  49 00dc 02B2BA56 		.ascii	"\002\262\272V3\240)\011\345\252\232\343k\255S_\2215"
  49      33A02909 
  49      E5AA9AE3 
  49      6BAD535F 
  49      9135
  50 00ee 2EC12590 		.ascii	".\301%\2206\333\341\021\203JH@\355\363\367g\233$\351"
  50      36DBE111 
  50      834A4840 
  50      EDF3F767 
  50      9B24E9
  51 0101 6961F95B 		.ascii	"ia\371[\321\224f%K\325\327\255[r\250\012\267\304\227"
  51      D1946625 
  51      4BD5D7AD 
  51      5B72A80A 
  51      B7C497
  52 0114 CB9040EA 		.ascii	"\313\220@\352\275~\355A\214\224 L\363gJ+b\366\226\241"
  52      BD7EED41 
  52      8C94204C 
  52      F3674A2B 
  52      62F696A1 
  53 0128 D3405379 		.ascii	"\323@Sy\207U\355T\275\201`0\216|W\207\"\350\027\232"
  53      8755ED54 
  53      BD816030 
  53      8E7C5787 
  53      22E8179A 
  54 013c 2C78D706 		.ascii	",x\327\006-f/z\333\0055\260w\2153\312\015S\272\002f"
  54      2D662F7A 
  54      DB0535B0 
  54      778D33CA 
  54      0D53BA02 
  55 0151 C0071DD6 		.ascii	"\300\007\035\326\354\366\251\301\340\322`\331'{K\370"
  55      ECF6A9C1 
  55      E0D260D9 
  55      277B4BF8 
  56 0161 A318349E 		.ascii	"\243\0304\236\311\024\276\011(\212\010\240,\024<\220"
  56      C914BE09 
  56      288A08A0 
  56      2C143C90 
ARM GAS  /var/folders/fq/ltb3dbq95yq6ljzx21t9gnkc0000gn/T//ccVJdjSz.s 			page 4


  57 0171 2D7833C5 		.ascii	"-x3\305\350\261\261)\304!\266\2471Z|Jw!\247\261v\244"
  57      E8B1B129 
  57      C421B6A7 
  57      315A7C4A 
  57      7721A7B1 
  58 0187 4F22E855 		.ascii	"O\"\350U.\241\363/\373?\255\346\331\017\324\217TE\343"
  58      2EA1F32F 
  58      FB3FADE6 
  58      D90FD48F 
  58      5445E3
  59 019a E6350E22 		.ascii	"\3465\016\"\244\361\251\033}\012\361o\026\257\027<\336"
  59      A4F1A91B 
  59      7D0AF16F 
  59      16AF173C 
  59      DE
  60 01ab 62288122 		.ascii	"b(\201\"\217JZ\021P\013\331PG)\240l\275\352\263:\263"
  60      8F4A5A11 
  60      500BD950 
  60      4729A06C 
  60      BDEAB33A 
  61 01c0 BD92B83A 		.ascii	"\275\222\270:\240q\005\352Qq\221\033\251}\327vs]\266"
  61      A07105EA 
  61      5171911B 
  61      A97DD776 
  61      735DB6
  62 01d3 1FA0ECBF 		.ascii	"\037\240\354\277\001\373\"\2413h\000;\033\200\034\365"
  62      01FB22A1 
  62      3368003B 
  62      1B801CF5 
  63 01e3 25912026 		.ascii	"%\221 &\202\221\260a\360\334\253o\276,\205\360\021\360"
  63      8291B061 
  63      F0DCAB6F 
  63      BE2C85F0 
  63      11F0
  64 01f5 66081696 		.ascii	"f\010\026\2268\204\022\025\03093\206\235\326H\"\036"
  64      38841215 
  64      18393386 
  64      9DD64822 
  64      1E
  65 0206 2ECAED41 		.ascii	".\312\355A\321U\022Ia\3642h\002\314\010\232\305\235"
  65      D1551249 
  65      61F43268 
  65      02CC089A 
  65      C59D
  66 0218 95028ABB 		.ascii	"\225\002\212\273rKW\344\270\213P\242\236\213\327x\244"
  66      724B57E4 
  66      B88B50A2 
  66      9E8BD778 
  66      A4
  67 0229 A8E71FFE 		.ascii	"\250\347\037\376\226H\031s\200\026\210\303{+v!2\367"
  67      96481973 
  67      801688C3 
  67      7B2B7621 
  67      32F7
  68 023b 79F34CD1 		.ascii	"y\363L\321\313\024\316f\202$\221g\303__\315F\353\004"
  68      CB14CE66 
  68      82249167 
ARM GAS  /var/folders/fq/ltb3dbq95yq6ljzx21t9gnkc0000gn/T//ccVJdjSz.s 			page 5


  68      C35F5FCD 
  68      46EB04
  69 024e F9CC1A8F 		.ascii	"\371\314\032\217\302\214\340[\203\240\342\345\263C6"
  69      C28CE05B 
  69      83A0E2E5 
  69      B34336
  70 025d E200E910 		.ascii	"\342\000\351\020\334\210\332~\017\366Un\"\330\225\334"
  70      DC88DA7E 
  70      0FF6556E 
  70      22D895DC 
  71 026d 95A277F4 		.ascii	"\225\242w\364\202(aP/\012\250\210\255P\026h\023P\222"
  71      82286150 
  71      2F0AA888 
  71      AD501668 
  71      135092
  72 0280 4E7363D5 		.ascii	"Nsc\325\365\376h,\"\232\330\261\005\300\207\0143h\207"
  72      F5FE682C 
  72      229AD8B1 
  72      05C0870C 
  72      336887
  73 0293 6CC22F98 		.ascii	"l\302/\230x\314\010\372?Ei\205\037\004\264\254C\257"
  73      78CC08FA 
  73      3F456985 
  73      1F04B4AC 
  73      43AF
  74 02a5 B7F794DB 		.ascii	"\267\367\224\333\364\362\356\321x4\374He4Q\006\327("
  74      F4F2EED1 
  74      7834FC48 
  74      65345106 
  74      D728
  75 02b7 03852AE9 		.ascii	"\003\205*\351\013\372\301pq\252\311\323f\325\333\277"
  75      0BFAC170 
  75      71AAC9D3 
  75      66D5DBBF 
  76 02c7 6632C5E7 		.ascii	"f2\305\347-U\327\203A\330f\362\364\013~\322\253\037"
  76      2D55D783 
  76      41D866F2 
  76      F40B7ED2 
  76      AB1F
  77 02d9 0A52D73A 		.ascii	"\012R\327:\324e\221jA\024}n2\257\327\274\015\242\014"
  77      D465916A 
  77      41147D6E 
  77      32AFD7BC 
  77      0DA20C
  78 02ec FE6D113B 		.ascii	"\376m\021;\010Q\021\365\322V\012\006\317\330B\273cz"
  78      085111F5 
  78      D2560A06 
  78      CFD842BB 
  78      637A
  79 02fe EE715221 		.ascii	"\356qR!\307Fk\311[\232\244S\264\307\365p\316\224m)#"
  79      C7466BC9 
  79      5B9AA453 
  79      B4C7F570 
  79      CE946D29 
  80 0313 6AE6672B 		.ascii	"j\346g+\252\243M\224e\227\340\316\254c\300\317:Eb\352"
  80      AAA34D94 
  80      6597E0CE 
ARM GAS  /var/folders/fq/ltb3dbq95yq6ljzx21t9gnkc0000gn/T//ccVJdjSz.s 			page 6


  80      AC63C0CF 
  80      3A4562EA 
  81 0327 460BDF26 		.ascii	"F\013\337&\310U.\323\\\214\017OH\324>\3623\2044]S\331"
  81      C8552ED3 
  81      5C8C0F4F 
  81      48D43EF2 
  81      3384345D 
  82 033d 1AB9E1C4 		.ascii	"\032\271\341\304B%\377\305pr\251\376\312\262I\237\240"
  82      4225FFC5 
  82      7072A9FE 
  82      CAB2499F 
  82      A0
  83 034e 6E811D61 		.ascii	"n\201\035a`\367`\215\251\272e\266\377\023\251ODyC )"
  83      60F7608D 
  83      A9BA65B6 
  83      FF13A94F 
  83      44794320 
  84 0363 06522F45 		.ascii	"\006R/E\251w\370\302h\341\273;\301\311\333\301=Ip}!"
  84      A977F8C2 
  84      68E1BB3B 
  84      C1C9DBC1 
  84      3D49707D 
  85 0378 49DF2438 		.ascii	"I\337$8I\300\325\216\025\0364\340\036\232\242\2003\023"
  85      49C0D58E 
  85      151E34E0 
  85      1E9AA280 
  85      3313
  86 038a 5C7F489E 		.ascii	"\\\177H\236\2676\340\032\233\333\213\237\323\007\305"
  86      B736E01A 
  86      9BDB8B9F 
  86      D307C5
  87 0399 B22940D8 		.ascii	"\262)@\330iHb\340\266@\212\244\266\030@\272n\203\367"
  87      694862E0 
  87      B6408AA4 
  87      B61840BA 
  87      6E83F7
  88 03ac CEA9D87F 		.ascii	"\316\251\330\177\021j\313\206WE\025h_\016\032-4\215"
  88      116ACB86 
  88      57451568 
  88      5F0E1A2D 
  88      348D
  89 03be CEFC3669 		.ascii	"\316\3746i\004\274\276\263\035\234\224Y\370\232\264"
  89      04BCBEB3 
  89      1D9C9459 
  89      F89AB4
  90 03cd 2DD104C0 		.ascii	"-\321\004\300\035\234/t\254\361]\302L\026\033\226\354"
  90      1D9C2F74 
  90      ACF15DC2 
  90      4C161B96 
  90      EC
  91 03de BEE8806D 		.ascii	"\276\350\200m\355\036Y\242}\012Ch\207\242\325\323\363"
  91      ED1E59A2 
  91      7D0A4368 
  91      87A2D5D3 
  91      F3
  92 03ef 1F4709EF 		.ascii	"\037G\011\357V\006w!V\343\273\365N\371\365\250\036b"
  92      56067721 
ARM GAS  /var/folders/fq/ltb3dbq95yq6ljzx21t9gnkc0000gn/T//ccVJdjSz.s 			page 7


  92      56E3BBF5 
  92      4EF9F5A8 
  92      1E62
  93 0401 4CD8C83E 		.ascii	"L\330\310>\261\363\310\016o\036\331\265\274\271r\320"
  93      B1F3C80E 
  93      6F1ED9B5 
  93      BCB972D0 
  94 0411 F9DC4F5B 		.ascii	"\371\334O[g\204F6\212H\03056\257Ml^\374\207@'\372\346"
  94      67844636 
  94      8A481835 
  94      36AF4D6C 
  94      5EFC8740 
  95 0428 9DAD0ADB 		.ascii	"\235\255\012\333\274_\273\214\361\210\3302\036c`f\341"
  95      BC5FBB8C 
  95      F188D832 
  95      1E636066 
  95      E1
  96 0439 3BD7FF27 		.ascii	";\327\377'\356\334q\322W\302E\035\003(\012\220(r\013"
  96      EEDC71D2 
  96      57C2451D 
  96      03280A90 
  96      28720B
  97 044c D48498B4 		.ascii	"\324\204\230\264{\372:\036x\350:\236\024\353x\012\327"
  97      7BFA3A1E 
  97      78E83A9E 
  97      14EB780A 
  97      D7
  98 045d F1187802 		.ascii	"\361\030x\002S.\203'F\177t@\364\243\322\236\304D\207"
  98      532E8327 
  98      467F7440 
  98      F4A3D29E 
  98      C44487
  99 0470 FEC97039 		.ascii	"\376\311p9\262\334\016W\226\323\341LMw\275\237\350d"
  99      B2DC0E57 
  99      96D3E14C 
  99      4D77BD9F 
  99      E864
 100 0482 DC9D29E1 		.ascii	"\334\235)\341/\311\351\316|v\263Z\312q\267\343P\322"
 100      2FC9E9CE 
 100      7C76B35A 
 100      CA71B7E3 
 100      50D2
 101 0494 E1370E3B 		.ascii	"\3417\016;\322\2168?8\226\234\342pfd\245\274\347L\177"
 101      D28E383F 
 101      38969CE2 
 101      706664A5 
 101      BCE74C7F 
 102 04a8 EDD81167 		.ascii	"\355\330\021gb*\213\013\303\334\320Ju\235p\241|\177"
 102      622A8B0B 
 102      C3DCD04A 
 102      759D70A1 
 102      7C7F
 103 04ba 983C3323 		.ascii	"\230<3#\313\355r\274\372V\322\241\244\343\250$\300>"
 103      CBED72BC 
 103      FA56D2A1 
 103      A4E3A824 
 103      C03E
ARM GAS  /var/folders/fq/ltb3dbq95yq6ljzx21t9gnkc0000gn/T//ccVJdjSz.s 			page 8


 104 04cc 7C211D35 		.ascii	"|!\0355\025g\246+-9>\215E\244\247\244gd\235`\222\373"
 104      1567A62B 
 104      2D393E8D 
 104      45A4A7A4 
 104      67649D60 
 105 04e2 6866FCCE 		.ascii	"hf\374\316\360\316\324\344\177\254R\320\352o\216L;A"
 105      F0CED4E4 
 105      7FAC52D0 
 105      EA6F8E4C 
 105      3B41
 106              		.text
 107              		.section	.gnu.lto_chMsgWait.ea214ae88ded1546,"",%progbits
 108 0000 789C8D55 		.ascii	"x\234\215U]L\034U\024\276\347\316\354\314.\273\3336"
 108      5D4C1C55 
 108      14BEE7CE 
 108      ECCC2EBB 
 108      DB36
 109 0012 3E359814 		.ascii	">5\230\024\022\036\252\301e\233h\214\211\017\215ib\364"
 109      121EAAC1 
 109      659B688C 
 109      890F8D69 
 109      62F4
 110 0024 81179B18 		.ascii	"\201\027\233\030\2374f!BR~d\251)\017\330Y\272J\023\203"
 110      9F346621 
 110      42527E64 
 110      A9290FD8 
 110      59BA4A13 
 111 0039 9AD618FA 		.ascii	"\232\326\030\372\203\205V#\026\312\317\"XJ[V\213\313"
 111      83855623 
 111      16CACF22 
 111      584A5B56 
 111      8BCB
 112 004b 8F96D2D2 		.ascii	"\217\226\322\322B)\025\226\226M\324P\313\177\273ia="
 112      42291596 
 112      964DD450 
 112      CB7FBB69 
 112      613D
 113 005d E7CE14D9 		.ascii	"\347\316\024\331Y\260lv\357\354\3149\367;\347|\347\233"
 113      59B06C76 
 113      EFECCC39 
 113      F73BE77C 
 113      E79B
 114 006f 7B2496F8 		.ascii	"{$\226\370y\011\177\252\225\261E\274\202\205\001\377"
 114      79097FAA 
 114      95B145BC 
 114      828501FF 
 115 007f B29F319F 		.ascii	"\262\2371\237\225siAeZ\222|,\304\230\346\220@\326\237"
 115      95736941 
 115      655A927C 
 115      2CC498E6 
 115      9040D69F 
 116 0093 CB00F487 		.ascii	"\313\000\364\207\001\333\317%\031\366\303_|\206C{\303"
 116      01DBCF25 
 116      19F6C35F 
 116      7C86437B 
 116      C3
 117 00a4 FC65FB9F 		.ascii	"\374e\373\237<\312Y*\303\333s\207z*\025\272\005\231"
ARM GAS  /var/folders/fq/ltb3dbq95yq6ljzx21t9gnkc0000gn/T//ccVJdjSz.s 			page 9


 117      3CCA592A 
 117      C3DB7387 
 117      7A2A15BA 
 117      0599
 118 00b6 6E87872A 		.ascii	"n\207\207*\207m\333\277\323\264\262\351\262\316=G\276"
 118      876DDBBF 
 118      D3B4B2E9 
 118      B2CE3D47 
 118      BE
 119 00c7 AA460B67 		.ascii	"\252F\013gs\234\301\367\220\014\265\220Lx?\300v\362"
 119      739CC1F7 
 119      900CB590 
 119      4C783FC0 
 119      76F2
 120 00d9 F5052BAE 		.ascii	"\365\005+\256;\245m@\377\017\234\365u:\322jp_8z\252"
 120      3BA56D40 
 120      FF0F9CF5 
 120      753AD26A 
 120      705F387A 
 121 00ee DBA1F568 		.ascii	"\333\241\365h\376p,\226\202\233\3414H\361\373\351\203"
 121      FE702C96 
 121      829BE134 
 121      48F1FBE9 
 121      83
 122 00ff 5B66FC4B 		.ascii	"[f\374K\303v\305\257i\332\026\250\2034\012\202\330\365"
 122      C376C5AF 
 122      69DA16A8 
 122      83340A82 
 122      D8F5
 123 0111 A0005EE8 		.ascii	"\240\000^\350I\3433A-\026ky\334\\\376b-\337\"1\004\223"
 123      49E33341 
 123      2D166B79 
 123      DC5CFE62 
 123      2DDF2231 
 124 0127 69516851 		.ascii	"iQhQq\221\222h\2613rv\320C\306&\361GEG\360\006\257\322"
 124      71919268 
 124      B1337276 
 124      D043C626 
 124      F1474547 
 125 013f 28F8EE1C 		.ascii	"(\370\356\034n?#\305\305\013O~,\002\315q\210O$|\376"
 125      6E3F23C5 
 125      C50B4F7E 
 125      2C02CD71 
 125      884F247C 
 126 0154 D331E4F5 		.ascii	"\3231\344\365\014\231\270\331T\336\217\246\0062I\246"
 126      0C99B8D9 
 126      54DE8FA6 
 126      063249A6 
 127 0164 F4193482 		.ascii	"\364\0314\202\202I7\211\225U\002\232\373\312\253\027"
 127      82493789 
 127      9555029A 
 127      FBCAAB17 
 128 0174 E5941AA8 		.ascii	"\345\224\032\250\322*S\243\\p;0\025:g\2231Ah\206\024"
 128      D22A53A3 
 128      5C703B30 
 128      153A6793 
 128      31416886 
ARM GAS  /var/folders/fq/ltb3dbq95yq6ljzx21t9gnkc0000gn/T//ccVJdjSz.s 			page 10


 129 0189 5C0348F9 		.ascii	"\\\003H\371-(kk\2378\261\203\322y\300e\364\372f\360"
 129      2D286B6B 
 129      9F38B183 
 129      D279C065 
 129      F4FA66F0 
 130 019d F3065EFA 		.ascii	"\363\006^\372H;\250Y\243\334\262\304u\262\306'\257\\"
 130      483BA859 
 130      A3DCB2C4 
 130      75B2C627 
 130      AF5C
 131 01af B5529B2C 		.ascii	"\265R\233,\342\266\326\347?\016Up\314\247\221\227\002"
 131      E2B6D6E7 
 131      3F0E5570 
 131      CCA79197 
 131      02
 132 01c0 2D500A3F 		.ascii	"-P\012?\022\271h[\256\377\"\240\270\3520\261\340+Q\256"
 132      12B9685B 
 132      AEFF22A0 
 132      B8EA30B1 
 132      E02B51AE 
 133 01d4 422B3ACE 		.ascii	"B+:\316r\203\364\013\235\327\226e\335\270\225\232\323"
 133      7283F40B 
 133      9DD79665 
 133      DDB8959A 
 133      D3
 134 01e5 06AE5964 		.ascii	"\006\256Yd\001\263\371\011\\l\0108%\022\337\317\207"
 134      01B3F909 
 134      5C6C0838 
 134      2512DFCF 
 134      87
 135 01f6 77434FEF 		.ascii	"wCO\357'\234\2054\314_\324\023\235\012\264>\206x\366"
 135      279C8534 
 135      CC5FD413 
 135      9D0AB43E 
 135      8678F6
 136 0209 3E890581 		.ascii	">\211\005\201|\014\336\345\004\006\333\005w\347\210"
 136      7C0CDEE5 
 136      0406DB05 
 136      77E788
 137 0218 056975BD 		.ascii	"\005iu\275\\\244\335\372\360\304=\347J\275V\214\004"
 137      5CA4DDFA 
 137      F0C43DE7 
 137      4ABD568C 
 137      04
 138 0229 1D46B9C7 		.ascii	"\035F\271\307\347\017\217l\026\025M\217D\376~\007\267"
 138      E70F8F6C 
 138      16154D8F 
 138      44FE7E07 
 138      B7
 139 023a D8E0BC28 		.ascii	"\330\340\274(\231\353\250\350\263Tq\377\024\350U\357"
 139      99EBA8E8 
 139      B35471FF 
 139      14E855EF 
 140 024a A4122E50 		.ascii	"\244\022.P\325\222n\206\213X8\246\275X>\257\350\361"
 140      D5926E86 
 140      8B5838A6 
 140      BD583EAF 
ARM GAS  /var/folders/fq/ltb3dbq95yq6ljzx21t9gnkc0000gn/T//ccVJdjSz.s 			page 11


 140      E8F1
 141 025c 93361A30 		.ascii	"\2236\0320XB\301:M\301\332\352{\007\235\330@\264\347"
 141      5842C13A 
 141      4DC1DAEA 
 141      7B079DD8 
 141      40B4E7
 142 026f A33C2108 		.ascii	"\243<!\010.=\320\317P\312n\200\377\346\245\317\226\337"
 142      2E3DD0CF 
 142      50CA6E80 
 142      FFE6A5CF 
 142      96DF
 143 0281 D7FB2D61 		.ascii	"\327\373-a0A_\004\263YP\245\333\340\017>\352\026=`f"
 143      30415F04 
 143      B35950A5 
 143      DBE00F3E 
 143      EA163D60 
 144 0296 2924CD51 		.ascii	")$\315Q\357\341\027\004ASs\315\350\003\211\370\261o"
 144      EFE11704 
 144      415373CD 
 144      E80389F8 
 144      B16F
 145 02a8 62700992 		.ascii	"bp\011\222\243\334!`d\241z\352\302L\254Y\325\243(\353"
 145      A3DC2160 
 145      64A17AEA 
 145      C24CAC59 
 145      D5A328EB 
 146 02bc AACA2CA3 		.ascii	"\252\312,\243\256\004\031\245\223\202~MTP:\321\030Z"
 146      AE0419A5 
 146      93827E4D 
 146      54503AD1 
 146      185A
 147 02ce 114FF713 		.ascii	"\021O\367\023\016\273@\217\251\306s\030|C\220\250\230"
 147      0EBB408F 
 147      A9C67318 
 147      7C4390A8 
 147      98
 148 02df 484C27FE 		.ascii	"HL'\376z\014\376\230\211\274\255D^/\0023\350\303\242"
 148      7A0CFE98 
 148      89BCAD44 
 148      5E2F0233 
 148      E8C3A2
 149 02f2 FFD366A0 		.ascii	"\377\323f\240c\244\317.\365\202xy\357\337\255\030P\326"
 149      63A4CF2E 
 149      F5827879 
 149      EFDFAD18 
 149      50D6
 150 0304 12AA04BF 		.ascii	"\022\252\004\277\255)\324\337I\250\252.\324\376\003"
 150      AD29D4DF 
 150      49A8AA2E 
 150      D4FE03
 151 0313 23A14D71 		.ascii	"#\241Mqj\327\216h\325\374`0\026\333\271\261\243+\034"
 151      6AD78E68 
 151      D5FC6030 
 151      16DBB9B1 
 151      A32B1C
 152 0326 89ED2048 		.ascii	"\211\355 HC\327\212\371`\273L\246~\241\355+\304\213"
 152      43D78AF9 
ARM GAS  /var/folders/fq/ltb3dbq95yq6ljzx21t9gnkc0000gn/T//ccVJdjSz.s 			page 12


 152      60BB4CA6 
 152      7EA1ED2B 
 152      C48B
 153 0338 9D181C1F 		.ascii	"\235\030\034\037\235\020\275\223\236#\367Hc]\207m\245"
 153      9D10BD93 
 153      9E23F748 
 153      635D876D 
 153      A5
 154 0349 09366269 		.ascii	"\0116bi\300`\351tK\323\274E\327vUy\300\351\242\234\256"
 154      C060E974 
 154      4BD3BC45 
 154      D7765579 
 154      C0E9A29C 
 155 035e 0ABA241D 		.ascii	"\012\272$\035\025\256\211\267\266L{\225\340)\032\206"
 155      15AE89B7 
 155      B64C7B95 
 155      E0291A86 
 156 036e 10B53547 		.ascii	"\020\2655G\216\276\255\207t\254%g{b'8\014\012h\331\200"
 156      8EBEAD87 
 156      74AC2567 
 156      7B622738 
 156      0C0A68D9 
 157 0383 BEAEF7F4 		.ascii	"\276\256\367\364\320\304f\302\331h\242A\205\220n\304"
 157      D0C466C2 
 157      D968A241 
 157      85906EC4 
 158 0393 2539042E 		.ascii	"%9\004.L\203\300\276\236\211\034}\327\200K\310\311\261"
 158      4C83C0BE 
 158      9E891C7D 
 158      D7804BC8 
 158      C9B1
 159 03a5 D62BB68D 		.ascii	"\326+\266\215\340\206\005\234\305\200\273Ip*\225-\330"
 159      E086059C 
 159      C580BB49 
 159      702A952D 
 159      D8
 160 03b6 A78941F3 		.ascii	"\247\211A\363\203\360\247\233\272f%C&\253\345gY\257"
 160      83F0A79B 
 160      BA662543 
 160      26ABE567 
 160      59AF
 161 03c8 68278C08 		.ascii	"h'\214\010l\205\244q\013\\h\233\012T\207\304\321cw2"
 161      6C85A471 
 161      0B5C689B 
 161      0A5487C4 
 161      D1637732 
 162 03dc 18C50D62 		.ascii	"\030\305\015b\206\334\2537\315\220oO\202\321t5\3410"
 162      86DCAB37 
 162      CD906F4F 
 162      82D17435 
 162      E130
 163 03ee BB4D0D37 		.ascii	"\273M\0157\215\217\320\002\346\377\007\371[\315\246"
 163      8D8FD002 
 163      E6FF07F9 
 163      5BCDA6
 164 03fd EE21348D 		.ascii	"\356!4\215\221\311\226\0005.\264\023\326'\313?O\235"
 164      91C99600 
ARM GAS  /var/folders/fq/ltb3dbq95yq6ljzx21t9gnkc0000gn/T//ccVJdjSz.s 			page 13


 164      352EB413 
 164      D627CB3F 
 164      4F9D
 165 040f 2C1362B2 		.ascii	",\023b\262\334\301\3112\006\276\360\344I\343u\2643\032"
 165      DCC1C932 
 165      06BEF0E4 
 165      49E375B4 
 165      331A
 166 0421 8D408703 		.ascii	"\215@\207\003z=\233\221\341\326\277\005^wQ\261\333["
 166      7A3D9B91 
 166      E1D6BF05 
 166      5E7751B1 
 166      DB5B
 167 0433 E4717B72 		.ascii	"\344q{r\362\274\037dx\030/.|a\2659{_\261{W\346\3567"
 167      F2BC1F64 
 167      78182F2E 
 167      7C61B539 
 167      7B5FB17B 
 168 044b 77BB73F3 		.ascii	"w\273s\363={\366fe\273=\005E\331\357y\362^\337\233\357"
 168      3D7BF666 
 168      65BB3D05 
 168      45D9EF79 
 168      F25EDF9B 
 169 0460 C9C86129 		.ascii	"\311\310a)&\254\025\257\034o\211\027\355\317\233\354"
 169      26AC15AF 
 169      1C6F8917 
 169      EDCF9BEC 
 170 0470 850545C5 		.ascii	"\205\005E\305^\367koe\356\312\334\207N\002\354\243\227"
 170      5EF76B6F 
 170      65EECADC 
 170      874E02EC 
 170      A397
 171 0482 F3D0D3EA 		.ascii	"\363\320\323\352)\364\346f\245\34625/;\257\240\250\344"
 171      29F4E666 
 171      A5E63235 
 171      2F3BAFA0 
 171      A8E4
 172 0494 7FA029D5 		.ascii	"\177\240)\325\034&\025\177X\230\272~xON\326\023\324"
 172      1C26157F 
 172      5898BA7E 
 172      784F4ED6 
 172      13D4
 173 04a6 6C44FD17 		.ascii	"lD\375\027\024\2450\302"
 173      14A530C2 
 174              		.text
 175              		.section	.gnu.lto_chMsgRelease.ea214ae88ded1546,"",%progbits
 176 0000 789C8552 		.ascii	"x\234\205RMHTQ\024>\347\336\347\314\310\030H+1h\014"
 176      4D485451 
 176      143EE7DE 
 176      E7CCC818 
 176      482B3168 
 177 0015 1109641E 		.ascii	"\021\011d\036m\332V\010A\213\331\344\246]\213\347\220"
 177      6DDA5608 
 177      418BD9E4 
 177      A65D8BE7 
 177      90
 178 0026 42E3C8BC 		.ascii	"B\343\310\2741t!\336\2611\335\024\322j\312\012\303\304"
ARM GAS  /var/folders/fq/ltb3dbq95yq6ljzx21t9gnkc0000gn/T//ccVJdjSz.s 			page 14


 178      317421DE 
 178      B131DD14 
 178      D26ACA0A 
 178      C3C4
 179 0038 72722CFB 		.ascii	"rr,\373\323Q\363-\324\244\320\202\324\202B\20602PH\314"
 179      D351F32D 
 179      D4A4D082 
 179      D4824286 
 179      30325048 
 180 004d E211329D 		.ascii	"\342\0212\235\373f\214\346\215\324\343\275\373\363\276"
 180      FB668CE6 
 180      8DD4E3BD 
 180      FBF3BE
 181 005c EF3BE7DC 		.ascii	"\357;\347\334\363]\016\371O)}g8\300\022\315\310\001"
 181      F35D0EF9 
 181      4F297D67 
 181      38C012CD 
 181      C801
 182 006e 59F70240 		.ascii	"Y\367\002@\304\305\020\345\002\020\332\030\266\341W"
 182      C4C510E5 
 182      0210DA18 
 182      B6E157
 183 007d B6C9B0DB 		.ascii	"\266\311\260\333\210\307\334\225\375B\210o\355K%\035"
 183      88C7DC95 
 183      FD42886F 
 183      ED4B251D 
 184 008d 252603D8 		.ascii	"%&\003\330b\23108\200\225D\211\030\227\027\367\361\203"
 184      62993038 
 184      80954489 
 184      189717F7 
 184      F183
 185 009f 08B41E4B 		.ascii	"\010\264\036K|\237w\2571\223a\231\334&\257\316\305\034"
 185      7C9F77AF 
 185      31936199 
 185      DC26AFCE 
 185      C51C
 186 00b1 72CB14B9 		.ascii	"r\313\024\271\235\036^6]\025}B\264\033\223#\342\270"
 186      9D1E5E36 
 186      5D157D42 
 186      B41B9323 
 186      E2B8
 187 00c3 62328E77 		.ascii	"b2\216w\221S<\274\207\2458\210\245@\277\000\343XA\354"
 187      91533CBC 
 187      87A53888 
 187      A540BF00 
 187      E35841EC 
 188 00d7 81B58D51 		.ascii	"\201\265\215Q\316\017Yq\277\364\254\232ER)\214\327\031"
 188      CE0F5971 
 188      BFF4AC9A 
 188      4552298C 
 188      D719
 189 00e9 A582F7ED 		.ascii	"\245\202\367\355J\005p\010+$}3\272\363\316\355\210\022"
 189      4A057008 
 189      2B247D33 
 189      BAF3CEED 
 189      8812
 190 00fb BD7867B7 		.ascii	"\275xg\267`L\240\003i\036\336o\210t\272/\261\276\244"
ARM GAS  /var/folders/fq/ltb3dbq95yq6ljzx21t9gnkc0000gn/T//ccVJdjSz.s 			page 15


 190      604CA003 
 190      691EDE6F 
 190      8874BA2F 
 190      B1BEA4
 191 010e 3839CA5C 		.ascii	"89\312\\\012Z:X%\232l\300g\306\344\314?`\344S\317\330"
 191      0A5A3A58 
 191      259A6CC0 
 191      67C6E4CC 
 191      3F60E453 
 192 0124 10CF0998 		.ascii	"\020\317\011\230\232\036D+\326\026\303\334T\251\305"
 192      9A1E442B 
 192      D616C3DC 
 192      54A9C5
 193 0133 4B2B0580 		.ascii	"K+\005\200\303\022bv\250s\201\240\007\022\342\266\002"
 193      C3126276 
 193      A87381A0 
 193      0712E2B6 
 193      02
 194 0144 011FA283 		.ascii	"\001\037\242\203\312\033\261F\270\201\004\277\354\354"
 194      CA1BB146 
 194      B88104BF 
 194      ECEC
 195 0152 FDA178FA 		.ascii	"\375\241x\372\361\246\210\225\231\254@*\336\254\317"
 195      F1A68895 
 195      99AC402A 
 195      DEACCF
 196 0161 260B15AA 		.ascii	"&\013\025\252\020\037\241\207\306\307\250\3002\266\027"
 196      101FA187 
 196      C6C7A8C0 
 196      32B617
 197 0170 4BECE268 		.ascii	"K\354\342hd\252\250\3746\365\225Lz_$\346D4\225N{\366"
 197      64AAA8FC 
 197      36F5954C 
 197      7A5F24E6 
 197      4434954E 
 198 0186 686FD6B8 		.ascii	"ho\326\270'X\376\223\012\331\325Ol'g\334R/\3045\321"
 198      2758FE93 
 198      0AD9D54F 
 198      6C2767DC 
 198      522FC435 
 199 019b CBBA8C74 		.ascii	"\313\272\214t\372\330\036\035\316\212\237J\261\002\037"
 199      FAD81E1D 
 199      CE8A9F4A 
 199      B1021F
 200 01aa B12335FE 		.ascii	"\261#5\376j\373H\356A\243q\224\004\231!\333%%\357\274"
 200      6AFB48EE 
 200      41A37194 
 200      049921DB 
 200      2525EFBC 
 201 01be CFAC938E 		.ascii	"\317\254\223\216\322H\310\255\267W\022\254\365\227\350"
 201      D248C8AD 
 201      B75712AC 
 201      F597E8
 202 01cd 122E9311 		.ascii	"\022.\223\021\275\300\202q\014[\201J\244D&s\202t\342"
 202      BDC08271 
 202      0C5B814A 
 202      A4442673 
ARM GAS  /var/folders/fq/ltb3dbq95yq6ljzx21t9gnkc0000gn/T//ccVJdjSz.s 			page 16


 202      8274E2
 203 01e0 FA46556E 		.ascii	"\372FUn\252;\361]#\034y)\2222\205\315\202\331m\262`"
 203      AA3BF15D 
 203      231C7929 
 203      923285CD 
 203      82D96DB2 
 204 01f5 5CF29D76 		.ascii	"\\\362\235v\350\3052A\023\022r\345\205\232\264\252}"
 204      E8C53241 
 204      131272E5 
 204      859AB4AA 
 204      7D
 205 0206 9E7167FE 		.ascii	"\236qg\376\277\356LY\356\030\344\316\012FR3\361BY\242"
 205      BFEE4C59 
 205      EE18E4CE 
 205      0A465233 
 205      F14259A2 
 206 021a ECDB2ADD 		.ascii	"\354\333*\335\027\272U\3049\340\365\252\2317\250\253"
 206      17BA55C4 
 206      39E0F5AA 
 206      9937A8AB 
 207 022a A1B0AA87 		.ascii	"\241\260\252\2074U\253\013\350\347\274\032\260p#\247"
 207      3455AB0B 
 207      E8E7BC1A 
 207      B07023A7 
 208 023a 55D5DF14 		.ascii	"U\325\337\024\177sX\255\366\325\234\252Q\353\033\264"
 208      7F7358AD 
 208      F6D59CAA 
 208      51EB1BB4 
 209 024a F34DB57E 		.ascii	"\363M\265~U\013\206\374g\265\300\311\246\006\315[\007"
 209      550B86FC 
 209      67B5C0C9 
 209      A606CD5B 
 209      07
 210 025b 1E5BBC3F 		.ascii	"\036[\274?\254:\275E'\374\260\015o\014\206\302\272z"
 210      AC3ABD45 
 210      27FCB00D 
 210      6F0C86C2 
 210      BA7A
 211 026d E2B4AFDA 		.ascii	"\342\264\257\332\327L$+\330\205\243\001b\272\264F\275"
 211      D74C242B 
 211      D885A301 
 211      62BAB446 
 211      BD
 212 027e BEB6AC1E 		.ascii	"\276\266\254\036\234\001\177 \030j\371GhYnV\340'\301"
 212      9C017F20 
 212      186AF947 
 212      68596E56 
 212      E027C1
 213 0291 6F05166E 		.ascii	"o\005\026n\370"
 213      F8
 214              		.text
 215              		.section	.gnu.lto_.symbol_nodes.ea214ae88ded1546,"",%progbits
 216 0000 789C4DC8 		.ascii	"x\234M\310\275\011\002A\024E\341s\337\233\021#\261\003"
 216      BD090241 
 216      1445E173 
 216      DF9B1123 
 216      B103
ARM GAS  /var/folders/fq/ltb3dbq95yq6ljzx21t9gnkc0000gn/T//ccVJdjSz.s 			page 17


 217 0012 4BBD1B6C 		.ascii	"K\275\033l\244\211\340\372\023\210\030\330\2025\010"
 217      A489E0FA 
 217      138818D8 
 217      823508
 218 0021 06F62018 		.ascii	"\006\366 \030Z\203(\270\301\234\354;\011\254\030\213"
 218      5A8328B8 
 218      C19CEC3B 
 218      09AC188B 
 219 0031 8D0CEB07 		.ascii	"\215\014\353\007\330\234\316S\352N\314M\014\262\332"
 219      D89CCE53 
 219      EA4ECC4D 
 219      0CB2DA
 220 0040 1F5B39DA 		.ascii	"\037[9\332\241\203\234\377A\327\375\274\227K\353\243"
 220      A1839CFF 
 220      41D7FDBC 
 220      974BEBA3 
 221 0050 5C1B2795 		.ascii	"\\\033'\225\376~\313\244pY\276\027\031\205\327u\226"
 221      FE7ECBA4 
 221      7059BE17 
 221      1985D775 
 221      96
 222 0061 39A17F7E 		.ascii	"9\241\177~\304\027\003\224$n"
 222      C4170394 
 222      246E
 223              		.text
 224              		.section	.gnu.lto_.refs.ea214ae88ded1546,"",%progbits
 225 0000 789C6366 		.ascii	"x\234cf``\340c\200\000F bdbb`\004\"\016\006\000\002"
 225      6060E063 
 225      80004620 
 225      62646262 
 225      6004220E 
 226 0017 040025   		.ascii	"\004\000%"
 227              		.text
 228              		.section	.gnu.lto_.decls.ea214ae88ded1546,"",%progbits
 229 0000 789CB55A 		.ascii	"x\234\265ZkTTW\226\256sO\025E\025\227\"\255i\323\343"
 229      6B545457 
 229      96AE734F 
 229      15451597 
 229      22AD69D3 
 230 0015 64560CDD 		.ascii	"dV\014\335\315t\317\250\230N:\323=+k:\335vO\257LO:\351"
 230      CD74CFA8 
 230      984E3AD3 
 230      3D2B6B3A 
 230      DD764FAF 
 231 002d 3859FDA3 		.ascii	"8Y\375\243\327\232\012\301\2120\341\325E\031\343Z\263"
 231      D79A0AC1 
 231      8A30E1D5 
 231      4519E35A 
 231      B3
 232 003e 664A1E8A 		.ascii	"fJ\036\212\370B\220\227\212\226\002\312\373% \010\""
 232      F8429097 
 232      8A9602CA 
 232      FB252008 
 232      22
 233 004f 20200828 		.ascii	"  \010(\276\001E\212\207\002>QP\020Af\237s\356\255{"
 233      BE01458A 
 233      87023E51 
ARM GAS  /var/folders/fq/ltb3dbq95yq6ljzx21t9gnkc0000gn/T//ccVJdjSz.s 			page 18


 233      50104166 
 233      9F73EEAD 
 234 0064 ABBC85F9 		.ascii	"\253\274\205\3713,\267\367\354{\367\331\373\333\373"
 234      332CB7F7 
 234      EC7BF7D9 
 234      FBDBFB
 235 0073 ECB3CFB9 		.ascii	"\354\263\317\271\347\026V\251T\257s*\325<\374\375\313"
 235      E71656A9 
 235      54AF732A 
 235      D53CFCFD 
 235      CB
 236 0084 3B2A55AE 		.ascii	";*U\256\207J\245\206{\237\002!\240%*\366\007\267U\337"
 236      874AA586 
 236      7B9F0221 
 236      A0252AF6 
 236      07B755DF 
 237 0098 C08D8D40 		.ascii	"\300\215\215@\377\003\024\005\264\031(\0161\271\347"
 237      FF031405 
 237      B419280E 
 237      31B9E7
 238 00a7 48E5F447 		.ascii	"H\345\364Gd\027\303\325\000\304\003\225\003\375\021"
 238      6417C3D5 
 238      00C40395 
 238      03FD11
 239 00b6 EECD22A6 		.ascii	"\356\315\"\246s\016\256\323@\007\2018\260\377!\\?\005"
 239      730EAED3 
 239      40078138 
 239      B0FF215C 
 239      3F05
 240 00c8 FA4FA04F 		.ascii	"\372O\240O\340\371<\020\206\3731\300\253\341j\205\253"
 240      E0F93C10 
 240      86FB31C0 
 240      ABE16A85 
 240      AB
 241 00d9 17DC7B02 		.ascii	"\027\334{\002\327t\240 \240\000\240\217\200\002\201"
 241      D774A020 
 241      A000A08F 
 241      800281
 242 00e8 56037D06 		.ascii	"V\003}\006\364'\240/\200\376\031H/\340\320B\177\035"
 242      F427A02F 
 242      80FE1948 
 242      2FE0D042 
 242      7F1D
 243 00fa 9037D022 		.ascii	"\2207\320\"\216\341&\370\211\337K\200\376\006\010\376"
 243      8EE126F8 
 243      89DF4B80 
 243      FE0608FE 
 244 010a A97CB997 		.ascii	"\251|\271\227\375 \376\032d~\210>\020\314r\037D\374"
 244      FD20FE1A 
 244      647E883E 
 244      10CC721F 
 244      44FC
 245 011c 042BF18F 		.ascii	"\004+\361\217\340%>he\230\011\336\337\010XE\234z\301"
 245      E0253E68 
 245      659809DE 
 245      DF085845 
 245      9C7AC1
ARM GAS  /var/folders/fq/ltb3dbq95yq6ljzx21t9gnkc0000gn/T//ccVJdjSz.s 			page 19


 246 012f 861CE33F 		.ascii	"\206\034\343?r\014\237?\347\214Q)\316d,<\205\361\222"
 246      720C9F3F 
 246      E78C5129 
 246      CE642C3C 
 246      85F192
 247 0142 6324F126 		.ascii	"c$\361&\030W\001\375\267\320G'\310\313m\375\214cc\350"
 247      185701FD 
 247      B7D04727 
 247      C8CB6DFD 
 247      8C6363E8 
 248 0156 6AE7979C 		.ascii	"j\347\227\234\263\235G\034\252.\232\354\364\032\345"
 248      B39D471C 
 248      AA2E9AEC 
 248      F41AE5
 249 0165 9041BF8C 		.ascii	"\220A\277\214\260'\022[\323<\200\345\365j\302\226\267"
 249      B027125B 
 249      D33C80E5 
 249      F56AC296 
 249      B7
 250 0176 F4777A63 		.ascii	"\364wzc\016\221vf\332\300e\375\362<\253\325\032g\255"
 250      0E917666 
 250      DAC065FD 
 250      F23CABD5 
 250      1A67AD
 251 0189 AF47928A 		.ascii	"\257G\222\212\232\221\250\036-\366\241B\323wF\356!\374"
 251      9A91A81E 
 251      2DF6A142 
 251      D37746EE 
 251      21FC
 252 019b 066D17F5 		.ascii	"\006m\027\365\235\336\000\252<\364\320\305:Mr\021\375"
 252      9DDE00AA 
 252      3CF4D0C5 
 252      3A4D7211 
 252      FD
 253 01ac 2FDC6EBB 		.ascii	"/\334n\273t\276KC\357\223[Z\220\344\2365U\025{ \275"
 253      74BE4B43 
 253      EF935B5A 
 253      90E49E35 
 253      55157B20 
 254 01c1 5F1C914C 		.ascii	"_\034\221L\210\266\352Z\015*t\024-E9h\251\012\225 ?"
 254      88B6EA5A 
 254      0D2A7414 
 254      2D453968 
 254      A90A9520 
 255 01d6 10467968 		.ascii	"\020Fyh\271\012\025\302\315\"\270\231\005\202\343m/"
 255      B90A15C2 
 255      CD22B899 
 255      0582E36D 
 255      2F
 256 01e7 0690D5AA 		.ascii	"\006\220\325\252F\305H\217\012\020\246\022\340\250\207"
 256      46C5488F 
 256      0A10A612 
 256      E0A887
 257 01f6 5E84C6F5 		.ascii	"^\204\306\365T\034:a@~z*^\027}\355\373D\274\014\304"
 257      541C3A61 
 257      407E7A2A 
 257      5E177DED 
ARM GAS  /var/folders/fq/ltb3dbq95yq6ljzx21t9gnkc0000gn/T//ccVJdjSz.s 			page 20


 257      FB44BC0C 
 258 020b F32571E8 		.ascii	"\363%q\350\315\344\225\255\227*X\007\315\207/\016\305"
 258      CDE495AD 
 258      972A5807 
 258      CD872F0E 
 258      C5
 259 021c 2351F3BE 		.ascii	"#Q\363\276\346\221\240h\353\207\250\0344\347J\232\313"
 259      E691A068 
 259      EB87A81C 
 259      34E74A9A 
 259      CB
 260 022d 16D67C4C 		.ascii	"\026\326|LQ3\312\256\237\332\306\321\021\261\3211\310"
 260      5133CAAE 
 260      9FDAC6D1 
 260      11B1D131 
 260      C8
 261 023e AB8A7FEE 		.ascii	"\253\212\177\356I\207\344\267\204\315-+|\300\341zDC"
 261      4987E4B7 
 261      84CD2D2B 
 261      7CC0E17A 
 261      4443
 262 0250 3C74B0FD 		.ascii	"<t\260\375\266\017ncL\362H\341c\035\276\304\230\236"
 262      B60F6E63 
 262      4CF248E1 
 262      631DBEC4 
 262      989E
 263 0262 9D13099E 		.ascii	"\235\023\011\236\270\2271Ww\335\275\314\343\001\306"
 263      B8973157 
 263      77DDBDCC 
 263      E301C6
 264 0271 9CAA9B6E 		.ascii	"\234\252\233n\321\3431\306l\217\263\267\351\361c\306"
 264      D1E331C6 
 264      6C8FB3B7 
 264      E9F163C6 
 265 0281 6C3A52B3 		.ascii	"l:R\263]\013\226\336\326\323q\355\337\367,KGY2P>\304"
 265      5D0B96DE 
 265      D6D371ED 
 265      DFF72C4B 
 265      47593250 
 266 0297 EBD6DBD6 		.ascii	"\353\326\333\326LG<\333\022[\336$\361l\000\257OJ^\277"
 266      4C473CDB 
 266      125BDE24 
 266      F16C00AF 
 266      4F4A5EBF 
 267 02ab 2D391DF5 		.ascii	"-9\035\365\262\323\365\340\364\333\202\323up\363\024"
 267      B2D3F5E0 
 267      F4DB82D3 
 267      7570F314 
 268 02bb 0B67F36C 		.ascii	"\013g\363l]\214\206e\200B\247\323\012\235\330\220f\246"
 268      5D8C8665 
 268      8042A7D3 
 268      0A9DD890 
 268      66A6
 269 02cd 2E21101A 		.ascii	".!\020\032\001B\255\004\241\001I)\2205\026\225\257q"
 269      0142AD04 
 269      A1014929 
 269      90351695 
ARM GAS  /var/folders/fq/ltb3dbq95yq6ljzx21t9gnkc0000gn/T//ccVJdjSz.s 			page 21


 269      AF71
 270 02df 0C54361B 		.ascii	"\014T6\033\250f\220\257\221\344\033\321\202\230\233"
 270      A86690AF 
 270      91E41BD1 
 270      82989B
 271 02ee 1431A383 		.ascii	"\0241\243\203MO\016y\3419\026\273\254\344\224\002\015"
 271      4D4F0E79 
 271      E13916BB 
 271      ACE49402 
 271      0D
 272 02ff 1D254FC2 		.ascii	"\035%O\302^\032\036\277\347\211c\330\314i\351\2740\214"
 272      5E1A1EBF 
 272      E78963D8 
 272      CC69E9BC 
 272      308C
 273 0311 D8887284 		.ascii	"\330\210r\204?4t\266\335\213\312\376\210\260\011G\353"
 273      3F3474B6 
 273      DD8BCAFE 
 273      88B00947 
 273      EB
 274 0322 5BBCF076 		.ascii	"[\274\360v&{\361q\265U\213\323(\303\355\270\320\377"
 274      267BF171 
 274      B5558BD3 
 274      28C3EDB8 
 274      D0FF
 275 0334 428DFC78 		.ascii	"B\215\374x\026\356\334\211o7\001\366s\210G\035\022\366"
 275      16EEDC89 
 275      6F3701F6 
 275      7388471D 
 275      12F6
 276 0346 4F78063D 		.ascii	"Ox\006=^\202\216>]\"\201\357\004\360\237\360\2024\030"
 276      5E828E3E 
 276      5D2281EF 
 276      04F09FF0 
 276      823418
 277 0359 48BA533F 		.ascii	"H\272S?h\300g\230\265\303\247\206\242y|\2261\327\023"
 277      68C06798 
 277      B5C3A786 
 277      A2797C96 
 277      31D713
 278 036c 36E7E870 		.ascii	"6\347\350p'c\012\016\245W\352\360\005\306<\265\266\304"
 278      27630A0E 
 278      A557EAF0 
 278      05C63CB5 
 278      B6C4
 279 037e FBE02B8C 		.ascii	"\373\340+\214i\037\234\236\340)\372\327\010\033?\021"
 279      691F9C9E 
 279      E029FAD7 
 279      081B3F11 
 280 038e D3C0E36E 		.ascii	"\323\300\343n\366\354\341\311\266\014\037|\2351\351"
 280      F6ECE1C9 
 280      B60C1F7C 
 280      9D31E9
 281 039d 531D2D3E 		.ascii	"S\035->T\360\007\204\035}4z\325\200o\262g\017\332\012"
 281      54F00784 
 281      1D7D347A 
 281      D5806FB2 
ARM GAS  /var/folders/fq/ltb3dbq95yq6ljzx21t9gnkc0000gn/T//ccVJdjSz.s 			page 22


 281      670FDA0A 
 282 03b1 06393CC0 		.ascii	"\0069<\300\030\261\006\361\264\006y]h\033\330\352\203"
 282      18B106F1 
 282      B406795D 
 282      681BD8EA 
 282      83
 283 03c2 7C85BFC5 		.ascii	"|\205\277\305\276~6pm\274c[\345G\211\321\326\254\037"
 283      BE7E3670 
 283      6DBC635B 
 283      E54789D1 
 283      D6AC1F
 284 03d5 D0005C84 		.ascii	"\320\000\\\204\000\014\241\305\222\233g\340?:d\340%"
 284      000CA1C5 
 284      929B67E0 
 284      3F3A64E0 
 284      25
 285 03e6 91B7DDC8 		.ascii	"\221\267\335\310\366h]Ee\273]e\257\271\312\3669d{\\"
 285      F6685D45 
 285      65BB5D65 
 285      AFB9CAF6 
 285      39647B5C 
 286 03fa 657BA9EC 		.ascii	"e{\251\354?8D\3179D\273\\E\177\342\242\365\274C\364"
 286      3F3844CF 
 286      3944BB5C 
 286      457FE2A2 
 286      F5BC43F4 
 287 040e 82325A49 		.ascii	"\2022ZIk\217C\364\222\253\350e\027\321^\207\350\025"
 287      6B8F43F4 
 287      92ABE865 
 287      17D15E87 
 287      E815
 288 0420 65511982 		.ascii	"eQ\031\202\353\016\331\253\3121\240jw\323\352d\265~"
 288      EB0ED9AB 
 288      CA31A06A 
 288      77D3EA64 
 288      B57E
 289 0432 6851A136 		.ascii	"hQ\2416x~\226<o\027:@\336\240[\220B\303\310\027\335"
 289      787E963C 
 289      6F173A40 
 289      DEA05B90 
 289      42C3C817 
 290 0447 04EA07BA 		.ascii	"\004\352\007\272\016d\007\032\000\032\004\272\001\324"
 290      0E64071A 
 290      001A04BA 
 290      01D4
 291 0455 877C691A 		.ascii	"\207|i\032R\273\235\016\273\347\025\203D\315\222\244"
 291      52BB9D0E 
 291      BBE71583 
 291      44CD92A4 
 292 0465 B677C47A 		.ascii	"\266w\304zX\021\221P\011\031*-+\025\217\257\274\311"
 292      58119150 
 292      09192A2D 
 292      2B158FAF 
 292      BCC9
 293 0477 CBB35AAE 		.ascii	"\313\263Z\256G\205n#^\020\034\333\022\373ox'&\251\204"
 293      47856E23 
 293      5E101CDB 
ARM GAS  /var/folders/fq/ltb3dbq95yq6ljzx21t9gnkc0000gn/T//ccVJdjSz.s 			page 23


 293      12FB6F78 
 293      2726A984 
 294 048b 9F4D36EF 		.ascii	"\237M6\357\366F\2203\273\205\222K\234r\030o\0054\243"
 294      F6469033 
 294      BB85924B 
 294      9C72186F 
 294      0534A3
 295 049e 825377C0 		.ascii	"\202Sw\300\2511\031\350\361\266\266#\033Y\202\201j4"
 295      A93119E8 
 295      F1B6B623 
 295      1B598281 
 295      6A34
 296 04b0 2288BA03 		.ascii	"\"\210\272\003\236N\201\217*\001\237M\036\332\354\211"
 296      9E4E818F 
 296      2A019F4D 
 296      1EDAEC89 
 297 04c0 132920D4 		.ascii	"\023) \324_\331<\241\303i\214\331[2=\245\3076\306\264"
 297      5FD93CA1 
 297      C3698CD9 
 297      5B323DA5 
 297      C736C6B4 
 298 04d4 E6677C81 		.ascii	"\346g|\201sh[=\264\277\244\322\007\371-]J\313T\034\314"
 298      73685B3D 
 298      B4BFA4D2 
 298      07F92D5D 
 298      4ACB541C 
 299 04e9 F2C750A1 		.ascii	"\362\307P\241\036 ,[\254\323\340\376\364\257\310\003"
 299      1E202C5B 
 299      ACD3E0FE 
 299      F4AFC803 
 300 04f9 687AD22B 		.ascii	"hz\322+-W\343\211V\374\003\025Z\276\024\375\024`>\004"
 300      2D57E389 
 300      56FC0315 
 300      5ABE14FD 
 300      14603E04 
 301 050d B7C82315 		.ascii	"\267\310#\025z\004\310\307Y\245\032Lz\264U\243\027\244"
 301      7A04C8C7 
 301      59A51A4C 
 301      7AB455A3 
 301      17A4
 302 051f E35E259D 		.ascii	"\343^%\235\026\237\026\307;E~\002\300H\221\237tD\376"
 302      169F16C7 
 302      3B457E02 
 302      C048919F 
 302      7444FE
 303 0532 CAD0EE06 		.ascii	"\312\320\356\006\204\013\231?\263s1\251>\270\2341\251"
 303      840B993F 
 303      B37331A9 
 303      3EB89C31 
 303      A9
 304 0543 17BA8FAB 		.ascii	"\027\272\217\253\361I\306\304_\317\355\320\342f\354"
 304      F149C6C4 
 304      5FCFEDD0 
 304      E266EC
 305 0552 B4C82C61 		.ascii	"\264\310,a\213\314\316\366\275\015\230\262\363\264\344"
 305      8BCCCEF6 
 305      BD0D98B2 
ARM GAS  /var/folders/fq/ltb3dbq95yq6ljzx21t9gnkc0000gn/T//ccVJdjSz.s 			page 24


 305      F3B4E4
 306 0561 250E4D66 		.ascii	"%\016Mf#q!pvm\026\300.\021\312\3603@3\343\330\007\314"
 306      23712170 
 306      766D16C0 
 306      2E11CAF0 
 306      334033E3 
 307 0578 D8E93EE0 		.ascii	"\330\351>\3409\300\234\226*\343\022i\021\260_\313\376"
 307      39C09C96 
 307      2AE31269 
 307      11B05FCB 
 307      FE
 308 0589 93B2D217 		.ascii	"\223\262\322\027\356\224\326e\266\323\335\302\034(\235"
 308      EE94D665 
 308      B6D3DDC2 
 308      1C289D
 309 0598 92943E97 		.ascii	"\222\224>\227--\366CS\353\224\265Z97Z\3675\337\246\013"
 309      2D2DF643 
 309      53EB94B5 
 309      5A39375A 
 309      F735DFA6 
 310 05ad D03C687D 		.ascii	"\320<h}*i\235\223\264\242\336\202kM\030\237g\321\352"
 310      2A699D93 
 310      B4A2DE82 
 310      6B4D189F 
 310      67D1EA
 311 05c0 BC9216EB 		.ascii	"\274\222\026\353\215\257Q\206\2732\267y\261\262\275"
 311      8DAF5186 
 311      BB32B779 
 311      B1B2BD
 312 05cf 1837F66C 		.ascii	"\0307\366l\351\030\241hN\217\2428E[C\217{sx\334\317"
 312      E918A168 
 312      4E8FA238 
 312      455B438F 
 312      7B7378DC 
 313 05e4 6CE50C9E 		.ascii	"l\345\014\236K\364\246\313\324O\010\273\177\313\344"
 313      4BF4A6CB 
 313      D44F08BB 
 313      7FCBE4
 314 05f3 8C1A8F30 		.ascii	"\214\032\2170\323\345;\372c\261\262\355\255\356l\357"
 314      D3E53BFA 
 314      63B1B2ED 
 314      ADEE6CEF 
 315 0603 03DB7160 		.ascii	"\003\333q`{\213\262\355\201;uG\324\370\2410M\246\372"
 315      7B8BB2ED 
 315      813B7547 
 315      D4F8A130 
 315      4DA6FA
 316 0616 1BB5D4F6 		.ascii	"\033\265\324\366*\272$^\353y\341\211\237\262g\227s\273"
 316      2ABA245E 
 316      EB79E189 
 316      9FB26797 
 316      73BB
 317 0628 6C3E788E 		.ascii	"l>x\2161\335=M\031Z\274Y\315\026\216=9\315<\336\301"
 317      31DD3D4D 
 317      195ABC59 
 317      CD168E3D 
 317      39CD3CDE 
ARM GAS  /var/folders/fq/ltb3dbq95yq6ljzx21t9gnkc0000gn/T//ccVJdjSz.s 			page 25


 318 063d 98D3C76A 		.ascii	"\230\323\307j~\207m\254]r*\177\253\216\252\373\202\260"
 318      7E876DAC 
 318      5D722A7F 
 318      AB8EAAFB 
 318      82B0
 319 064f 53B1E35B 		.ascii	"S\261\343[\365t\201\341\351\012\326v\347\246\026\037"
 319      F57481E1 
 319      E90AD676 
 319      E7A6161F 
 320 065f 61A26599 		.ascii	"a\242e\231\331\225L\364C\2720mI\275\302\341c\354\331"
 320      D9954CF4 
 320      43BA306D 
 320      49BDC2E1 
 320      63ECD9
 321 0672 DEB6EB3E 		.ascii	"\336\266\353>\3704k\237\331\226y\321\003_f\314\361\373"
 321      F8346B9F 
 321      D99679D1 
 321      035F66CC 
 321      F1FB
 322 0684 D9291A7C 		.ascii	"\331)\032|\2032\\YFs\272N\330a\330\362\300\351\275\340"
 322      83325C59 
 322      4673BA4E 
 322      D861D8F2 
 322      C0E9BDE0 
 323 0698 741AF75D 		.ascii	"t\032\367]\267\201\351\234\34260\366vU\012\306\203\314"
 323      B781E99C 
 323      E23630F6 
 323      76550AC6 
 323      83CC
 324 06aa DEF4B9E1 		.ascii	"\336\364\271\341<-\036eLr\355\376D\206\330J\371\361"
 324      3C2D1E65 
 324      4C72EDFE 
 324      4486D84A 
 324      F9F1
 325 06bc 9B0933DE 		.ascii	"\233\0113\336\370!{\030u'\335\206\3604cnm.\313Pc\253"
 325      F8217B18 
 325      7527DD86 
 325      F034636E 
 325      6D2ECB50 
 326 06d2 863229F9 		.ascii	"\2062)\371\0313\0368\2161I;oV\3608\2011Ew\036\355\321"
 326      19331E38 
 326      8E31493B 
 326      6F56F038 
 326      81314577 
 327 06e9 E054C694 		.ascii	"\340T\306\224\216\365\256\300\007h\233K\237\274u\026"
 327      8EF5AEC0 
 327      07689B4B 
 327      9FBC7516 
 328 06f9 B9DD951D 		.ascii	"\271\335\225\035\341\224we6(j(\033b\220\305\275\274"
 328      E1947765 
 328      36286A28 
 328      1B6290C5 
 328      BDBC
 329 070b C3020B19 		.ascii	"\303\002\013\0317\216\034\344q\0363w`\323\265$\015."
 329      378E1CE4 
 329      711E3377 
 329      60D3B524 
ARM GAS  /var/folders/fq/ltb3dbq95yq6ljzx21t9gnkc0000gn/T//ccVJdjSz.s 			page 26


 329      0D2E
 330 071d 65CC8BCC 		.ascii	"e\314\213\314\355\260+\253`\314@\361\310\030\207\233"
 330      EDB02BAB 
 330      60CC40F1 
 330      C818879B 
 331 072d 1893766E 		.ascii	"\030\223vn\307%\036_f\314\216F\373E\015\276\251q\312"
 331      C7251E5F 
 331      66CC8E46 
 331      FB450DBE 
 331      A971CA
 332 0740 5A9E656D 		.ascii	"Z\236emn\317\3253Z<\246q\312*\236eU\206}r@\207\037\262"
 332      6ECFD533 
 332      5A3CA671 
 332      CA2A9E65 
 332      55867D72 
 333 0758 67379BA2 		.ascii	"g7\233\242\256\252\361\014c6\325\027^b\202\277\240;"
 333      AEAAF10C 
 333      6336D517 
 333      5E6282BF 
 333      A03B
 334 076a 97E6E449 		.ascii	"\227\346\344I/\034\343A\237EG\327\265h\360.\017\247"
 334      2F1CE341 
 334      9F4547D7 
 334      B568F02E 
 334      0FA7
 335 077c 6CE169B6 		.ascii	"l\341i\266|p\340E[\264A\330\252\370\371\362\276\213"
 335      7C70E045 
 335      5BB441D8 
 335      AAF8F9F2 
 335      BE8B
 336 078e FD486331 		.ascii	"\375Hc1\335\266,^\314\363\213\311m\302\221{\374\353"
 336      DDB62C5E 
 336      CCF38BC9 
 336      6DC2917B 
 336      FCEB
 337 07a0 6C43C393 		.ascii	"lC\303\223\377y?\372\347k#U\241\270\332\376\243\352"
 337      FF793FFA 
 337      E76B2355 
 337      A1B8DAFE 
 337      A3EA
 338 07b2 326B7D0C 		.ascii	"2k}\014\246\257\020; n7\271\327\225\326\036\272\274"
 338      A6AF103B 
 338      206E37B9 
 338      D795D61E 
 338      BABC
 339 07c4 EECC27CB 		.ascii	"\356\314'\313+\211p\011H\366r\262"
 339      2B897009 
 339      48F672B2 
 340 07d0 55AA9873 		.ascii	"U\252\230s\336\002\214OW\217\257Ib\333&\216G6\220\357"
 340      DE028C4F 
 340      578FAF49 
 340      62DB268E 
 340      473690EF 
 341 07e4 E4DC6F44 		.ascii	"\344\334oDJ\212\253\253~\234n\2655\"T\007\342\011\013"
 341      4A8AABAB 
 341      7E9C6EB5 
 341      35225407 
ARM GAS  /var/folders/fq/ltb3dbq95yq6ljzx21t9gnkc0000gn/T//ccVJdjSz.s 			page 27


 341      E2090B
 342 07f7 02B1DAB7 		.ascii	"\002\261\332\267\346\236\343\255\000\205\200\336\376"
 342      E69EE3AD 
 342      008580DE 
 342      FE
 343 0804 0AD06D23 		.ascii	"\012\320m#\232\264U\264\026\305\012\240\205\372\301"
 343      9AB455B4 
 343      16C50AA0 
 343      85FAC1
 344 0813 76229B39 		.ascii	"v\"\2339qi\035\257\252\261y\267Ya\211\353\002\241d)"
 344      71691DAF 
 344      AAB179B7 
 344      596189EB 
 344      02A16429 
 345 0827 87CE728B 		.ascii	"\207\316r\213U\342rMc\366\246\0203\262N\337E.\221\220"
 345      55E2724D 
 345      63F6A610 
 345      33B24EDF 
 345      452E9190 
 346 083b 6F08E56B 		.ascii	"o\010\345k\331y\360KZ\313\300Kq\003`?\337\306\274\271"
 346      D979F04B 
 346      5ACBC04B 
 346      7103603F 
 346      DFC6BCB9 
 347 084f 051299EE 		.ascii	"\005\022\231\356\275\221o\227*\340q%y\334\000s\201\230"
 347      BD916F97 
 347      2AE07125 
 347      79DC0073 
 347      8198
 348 0861 273B8BBB 		.ascii	"';\213\273\320>\315\371\242\013@\327\200N\002]\001\032"
 348      D03ECDF9 
 348      A20B40D7 
 348      804E025D 
 348      011A
 349 0873 04BA0C64 		.ascii	"\004\272\014d\007\252\001\272\015\324\006t\006h\000"
 349      07AA01BA 
 349      0DD40674 
 349      066800
 350 0882 6814E838 		.ascii	"h\024\3508\320U\2401\240\353\034\333\235\220\240\224"
 350      D055A031 
 350      A0EB1CDB 
 350      9D90A094 
 351 0892 54D5CC62 		.ascii	"T\325\314b\262\034\325\203\221\343\322\302\321+\213"
 351      B21CD583 
 351      91E3D2C2 
 351      D12B8B
 352 08a1 09193DFB 		.ascii	"\011\031=\373\033l\364\310`W\203\330YNq\013CGd\333Q"
 352      1B6CF4C8 
 352      605783D8 
 352      594E710B 
 352      434764DB 
 353 08b6 BA4B1324 		.ascii	"\272K\023${\027\220\034\313\226K\016+K\322\261\233\256"
 353      7B17901C 
 353      CB964B0E 
 353      2B4BD2B1 
 353      9BAE
 354 08c8 2EF90359 		.ascii	".\371\003Y\337\272A\346\2204t\235\"L\305m\331%\010\330"
ARM GAS  /var/folders/fq/ltb3dbq95yq6ljzx21t9gnkc0000gn/T//ccVJdjSz.s 			page 28


 354      DFBA41E6 
 354      9034749D 
 354      224CC56D 
 354      D92508D8 
 355 08dc B010BCFB 		.ascii	"\260\020\274\373\320n\342\034\3332+\311\310\277g>\265"
 355      D06EE21C 
 355      DB322BC9 
 355      C8BF673E 
 355      B5
 356 08ed 8048BE6B 		.ascii	"\200H\276k\302\367:\357y\255%s5\345x\023\225'\351\223"
 356      C2F73AEF 
 356      79AD2573 
 356      35E57813 
 356      9527E993 
 357 0901 0AF21D70 		.ascii	"\012\362\035p\335\303-\245\031\341\222\301\240=K\320"
 357      DDC32DA5 
 357      19E192C1 
 357      A03D4BD0 
 358 0911 4E463B47 		.ascii	"NF;GY\273l\330m\024\271C[\012\307BL\220\217\003\362"
 358      59BB6CD8 
 358      6D14B943 
 358      5B0AC742 
 358      4C908F03 
 359 0926 4618B68B 		.ascii	"F\030\266\213\234lS9]=-L\277>\210\336a\345\351\307\320"
 359      9C6C5339 
 359      5D3D2D4C 
 359      BF3E88DE 
 359      61E5E9C7 
 360 093b CBF36A37 		.ascii	"\313\363j7\030H\204\031\201\222\004\374\304\300C0\320"
 360      18488419 
 360      819204FC 
 360      C4C04330 
 360      D0
 361 094c 0A061E09 		.ascii	"\012\006\036\011\006\344\0352\240\003\331\376\243\003"
 361      06E41D32 
 361      A003D9FE 
 361      A303
 362 095a 8209D2E1 		.ascii	"\202\011\322\341\036t\030\201\016U@\355B'\371T\250\347"
 362      1E741881 
 362      0E5540ED 
 362      4227F954 
 362      A8E7
 363 096c E41B6A32 		.ascii	"\344\033j2\274l\270\334\311\240\036P(\211\311\355;\""
 363      BC6CB8DC 
 363      C9A01E50 
 363      2889C9ED 
 363      3B22
 364 097e 520B220B 		.ascii	"R\013\"\013E\004\"^\376\246\224\243'\0243O\366\012\363"
 364      4504225E 
 364      FEA694A3 
 364      2714334F 
 364      F60AF3
 365 0991 CC917A27 		.ascii	"\314\221z'\024\323\231\211\012uc\230o%u\203$J\256\224"
 365      14D39989 
 365      0A756398 
 365      6F257583 
 365      244AAE94 
ARM GAS  /var/folders/fq/ltb3dbq95yq6ljzx21t9gnkc0000gn/T//ccVJdjSz.s 			page 29


 366 09a5 7CC3F239 		.ascii	"|\303\3629\002u#\347\357N\260\272\001\033Y\364\304\025"
 366      027523E7 
 366      EF4EB0BA 
 366      011B59F4 
 366      C415
 367 09b7 80ECC588 		.ascii	"\200\354\305\210\002\330\353\230%\367\\E]_\3152h]&\345"
 367      02D8EB98 
 367      25F75C45 
 367      5D5FCD32 
 367      685D26E5 
 368 09cb A3D43591 		.ascii	"\243\3245\221\3128'Q\373\256\243\254\326\220\203\210"
 368      CA382751 
 368      FBAEA3AC 
 368      D6908388 
 369 09db 16E5D2F5 		.ascii	"\026\345\322\365R\261q\214q3\304u\2411\026\242Q\302"
 369      52B1718C 
 369      7133C475 
 369      A13116A2 
 369      51C2
 370 09ed 17906890 		.ascii	"\027\220h\220\202\267K\212\3069\216W\275\224>\216:V"
 370      82B74B8A 
 370      C6398E57 
 370      BD943E8E 
 370      3A56
 371 09ff 2560F9FF 		.ascii	"%`\371\377\250cB\370\355+\204\360\177\302\243r\3278"
 371      A86342F8 
 371      ED2B84F0 
 371      7FC2A372 
 371      D738
 372 0a11 5538C7C9 		.ascii	"U8\307\311V\227KBz\007\\\330\357\276\"\313\363\265\333"
 372      56974B42 
 372      7A075CD8 
 372      EFBE22CB 
 372      F3B5DB
 373 0a24 29A7FB98 		.ascii	")\247\373\230\263\211\012UGE\265\021?\037\200\237'\000"
 373      B3890A55 
 373      4745B511 
 373      3F1F809F 
 373      2700
 374 0a36 6725D010 		.ascii	"g%\320\020P5\320\015\240S@\3752\354\366~a\271#+\357"
 374      5035D00D 
 374      A05340FD 
 374      32ECF67E 
 374      61B9232B 
 375 0a4b D1572C77 		.ascii	"\321W,w'\351rG\266\371\233\224\226;\251`\331f\177\012"
 375      27E97247 
 375      B6F99B94 
 375      963BA960 
 375      D9667F0A 
 376 0a5f 2A49AD2A 		.ascii	"*I\255*\020\004\035s\251\320%i\366\235a\366I2\336WN"
 376      10041D73 
 376      A9D02569 
 376      F69D61F6 
 376      4932DE57 
 377 0a74 46D9CC39 		.ascii	"F\331\3149HC\007A\336\371\252\265\314\245\034\347qX"
 377      48430741 
 377      DEF9AAB5 
ARM GAS  /var/folders/fq/ltb3dbq95yq6ljzx21t9gnkc0000gn/T//ccVJdjSz.s 			page 30


 377      CCA51CE7 
 377      7158
 378 0a86 B11CCBC3 		.ascii	"\261\034\313\303\334\351\024\346[\262U\364\334\321s"
 378      DCE914E6 
 378      5BB255F4 
 378      DCD173
 379 0a95 5E56709D 		.ascii	"^Vp\235\354\374\343\225\\\337\3069\252\357t\365\250"
 379      ECFCE395 
 379      5CDFC639 
 379      AAEF74F5 
 379      A8
 380 0aa6 AC561F14 		.ascii	"\254V\037\024J\227\373Zm[\316*\007\331o\024)o}\244\021"
 380      4A97FB5A 
 380      6D5BCE2A 
 380      07D96F14 
 380      296F7DA4 
 381 0abb C8A5B391 		.ascii	"\310\245\263\221L\260c\312\263\361\345\275A\207\223"
 381      4CB063CA 
 381      B3F1E5BD 
 381      418793
 382 0aca 57779857 		.ascii	"Ww\230W\364u?~\013y\335'\253\255\363\353~\026sc\230"
 382      F4753F7E 
 382      0B79DD27 
 382      ABADF3EB 
 382      7E167363 
 383 0adf AECD9DCA 		.ascii	"\256\315\235\312\217\001\367\033\344\361\260\342c\373"
 383      8F01F71B 
 383      E4F1B0E2 
 383      63FB
 384 0aed CC3A4F32 		.ascii	"\314:O2<\012\217\306\347jJVG\301j\332\241\330\023\346"
 384      3C0A8FC6 
 384      E76A4A56 
 384      47C16ADA 
 384      A1D813E6 
 385 0b01 52ED1B69 		.ascii	"R\355\033id\212\237}\351\271\215u\257\375\003[|\310"
 385      648A9F7D 
 385      E9B98D75 
 385      AFFD035B 
 385      7CC8
 386 0b13 1BC93E61 		.ascii	"\033\311>a)Q*3dg;S3\257'\037:ht\377B\217\236/\036\234"
 386      29512A33 
 386      64673B53 
 386      33AF271F 
 386      3A6874FF 
 387 0b2d 9C30D07B 		.ascii	"\2340\320{$\345\036s\364\346\374\203\321\033\336o$\013"
 387      24E51E73 
 387      F4E6FC83 
 387      D11BDE6F 
 387      240B
 388 0b3f 99F39A9A 		.ascii	"\231\363\232\232\312\313N\007\2707\340\377\011N\315"
 388      CACB4E07 
 388      B837E0FF 
 388      094ECD
 389 0b4e D476F7D4 		.ascii	"\324v\367\324L`\234\241e[\372\362\207'\275\226\035\260"
 389      4C609CA1 
 389      655BFAF2 
 389      8727BD96 
ARM GAS  /var/folders/fq/ltb3dbq95yq6ljzx21t9gnkc0000gn/T//ccVJdjSz.s 			page 31


 389      1DB0
 390 0b60 DA4AC6CF 		.ascii	"\332J\306\317\237\254\365N\005lV\373\374\374[\264\027"
 390      9FACF54E 
 390      056C56FB 
 390      FCFC5BB4 
 390      17
 391 0b71 7AE22852 		.ascii	"z\342(R*\322\246~\240\247\3342\350x?~\307\220An\363"
 391      2AD2A67E 
 391      A0A7DC32 
 391      E8783F7E 
 391      C790416E 
 392 0b86 9CD32E6E 		.ascii	"\234\323.n\212\332\374\213`2q\313\3436O|\232\231\274"
 392      8ADAFC8B 
 392      603271CB 
 392      E3364F7C 
 392      9A99BC
 393 0b99 539B5F6D 		.ascii	"S\233_m\240&\355\323C-0}\254\365\363\363\277\242]\320"
 393      A026EDD3 
 393      432D307D 
 393      ACF5F3F3 
 393      BFA25DD0 
 394 0bad B4CCE0B4 		.ascii	"\264\314\340\264h\360\0315\370\352h\314\260h\364=h\214"
 394      68F01935 
 394      F8EA68CC 
 394      B068F43D 
 394      688C
 395 0bbf D1CB91C9 		.ascii	"\321\313\221\311\316^Uh\226\002{.\006\243\274\365i\277"
 395      CE5E5568 
 395      96027B2E 
 395      06A3BCF5 
 395      69BF
 396 0bd1 01773264 		.ascii	"\001w2d\275[\266\226\351\030\262\234fS}\214uv~\036\323"
 396      BD5BB696 
 396      E918B29C 
 396      66537D8C 
 396      75767E1E 
 397 0be6 2E684E06 		.ascii	".hN\006lN\004\366\202\002+\235>u]CA\314;\200\015&_\215"
 397      6C4E04F6 
 397      82022B9D 
 397      3E755D43 
 397      41CC3B80 
 398 0bfe F3718BC1 		.ascii	"\363q\213\301\212\011\206y\021\303\236\301\222\353\032"
 398      8A098679 
 398      11C39EC1 
 398      92EB1A
 399 0c0d DCCB3094 		.ascii	"\334\3130\224\336\035?\247\007\014v\222L%\277\333\224"
 399      DE1D3FA7 
 399      070C7692 
 399      4C25BFDB 
 399      94
 400 0c1e B9D94603 		.ascii	"\271\331F\003\204\336\"\335\320&,\341\2006\303\021\205"
 400      84DE22DD 
 400      D0262CE1 
 400      8036C311 
 400      85
 401 0c2f 098E23C9 		.ascii	"\011\216#\311E)\274#\030\014GuS\3461\265\373Q\212\241"
 401      4529BC23 
ARM GAS  /var/folders/fq/ltb3dbq95yq6ljzx21t9gnkc0000gn/T//ccVJdjSz.s 			page 32


 401      180C4775 
 401      53E631B5 
 401      FB518AA1 
 402 0c43 40A2B100 		.ascii	"@\242\261\000d&\351Q\201\036\2172 \231=\327g5\024\210"
 402      6426E951 
 402      811E8F32 
 402      20993DD7 
 402      67351488 
 403 0c57 3DBFD492 		.ascii	"=\277\324\222n=\024e}\0010h'\024+\203\021+\302\330L"
 403      6E3D1465 
 403      7D013068 
 403      27142B83 
 403      112BC2D8 
 404 0c6c 616CDF3A 		.ascii	"al\337:\025\257\305\223L\311\343\234G=\336LIQ\351\027"
 404      15AFC593 
 404      4CC9E39C 
 404      473DDE4C 
 404      4951E917 
 405 0c80 322524A6 		.ascii	"2%$\246[dJ\266\210J\342\250\222\306\362\262{>\364\205"
 405      5B644AB6 
 405      884AE2A8 
 405      92C6F2B2 
 405      7B3EF485 
 406 0c94 BAFE757A 		.ascii	"\272\376uz>_\324\275\207\035\027\264\322\363\372\315"
 406      3E5FD4BD 
 406      871D17B4 
 406      D2F3FACD 
 407 0ca4 3D5526BC 		.ascii	"=U&\274\311\223\275\3717L~\017\357`\355\232\351\312"
 407      C993BDF9 
 407      374C7E0F 
 407      EF60ED9A 
 407      E9CA
 408 0cb6 A306DACF 		.ascii	"\243\006\332\317\316^\016kG\237\260\003\3577\351\253"
 408      CE5E0E6B 
 408      479FB003 
 408      EF37E9AB 
 409 0cc6 F8DCF361 		.ascii	"\370\334\363a\003Ne\262\325\331\307s\275q\026c\022S"
 409      034E65B2 
 409      D5D9C773 
 409      BD711663 
 409      1253
 410 0cd8 47CA0CB8 		.ascii	"G\312\014\270\2141[s\333\207x|B\020+\253\310\340p\003"
 410      8C315B73 
 410      DB87787C 
 410      42102BAB 
 410      C8E07003 
 411 0cec 6346361D 		.ascii	"cF6\035\3120\3403\214i\3363\366\037\370<k_\032\274r"
 411      CA30E033 
 411      8C69DE33 
 411      F61FF83C 
 411      6B5F1ABC 
 412 0d01 C41B5FA3 		.ascii	"\304\033_\243\214g\345\364D\0169\362d/\241\362U}\007"
 412      8C67E5F4 
 412      440E39F2 
 412      642FA1F2 
 412      557D07
 413 0d14 5E8A7662 		.ascii	"^\212vb\230\351\011\340{*f\025\375\000\366C\373\261"
ARM GAS  /var/folders/fq/ltb3dbq95yq6ljzx21t9gnkc0000gn/T//ccVJdjSz.s 			page 33


 413      98E909E0 
 413      7B2A6615 
 413      FD00F643 
 413      FBB1
 414 0d26 2FCA00DA 		.ascii	"/\312\000\332\007\224\006\264\027(\035\313V\272\342"
 414      079406B4 
 414      17281DCB 
 414      56BAE2
 415 0d35 4E69A5D9 		.ascii	"Ni\245\331#tv\273\355\251)\024wH)\256\242\256\233\251"
 415      237476BB 
 415      EDA92914 
 415      774829AE 
 415      A2AE9BA9 
 416 0d49 2A8768B2 		.ascii	"*\207h\262\262Vi]\264\027\0242\014\344\355.\311U\372"
 416      B256695D 
 416      B4171432 
 416      0CE4ED2E 
 416      C955FA
 417 0d5c 8CEB2A9A 		.ascii	"\214\353*\232\273BXEw\013\242\312\253H\224-\257P\\\026"
 417      BB425845 
 417      770BA2CA 
 417      AB48942D 
 417      AF505C16 
 418 0d70 1295954A 		.ascii	"\022\225\225Jg\2749;H\321\007\221\227\316x\271\322\311"
 418      67BC393B 
 418      48D10791 
 418      97CE78B9 
 418      D2C9
 419 0d82 811C0D5A 		.ascii	"\201\034\015Z\254\034n\033\204\370\273\206[\330\253"
 419      AC1C6E1B 
 419      84F8BB86 
 419      5BD8AB
 420 0d91 D57AD791 		.ascii	"\325z\327\221B~\020z\355r$*5-XD7\262\256\035W\343\001"
 420      427E107A 
 420      ED72242A 
 420      352D5844 
 420      37B2AE1D 
 421 0da8 9600B993 		.ascii	"\226\000\271\223M\3670\036aL\321\261\3726/<\307\230"
 421      4DF7301E 
 421      614CD1B1 
 421      FA362F3C 
 421      C798
 422 0dba A60BD7F3 		.ascii	"\246\013\327\363=\330\267&vX\324^\325\307r\231\246v"
 422      3DD8B726 
 422      7658D45E 
 422      D5C77299 
 422      A676
 423 0dcc 4BE6D01E 		.ascii	"K\346\320\036\035\336\243c\371U\024\005{\203,\306\244"
 423      1DDEA363 
 423      F9551405 
 423      7B832CC6 
 423      A4
 424 0ddd 24251FD7 		.ascii	"$%\037\327\341\012\306\014\347f\266{\343\223:\247\017"
 424      E10AC60C 
 424      E766B67B 
 424      E3933AA7 
 424      0F
ARM GAS  /var/folders/fq/ltb3dbq95yq6ljzx21t9gnkc0000gn/T//ccVJdjSz.s 			page 34


 425 0dee 3E06F6C1 		.ascii	">\006\366\301g\357\265[\223\230j\244\223\343\334\001"
 425      67EFB55B 
 425      93986AA4 
 425      93E3DC01 
 426 0dfe 5BB90F6E 		.ascii	"[\271\017nf\242\311g\367\355\322\340\363\214I\030H\274"
 426      66A2C967 
 426      F7EDD2E0 
 426      F38C4918 
 426      48BC
 427 0e10 A4C6DD3A 		.ascii	"\244\306\335:\247c\337e\354\3307\365\356t\271'eI\321"
 427      A763DF65 
 427      ECD837F5 
 427      EE74B927 
 427      6549D1
 428 0e23 23DF53FB 		.ascii	"#\337S\373\272\006t\216/\213\225\267\350\201n\031\206"
 428      BA06748E 
 428      2F8B95B7 
 428      E8816E19 
 428      86
 429 0e34 755E0AC7 		.ascii	"u^\012\3072\371W:k\264U\223c\200\221\201\250\347\223"
 429      32F9573A 
 429      6BB45593 
 429      63809181 
 429      A8E793
 430 0e47 A89742A4 		.ascii	"\250\227B\244\227\011\307Q\305p\263\004\323/\213\307"
 430      9709C751 
 430      C570B304 
 430      D32F8BC7 
 431 0e57 061F6CD3 		.ascii	"\006\037l\323;>\001g&\322\357\205\345\240\270PR\014"
 431      3B3E0167 
 431      26D2EF85 
 431      E5A0B850 
 431      520C
 432 0e69 7616D27C 		.ascii	"v\026\322|LYsC\351\345\275X\324\\US\276\206,\325\225"
 432      4C597343 
 432      E9E5BD58 
 432      D45C5553 
 432      BE862CD5 
 433 0e7e A0B940D2 		.ascii	"\240\271@\322\\\276\260\346\012E\315(\363R]\005\302"
 433      5CBEB0E6 
 433      0A45CD28 
 433      F3525D05 
 433      C2
 434 0e8f 432C728D 		.ascii	"C,r\215\347\253R\020\255\264\237\210\205v\352T\363#"
 434      E7AB5210 
 434      ADB49F88 
 434      8576EA54 
 434      F323
 435 0ea1 0FB705BF 		.ascii	"\017\267\005\277\232\326\331*\261\316\326\334\234h\327"
 435      9AD6D92A 
 435      B1CED6DC 
 435      9C68D7
 436 0eb0 E17B4C59 		.ascii	"\341{LYA\322\361z/\247\263}\220\226\365\255\301\322"
 436      41D2F17A 
 436      2FA7B37D 
 436      9096F5AD 
 436      C1D2
ARM GAS  /var/folders/fq/ltb3dbq95yq6ljzx21t9gnkc0000gn/T//ccVJdjSz.s 			page 35


 437 0ec2 A742AEE0 		.ascii	"\247B\256\340RN\262\027\342\375\334\211\243\223\000"
 437      524EB217 
 437      E2FDDC89 
 437      A39300
 438 0ed1 5FEA41E7 		.ascii	"_\352A\347Lm\264\036\346L-\334<!E\001d\034y|x2\251\332"
 438      4C6DB41E 
 438      E64C2DDC 
 438      3C214501 
 438      641C797C 
 439 0ee9 0B3F6170 		.ascii	"\013?ap\362\354\007\237\031\360\034e\3643\263\331\247"
 439      F2EC079F 
 439      19F01C65 
 439      F433B3D9 
 439      A7
 440 0efa 11F25BEC 		.ascii	"\021\362[\354Kj\031\357\353G\365\265e.\002}\0150/\216"
 440      4B6A19EF 
 440      EB47F5B5 
 440      652E027D 
 440      0D302F8E 
 441 0f0e 48FA4E63 		.ascii	"H\372Nc\247\343\0046\375\262 ~\331$\250\365\200\352"
 441      A7E30436 
 441      FDB2207E 
 441      D924A8F5 
 441      80EA
 442 0f20 B430FDDA 		.ascii	"\2640\375\332\240\335\010\323\255\025\250\031\250\011"
 442      A0DD08D3 
 442      AD15A819 
 442      A809
 443 0f2e A8053BBD 		.ascii	"\250\005;\275\217\214\257\024\336G\316\000\350\0340"
 443      8F8CAF14 
 443      DE47CE00 
 443      E81C30
 444 0f3d 721A2B9E 		.ascii	"r\032+\236o(\332:*\310\177\027[\366\376|V\321Ht\352"
 444      6F28DA3A 
 444      2AC87F17 
 444      5BF6FE7C 
 444      56D14874 
 445 0f52 5C0DBDF4 		.ascii	"\\\015\275\364\001\363\3466\217\234U4\237\216\213F\304"
 445      01F3E636 
 445      8F9C5534 
 445      9F8E8B46 
 445      C4
 446 0f63 B47139B5 		.ascii	"\264q9\265\263\217\2653\305\220 \247\\\365\312\252\265"
 446      B38FB533 
 446      C59020A7 
 446      5CF5CAAA 
 446      B5
 447 0f74 7C1C1BB0 		.ascii	"|\034\033\260|\253{\006;6\360\266>\272o&\301\310U\014"
 447      7CAB7B06 
 447      3B36F0B6 
 447      3EBA6F26 
 447      C1C8550C 
 448 0f88 86F4C66D 		.ascii	"\206\364\306m\277\276\215\024\310\323\012\005\022%6"
 448      BFBE8D14 
 448      C8D30A05 
 448      122536
 449 0f97 B61DE770 		.ascii	"\266\035\347p\214\236\214\254G"
ARM GAS  /var/folders/fq/ltb3dbq95yq6ljzx21t9gnkc0000gn/T//ccVJdjSz.s 			page 36


 449      8C9E8CAC 
 449      47
 450 0fa0 427D599B 		.ascii	"B}Y\233\001\321q\245\037s\355\263\002`1\344\035\257"
 450      01D171A5 
 450      1F73EDB3 
 450      026031E4 
 450      1DAF
 451 0fb2 0EB9E348 		.ascii	"\016\271\343H$S\220'!\357\202\220\267C\230\317\001u"
 451      24539027 
 451      21EF8290 
 451      B74398CF 
 451      0175
 452 0fc4 029D9787 		.ascii	"\002\235\227\207;\256p'o\225\205\260c\241\020\276\220"
 452      3BAE7027 
 452      6F9585B0 
 452      63A110BE 
 452      90
 453 0fd5 21CA5544 		.ascii	"!\312UD$\015\215=M\246\371\254\262f`\305(=\247Q\352"
 453      240D8D3D 
 453      4DA6F9AC 
 453      B26660C5 
 453      283DA751 
 454 0fea 505A4646 		.ascii	"PZFFk\272zt.\313\210\303\321\213\340\334\253\034\025"
 454      6BBA7A74 
 454      2ECB88C3 
 454      D18BE0DC 
 454      AB1C15
 455 0ffd 6A4F95   		.ascii	"jO\225"
 456 1000 A19B2C1F 		.ascii	"\241\233,\037\027@\372\2604M:d\313GF\377\330\204\032"
 456      1740FAB0 
 456      344D3A64 
 456      CB4746FF 
 456      D8841A
 457 1013 27E8D96E 		.ascii	"'\350\331n\353\305\301bO\234\312\230\372[\261\227\275"
 457      EBC5C162 
 457      4F9CCA98 
 457      FA5BB197 
 457      BD
 458 1024 F111C634 		.ascii	"\361\021\3064\016vl\323\221\372\020\375\252o\177)U\005"
 458      0E766CD3 
 458      91FA10FD 
 458      AA6F7F29 
 458      5505
 459 1036 4F74B892 		.ascii	"Ot\270\222v\303\027\272\262\272=a\200atc\242aN\215\276"
 459      76C317BA 
 459      B2BA3D61 
 459      80617463 
 459      A2614E8D 
 460 104b DFC1E6D4 		.ascii	"\337\301\346\324U\010\3475@\324\263\320\000\273\274"
 460      5508E735 
 460      40D4B3D0 
 460      00BBBC
 461 105a 7F5E11E4 		.ascii	"\177^\021\344\211\337\275\340w\267\314W\373Y\272&\367"
 461      89DFBDE0 
 461      77B7CC57 
 461      FB59BA26 
 461      F7
ARM GAS  /var/folders/fq/ltb3dbq95yq6ljzx21t9gnkc0000gn/T//ccVJdjSz.s 			page 37


 462 106b 2805B37B 		.ascii	"(\005\263{\270\252\200s\004\323E\351\015P\344N)\004"
 462      B8AA8073 
 462      04D345E9 
 462      0D50E44E 
 462      2904
 463 107d F09E819E 		.ascii	"\360\236\201\236\034]\007\211\313R\000{d\001\234\217"
 463      1C5D0789 
 463      CB52007B 
 463      64019C8F 
 464 108d E9E842B8 		.ascii	"\351\350B\270\236\205)\271\253\340\252\02671\346\344"
 464      9E8529B9 
 464      ABE0AA16 
 464      3731E6E4 
 465 109d 58428D1E 		.ascii	"XB\215\036\237g\314\236\361\252n\035\356e\314\243\316"
 465      9F67CC9E 
 465      F1AA6E1D 
 465      EE65CCA3 
 465      CE
 466 10ae 8C26031E 		.ascii	"\214&\003\036\322;\255\200\276l\005|\266ek\214\236\262"
 466      D23BAD80 
 466      BE6C057C 
 466      B6656B8C 
 466      9EB2
 467 10c0 F3E21FFD 		.ascii	"\363\342\037\375\346r6vw6/~s\261E[\277\267\251\364M"
 467      E6723676 
 467      77362F7E 
 467      73B1455B 
 467      BFB7A9F4 
 468 10d5 D9F9DA2D 		.ascii	"\331\371\332-\300\356+\254\030\203\220rCX\374\010\372"
 468      C0EE2BAC 
 468      18839072 
 468      4358FC08 
 468      FA
 469 10e6 94FD1A67 		.ascii	"\224\375\032g\030rr@r\301W\372\\\331W\3216\247q\257"
 469      18727240 
 469      72C157FA 
 469      5CD957D1 
 469      36A771AF 
 470 10fa 79C49DE6 		.ascii	"y\304\235\346\272\314\003t\321\274\015\232\355\222\346"
 470      BACC0374 
 470      D1BC0D9A 
 470      ED92E6
 471 1109 612CA94E 		.ascii	"a,\251N\237\350m]\000\364\230[\320\271S\237\222Us\024"
 471      9FE86D5D 
 471      00F4985B 
 471      D0B9539F 
 471      92557314 
 472 111d 54F74BAA 		.ascii	"T\367K\252oK\252\221\365\311\225]\302\346\334\233\360"
 472      6F4BAA91 
 472      F5C9955D 
 472      C2E6DC9B 
 472      F0
 473 112e D7B7EE8E 		.ascii	"\327\267\356\2166\320\355G7\373fTzj\212\375\034\205"
 473      36D0ED47 
 473      37FB6654 
 473      7A6A8AFD 
 473      1C85
ARM GAS  /var/folders/fq/ltb3dbq95yq6ljzx21t9gnkc0000gn/T//ccVJdjSz.s 			page 38


 474 1140 2E9DBD73 		.ascii	".\235\275s\227\373}\364\262/m\360@\226\277\367\211f"
 474      97FB7DF4 
 474      B22F6DF0 
 474      4096BFF7 
 474      8966
 475 1152 4840748F 		.ascii	"H@t\217\255\264'\347\213'\274\027%\010\323oY\232\201"
 475      ADB427E7 
 475      8B27BC17 
 475      2508D36F 
 475      599A81
 476 1165 42B90318 		.ascii	"B\271\003\030\357\222\011\214\036\340Eb/\372Q.\376\311"
 476      EF92098C 
 476      1EE04562 
 476      2FFA512E 
 476      FEC9
 477 1177 251E3F60 		.ascii	"%\036?`\003zpg\3313\366[\271\010`\265\271W\033\237\""
 477      037A7067 
 477      D933F65B 
 477      B90860B5 
 477      B9571B9F 
 478 118c E4EBA872 		.ascii	"\344\353\250r\344\225j\364\203\352(:\017\310\314\274"
 478      E4956AF4 
 478      83EA283A 
 478      0FC8CCBC 
 479 119c 040E4EC0 		.ascii	"\004\016N\300\3251\301_:\012:PLJ/I\302>A\326\221\277"
 479      D531C15F 
 479      3A0A3A50 
 479      4C4A2F49 
 479      C23E41D6 
 480 11b2 B2B32047 		.ascii	"\262\263 G\261H\203\255\304V\200\032O\312\316v\241\007"
 480      B14883AD 
 480      C456801A 
 480      4FCACE76 
 480      A107
 481 11c4 49F02988 		.ascii	"I\360)\210\367\023\250\022\217\200\036\003M\002=\225"
 481      F713A812 
 481      8F801E03 
 481      4D023D95 
 482 11d4 4AA3D596 		.ascii	"J\243\325\226\347\017v\310\321\356M\241\227\343\000"
 482      E70F76C8 
 482      D1EE4DA1 
 482      97E300
 483 11e3 B09073C1 		.ascii	"\260\220s\301\264\223\210\222}\351!A\324\261\315u\371"
 483      B4938892 
 483      7DE92141 
 483      D4B1CD75 
 483      F9
 484 11f4 18D4FE50 		.ascii	"\030\324\376P]\237\266\212D\014=\024D\3058\242q\354"
 484      5D9FB68A 
 484      440C3D14 
 484      44C538A2 
 484      71EC
 485 1206 BCB38EDF 		.ascii	"\274\263\216\337Ef\361\204\322,\336w\357\314\001,/\211"
 485      4566F184 
 485      D22CDE77 
 485      EFCC012C 
 485      2F89
ARM GAS  /var/folders/fq/ltb3dbq95yq6ljzx21t9gnkc0000gn/T//ccVJdjSz.s 			page 39


 486 1218 4E5E3E03 		.ascii	"N^>\003\317\276\213\227\342\207$\237\023dZOC\217mRz"
 486      CFBE8B97 
 486      E287249F 
 486      13645A4F 
 486      438F6D52 
 487 122d 4DC8A6F5 		.ascii	"M\310\246\365\304\276\001\033\306slD\347:\233\006\370"
 487      C4BE011B 
 487      C6736C44 
 487      E73A9B06 
 487      F8
 488 123e 1F1E62AF 		.ascii	"\037\036b\257\303\303\277m\310\266\332\342\242\255\326"
 488      C3C3BF6D 
 488      C8B6DAE2 
 488      A2ADD6
 489 124d 0FE6E7B5 		.ascii	"\017\346\347\265T\307\014\323\341\200\243\"w\210\"\364"
 489      54C70CD3 
 489      E180A322 
 489      778822F4 
 490 125d 1CFF90CC 		.ascii	"\034\377\220\314\351\336\235\255:\247\335U\227\323\211"
 490      E9DE9DAD 
 490      3AA7DD55 
 490      97D389
 491 126c D22C5B66 		.ascii	"\322,[f\311\225dnC\307\015\354$=\355\264(\317\011\322"
 491      C995646E 
 491      43C70DEC 
 491      243DEDB4 
 491      28CF09D2 
 492 1280 73545AFC 		.ascii	"sTZ\374Di`\237(\2472\355w\021M>-]nc\253\252\330\254"
 492      4469609F 
 492      28A732ED 
 492      77114D3E 
 492      2D5D6E63 
 493 1298 F0206C56 		.ascii	"\360 lV\326x\212\267\373Y\260I-\314\002\253\232\316"
 493      D6788AB7 
 493      FB59B049 
 493      2DCC02AB 
 493      9ACE
 494 12aa 82FBD177 		.ascii	"\202\373\321w\013=\244Y\200\350\257O^\200\223\363\324"
 494      0B3DA459 
 494      80E8AF4F 
 494      5E8093F3 
 494      D4
 495 12bb C928F522 		.ascii	"\311(\365\"\261\023e\240G\241\355v\207\336\011{\214"
 495      B11365A0 
 495      47A1ED76 
 495      87DE097B 
 495      8C
 496 12cc D33E325A 		.ascii	"\323>2Z\315\260\303\025\244\033\322K\212\234\177Qbu"
 496      CDB0C315 
 496      A41BD24B 
 496      8A9C7F51 
 496      6275
 497 12de 928E11A4 		.ascii	"\222\216\021\244c\250t\315\363\301\313j\267\273\333"
 497      63A874CD 
 497      F3C1CB6A 
 497      B7BBDB
 498 12ed 58B5FCAC 		.ascii	"X\265\374\254\247a\357\321T\035\266z\261O\3017\346\373"
ARM GAS  /var/folders/fq/ltb3dbq95yq6ljzx21t9gnkc0000gn/T//ccVJdjSz.s 			page 40


 498      A761EFD1 
 498      541DB67A 
 498      B14FC137 
 498      E6FB
 499 12ff 30BCFFD7 		.ascii	"0\274\377\327\227\224\354\355\033]\221n\265\261\003"
 499      9794ECED 
 499      1B5D916E 
 499      B5B103
 500 130e 80DF904E 		.ascii	"\200\337\220Nh\263Z:\000\2006M\000\264EM\016\000\206"
 500      68B35A3A 
 500      0080364D 
 500      00B4454D 
 500      0E0086
 501 1321 2F3FB2EA 		.ascii	"/?\262\352q\036\323r\344~\355\250\216i\351h\277\315"
 501      711ED372 
 501      E47EEDA8 
 501      8E69E968 
 501      BFCD
 502 1333 B9688993 		.ascii	"\271h\211\223i\211\023\265leZ\356\347\325{\341r\246"
 502      698913B5 
 502      6C655AEE 
 502      E7D57BE1 
 502      72A6
 503 1345 E5D058CF 		.ascii	"\345\320X\317.=nd\314\3753/\216\221C\033\264\215\366"
 503      2E3D6E64 
 503      CCFD332F 
 503      8E91431B 
 503      B48DF6
 504 1358 20C76249 		.ascii	" \307bI]\317\015\324\310xN\177\311\212gd\265$\007@h"
 504      5DCF0DD4 
 504      C8784E7F 
 504      C98A6764 
 504      B5240740 
 505 136d 53CCDBD4 		.ascii	"S\314\333\324N\274h\007mW\253U\204e\246vPS\335\2357"
 505      4EBC6807 
 505      6D57AB55 
 505      8465A676 
 505      5053DD9D 
 506 1382 53D85114 		.ascii	"S\330Q\024\244\222\360RP_>\036\247v\234\310\354T\263"
 506      A492F052 
 506      505F3E1E 
 506      A7769CC8 
 506      EC54B3
 507 1395 A3A18ABA 		.ascii	"\243\241\212\272\031\336m,\023h,w\251\205`\236LjLBx"
 507      19DE6D2C 
 507      13682C77 
 507      A985609E 
 507      4C6A4C42 
 508 13aa 4E08E6D9 		.ascii	"N\010\346\331\252i-CX\\]\373yC\366fvv\206\016\326\277"
 508      AA692D43 
 508      585C5DFB 
 508      7943F666 
 508      7676860E 
 509 13c0 463AA2DD 		.ascii	"F:\242\335\262H\354\026\341%Rx\225\275\273\323y\034"
 509      B248EC16 
 509      E1255278 
 509      95BDBBD3 
ARM GAS  /var/folders/fq/ltb3dbq95yq6ljzx21t9gnkc0000gn/T//ccVJdjSz.s 			page 41


 509      791C
 510 13d2 CFB3025D 		.ascii	"\317\263\002]\2312\303\211\243R\265\322%\236I2-I\242"
 510      9932C389 
 510      A352B5D2 
 510      259E4932 
 510      2D49A2
 511 13e5 963D54CB 		.ascii	"\226=T\313\201\256\27615N\021\264Dw\365k\204Q\271{\307"
 511      81AEBE31 
 511      354E11B4 
 511      4477F56B 
 511      8451B97B 
 512 13fa 75549265 		.ascii	"uT\222eZ\222E-)T\313\331\323\027\367p\3700\357f \346"
 512      5A92452D 
 512      2954CBD9 
 512      D317F770 
 512      F830EF66 
 513 1410 1F1FDEC3 		.ascii	"\037\037\336\303\213\0031\274\374\345\201Hu\014D\032"
 513      8B0331BC 
 513      FCE58148 
 513      750C441A 
 514 1420 19885451 		.ascii	"\031\210TQ{:\325>Rw\317\312~\254\373)\321\266c\346Q"
 514      7B3AD53E 
 514      5277CFCA 
 514      7EACFB29 
 514      D1B663E6 
 515 1435 279B867A 		.ascii	"'\233\206z:\312\255\251?\247\234\216p'\236l\256\301"
 515      3ACAADA9 
 515      3FA79C8E 
 515      70279E6C 
 515      AEC1
 516 1447 EE276586 		.ascii	"\356'e\2068)\367\263I9\026\237\233\316\271N\312\275"
 516      3829F7B3 
 516      4939169F 
 516      9BCEB94E 
 516      CABD
 517 1459 EAA5689F 		.ascii	"\352\245h\237\232\210\037\240\223\222v\242\246\312\363"
 517      9A881FA0 
 517      939276A2 
 517      A6CAF3
 518 1468 2AB572E9 		.ascii	"*\265r\351\211\205\244o%&\217c\\\314\202\222_\273\277"
 518      8985A46F 
 518      25268F63 
 518      5CCC8292 
 518      5FBBBF
 519 147b DB035731 		.ascii	"\333\003W1&f\374T$T\300.\333\370\371\223\243\336I\326"
 519      2666FC54 
 519      2454C02E 
 519      DBF8F993 
 519      A3DE49D6 
 520 148f A8EDF092 		.ascii	"\250\355\360\2224\377\253\267\320A\365\"d\203X<\345"
 520      34FFABB7 
 520      D041F522 
 520      6483583C 
 520      E5
 521 14a0 96C9F41E 		.ascii	"\226\311\364\036\"\341@G\020\204\364\260\232\224\300"
 521      22E14047 
 521      1084F4B0 
ARM GAS  /var/folders/fq/ltb3dbq95yq6ljzx21t9gnkc0000gn/T//ccVJdjSz.s 			page 42


 521      9A94C0
 522 14af D494F6FD 		.ascii	"\324\224\366\375Z\334B\225\251\207\237\335\234\322\242"
 522      5ADC4295 
 522      A9879FDD 
 522      9CD2A2
 523 14be A53ABFA5 		.ascii	"\245:\277\245\344\027k\331j\235j\013\375\375PT\302k"
 523      E4176BD9 
 523      6A9D6A0B 
 523      FDFD5054 
 523      C26B
 524 14d0 7F75FC7E 		.ascii	"\177u\374~\350\210\332\217>\202\267*P{T\315\266\006"
 524      E888DA8F 
 524      3E82B72A 
 524      507B54CD 
 524      B606
 525 14e2 E4377070 		.ascii	"\3447pp\027e\252]\177\003\307\024\2719\202|xf\360\034"
 525      1765AA5D 
 525      7F03C714 
 525      B939827C 
 525      7866F01C 
 526 14f6 92E73BD1 		.ascii	"\222\347;\321!\3058\227&|\216\230\360#E5u<\356`\236"
 526      21C53897 
 526      267C8E98 
 526      F0234535 
 526      753CEE60 
 527 150b DF9EB9D2 		.ascii	"\337\236\271\322\343\3052\241vb\226/\220e\302\257IG"
 527      E3C532A1 
 527      7662962F 
 527      9065C2AF 
 527      4947
 528 151d 94274BB2 		.ascii	"\224'K\262<1\015\362\335\316\307\351\363gJy\367\247"
 528      3C310DF2 
 528      DDCEC7E9 
 528      F3674A79 
 528      F7A7
 529 152f A185144A 		.ascii	"\241\205\024J\201\010\245\266\303V\342\203g\031\224"
 529      8108A5B6 
 529      C356E283 
 529      671994
 530 153e CADEEDB5 		.ascii	"\312\336\355\265\336\342\334\233\375|\367Q\371\334\203"
 530      DEE2DC9B 
 530      FD7CF751 
 530      F9DC83
 531 154d 8EA84806 		.ascii	"\216\250H\006\245H\204RL\241\234,\351\213u^U\310\351"
 531      A5488452 
 531      4CA19C2C 
 531      E98B755E 
 531      55C8E9
 532 1560 A764B744 		.ascii	"\247d\267D\250\265%\264\326\266\306\336\273\201\361"
 532      A8B525B4 
 532      D6B6C6DE 
 532      BB81F1
 533 156f 4E6FB643 		.ascii	"No\266Cmm/\361tD\300 \217\000\242ZJefKE\263e\324\354"
 533      6D6D2FF1 
 533      7444C020 
 533      8F00A25A 
 533      4A65664B 
ARM GAS  /var/folders/fq/ltb3dbq95yq6ljzx21t9gnkc0000gn/T//ccVJdjSz.s 			page 43


 534 1588 BE848BE9 		.ascii	"\276\204\213\351\354\220(\210\250\272Wfka?Z\247\233"
 534      EC902888 
 534      A8BA5766 
 534      6B613F5A 
 534      A79B
 535 159a B6A9C7F9 		.ascii	"\266\251\307\371\317\325\356S\277BL}\262-\002\361\216"
 535      CFD5EE53 
 535      BF424C7D 
 535      B22D02F1 
 535      8E
 536 15ab 5DCDDDBC 		.ascii	"]\315\335\274k\352\037\203\354(\247IWI\223\271BL\346"
 536      6BEA1F83 
 536      EC28A749 
 536      574993B9 
 536      424CE6
 537 15be FCD18A62 		.ascii	"\374\321\212b\3165\365\335J\327v6>\340\361~\346\361"
 537      CE35F5DD 
 537      4AD77636 
 537      3EE0F17E 
 537      E6F1
 538 15d0 CD986D21 		.ascii	"\315\230m!b\266\027|_\226\355\307\205l\177\001\331."
 538      62B6177C 
 538      5F96EDC7 
 538      856C7F01 
 538      D92E
 539 15e2 A9AA92B2 		.ascii	"\251\252\222\262\275Z\375C\225&4r\235\321\342\361\373"
 539      BD5AFD43 
 539      95263472 
 539      9DD1E2F1 
 539      FB
 540 15f3 3F7EBE6C 		.ascii	"?~\276l\265J\033\034fy\367gF\213\316h\024Z\037\370\207"
 540      B54A1B1C 
 540      6679F767 
 540      468BCE68 
 540      145A1FF8 
 541 1608 4758FCD7 		.ascii	"GX\374\327\005\006\256\0100\207\372\003\255\010\013"
 541      0506AE08 
 541      3087FA03 
 541      AD080B
 542 1617 0F33AD30 		.ascii	"\0173\2550\005|\031\354\037\034\026\030\262~\255\311"
 542      057C19EC 
 542      1F1C1618 
 542      B27EADC9 
 543 1627 3F342030 		.ascii	"?4 0(8\314\344o\\k\372*`}\210\305h\331\030a\212\\\031"
 543      2838CCE4 
 543      6F5C6BFA 
 543      2A607D88 
 543      C568D918 
 544 163f A45AFE1D 		.ascii	"\244Z\376\035:GZ\326\202)\020~o\345J\177\366/<\322\337"
 544      3A475AD6 
 544      8229107E 
 544      6FE54A7F 
 544      F62F3CD2 
 545 1654 6CF18F08 		.ascii	"l\361\217\0107[\"\375\177\375\331\307\253?\376\326?"
 545      375B22FD 
 545      7FFDD9C7 
 545      AB3FFED6 
ARM GAS  /var/folders/fq/ltb3dbq95yq6ljzx21t9gnkc0000gn/T//ccVJdjSz.s 			page 44


 545      3F
 546 1665 303C3422 		.ascii	"0<4\"8\304d\216\364\377\375\352\325\376\201A\242\005"
 546      38C4648E 
 546      F4FFFDEA 
 546      D5FE8141 
 546      A205
 547 1677 4F4B90D9 		.ascii	"OK\220\331\024\260\026\020\007\006\031Y\333#\302\030"
 547      14B01610 
 547      07061959 
 547      DB23C218 
 548 1687 66FAD602 		.ascii	"f\372\326\002\227\010\263\351\033\255%\302\034\034n"
 548      9708B3E9 
 548      1BAD25C2 
 548      1C1C6E
 549 1696 B478AE17 		.ascii	"\264x\256\027\034\322\033\215b\223\212\004\207k\003"
 549      1CD21B8D 
 549      62938A04 
 549      876B03
 550 16a5 C3C32CD0 		.ascii	"\303\303,\320\303\213X$~\007Z\276\3654\233\326\001^"
 550      C38B5824 
 550      7E075ABE 
 550      F5349BD6 
 550      015E
 551 16b7 A3E5C70B 		.ascii	"\243\345\307\013\242\012\012\0147\233\000\006g\376\005"
 551      A20A0A0C 
 551      379B0006 
 551      67FE05
 552 16c6 67FE2536 		.ascii	"g\376%6\277\263\012\350\035\316\374\036g\3769g~\237"
 552      BFB30AE8 
 552      1DCEFC1E 
 552      67FE3967 
 552      7E9F
 553 16d8 33FF1317 		.ascii	"3\377\023\027b\376\351\253U\030\277y?\024\324@\347w"
 553      62FEE9AB 
 553      5518BF79 
 553      3F14D440 
 553      E777
 554 16ea 351146B0 		.ascii	"5\021F\260\257%Nl0\231\341\032\036\262\326dV\007\006"
 554      AF254E6C 
 554      3099E11A 
 554      1EB2D664 
 554      560706
 555 16fd 05988967 		.ascii	"\005\230\211g\001\241&OK\244%\300b2Z\264\304\221_\320"
 555      01A1264F 
 555      4BA425C0 
 555      62325AB4 
 555      C4915FD0 
 556 1711 D1125A20 		.ascii	"\321\022Z N\237i-\241\341kM\224\377*$`]\244\326b6}\025"
 556      4E9F692D 
 556      A1E16B4D 
 556      94FF2A24 
 556      605DA4D6 
 557 1729 493D260D 		.ascii	"I=&\015\017\363\332\2150\354\236\246o\203-\201 \350"
 557      0FF3DA8D 
 557      30EC9EA6 
 557      6F832D81 
 557      20E8
ARM GAS  /var/folders/fq/ltb3dbq95yq6ljzx21t9gnkc0000gn/T//ccVJdjSz.s 			page 45


 558 173b B1C112FE 		.ascii	"\261\301\022\376\345\177E,\022\202\011\"&\263),\020"
 558      E57F452C 
 558      12820922 
 558      26B3292C 
 558      10
 559 174c 14683658 		.ascii	"\024h6X,\346\010\036\202\033i\012\015\210\010\002\254"
 559      2CE6081E 
 559      821B690A 
 559      0D880802 
 559      AC
 560 175d 3E4C2AD2 		.ascii	">L*\322\370\327\365\246\365 \362\232#\362\302-\255p"
 560      F8D7F5A6 
 560      F520F29A 
 560      23F2C22D 
 560      AD70
 561 176f D5048641 		.ascii	"\325\004\206A*h\"\215p\005\013\240 \302\023dC\327C\260"
 561      2A68228D 
 561      70050BA0 
 561      20C21364 
 561      43D743B0 
 562 1783 B5A1826C 		.ascii	"\265\241\202l\2501|C\030\370I\357\002\300P6x\033,\241"
 562      A8317C43 
 562      18F849EF 
 562      02C05036 
 562      781B2CA1 
 563 1797 966F23BC 		.ascii	"\226o#\274L\337\230\302,\241\001\221_\303\023\323\006"
 563      4CDF98C2 
 563      2CA10191 
 563      5FC313D3 
 563      06
 564 17a8 D2C011C6 		.ascii	"\322\300\021\306\365\006\321\\Hp$X\360\221\001 wt\021"
 564      F506D15C 
 564      48702458 
 564      F0910120 
 564      777411
 565 17bb C60D01C1 		.ascii	"\306\015\001\301\226\340\260u\372\010#\270\311\300\320"
 565      96E0B075 
 565      FA0823B8 
 565      C9C0D0
 566 17ca 26DC3045 		.ascii	"&\3340E\230\302"
 566      98C2
 567 17d0 20E3D681 		.ascii	" \343\326\201\024\230 \362z\022\224\200\020\232\012"
 567      149820F2 
 567      7A129480 
 567      109A0A
 568 17df 7033223C 		.ascii	"p3\"<<d\231\313\220\211\311\032\030\024\031\030\264"
 568      3C6499CB 
 568      9089C91A 
 568      18141918 
 568      B4
 569 17f0 1646EA2D 		.ascii	"\026F\352-\267\002\240\024\236\377\310\275\202\215\221"
 569      B702A014 
 569      9EFFC8BD 
 569      828D91
 570 17ff 62F2BA57 		.ascii	"b\362\272W\002\261\202\347\220\323\037G\256[\003x\377"
 570      02B182E7 
 570      90D31F47 
ARM GAS  /var/folders/fq/ltb3dbq95yq6ljzx21t9gnkc0000gn/T//ccVJdjSz.s 			page 46


 570      AE5B0378 
 570      FF
 571 1810 D64532D2 		.ascii	"\326E2\322\034HLE\256[\031(H\375\031<\346i\3533S\210"
 571      1C484C45 
 571      AE5B1928 
 571      48FD193C 
 571      E669EB33 
 572 1826 2920D2E4 		.ascii	") \322\344\035\030\264&0\350\367\341kBL\246\2105^\224"
 572      1D18B426 
 572      30E8F7E1 
 572      6B424CA6 
 572      88355E94 
 573 183a FB0C62B4 		.ascii	"\373\014b\264\361#\236\266\377\034\360\265i=}`$\220"
 573      F1239EB6 
 573      FF1CF0B5 
 573      693D7D60 
 573      2490
 574 184c 4CA16C0E 		.ascii	"L\241l\016\2616O\242\271Q\210/h2J\274\326\314F\316\303"
 574      B1364FA2 
 574      B951882F 
 574      68324ABC 
 574      D6CC46CE 
 575 1861 4C278FC6 		.ascii	"L'\217\306L\323\325,\244\253\231\245\253\016\356\256"
 575      4CD3D52C 
 575      A4AB99A5 
 575      AB0EEEAE 
 576 1871 37430E59 		.ascii	"7C\016Y4f\322\351\373\337\004\233-\353\003B\214\226"
 576      3466D2E9 
 576      FBDF049B 
 576      2DEB0342 
 576      8C96
 577 1883 E05098C4 		.ascii	"\340P\230\304\202\342%\240X\341\201\217\323=\226`N\267"
 577      82E225A0 
 577      58E1818F 
 577      D33D9660 
 577      4EB7
 578 1895 B4DF5868 		.ascii	"\264\337Xh\226\220+\231\343:\002\032\036\010\263\374"
 578      96902B99 
 578      E33A021A 
 578      1E08B3FC 
 579 18a5 9DF71DB3 		.ascii	"\235\367\035\263\2344=Aj\255)\304\022\000\215\257\326"
 579      9C343D41 
 579      6AAD29C4 
 579      12008DAF 
 579      D6
 580 18b6 87051A69 		.ascii	"\207\005\032i?\322\362 \375\003\314^p\011\011\210\264"
 580      3FD2F220 
 580      FD03CC5E 
 580      70090988 
 580      B4
 581 18c7 1015708B 		.ascii	"\020\025p\213@0\010!Yk\372r\375:\226a\362;\272\210\200"
 581      40300821 
 581      596BFA72 
 581      FD3A9661 
 581      F23BBA88 
 582 18dc B0E04092 		.ascii	"\260\340@\222Px\355\227\353\364\241\001`\212&\240>\322"
 582      5078ED97 
ARM GAS  /var/folders/fq/ltb3dbq95yq6ljzx21t9gnkc0000gn/T//ccVJdjSz.s 			page 47


 582      EBF4A101 
 582      608A26A0 
 582      3ED2
 583 18ee F2754048 		.ascii	"\362u@H\360\2720\001\312\373\3579\240\220\246!xm\210"
 583      F0BA3001 
 583      CAFBEF39 
 583      A090A621 
 583      786D88
 584 1901 49C855C8 		.ascii	"I\310U\310Q.0\010B\276fc\344\277\207\007~\275@2l$\311"
 584      512E3008 
 584      42BE6663 
 584      E4BF8707 
 584      7EBD4032 
 585 1918 A2A3D529 		.ascii	"\242\243\325)\004$\275\215\306\265\301\221\001_\202"
 585      0424BD8D 
 585      C6B5C191 
 585      015F82
 586 1927 AA60F35F 		.ascii	"\252`\363_\275\003B6\004l\214\204\272\025\0025x\271"
 586      BD034236 
 586      046C8C84 
 586      BA150235 
 586      78B9
 587 1939 5C0B84C8 		.ascii	"\\\013\204\310\177\365\307k>Z#)#\265&0\364_\301yP\311"
 587      7FF5C76B 
 587      3E5A2329 
 587      23B52630 
 587      F45FC179 
 588 194f B3191C1C 		.ascii	"\263\031\034\034\026i2[\274(\222\317\303\210\005V\011"
 588      1669325B 
 588      BC2892CF 
 588      C3880556 
 588      09
 589 1960 D7D3366F 		.ascii	"\327\3236o4\232\302Dc\236F\0328\243\321[l\254\374\371"
 589      349AC244 
 589      639E461A 
 589      38A3D15B 
 589      6CACFCF9 
 590 1974 FB3F7B4F 		.ascii	"\373?{Oc\374\015L\032\037\232~\037E~\312&\330G\013\314"
 590      63FC0D4C 
 590      1A1F9A7E 
 590      1F457ECA 
 590      26D8470B 
 591 1989 1148DC20 		.ascii	"\021H\334 \325\367\230\371\257\202\277\012\207\374\012"
 591      D5F798F9 
 591      AF82BF0A 
 591      87FC0A
 592 1998 0DFF86E4 		.ascii	"\015\377\206\344\254\224\300k\3446\336}\367\377\000"
 592      AC94C06B 
 592      E436DE7D 
 592      F7FF00
 593 19a7 53C5AB2E 		.ascii	"S\305\253."
 594              		.text
 595              		.section	.gnu.lto_.symtab.ea214ae88ded1546,"",%progbits
 596 0000 63684D73 		.ascii	"chMsgSend\000\000\000\000\000\000\000\000\000\000\000"
 596      6753656E 
 596      64000000 
 596      00000000 
ARM GAS  /var/folders/fq/ltb3dbq95yq6ljzx21t9gnkc0000gn/T//ccVJdjSz.s 			page 48


 596      00000000 
 597 0014 00760100 		.ascii	"\000v\001\000\000chMsgWait\000\000\000\000\000\000\000"
 597      0063684D 
 597      73675761 
 597      69740000 
 597      00000000 
 598 0029 00000000 		.ascii	"\000\000\000\000\000y\001\000\000chMsgRelease\000\000"
 598      00790100 
 598      0063684D 
 598      73675265 
 598      6C656173 
 599 0040 00000000 		.ascii	"\000\000\000\000\000\000\000\000\000\000~\001\000\000"
 599      00000000 
 599      00007E01 
 599      0000
 600 004e 63680000 		.ascii	"ch\000\000\002\000\000\000\000\000\000\000\000\000\373"
 600      02000000 
 600      00000000 
 600      0000FB
 601 005d 01000063 		.ascii	"\001\000\000chSchGoSleepS\000\000\002\000\000\000\000"
 601      68536368 
 601      476F536C 
 601      65657053 
 601      00000200 
 602 0074 00000000 		.ascii	"\000\000\000\000\000\202\001\000\000chSchReadyI\000"
 602      00820100 
 602      00636853 
 602      63685265 
 602      61647949 
 603 0089 00020000 		.ascii	"\000\002\000\000\000\000\000\000\000\000\000\206\001"
 603      00000000 
 603      00000086 
 603      01
 604 0096 00006368 		.ascii	"\000\000chSchWakeupS\000\000\002\000\000\000\000\000"
 604      53636857 
 604      616B6575 
 604      70530000 
 604      02000000 
 605 00ac 00000000 		.ascii	"\000\000\000\000\210\001\000\000"
 605      88010000 
 606              		.text
 607              		.section	.gnu.lto_.opts,"",%progbits
 608 0000 272D666E 		.ascii	"'-fno-trapv' '-mcpu=cortex-m0' '-mno-thumb-interwor"
 608      6F2D7472 
 608      61707627 
 608      20272D6D 
 608      6370753D 
 609 0033 6B272027 		.ascii	"k' '-mthumb' '-ggdb' '-O2' '-fomit-frame-pointer' '"
 609      2D6D7468 
 609      756D6227 
 609      20272D67 
 609      67646227 
 610 0066 2D66616C 		.ascii	"-falign-functions=16' '-ffunction-sections' '-fdata"
 610      69676E2D 
 610      66756E63 
 610      74696F6E 
 610      733D3136 
ARM GAS  /var/folders/fq/ltb3dbq95yq6ljzx21t9gnkc0000gn/T//ccVJdjSz.s 			page 49


 611 0099 2D736563 		.ascii	"-sections' '-fno-common' '-flto'\000"
 611      74696F6E 
 611      73272027 
 611      2D666E6F 
 611      2D636F6D 
 612              		.text
 613              		.comm	__gnu_lto_v1,1,1
 614              		.comm	__gnu_lto_slim,1,1
 615              		.ident	"GCC: (GNU Tools for ARM Embedded Processors) 4.9.3 20150303 (release) [ARM/embedded-4_9-br
ARM GAS  /var/folders/fq/ltb3dbq95yq6ljzx21t9gnkc0000gn/T//ccVJdjSz.s 			page 50


DEFINED SYMBOLS
                            *ABS*:0000000000000000 chmsg.c
                            *COM*:0000000000000001 __gnu_lto_v1
                            *COM*:0000000000000001 __gnu_lto_slim

NO UNDEFINED SYMBOLS
