ARM GAS  /var/folders/fq/ltb3dbq95yq6ljzx21t9gnkc0000gn/T//ccSBw1t2.s 			page 1


   1              		.cpu cortex-m0
   2              		.fpu softvfp
   3              		.eabi_attribute 20, 1
   4              		.eabi_attribute 21, 1
   5              		.eabi_attribute 23, 3
   6              		.eabi_attribute 24, 1
   7              		.eabi_attribute 25, 1
   8              		.eabi_attribute 26, 1
   9              		.eabi_attribute 30, 2
  10              		.eabi_attribute 34, 0
  11              		.eabi_attribute 18, 4
  12              		.code	16
  13              		.file	"hal.c"
  14              		.text
  15              	.Ltext0:
  16              		.section	.gnu.lto_.profile.920479cecc96050f,"",%progbits
  17 0000 789C6366 		.ascii	"x\234cf```a\200\000F\006Sv\000\000\345\000E"
  17      60606061 
  17      80004606 
  17      53760000 
  17      E50045
  18              		.text
  19              		.section	.gnu.lto_.jmpfuncs.920479cecc96050f,"",%progbits
  20 0000 789C6366 		.ascii	"x\234cf\300\016\324\2404#\224b\372\310\3048\255\377"
  20      C00ED4A0 
  20      34239462 
  20      FAC8C438 
  20      ADFF
  21 0012 CA0EE6DA 		.ascii	"\312\016\346\332\337\0153\0328~21\374e\002\211/g\254"
  21      DF0D331A 
  21      387E3231 
  21      FC650289 
  21      2F67AC
  22 0025 055200C1 		.ascii	"\005R\000\301\206\012\016"
  22      860A0E
  23              		.text
  24              		.section	.gnu.lto_.inline.920479cecc96050f,"",%progbits
  25 0000 789C6366 		.ascii	"x\234cf\300\016\364\2404#\003\003\247)#\003\023\220"
  25      C00EF4A0 
  25      34230303 
  25      A7292303 
  25      1390
  26 0012 C9B6409E 		.ascii	"\311\266@\236\011,\304\205B0q\203T\201\231\014\0003"
  26      092CC485 
  26      42307183 
  26      5481990C 
  26      0033
  27 0024 A00175   		.ascii	"\240\001u"
  28              		.text
  29              		.section	.gnu.lto_.pureconst.920479cecc96050f,"",%progbits
  30 0000 789C6366 		.ascii	"x\234cf```f\200\000F\006\011\000\000x\000 "
  30      60606066 
  30      80004606 
  30      09000078 
  30      0020
  31              		.text
  32              		.section	.gnu.lto_halInit.920479cecc96050f,"",%progbits
ARM GAS  /var/folders/fq/ltb3dbq95yq6ljzx21t9gnkc0000gn/T//ccSBw1t2.s 			page 2


  33 0000 789C7590 		.ascii	"x\234u\2201K\303@\024\307\337\377\245M\203A\020'\011"
  33      314BC340 
  33      14C7DFFF 
  33      A54D8341 
  33      102709
  34 0013 EEDD92EF 		.ascii	"\356\335\222\357\341\344W\220.\016\202`\347\320D38\331"
  34      E1E45790 
  34      2E0E8260 
  34      E7D04433 
  34      38D9
  35 0025 20A51444 		.ascii	" \245\024D\035Dl\255\266\352b\007\207|\002\213Tp)\272"
  35      1D446CAD 
  35      B6EA6207 
  35      877C028B 
  35      547029BA 
  36 0039 44D0CDD2 		.ascii	"D\320\315\322)H\251\357\022\021A{\334\361\356\356\377"
  36      2948A9EF 
  36      1211417B 
  36      DCF1EEEE 
  36      FF
  37 004a BBF7FEF7 		.ascii	"\273\367\376\3674\372;,YM\020-K\204F\340\360\236\310"
  37      34FA3B2C 
  37      594D102D 
  37      4B8446E0 
  37      F09EC8
  38 005d 3718501B 		.ascii	"7\030P\033\002U\030\025\274\363\210\021F\355\206Y<\365"
  38      02551815 
  38      BCF38811 
  38      46ED8659 
  38      3CF5
  39 006f 3CEF63BB 		.ascii	"<\357c\273\357\257FH\230h\314Y\036\234\241H\002\215"
  39      EFAF4648 
  39      9868CC59 
  39      1E9CA148 
  39      028D
  40 0081 82C993A9 		.ascii	"\202\311\223\251\007\002-d\032\232\320%?u\027#o:=\251"
  40      07022D64 
  40      1A9AD025 
  40      3F751723 
  40      6F3A3DA9 
  41 0095 DF0D7205 		.ascii	"\337\015r\005\242X$U\340\225YEm\210\235h2\257X\225\344"
  41      A2582455 
  41      E0955945 
  41      6D889D68 
  41      32AF5895 
  42 00aa 68B0D761 		.ascii	"h\260\327a\367\323\333\365\214\2041fy\217\026\\J\204"
  42      F7D3DBF5 
  42      8C843166 
  42      798F165C 
  42      4A84
  43 00bc 1E2288F6 		.ascii	"\036\"\210\366\365\177Im,:\341\\H\221\352\325\307\236"
  43      F57F496D 
  43      2C3AE15C 
  43      4891EAD5 
  43      C79E
  44 00ce 26524349 		.ascii	"&RCI\271\211\362\"\267/q\377\301xc\271I\217\255j\255"
  44      B989F222 
ARM GAS  /var/folders/fq/ltb3dbq95yq6ljzx21t9gnkc0000gn/T//ccSBw1t2.s 			page 3


  44      B72F71FF 
  44      C17863B9 
  44      498FAD6A 
  45 00e3 87431CF8 		.ascii	"\207C\034\370\241\242\362h\303\305\005\254T;\216\233"
  45      A1A2F268 
  45      C3C505AC 
  45      543B8E9B 
  46 00f3 0D53122C 		.ascii	"\015S\022,\011\214K\241\322\242\350\300MX'\345\270V"
  46      098C4BA1 
  46      D2A2E8C0 
  46      4D5827E5 
  46      B856
  47 0105 98E55813 		.ascii	"\230\345X\023\037\335\037\307B\316\315\"\305\007\256"
  47      1FDD1FC7 
  47      42CECD22 
  47      C507AE
  48 0114 7E913733 		.ascii	"~\22173\311\274\220\327\337\3443\374\350v%%Iu\023\252"
  48      C9BC90D7 
  48      DFE433FC 
  48      E8762525 
  48      497513AA 
  49 0128 8BF245CB 		.ascii	"\213\362E\313\266\235ln\226\235\365\265\015\247\274"
  49      B69D6C6E 
  49      969DF5B5 
  49      0DA7BC
  50 0137 5552D12E 		.ascii	"UR\321.\321\027\006\275\235U"
  50      D11706BD 
  50      9D55
  51              		.text
  52              		.section	.gnu.lto_.symbol_nodes.920479cecc96050f,"",%progbits
  53 0000 789C4DC8 		.ascii	"x\234M\310\273\015\203@\024D\321;\373X\213\320\035\017"
  53      BB0D8340 
  53      1444D13B 
  53      FB588BD0 
  53      1D0F
  54 0012 01052017 		.ascii	"\001\005 \027`\021\320\000\3766\340\230\032\260\344"
  54      6011D000 
  54      FE36E098 
  54      1AB0E4
  55 0021 3A2CF371 		.ascii	":,\363q\260\223\034\335\011\340\304\177i\224\241\233"
  55      B0931CDD 
  55      09E0C47F 
  55      6994A19B 
  56 0031 C0E6DCD7 		.ascii	"\300\346\334\327\344\2338\032=e\355?MS\243\207\234\312"
  56      E49B381A 
  56      3D65ED3F 
  56      4D53A387 
  56      9CCA
  57 0043 BECB51F6 		.ascii	"\276\313Q\366U\256\312\276\310\271\350\340\3000\177"
  57      55AECABE 
  57      C8B9E8E0 
  57      C0307F
  58 0052 15645E9B 		.ascii	"\025d^\233\025\237\315\240}\257&\206E~+\353(<"
  58      159FCDA0 
  58      7DAF2686 
  58      457E2BEB 
  58      283C
ARM GAS  /var/folders/fq/ltb3dbq95yq6ljzx21t9gnkc0000gn/T//ccSBw1t2.s 			page 4


  59              		.text
  60              		.section	.gnu.lto_.refs.920479cecc96050f,"",%progbits
  61 0000 789C6366 		.ascii	"x\234cf```c\200\000F\006&F&\006\000\000\261\000\020"
  61      60606063 
  61      80004606 
  61      26462606 
  61      0000B100 
  62              		.text
  63              		.section	.gnu.lto_.decls.920479cecc96050f,"",%progbits
  64 0000 789C9556 		.ascii	"x\234\225V]PSG\024\276\233\015\011\211\010\216\314\250"
  64      5D505347 
  64      14BE9B0D 
  64      0989088E 
  64      CCA8
  65 0012 C3D88A38 		.ascii	"\303\330\2128\245N\007\011\325\027\037:S-V\307\031\252"
  65      A54E0709 
  65      D5171F3A 
  65      532D56C7 
  65      19AA
  66 0024 99B64E1F 		.ascii	"\231\266N\037\372\220F\022!3@2I\350\330\267\025|\000"
  66      FA904612 
  66      21334032 
  66      49E8D8B7 
  66      157C00
  67 0037 A13548B5 		.ascii	"\2415H\265\200V\242`C\021\361_\212 \242\255\210(j\353"
  67      8056A260 
  67      4311F15F 
  67      8A20A2AD 
  67      88286AEB 
  68 004b 0F625122 		.ascii	"\017bQ\"\"\241\374\006\020\205\026\245gw\363sI\303\214"
  68      22A1FC06 
  68      108516A5 
  68      6777F373 
  68      49C38C
  69 005e BD9373F7 		.ascii	"\275\223s\367\236\335\357|\347\333\263\347^\300\202"
  69      9EDDEF7C 
  69      E7DBB3E7 
  69      5EC082
  70 006d 201C009B 		.ascii	" \034\000\233\206K\255\020\2048\211 \300OP\203!\260"
  70      864BAD10 
  70      84388920 
  70      C04F5083 
  70      21B0
  71 007f 4E815F32 		.ascii	"N\201_2\260.\260n\260\036\260^\260\001\260!\017\316"
  71      B02EB06E 
  71      B01EB05E 
  71      B001B021 
  71      0FCE
  72 0091 2DCCBC28 		.ascii	"-\314\274(V\356\341\031\001s\202\215z\370\036\203\365"
  72      56EEE119 
  72      0173828D 
  72      7AF81E83 
  72      F5
  73 00a2 05F00E79 		.ascii	"\005\360\016y\370z=\374\335\263\360\216HP\375\343\334"
  73      F87A3DFC 
  73      DDB3F08E 
  73      4850FDE3 
ARM GAS  /var/folders/fq/ltb3dbq95yq6ljzx21t9gnkc0000gn/T//ccSBw1t2.s 			page 5


  73      DC
  74 00b3 3E45AF04 		.ascii	">E\257\004\205+\235\241\324o\231.\334\021\002~\2302"
  74      852B9DA1 
  74      D46F992E 
  74      DC11027E 
  74      9832
  75 00c5 1F51BFAC 		.ascii	"\037Q\277\254\350\311]e\\%!$\2074\316\363\307\325M\234"
  75      E8C95D65 
  75      5C252124 
  75      8734CEF3 
  75      C7D54D9C 
  76 00d9 7384F338 		.ascii	"s\204\3638\206;U\337;\036\301\342\026S\267\263\241\256"
  76      863B55DF 
  76      3B1EC1E2 
  76      1653B7B3 
  76      A1AE
  77 00eb 4786156C 		.ascii	"G\206\025l\251\266\372y\353\034\006\215\246\356\371"
  77      A9B6FA79 
  77      EB1C068D 
  77      A6EEF9
  78 00fa 3DCD4532 		.ascii	"=\315E2\206\224R\367b\303D\223\022/f\310\374\034\347"
  78      869452F7 
  78      62C34493 
  78      122F66C8 
  78      FC1CE7
  79 010d 35257E87 		.ascii	"5%~\207=\357\370\251._\016\260\245J\226\257s\377d\271"
  79      3DEFF8A9 
  79      2E5F0EB0 
  79      A54A96AF 
  79      73FF64B9 
  80 0121 82B9B4B8 		.ascii	"\202\271\264\270\0210%i\356!e\341(VY\016\342\334\275"
  80      11302569 
  80      EE2165E1 
  80      2856590E 
  80      E2DCBD
  81 0134 7B9A1613 		.ascii	"{\232\026\023\"Eg\220\022\235@\030\375\214\342\350\246"
  81      22456790 
  81      129D4018 
  81      FD8CE2E8 
  81      A6
  82 0145 6934BD72 		.ascii	"i4\275r\010\311\"\266l\242h\016\027\3201\024\205\252"
  82      08C922B6 
  82      6CA2680E 
  82      17D03114 
  82      85AA
  83 0157 5194804E 		.ascii	"Q\224\200N\243X@0,:\011\223\247`\022\210\257L5\354\014"
  83      A3584030 
  83      2C3A0993 
  83      A7601288 
  83      AF4C35EC 
  84 016c 41CAD8E0 		.ascii	"A\312\330\340A\347\202\0041\011\217\312~X@%\234\005"
  84      41E78204 
  84      31098FCA 
  84      7E584025 
  84      9C05
  85 017e 09C7FD12 		.ascii	"\011\307\375\022@\221\257jS-%\265a\270\004\261\035\226"
  85      4091AF6A 
ARM GAS  /var/folders/fq/ltb3dbq95yq6ljzx21t9gnkc0000gn/T//ccSBw1t2.s 			page 6


  85      532D25B5 
  85      61B804B1 
  85      1D96
  86 0190 DA0E8C87 		.ascii	"\332\016\214\207`;w\312\236\337\036\011\305\016\356"
  86      603B77CA 
  86      9EDF1E09 
  86      C50EEE
  87 019f 94EFDD57 		.ascii	"\224\357\335W\305\017\201\235\311\341\343\265_\340\343"
  87      C50F819D 
  87      C9E1E3B5 
  87      5FE0E3
  88 01ae 7CE98CBD 		.ascii	"|\351\214\275\352*\306g\271s\275kb,\214\341\346Q\367"
  88      EA2AC667 
  88      B973BD6B 
  88      622C8CE1 
  88      E651F7
  89 01c1 F2E0D1BC 		.ascii	"\362\340\321\274p\\\313\327*\216|\353\302\270\201;\305"
  89      705CCBD7 
  89      2A8E7CEB 
  89      C2B8813B 
  89      C5
  90 01d2 2F6F34F1 		.ascii	"/o4\361\323Y\004\256\"\367\322\316\2360\024\303\257"
  90      D35904AE 
  90      22F7D2CE 
  90      9E3014C3 
  90      AF
  91 01e3 C8583BEC 		.ascii	"\310X;\354\323\235\347x\272\2610\233\224/b\372\177\001"
  91      D39DE778 
  91      BAB1309B 
  91      942F62FA 
  91      7F01
  92 01f5 FDCD28D2 		.ascii	"\375\315(\322\277\353\345Q\002\253\001\354\203\302\355"
  92      BFEBE551 
  92      02AB01EC 
  92      83C2ED
  93 0204 FB1DB2E6 		.ascii	"\373\035\262\346\004\006\255\017\204^\240(\364\236\017"
  93      0406AD0F 
  93      845EA028 
  93      F49E0F
  94 0213 9AE783D6 		.ascii	"\232\347\203\326\004e\365#\213}\310\272@\344y\024 \340"
  94      0465F523 
  94      8B7DC8BA 
  94      40E47914 
  94      20E0
  95 0225 471FB621 		.ascii	"G\037\266!\270\000\021v\267\017[\033\234\327/\241\324"
  95      B8001176 
  95      B70F5B1B 
  95      9CD72FA1 
  95      D4
  96 0236 07BD1808 		.ascii	"\007\275\030\010m\364C\013\340\274\211\215\2205V\001"
  96      6DF4430B 
  96      E0BC898D 
  96      90355601 
  97 0246 55C2FA51 		.ascii	"U\302\372Q\266D\321p\350\350\032t\310\257(\006]\002"
  97      B644D170 
  97      E8E81A74 
  97      C8AF2806 
ARM GAS  /var/folders/fq/ltb3dbq95yq6ljzx21t9gnkc0000gn/T//ccSBw1t2.s 			page 7


  97      5D02
  98 0258 6B02FB0D 		.ascii	"k\002\373\015\3542\330\025\260\253(\2065\003\355\030"
  98      EC32D815 
  98      B0AB2886 
  98      3503ED18 
  99 0268 67AE4346 		.ascii	"g\256CF\020\015\023<\315\342{\277$\371\255\373\362\347"
  99      100D133C 
  99      CDE27BBF 
  99      24F9ADFB 
  99      F2E7
 100 027a A2C8D860 		.ascii	"\242\310\330`\231\320uH\360\277\223U\244\204\242\026"
 100      99D07548 
 100      F0BF9355 
 100      A484A216 
 101 028a 08AAF2B7 		.ascii	"\010\252\362\267&\315\354m\315{\257Z\337\306\343\274"
 101      26CDEC6D 
 101      CD7BAF5A 
 101      DFC6E3BC 
 102 029a 5D9CAF6C 		.ascii	"]\234\257lgB\360\024w\276o)\370\012gK\370K\331x\354"
 102      6742F014 
 102      77BE6F29 
 102      F80A674B 
 102      F84BD978 
 103 02af 8E9CF5D1 		.ascii	"\216\234\365\321j\352VU\331\366\311\361.\276\346j\030"
 103      6AEA5655 
 103      D9F6C9F1 
 103      2EBEE66A 
 103      18
 104 02c0 2012B6A6 		.ascii	" \022\266\246\246\356\340\345\0279r\\\300\327J\277;"
 104      A6EEE0E5 
 104      1739725C 
 104      C0D74ABF 
 104      3B
 105 02d1 35C9DF79 		.ascii	"5\311\337y\023\270\362\227'\253J\244\264\377\"cbh\367"
 105      13B8F297 
 105      27AB4AA4 
 105      B4FF2263 
 105      6268F7
 106 02e4 1167AF63 		.ascii	"\021g\257c\023\201\272S}\177\200\2766\030}\273\2753"
 106      1381BA53 
 106      7D7F80BE 
 106      36187DBB 
 106      BD33
 107 02f6 E38888BD 		.ascii	"\343\210\210\275\376]\017\362F r\371L\340\015/\360f"
 107      FE5D0FF2 
 107      462072F9 
 107      4CE00D2F 
 107      F066
 108 0308 20F056F0 		.ascii	" \360V\360\243t\300z\005[j\363T\367!T\367\036T\362\001"
 108      A374C07A 
 108      055B6AF3 
 108      54F72154 
 108      F71E54F2 
 109 031d D87DB076 		.ascii	"\330}\260v\260\273\236\252\262\034\315\336\034\255\201"
 109      B0BB9EAA 
 109      B21CCDDE 
 109      1CAD81
ARM GAS  /var/folders/fq/ltb3dbq95yq6ljzx21t9gnkc0000gn/T//ccSBw1t2.s 			page 8


 110 032c 391A6776 		.ascii	"9\032gv!\261?\360Bo\007B\177\027A\331Y\325\262\306h"
 110      21B13FF0 
 110      426F0742 
 110      7F1741D9 
 110      59D5B2C6 
 111 0341 0BD218E8 		.ascii	"\013\322\030\350\320\363\252\0329.bu\225d\277\262e\241"
 111      D0F3AA1A 
 111      392E6275 
 111      9564BFB2 
 111      65A1
 112 0353 802EF16E 		.ascii	"\200.\361n\002=\002\355o\262\017\226\3615tG\007\200"
 112      023D02ED 
 112      6FB20F96 
 112      F1357447 
 112      0780
 113 0365 FFF47747 		.ascii	"\377\364wG\233\250;\\c\216zY\244'\215}\2664\302\254"
 113      9BA83B5C 
 113      638E7A59 
 113      A4278D7D 
 113      B634C2AC 
 114 0379 3980823C 		.ascii	"9\200\202<\250>/\015\333\345\377\246\242\307\242\267"
 114      A83E2F0D 
 114      DBE5FFA6 
 114      A2C7A2B7 
 115 0389 4B409D28 		.ascii	"K@\235(\214\"\351H\377\276\374\323uW\272p/K\230M\346"
 115      8C22E948 
 115      FFBEFCD3 
 115      7557BA70 
 115      2F4B984D 
 116 039e 49917A81 		.ascii	"I\221z\201\010\353D\013\341\376\245\2243w5:\\\021\370"
 116      08EB440B 
 116      E1FEA594 
 116      3377353A 
 116      5C11F8
 117 03b1 306FB5EA 		.ascii	"0o\265\352\202b\207<\372 \261\237p?\314=\210\213\211"
 117      8262873C 
 117      FA20B19F 
 117      703FCC3D 
 117      888B89
 118 03c4 3D8BBC9E 		.ascii	"=\213\274\236\236F,\010=\361mO\240\317L\033\352B\321"
 118      9E462C08 
 118      3DF16D4F 
 118      A0CF4C1B 
 118      EA42D1
 119 03d7 1068AFD9 		.ascii	"\020h\257\3319*\305W8\213\263\247~\002\003\213\223\270"
 119      392AC557 
 119      388BB3A7 
 119      7E02038B 
 119      93B8
 120 03e9 0F5CEF5F 		.ascii	"\017\\\357_S\220m+'\316\351\351%\234\345\251\210\345"
 120      53906D2B 
 120      27CEE9E9 
 120      259CE5A9 
 120      88E5
 121 03fb A997A59B 		.ascii	"\251\227\245\233\261T\226\356\276'\307}\234\245\262"
 121      B15496EE 
 121      BE27C77D 
ARM GAS  /var/folders/fq/ltb3dbq95yq6ljzx21t9gnkc0000gn/T//ccSBw1t2.s 			page 9


 121      9CA5B2
 122 040a F0D9D81C 		.ascii	"\360\331\330\034\306rb\240\377\345\334brH\254\345\231"
 122      C67262A0 
 122      FFE5DC62 
 122      7248ACE5 
 122      99
 123 041b 88E59997 		.ascii	"\210\345\231\227\245\207\261\324\337\317q\312\361\021"
 123      A587B1D4 
 123      DFCF71CA 
 123      F111
 124 0429 CC58C6F6 		.ascii	"\314X\306\366\266O*8KG\353iI\000\213K\304\342\362\262"
 124      B64F2A38 
 124      4B47EB69 
 124      49008B4B 
 124      C4E2F2B2 
 125 043d F43296C3 		.ascii	"\3642\226\303\035-Sr\251\204\327\224V\013\346J&\357"
 125      1D2D5372 
 125      A984D794 
 125      560BE64A 
 125      26EF
 126 044f 64E159EB 		.ascii	"d\341Y\353\332\307\352\372\027\362\026\266\242\255N"
 126      DAC7EAFA 
 126      17F216B6 
 126      A2AD4E
 127 045e 8E6F7219 		.ascii	"\216or\031d\317\255\251P.#\3175\214E2 \012\365\213d"
 127      64CFADA9 
 127      502E23CF 
 127      358C4532 
 127      200AF58B 
 128 0473 F47B650C 		.ascii	"\364{e\0140\031\273m\203\360\341\357\340,\035\027\236"
 128      3019BB6D 
 128      83F0E1EF 
 128      E02C1D17 
 128      9E
 129 0484 8C467096 		.ascii	"\214Fp\226\366\341\277\303\00363(b\031\364\262\0141"
 129      F6E1BFC3 
 129      03363328 
 129      6219F4B2 
 129      0C31
 130 0496 96365777 		.ascii	"\2266Ww)\306\360\331`\377(<l\037G\313\016\0217q\347"
 130      29C6F0D9 
 130      60FF283C 
 130      6C1F47CB 
 130      0E113771 
 131 04ab 5D1D4A2C 		.ascii	"]\035J,$p<\304=\375\341\022\326S\303\234E\364:\017s"
 131      24703CC4 
 131      3DFDE112 
 131      D653C39C 
 131      45F43A0F 
 132 04c0 2EE446CB 		.ascii	".\344F\313 \372qQ\343\256\231\235Hs\373\2530\342\351"
 132      20FA7151 
 132      E3AE999D 
 132      4873FBAB 
 132      30E2E9
 133 04d3 C411D689 		.ascii	"\304\021\326\211/jF]\212\031\350\276\031\350Q\017\232"
 133      2F6A465D 
 133      8A19E8BE 
ARM GAS  /var/folders/fq/ltb3dbq95yq6ljzx21t9gnkc0000gn/T//ccSBw1t2.s 			page 10


 133      19E8510F 
 133      9A
 134 04e4 8EB20D9B 		.ascii	"\216\262\015\233\266D'\012\363-\326\364U+5)&\203Qc\321"
 134      B644270A 
 134      F32DD6F4 
 134      552B3529 
 134      26835163 
 135 04f9 5B334D1A 		.ascii	"[3M\032kh\246!\303\012sV\245F\343}\374@e4YU)\311\311"
 135      6B68A621 
 135      C30A7356 
 135      A546E37D 
 135      FC406534 
 136 0512 2BB4E674 		.ascii	"+\264\346t\025\330\212\014c\206~\205^\273\325\2402d"
 136      15D88A0C 
 136      63867E85 
 136      5EBBD5A0 
 136      3264
 137 0524 24A765EA 		.ascii	"$\247e\352\364\252tmr\252!C\257\322\350\364\333\264"
 137      F4AA746D 
 137      72AA2143 
 137      AFD2E8F4 
 137      DBB4
 138 0536 9969568D 		.ascii	"\231iV\215\365\033\223\336\022\237*\304\275A\260\305"
 138      F51B93DE 
 138      129F2AC4 
 138      BD41B0C5 
 139 0546 AA835400 		.ascii	"\252\203T\000\016I7\352\364f\231\221\006\233\345F\213"
 139      0E4937EA 
 139      F4669991 
 139      069BE546 
 139      8B
 140 0557 49AFD799 		.ascii	"I\257\327\231CL\231&\235\031\033uf\251v\2339\215\336"
 140      434C9926 
 140      9D191B75 
 140      66A9769B 
 140      398DDE
 141 056a 52DF8F8F 		.ascii	"R\337\217\217W\361\237\321\242J\325\246\251LF\263\325"
 141      57F19FD1 
 141      A24AD5A6 
 141      A94C46B3 
 141      D5
 142 057b A2FAECF3 		.ascii	"\242\372\354\363OV\255T%%\255SmPo\334\374\365J\225I"
 142      4F56AD54 
 142      2525AD53 
 142      6D506FDC 
 142      FCF54A95 
 143 0590 9BA6494B 		.ascii	"\233\246IK\323\001\265L\275v\235\326\252\225\251?\342"
 143      D301B54C 
 143      BD769DD6 
 143      AA95A93F 
 143      E2
 144 05a1 43221FD6 		.ascii	"C\"\037\326\361a=\035\024\352\265I\211\306\214m\206"
 144      F1613D1D 
 144      14EAB549 
 144      89C68C6D 
 144      86
 145 05b2 1439506E 		.ascii	"\0249Pn\3140X\243\002\323X\314\311t\214O\026d\026+E"
ARM GAS  /var/folders/fq/ltb3dbq95yq6ljzx21t9gnkc0000gn/T//ccSBw1t2.s 			page 11


 145      CC3058A3 
 145      02D358CC 
 145      C9748C4F 
 145      1664162B 
 146 05c7 BC1588F0 		.ascii	"\274\025\210\360\357\011\222*\266\032\265f\035\305%"
 146      EF09922A 
 146      B61AB566 
 146      1DC525
 147 05d6 04E2D80A 		.ascii	"\004\342\330\012U\254\331\264%1\351\343\315\232\365"
 147      55ACD9B4 
 147      2531E9E3 
 147      CD9AF5
 148 05e5 09AB123E 		.ascii	"\011\253\022>]\315\347\251^\013\213[:+\277\336l\000"
 148      5DCDE7A9 
 148      5E0B8B5B 
 148      3A2BBFDE 
 148      6C00
 149 05f7 21A9C25C 		.ascii	"!\251\302\\\215g\223\032\003\340\303RE\316\177\222\212"
 149      8D67931A 
 149      03E0C352 
 149      45CE7F92 
 149      8A
 150 0608 ABC4EEEB 		.ascii	"\253\304\356\353\023\266oW\245\372\2124\237RyO0\231"
 150      13B66F57 
 150      A5FA8A34 
 150      9F52794F 
 150      3099
 151 061a 95E25F02 		.ascii	"\225\342_\002\351\214G"
 151      E98C47
 152              		.text
 153              		.section	.gnu.lto_.symtab.920479cecc96050f,"",%progbits
 154 0000 68616C49 		.ascii	"halInit\000\000\000\000\000\000\000\000\000\000\000"
 154      6E697400 
 154      00000000 
 154      00000000 
 154      0000
 155 0012 00E20000 		.ascii	"\000\342\000\000\000pal_default_config\000\000\002\000"
 155      0070616C 
 155      5F646566 
 155      61756C74 
 155      5F636F6E 
 156 002d 00000000 		.ascii	"\000\000\000\000\000\000\000\000\360\000\000\000stI"
 156      00000000 
 156      F0000000 
 156      737449
 157 003c 6E697400 		.ascii	"nit\000\000\002\000\000\000\000\000\000\000\000\000"
 157      00020000 
 157      00000000 
 157      000000
 158 004b E4000000 		.ascii	"\344\000\000\000boardInit\000\000\002\000\000\000\000"
 158      626F6172 
 158      64496E69 
 158      74000002 
 158      00000000 
 159 005f 00000000 		.ascii	"\000\000\000\000\000\346\000\000\000sdInit\000\000\002"
 159      00E60000 
 159      00736449 
ARM GAS  /var/folders/fq/ltb3dbq95yq6ljzx21t9gnkc0000gn/T//ccSBw1t2.s 			page 12


 159      6E697400 
 159      0002
 160 0071 00000000 		.ascii	"\000\000\000\000\000\000\000\000\000\350\000\000\000"
 160      00000000 
 160      00E80000 
 160      00
 161 007e 5F70616C 		.ascii	"_pal_lld_init\000\000\002\000\000\000\000\000\000\000"
 161      5F6C6C64 
 161      5F696E69 
 161      74000002 
 161      00000000 
 162 0095 0000EC00 		.ascii	"\000\000\354\000\000\000hal_lld_init\000\000\002\000"
 162      00006861 
 162      6C5F6C6C 
 162      645F696E 
 162      69740000 
 163 00ab 00000000 		.ascii	"\000\000\000\000\000\000\000\000\356\000\000\000"
 163      00000000 
 163      EE000000 
 164              		.text
 165              		.section	.gnu.lto_.opts,"",%progbits
 166 0000 272D666E 		.ascii	"'-fno-trapv' '-mcpu=cortex-m0' '-mno-thumb-interwor"
 166      6F2D7472 
 166      61707627 
 166      20272D6D 
 166      6370753D 
 167 0033 6B272027 		.ascii	"k' '-mthumb' '-ggdb' '-O2' '-fomit-frame-pointer' '"
 167      2D6D7468 
 167      756D6227 
 167      20272D67 
 167      67646227 
 168 0066 2D66616C 		.ascii	"-falign-functions=16' '-ffunction-sections' '-fdata"
 168      69676E2D 
 168      66756E63 
 168      74696F6E 
 168      733D3136 
 169 0099 2D736563 		.ascii	"-sections' '-fno-common' '-flto'\000"
 169      74696F6E 
 169      73272027 
 169      2D666E6F 
 169      2D636F6D 
 170              		.text
 171              		.comm	__gnu_lto_v1,1,1
 172              		.comm	__gnu_lto_slim,1,1
 173              		.ident	"GCC: (GNU Tools for ARM Embedded Processors) 4.9.3 20150303 (release) [ARM/embedded-4_9-br
ARM GAS  /var/folders/fq/ltb3dbq95yq6ljzx21t9gnkc0000gn/T//ccSBw1t2.s 			page 13


DEFINED SYMBOLS
                            *ABS*:0000000000000000 hal.c
                            *COM*:0000000000000001 __gnu_lto_v1
                            *COM*:0000000000000001 __gnu_lto_slim

NO UNDEFINED SYMBOLS
