ARM GAS  /var/folders/fq/ltb3dbq95yq6ljzx21t9gnkc0000gn/T//ccMUYtj4.s 			page 1


   1              		.cpu cortex-m0
   2              		.fpu softvfp
   3              		.eabi_attribute 20, 1
   4              		.eabi_attribute 21, 1
   5              		.eabi_attribute 23, 3
   6              		.eabi_attribute 24, 1
   7              		.eabi_attribute 25, 1
   8              		.eabi_attribute 26, 1
   9              		.eabi_attribute 30, 2
  10              		.eabi_attribute 34, 0
  11              		.eabi_attribute 18, 4
  12              		.code	16
  13              		.file	"hal_lld.c"
  14              		.text
  15              	.Ltext0:
  16              		.section	.gnu.lto_.profile.5d5c33dc93f4b981,"",%progbits
  17 0000 789C6366 		.ascii	"x\234cf```a\200\000F\206\364h\000\001\235\000\313"
  17      60606061 
  17      80004686 
  17      F4680001 
  17      9D00CB
  18              		.text
  19              		.section	.gnu.lto_.jmpfuncs.5d5c33dc93f4b981,"",%progbits
  20 0000 789C6366 		.ascii	"x\234cf\300\016x\24043\0203\0021\023\020\003\000\001"
  20      C00E78A0 
  20      34331033 
  20      02311310 
  20      030001
  21 0013 D40016   		.ascii	"\324\000\026"
  22              		.text
  23              		.section	.gnu.lto_.inline.5d5c33dc93f4b981,"",%progbits
  24 0000 789C6366 		.ascii	"x\234cf\300\016\\\24043\003\203\230\020#\003\223\332"
  24      C00E5CA0 
  24      34330383 
  24      98102303 
  24      93DA
  25 0012 89DF8C0C 		.ascii	"\211\337\214\014l\013\344\231@\202\214\014\202\222@"
  25      6C0BE499 
  25      40828C0C 
  25      829240
  26 0021 31A909A7 		.ascii	"1\251\011\247\221\304\270\200\004\023\203\325\032&\240"
  26      91C4B880 
  26      041383D5 
  26      1A26A0
  27 0030 4C5EC36A 		.ascii	"L^\303j\025\270\014\003\000E\004\011\016"
  27      15B80C03 
  27      00450409 
  27      0E
  28              		.text
  29              		.section	.gnu.lto_.pureconst.5d5c33dc93f4b981,"",%progbits
  30 0000 789C6366 		.ascii	"x\234cf```g\200\000f\006)F)&)\000\001\274\000_"
  30      60606067 
  30      80006606 
  30      29462926 
  30      290001BC 
  31              		.text
  32              		.section	.gnu.lto_hal_lld_backup_domain_init.5d5c33dc93f4b981,"",%progbits
ARM GAS  /var/folders/fq/ltb3dbq95yq6ljzx21t9gnkc0000gn/T//ccMUYtj4.s 			page 2


  33 0000 789C9D53 		.ascii	"x\234\235SMHTQ\024>\347\276\237\031\235Q\264\010\304"
  33      4D485451 
  33      143EE7BE 
  33      9F199D51 
  33      B408C4
  34 0013 A096AEC6 		.ascii	"\240\226\256\306\021\333\270j\025\256jU\373\210Z\264"
  34      11DBB86A 
  34      15AE6A55 
  34      FB885AB4 
  35 0023 108C6CE1 		.ascii	"\020\214l\341\316\373r\212\2022\013\212(\204\211\320"
  35      CEFB728A 
  35      82320B8A 
  35      288489D0 
  36 0033 9CD446AD 		.ascii	"\234\324F\2554\177\322\311\312\"\2420\265)\027\3759"
  36      347FD2C9 
  36      CA22A230 
  36      B52917FD 
  36      39
  37 0044 03B97B53 		.ascii	"\003\271{SIM v\316\2753\2764\010uxs\356{\347\236\367"
  37      494D2076 
  37      CEBD33BE 
  37      34087578 
  37      73EE7BE7 
  38 005a 7DDFF9EE 		.ascii	"}\337\371\356y\006\374\373\333K\377y\023\240\232V\364"
  38      7906FCFB 
  38      DB4BFF79 
  38      13A09A56 
  38      F4
  39 006b 018AD657 		.ascii	"\001\212\326W\000\216_\010#Z\003\262\320t\267\201\014"
  39      008E5F08 
  39      235A03B2 
  39      D074B781 
  39      0C
  40 007c 1A68EAB4 		.ascii	"\032h\352\264)\254\2310\245\355\321\035\224\266\320"
  40      29AC9930 
  40      A5EDD11D 
  40      94B6D0
  41 008b D6691B91 		.ascii	"\326i\033\221o\000\241I\030\246ec\023.\210\214\300\326"
  41      6F00A149 
  41      18A66563 
  41      132E888C 
  41      C0D6
  42 009d 44D7D540 		.ascii	"D\327\325@E\273\224\322\375\322\343;U\226\025\000\337"
  42      45BB94D2 
  42      FDD2E33B 
  42      55961500 
  42      DF
  43 00ae 8526C65B 		.ascii	"\205&\306[X\001T\223\211,%\003v\204jJ\364\036v\242\215"
  43      58015493 
  43      892C2503 
  43      76846A4A 
  43      F41E76A2 
  44 00c3 B4C6B724 		.ascii	"\264\306\267$\344\362\362\315x\367\240\271\325\204\254"
  44      E4F2F2CD 
  44      78F7A0B9 
  44      D584AC
  45 00d2 408B838F 		.ascii	"@\213\203\217\203\237C\200C\220C\021\207b\016%\034J"
ARM GAS  /var/folders/fq/ltb3dbq95yq6ljzx21t9gnkc0000gn/T//ccMUYtj4.s 			page 3


  45      839F4380 
  45      43904311 
  45      87620E25 
  45      1C4A
  46 00e4 3900A408 		.ascii	"9\000\244\010\214U\245\205\340\325\230\303\211\201\314"
  46      8C55A585 
  46      E0D598C3 
  46      8981CC
  47 00f3 E87686FF 		.ascii	"\350v\206\377)Lbn~3\275\347\253\310\012!?9\322d-\037"
  47      294C626E 
  47      7E33BDE7 
  47      ABC80A21 
  47      3F39D264 
  48 0109 53AFA7FC 		.ascii	"S\257\247\374*\005\374\230\034>\373\331n\303\353\230"
  48      2A05FC98 
  48      1C3EFBD9 
  48      6EC3EB98 
  49 0119 1506C6B0 		.ascii	"\025\006\306\260\034oc\271\332\350\277\234\232-\014"
  49      1C6F63B9 
  49      DAE8BF9C 
  49      9A2D0C
  50 0128 75C988E3 		.ascii	"u\311\210\343\317\012\023\273\260\015\277\251\266\260"
  50      CF0A13BB 
  50      B00DBFA9 
  50      B6B0
  51 0136 1B433087 		.ascii	"\033C0\207\315?lMci\246\221\227\261\270`\\\224\002\260"
  51      CD3F6C4D 
  51      6369A691 
  51      97B1B860 
  51      5C9402B0 
  52 014a 875048CC 		.ascii	"\207PH\314%\344\232\015\320\334\361h\342\030\"pF\031"
  52      25E49A0D 
  52      D0DCF168 
  52      E2182270 
  52      4619
  53 015c B8B85B53 		.ascii	"\270\270[S\371\350\205\027\317\333\207\012\230\307\222"
  53      F9E88517 
  53      CFDB870A 
  53      98C792
  54 016b D1336B5A 		.ascii	"\3213kZ\262\024\344\311\216\033\303~\315ec/q\365\345"
  54      B214E4C9 
  54      8E1BC37E 
  54      CD65632F 
  54      71F5E5
  55 017e B8E67F5F 		.ascii	"\270\346\177_K\007\230\013\231\252_Q\361)\340]\335\321"
  55      4B07980B 
  55      99AA5F51 
  55      F129E05D 
  55      DDD1
  56 0190 AFD33342 		.ascii	"\257\3233B\023\3715\327\344\302XKP\367d\003\336#\230"
  56      13F935D7 
  56      E4C2584B 
  56      50F76403 
  56      DE2398
  57 01a3 598CBC6F 		.ascii	"Y\214\274o.\317\025Q\305\005w\352|\201\2560\001\357"
  57      2ECF1551 
  57      C50577EA 
ARM GAS  /var/folders/fq/ltb3dbq95yq6ljzx21t9gnkc0000gn/T//ccMUYtj4.s 			page 4


  57      7C81AE30 
  57      01EF
  58 01b5 3311F071 		.ascii	"3\021\360q\030\020\255\341\323p{\307w\346,\310\313r"
  58      1810ADE1 
  58      D3707BC7 
  58      77E62CC8 
  58      CB72
  59 01c7 A44C94FD 		.ascii	"\244L\224\375_\332\200'm\020C\264}e\2613fk\032\346y"
  59      5FDA8027 
  59      6D1043B4 
  59      7D65B133 
  59      666B1AE6 
  60 01dc A0DD75DD 		.ascii	"\240\335u\335\315\200\017y\340\303\012|\305>\372DpD"
  60      CD800F79 
  60      E0C30A7C 
  60      C53EFA44 
  60      7044
  61 01ee B590A6FB 		.ascii	"\265\220\246\373\374<\365\315\366\031\272\341\300\372"
  61      FC3CF5CD 
  61      F619BAE1 
  61      C0FA
  62 01fc CD1DF548 		.ascii	"\315\035\365H\036\25657\250\221\226\246[\334@\256'\232"
  62      1EAE3537 
  62      A89196A6 
  62      5BDC40AE 
  62      279A
  63 020e 9831EDEE 		.ascii	"\2301\355\356\273\274\273A*q:F\316\371T\011\341\214"
  63      BBBCBB41 
  63      2A713A46 
  63      CEF95409 
  63      E18C
  64 0220 AF986BC1 		.ascii	"\257\230k\301LXK{\233\311I+Z\2274=c\011O\333\243\325"
  64      4C584B7B 
  64      9BC9492B 
  64      5A97343D 
  64      63094FDB 
  65 0236 A35C4C40 		.ascii	"\243\\L@\352\020\377\036\335\365\302Nx\260\217yt\213"
  65      EA10FF1E 
  65      DDF5C24E 
  65      78B08F79 
  65      748B
  66 0248 D5E84E25 		.ascii	"\325\350N%Qc\227l\000\352\211\007\365t\265\302R\002"
  66      5163976C 
  66      00EA8907 
  66      F574B5C2 
  66      5202
  67 025a 52566D46 		.ascii	"RVmF\341\244\007\373\214\025\226*7mu\322\037\320I,\326"
  67      E1A407FB 
  67      8C15962A 
  67      376D75D2 
  67      1FD0492C 
  68 026f 32207B9C 		.ascii	"2 {\234\242*\312\322\207XUY\031\326W}C\370\350\241\272"
  68      A22ACAD2 
  68      87585559 
  68      19D6577D 
  68      43F8E8A1 
  69 0284 F0B1FAE3 		.ascii	"\360\261\372\343'\032\302\373\017\354\333U\255cmUc#"
ARM GAS  /var/folders/fq/ltb3dbq95yq6ljzx21t9gnkc0000gn/T//ccMUYtj4.s 			page 5


  69      271AC2FB 
  69      0FECDB55 
  69      AD636D55 
  69      6323
  70 0296 EF1CACAB 		.ascii	"\357\034\254\253;Ry\030\376\000t\314\270\216"
  70      3B527918 
  70      FE0074CC 
  70      B88E
  71              		.text
  72              		.section	.gnu.lto_hal_lld_init.5d5c33dc93f4b981,"",%progbits
  73 0000 789C9D93 		.ascii	"x\234\235\223\317O\023Q\020\307\347;\333\326\255\245"
  73      CF4F1351 
  73      10C7E73B 
  73      DBD6ADA5 
  74 0010 917822FD 		.ascii	"\221x\"\375\0078m\213\370?\350\311\223\036\270\031\243"
  74      07386D8B 
  74      F83FE8C9 
  74      931EB819 
  74      A3
  75 0021 070F4D20 		.ascii	"\007\017M \342\201\013\341\025j\302\311 '#b4\021\374"
  75      E2810BE1 
  75      156AC2C9 
  75      20272362 
  75      3411FC
  76 0034 5105F147 		.ascii	"Q\005\361G\025PYQ\023\365\240i4\321\030\203\207\322"
  76      15505951 
  76      13F5A069 
  76      34D11883 
  76      87D2
  77 0046 44A34111 		.ascii	"D\243A\021\022\263\232\246\276y\217f5\236\266/\273\363"
  77      12B39AA6 
  77      BE798F66 
  77      359EB62F 
  77      BBF3
  78 0058 76F7CDFB 		.ascii	"v\367\315\373\314|\337\3548\364\377\310\350\273'F\324"
  78      CC7CDFEC 
  78      38F4FFC8 
  78      E8BB2746 
  78      D4
  79 0069 AD673804 		.ascii	"\255g8\004\036{ITp\031\220\007\002\0151\206\360\231"
  79      1E7B4954 
  79      70199007 
  79      020D3186 
  79      F099
  80 007b D719637E 		.ascii	"\327\031c~\351t\252sJ)\365}|\261\343DG\300D\033l1\270"
  80      E974AA73 
  80      4A29F57D 
  80      7CB1E344 
  80      47C0441B 
  81 0092 844ED23E 		.ascii	"\204N\322>\353\305\372\333T\242\250}\332\355\032.#\001"
  81      EBC5FADB 
  81      54A2A87D 
  81      DAED1A2E 
  81      2301
  82 00a4 3DCFEEF4 		.ascii	"=\317\356\364U\243Q=\373u)\326\316\0240\342b\\1I1mb"
  82      55A3513D 
  82      FB7529D6 
ARM GAS  /var/folders/fq/ltb3dbq95yq6ljzx21t9gnkc0000gn/T//ccMUYtj4.s 			page 6


  82      CE1430E2 
  82      625C3149 
  83 00bb D2628856 		.ascii	"\322b\210V\365F\211^c\226\331y\217\345\362\334\332."
  83      F546895E 
  83      6396D979 
  83      8FE5F2DC 
  83      DA2E
  84 00cd 41FD64C9 		.ascii	"A\375d\311\344\305\263\251\371\344'\016\230\325\371"
  84      E4C5B3A9 
  84      F9E4270E 
  84      98D5F9
  85 00dc 511593C0 		.ascii	"Q\025\223\300\037W_U\\\363\211\344ux\372\302\202;\211"
  85      1F575F55 
  85      5CF389E4 
  85      7578FAC2 
  85      823B89
  86 00ef 0904ECE0 		.ascii	"\011\004\354\340\0122\270\212\214Y\250\376:SKy%U,\270"
  86      0A32B88A 
  86      8C59A8FE 
  86      3A534B79 
  86      25552CB8 
  87 0103 01C750C2 		.ascii	"\001\307P\302$~\030\015\270\006\217t\244>\011\023\201"
  87      247E180D 
  87      B8068F74 
  87      A43E0913 
  87      81
  88 0114 703D24CC 		.ascii	"p=$\314\300\223L&\202\213&94\364\330A\230\325\033#\201"
  88      C0934C26 
  88      828B2639 
  88      34F4D841 
  88      98D51B23 
  89 0129 21DC1B21 		.ascii	"!\334\033!w\316r\233\012u\265p\3232\313\2255\330c\211"
  89      77CE729B 
  89      0A75B570 
  89      D332CB95 
  89      35D86389 
  90 013d 4748F996 		.ascii	"GH\371\226AKUp\2735\321wBB\031^\213\012\357\206\220"
  90      414B5570 
  90      BB35D177 
  90      4242195E 
  90      8B0AEF86 
  91 0152 7B1AD294 		.ascii	"{\032\322\224t\352\333\226$7BB\363\206e~\270\005#id"
  91      74EADB96 
  91      24374242 
  91      F386657E 
  91      B8052369 
  92 0167 33612949 		.ascii	"3a)I\013z\263\362\245\261\275Y\225\272\256\312\242\015"
  92      0B7AB3F2 
  92      A5B1BD59 
  92      95BAAECA 
  92      A20D
  93 0179 378E88D2 		.ascii	"7\216\210\322\357\207\221\036\300\323\374\026\224?\014"
  93      EF87911E 
  93      C0D3FC16 
  93      943F0C
  94 0188 194B7F29 		.ascii	"\031K\177)\257ln)o\213\220\217oX\216\260\036\375\253"
  94      AF6C6E29 
ARM GAS  /var/folders/fq/ltb3dbq95yq6ljzx21t9gnkc0000gn/T//ccMUYtj4.s 			page 7


  94      6F8B908F 
  94      6F588EB0 
  94      1EFDAB
  95 019b 3C6D41CF 		.ascii	"<mA\317\207\253\265\224Q\256\273R\201\260\334\242\362"
  95      87ABB594 
  95      51AEBB52 
  95      81B0DCA2 
  95      F2
  96 01ac C761A427 		.ascii	"\307a\244'\242<M\0370\342\277\333&\030q?\367\372\344"
  96      A23C4D1F 
  96      30E2BFDB 
  96      2618713F 
  96      F7FAE4
  97 01bf 0C0FFE56 		.ascii	"\014\017\376V\243J\273\3077\244\262x\212A\335\323\011"
  97      A34ABBC7 
  97      37A4B278 
  97      8A41DDD3 
  97      09
  98 01d0 5A41C1AF 		.ascii	"ZA\301\257\3575\236$\015\016il}\000]\331l\316^\275\375"
  98      EF359E24 
  98      0D0E696C 
  98      7D005DD9 
  98      6CCE5EBD 
  99 01e5 B9A387F2 		.ascii	"\271\243\207\362\271\276\336c\307\373s\373\017\354\333"
  99      B9BEDE63 
  99      C7FB73FB 
  99      0FECDB
 100 01f4 DD6DED9E 		.ascii	"\335m\355\236\256\201\001Y9\230\317\037\311\036\246"
 100      AE810159 
 100      3998CF1F 
 100      C91EA6
 101 0203 3F71C982 		.ascii	"?q\311\202\324"
 101      D4
 102              		.text
 103              		.section	.gnu.lto_stm32_clock_init.5d5c33dc93f4b981,"",%progbits
 104 0000 789C9D57 		.ascii	"x\234\235W]O\\E\030\236w\316\331\263g\277\227]\240\004"
 104      5D4F5C45 
 104      189E77CE 
 104      D9B367BF 
 104      975DA004 
 105 0014 2E4ADA94 		.ascii	".J\332\224\226\222\205\246\375\005{\343\235\336\350"
 105      969285A6 
 105      FD057BE3 
 105      9DDEE8
 106 0023 BD311AE3 		.ascii	"\2751\032\343\005I\215\365\242w\034\012%\222p\201\365"
 106      05498DF5 
 106      A2771C0A 
 106      25927081 
 106      F5
 107 0034 23A60663 		.ascii	"#\246\006c\023[?\250\026PQ\332\252+\266\245\366c\021"
 107      135B3FA8 
 107      165051DA 
 107      AA2BB6A5 
 107      F66311
 108 0047 2A50B01F 		.ascii	"*P\260\037\012\254\202-\355.m\202kJ\326y\347=\273\263"
 108      0AAC822D 
 108      ED2E6D82 
ARM GAS  /var/folders/fq/ltb3dbq95yq6ljzx21t9gnkc0000gn/T//ccMUYtj4.s 			page 8


 108      6B4AD679 
 108      E73DBBB3 
 109 005b BB246677 		.ascii	"\273$fwI\363\3142\357\360\3143\317\373\234\331S\215"
 109      49F3CC32 
 109      EFF0CC33 
 109      CFFB9CD9 
 109      538D
 110 006d 6DFDA905 		.ascii	"m\375\251\005\306:\274\214\355\027\237\241\206\001\357"
 110      C63ABC8C 
 110      ED179FA1 
 110      8601EF
 111 007c 8F33D669 		.ascii	"\2173\326ir\320\350\203\306\253\373&\030\263\334z\267"
 111      72D0E883 
 111      C6ABFB26 
 111      18B3DC7A 
 111      B7
 112 008d 9359DE6A 		.ascii	"\223Y\336j\232\217\352\340\240\272\203\207\251n\310"
 112      9A8FEAE0 
 112      A0BA8387 
 112      A96EC8
 113 009c 7A98E6A3 		.ascii	"z\230\346\243\0068\251\356\344!\252\233\262\036\242"
 113      0638A9EE 
 113      E421AA9B 
 113      B21EA2
 114 00ab F9A8092E 		.ascii	"\371\250\011.\252\273x\025\325\335\262^E\363Q7x\250"
 114      AABB7815 
 114      D5DDB25E 
 114      45F35137 
 114      78A8
 115 00bd EEE141AA 		.ascii	"\356\341A\252{e=H\363Q/\370\250\356\343\001\252\373"
 115      7B653D48 
 115      F3512FF8 
 115      A8EEE301 
 115      AAFB
 116 00cf 653D40F3 		.ascii	"e=@\363Q?\000\216\014X\007\327\252uG\330p\206LW\225"
 116      513F008E 
 116      0C5807D7 
 116      AA7547D8 
 116      70864C57 
 117 00e4 DB13F4FA 		.ascii	"\333\023\364\372\002~\350pjt|\007\015N\032\\4xh\360"
 117      027EE870 
 117      6A747C07 
 117      0D4E1A5C 
 117      347868F0 
 118 00f8 D1B0CA53 		.ascii	"\321\260\312S\034\372c\203\357yv\237\264,+\271>Uw\264"
 118      1CFA6383 
 118      EF79769F 
 118      B42C2BB9 
 118      3E5577B4 
 119 010c 2ECD197B 		.ascii	".\315\031{\304i\001|\014\273\231X\223\352\336\234\363"
 119      C469017C 
 119      0CBB9958 
 119      93EADE9C 
 119      F3
 120 011d 18DD624D 		.ascii	"\030\335bM\220j\360\011\030\302^v&\024\2632\231\245"
 120      906AF009 
 120      18C25E76 
ARM GAS  /var/folders/fq/ltb3dbq95yq6ljzx21t9gnkc0000gn/T//ccMUYtj4.s 			page 9


 120      2614B332 
 120      99A5
 121 012f 0FCE6FE8 		.ascii	"\017\316o\350\021\316\322\302[\004\007\202\201\340D"
 121      11CED2C2 
 121      5B040782 
 121      81E044
 122 013e 3011DC08 		.ascii	"0\021\334\010^\004\037\202\037!\200\020B\010#\324 \324"
 122      5E041F82 
 122      1F218010 
 122      420823D4 
 122      20D4
 123 0150 226C43A8 		.ascii	"\"lC\250C\250Gh@\330\216\320\210\260\003a'\302.\204"
 123      43A84768 
 123      40D88ED0 
 123      88B00361 
 123      27C22E84 
 124 0164 26843D08 		.ascii	"&\204=\010\315\010{\021Z\020\030[\026Z\205y\011\316"
 124      CD087B11 
 124      5A10185B 
 124      165A8579 
 124      09CE
 125 0176 C5A02DC0 		.ascii	"\305\240-\300\370\350p|DC\361\033\034\317~\345\362\311"
 125      F8E8707C 
 125      4443F11B 
 125      1CCF7EE5 
 125      F2C9
 126 0188 31D70A4F 		.ascii	"1\327\012Osn}\370\206\245\343Q\357.ON\231r\212\341\257"
 126      736E7DF8 
 126      86A5E351 
 126      EF2E4F4E 
 126      99728AE1 
 127 019d 474E9D38 		.ascii	"GN\2358k\016\300\373\220\346\032|\012\365\360\231\220"
 127      6B0EC0FB 
 127      90E61A7C 
 127      0AF5F099 
 127      90
 128 01ae 8485A57F 		.ascii	"\204\205\245\177\217'<\221A\253\273\323Ls\035\006a\000"
 128      8F273C91 
 128      41ABBBD3 
 128      4C731D06 
 128      6100
 129 01c0 D6A56B70 		.ascii	"\326\245kp\032\"l\001\272\036\033\264\217F[M\014\254"
 129      1A226C01 
 129      BA1E1BB4 
 129      8F465B4D 
 129      0CAC
 130 01d2 8CE8C80B 		.ascii	"\214\350\310\013\300\340sA\"\324\034\003\\R\306._\250"
 130      C0E07341 
 130      22D41C03 
 130      5C52C62E 
 130      5FA8
 131 01e4 5DCE4044 		.ascii	"]\316@Dp\213O\011\201\"\020\362t\251\370\272}:GI\254"
 131      708B4F09 
 131      812210F2 
 131      74A9F8BA 
 131      7D3A4749 
 132 01f9 80A4438A 		.ascii	"\200\244C\212t\230\244\377\323\263\314\211\306f:>\227"
ARM GAS  /var/folders/fq/ltb3dbq95yq6ljzx21t9gnkc0000gn/T//ccMUYtj4.s 			page 10


 132      7498A4FF 
 132      D3B3CC89 
 132      C6663A3E 
 132      97
 133 020a 78AC49F1 		.ascii	"x\254I\361\234\301\210`\231\201\356\233]/\333k\304\202"
 133      9CC18860 
 133      9981EE9B 
 133      5D2FDB6B 
 133      C482
 134 021c CE53E7FA 		.ascii	"\316S\347\372\234r\201`\371\022\267a\350~5\023\011\206"
 134      9C728160 
 134      F912B761 
 134      E87E3513 
 134      0986
 135 022e 04D7B3F6 		.ascii	"\004\327\263\366\247f\246m\201\3162\216\375\225T\210"
 135      A766A66D 
 135      81CE328E 
 135      FD955488 
 136 023e 7983AF6D 		.ascii	"y\203\257m\205\266\271&\021%\342Gz}r\373'\231L&\300"
 136      85B6B926 
 136      1125E247 
 136      7A7D72FB 
 136      27994C26 
 137 0253 60B44283 		.ascii	"`\264B\203\277Q;}\213\006\233\3102\372\346\254m\207"
 137      BF513B7D 
 137      8B069BC8 
 137      32FAE6AC 
 137      6D87
 138 0265 BB0CAA31 		.ascii	"\273\014\2521EuV\212._\3159Eq\036\325\270e\273\035\252"
 138      4575568A 
 138      2E5FCD39 
 138      45711ED5 
 138      B865BB1D 
 139 027a DDB38BB6 		.ascii	"\335\263\213\266\233\336\322\333\375\235\"\375>\333"
 139      9BDED2DB 
 139      FD9D22FD 
 139      3EDB
 140 0288 EEFBF6F9 		.ascii	"\356\373\366\371|\304\264q4\331\353\226vz\031\374@\355"
 140      7CC4B471 
 140      34D9EB96 
 140      767A19FC 
 140      40ED
 141 029a 9ECFB6DB 		.ascii	"\236\317\266\333\227\327\337\260\335_#\327\337[\331"
 141      97D7DFB0 
 141      DD5F23D7 
 141      DF5BD9
 142 02a9 C7CB5FC6 		.ascii	"\307\313_\3069c*\201?\026\3667@D#\233Coy\244\240\264"
 142      39632A81 
 142      3F16F637 
 142      4044239B 
 142      436F79A4 
 143 02bf 787AC62B 		.ascii	"xz\306+l\356Oj\233\013hg\000Y\222C\267)\222yD\235\226"
 143      6CEE4F6A 
 143      9B0B6867 
 143      00599243 
 143      B7299279 
 144 02d6 1533FEDF 		.ascii	"\0253\376\337\305\213\312\305K\020\311\2777t15A\012"
ARM GAS  /var/folders/fq/ltb3dbq95yq6ljzx21t9gnkc0000gn/T//ccMUYtj4.s 			page 11


 144      C58BCAC5 
 144      4B10C9BF 
 144      37743135 
 144      410A
 145 02e8 47536BE3 		.ascii	"GSk\343\266\035\2412t^\226\334\362\232\375\271\360."
 145      B61DA132 
 145      745E96DC 
 145      F29AFDB9 
 145      F02E
 146 02fa 090BA28A 		.ascii	"\011\013\242\212/\217+\212\366*\036?,\323\344\314\245"
 146      2F8F2B8A 
 146      F62A1E3F 
 146      2CD3E4CC 
 146      A5
 147 030b 69F841F6 		.ascii	"i\370A\366\362\250)=M\327\024\351\365\3424\325\012\246"
 147      F2A8293D 
 147      4DD714E9 
 147      F5E234D5 
 147      0AA6
 148 031d 2DB7456D 		.ascii	"-\267Em^|Bv|\314\\|\236d\375\332V\306\301\342R\003\336"
 148      5E7C4276 
 148      7CCC5C7C 
 148      9E64FDDA 
 148      56C6C1E2 
 149 0334 853059E8 		.ascii	"\2050Y\350W\235 \252\330\257_\024\355\024\372U'\375"
 149      579D20AA 
 149      D8AF5F14 
 149      ED14FA55 
 149      27FD
 150 0346 7229BF36 		.ascii	"r)\2776\263O_}\351~M+\322\033\305\227m\203`\332\342"
 150      B34F5F7D 
 150      E97E4D2B 
 150      D21BC597 
 150      6D8360DA 
 151 035b 57439E5F 		.ascii	"WC\236_U\266_n\333\257d2\263XAv\177U\331\235\221\331"
 151      55B65F6E 
 151      DBAF6432 
 151      B3584176 
 151      7F55D99D 
 152 0371 5D597BBB 		.ascii	"]Y{\273_>\357\272e\235\020\017\330,9\226L^X\252\200"
 152      5F3EEFBA 
 152      659D100F 
 152      D82C3996 
 152      4C5E58AA 
 153 0386 7E4ED2EB 		.ascii	"~N\322\353H\177\023\"\331g!9t\261\022\262yI\206\357"
 153      487F1322 
 153      D9672139 
 153      74B112B2 
 153      794986EF 
 154 039a 32B0A0C8 		.ascii	"2\260\240\310FS\0237l\357\267\227\321\321\337\324\005"
 154      46531337 
 154      6CEFB797 
 154      D1D1DFD4 
 154      05
 155 03ab 70AB3028 		.ascii	"p\2530(\215Dtll\276\217.>\361\252c2\270]at\356\250\215"
 155      8D44746C 
 155      6CBE8F2E 
ARM GAS  /var/folders/fq/ltb3dbq95yq6ljzx21t9gnkc0000gn/T//ccMUYtj4.s 			page 12


 155      3EF1AA63 
 155      32B85D61 
 156 03c3 EE62741A 		.ascii	"\356bt\032et<*:\327\036\331\362w\224\036\235\337\025"
 156      65743C2A 
 156      3AD71ED9 
 156      F277941E 
 156      9DDF15
 157 03d6 E91FC5D1 		.ascii	"\351\037\305\321\331IL=\223+\253ZV\177\220\301bQ\230"
 157      D9494C3D 
 157      932BAB5A 
 157      567F90C1 
 157      625198
 158 03e9 76E68529 		.ascii	"v\346\205)h\207\311\233\013S<\327\240\315\336K=\362"
 158      6887C99B 
 158      0B533CD7 
 158      A0CDDE4B 
 158      3DF2
 159 03fb 65C561C5 		.ascii	"e\305a\305\212\337\213\034R\332\304\364\275a\277\335"
 159      8ADF8B1C 
 159      52DAC4F4 
 159      BD61BFDD 
 160 040b 42F1CA68 		.ascii	"B\361\312h\300\222\320\275l\353^\357\032\331\204\234"
 160      C092D0BD 
 160      6CEB5EEF 
 160      1AD9849C 
 161 041b EE84D46D 		.ascii	"\356\204\324m\240\356?e\334\036Z\253\327\0032nU\014"
 161      A0EE3F65 
 161      DC1E5AAB 
 161      D703326E 
 161      550C
 162 042d FEB23B3A 		.ascii	"\376\262;:<\223\355\350\2562\214^QQ^-\354h\223 \222"
 162      3C93EDE8 
 162      AE328C5E 
 162      51515E2D 
 162      EC689320 
 163 0442 0F5325FD 		.ascii	"\017S%\375\373[\321\336\303\3765\311\376\371\324\027"
 163      FB5BD1DE 
 163      C3FE35C9 
 163      FEF9D417 
 164 0452 EFCC922D 		.ascii	"\357\314\222-vO\351\375\273\257H\327\212\257\312f\301"
 164      764FE9FD 
 164      BBAF48D7 
 164      8AAFCA66 
 164      C1
 165 0463 B4E59BB6 		.ascii	"\264\345\233\266YP|\364\316\273\247\035\262\243\"\216"
 165      59507CF4 
 165      CEBBA71D 
 165      B2A3228E 
 166 0473 0F72CD0B 		.ascii	"\017r\315\013\330\315\363\253/\336\003\364G{\3138\346"
 166      D8CDF3AB 
 166      2FDE03F4 
 166      477BCB38 
 166      E6
 167 0484 43A908FF 		.ascii	"C\251\010\377\207\000\311B\367Z\004Q\305\027gJ\321\256"
 167      8700C942 
 167      F75A0451 
 167      C517674A 
ARM GAS  /var/folders/fq/ltb3dbq95yq6ljzx21t9gnkc0000gn/T//ccMUYtj4.s 			page 13


 167      D1AE
 168 0496 A37B2DEC 		.ascii	"\243{-\354\016t\3066\236A\032\222\017B\266H\362\276"
 168      0E74C636 
 168      9E411A92 
 168      0F42B648 
 168      F2BE
 169 04a8 D6D636FA 		.ascii	"\326\3266\372w\360P\333+/\264\267\275z\360\265\327\017"
 169      77F050DB 
 169      2B2FB4B7 
 169      BD7AF0B5 
 169      D70F
 170 04ba B53DFBDC 		.ascii	"\265=\373\334\323\007\366\023>\265\357\360a\254<\337"
 170      D307F613 
 170      3EB5EFF0 
 170      61AC3CDF 
 171 04ca DEFE52EB 		.ascii	"\336\376R\353\213\354?\031\310S\247"
 171      8BEC3F19 
 171      C853A7
 172              		.text
 173              		.section	.gnu.lto_.symbol_nodes.5d5c33dc93f4b981,"",%progbits
 174 0000 789C6366 		.ascii	"x\234cf``pc\200\002\246M\214\365\014\014\023\31610\324"
 174      60607063 
 174      8002A64D 
 174      8CF50C0C 
 174      13CE3130 
 175 0015 D733CC5D 		.ascii	"\3273\314]\320\301\303\300\264\231\261\236\021&2o\001"
 175      D0C1C3C0 
 175      B499B19E 
 175      1126326F 
 175      01
 176 0026 0703D316 		.ascii	"\007\003\323\026\306z&d\001\326\215\214\014\013\231"
 176      C67A2664 
 176      01D68D8C 
 176      0C0B99
 177 0035 EA199819 		.ascii	"\352\031\230\031\031\030\016\265\277\221g\000\000\313"
 177      19180EB5 
 177      BF916700 
 177      00CB
 178 0043 3E138E   		.ascii	">\023\216"
 179              		.text
 180              		.section	.gnu.lto_.refs.5d5c33dc93f4b981,"",%progbits
 181 0000 789C6366 		.ascii	"x\234cf```d\200\002\000\000=\000\005"
 181      60606064 
 181      80020000 
 181      3D0005
 182              		.text
 183              		.section	.gnu.lto_.decls.5d5c33dc93f4b981,"",%progbits
 184 0000 789CAD56 		.ascii	"x\234\255VkL\024W\024\236;wY\226e\025\023Rk\374S\305"
 184      6B4C1457 
 184      149E3B77 
 184      59966515 
 184      13526BFC 
 185 0016 66DB1865 		.ascii	"f\333\030e\021\377\364G\223\012+\212\265*\231\2655M"
 185      11FFF447 
 185      930A2B8A 
 185      B52A99B5 
 185      354D
ARM GAS  /var/folders/fq/ltb3dbq95yq6ljzx21t9gnkc0000gn/T//ccMUYtj4.s 			page 14


 186 0028 7F6C5658 		.ascii	"\177lVX+\221\207\221%\241I\177\014,*X\"J\213\357\007"
 186      2B918791 
 186      25A1497F 
 186      0C2C2A58 
 186      224A8BEF 
 187 003d 1670419E 		.ascii	"\026pA\236\265\365\211\205\025\025y\211-Z\251\266\025"
 187      B5F58985 
 187      15157989 
 187      2D5AA9B6 
 187      15
 188 004e 0A2A8882 		.ascii	"\012*\210\202K\353k+u{\356\235\235\031v\234\032\323"
 188      4BEB6B2B 
 188      757BEE9D 
 188      9D19769C 
 188      1AD3
 189 0060 74C2997B 		.ascii	"t\302\231{\317\334\357|\367\334s\3179,f\030&\0121\214"
 189      CFDCEF7C 
 189      F7DC73CF 
 189      392C6618 
 189      260A318C 
 190 0074 0F9E1403 		.ascii	"\017\236\024\003\303\014\300\\\003\337\022\030\371\301"
 190      C30CC05C 
 190      03DF1218 
 190      F9C1
 191 0082 20D520B5 		.ascii	" \325 \265 \365 \000a\3160\201\017Y\017\366\333\315"
 191      20F52000 
 191      61CE3081 
 191      0F590FF6 
 191      DBCD
 192 0094 046903B9 		.ascii	"\004i\003\271\010\342\006\361\200<\000aA\316\201\334"
 192      08E206F1 
 192      803C0061 
 192      41CE81DC 
 193 00a4 F1735433 		.ascii	"\361sT3/>\265\012\036\321\226\360\214\201T2\202\177"
 193      2F3EB50A 
 193      1ED196F0 
 193      8C815432 
 193      827F
 194 00b6 4320B741 		.ascii	"C \267A\006@\356\372\271k\377\205\263\376%\234zpDG\004"
 194      0640EEFA 
 194      B96BFF85 
 194      B3FE259C 
 194      7A704447 
 195 00cb E637417A 		.ascii	"\3467AzAn\201\364\203\364\201\334#\334\260>\342\367"
 195      416E81F4 
 195      83F481DC 
 195      23DCB03E 
 195      E2F7
 196 00dd B95E857F 		.ascii	"\271^\205\177\214E\247j\037^\012\035b\321d\375\014\242"
 196      8C45A76A 
 196      1F5E0A1D 
 196      62D164FD 
 196      0CA2
 197 00ef 9E2E6ADD 		.ascii	"\236.j\335\245\005\325\240\327\020\265\341Y\377U\315"
 197      A505D5A0 
 197      D710B5E1 
 197      59FF55CD 
ARM GAS  /var/folders/fq/ltb3dbq95yq6ljzx21t9gnkc0000gn/T//ccMUYtj4.s 			page 15


 198 00ff EBC53C3C 		.ascii	"\353\305<<\333\234\374\024\015J\230\212\\h:\252@\323"
 198      DB9CFC14 
 198      0D4A988A 
 198      5C683AAA 
 198      40D3
 199 0111 81B512BD 		.ascii	"\201\265\022\275\016\357O4\002\323\301\243\355\3674"
 199      0EEF4F34 
 199      02D3C1A3 
 199      EDF734
 200 0120 18B68479 		.ascii	"\030\266\204y\351\256\337\257\352\347\034\001\263<\336"
 200      E9AEDFAF 
 200      EAE71C01 
 200      B33CDE
 201 012f 3D84E5ED 		.ascii	"=\204\345\355\016uo\254\2354\343\000\357\256\367t\376"
 201      0E756FAC 
 201      9D34E300 
 201      EFAEF774 
 201      FE
 202 0140 9AB99B2F 		.ascii	"\232\271\233/\311\341\237\373|\210r\241#\010\243*4\207"
 202      C9E19FFB 
 202      7C8872A1 
 202      2308A32A 
 202      3487
 203 0152 40C99CDA 		.ascii	"@\311\234\332\240j4\003\354\012\267\215\234@\370CJ\336"
 203      A06A3403 
 203      EC0AB78D 
 203      9C40F843 
 203      4ADE
 204 0164 535E906D 		.ascii	"S^\220m\000\216\222\372\276\353\347\354\356\\~\334\347"
 204      008E92FA 
 204      BEEBE7EC 
 204      EE5C7EDC 
 204      E7
 205 0175 C30243CD 		.ascii	"\303\002C\315\004\206\032\221\241\2262\270\\\327j\202"
 205      04861A91 
 205      A19632B8 
 205      5CD76A82 
 206 0185 F06ACAF0 		.ascii	"\360j\312\360\207\273\367\006\246\014%\205\345\332V"
 206      87BBF706 
 206      A60C2585 
 206      E5DA56
 207 0194 DEEDF3BD 		.ascii	"\336\355\363\275G\355\353&\330\327\211\366\365\324\276"
 207      47EDEB26 
 207      D8D789F6 
 207      F5D4BE
 208 01a3 A9F1698B 		.ascii	"\251\361i\213\036gP\373\202\274\2766=\376\234\316\263"
 208      1E6750FB 
 208      82BCBE36 
 208      3DFE9CCE 
 208      B3
 209 01b4 0F371404 		.ascii	"\0177\024\004C\304f\352\351\001{\367z\313B\250J\022"
 209      43C466EA 
 209      E9017BF7 
 209      7ACB42A8 
 209      4A12
 210 01c6 330C3EB1 		.ascii	"3\014>\261\255w\370\322\311\310\250/\203px\012\313\373"
 210      AD77F8D2 
ARM GAS  /var/folders/fq/ltb3dbq95yq6ljzx21t9gnkc0000gn/T//ccMUYtj4.s 			page 16


 210      C9C8A82F 
 210      8370780A 
 210      CBFB
 211 01d8 E39DFC02 		.ascii	"\343\235\374\002t\034\351\321Qi7jM\236<\236\317!\241"
 211      741CE9D1 
 211      5169376A 
 211      4D9E3C9E 
 211      CF21A1
 212 01eb 0E699DCC 		.ascii	"\016i\235\314H\221F\307\220\021\020\024\213\276\205"
 212      489146C7 
 212      90111014 
 212      8BBE85
 213 01fa 8FDFC147 		.ascii	"\217\337\301G \2760\336\230\033\204\364Fu\243\223*F"
 213      20BE30DE 
 213      981B84F4 
 213      4675A393 
 213      2A46
 214 020c D48502D7 		.ascii	"\324\205\002\327\316\251<\257A'\300\205od\027\300#\351"
 214      CEA93CAF 
 214      4127C085 
 214      6F6417C0 
 214      23E9
 215 021e 9A6EDFAF 		.ascii	"\232n\337\257\352\326\3431DO\330\362\260!_\373F6\273"
 215      EAD6E331 
 215      444FD8F2 
 215      B0215FFB 
 215      4636BB
 216 0231 9FD7D1C5 		.ascii	"\237\327\321\305qOG-\013G\004{\376\347\261\2514\240"
 216      714F472D 
 216      0B47047B 
 216      FEE7B1A9 
 216      34A0
 217 0243 8F2A36EB 		.ascii	"\217*6\353g\035\342K\276\366t\036H\246\327\312\223\230"
 217      671DE24B 
 217      BEF6741E 
 217      48A6D7CA 
 217      9398
 218 0255 D23D4E09 		.ascii	"\322=N\011{LH\034\362\3454z\203A\015\304\3213h\026P"
 218      7B4C481C 
 218      F2E5347A 
 218      83410DC4 
 218      D1336816 
 219 026a 1C2D2D3F 		.ascii	"\034--?\036B\023q\001a,+\336Q\035D\023QG\324\373\347"
 219      1E421371 
 219      01612C2B 
 219      DE511D44 
 219      135147D4 
 220 0280 767B31DE 		.ascii	"v{1\336)d\327HsY\226\036\016\355|\265C\203E\316\017"
 220      2964D748 
 220      7359961E 
 220      0EED7CB5 
 220      438345CE 
 221 0295 F707C270 		.ascii	"\367\007\302p\251`\336\324\322\365u\010>L\025\215o<"
 221      A960DED4 
 221      D2F57508 
 221      3E4C158D 
 221      6F3C
ARM GAS  /var/folders/fq/ltb3dbq95yq6ljzx21t9gnkc0000gn/T//ccMUYtj4.s 			page 17


 222 02a7 BB3B1445 		.ascii	"\273;\024ED\204\033K\370\\\247\347F[\377\373EN\276l"
 222      44841B4B 
 222      F85CA7E7 
 222      465BFFFB 
 222      454EBE6C 
 223 02bb 1A7283E7 		.ascii	"\032r\203\347g\301\317\013(\\\246\177\233x?\033^\014"
 223      67C1CF0B 
 223      285CA67F 
 223      9B783F1B 
 223      5E0C
 224 02cd 41977C51 		.ascii	"A\227|Q\245m\215\242\310fU\244\213\234\226\331N\313"
 224      A56D8DA2 
 224      C86655A4 
 224      8B9C96D9 
 224      4ECB
 225 02df A7845FE0 		.ascii	"\247\204_\340`\320\367\260\336Hc@\320$*-\340\3619\024"
 225      60D0F7B0 
 225      DE486340 
 225      D0242A2D 
 225      E0F13914 
 226 02f3 81CEA308 		.ascii	"\201\316\243\010\032}rE}yUZ\036\021\010#\246\243x5\354"
 226      1A7D7245 
 226      7D79555A 
 226      1E110823 
 226      A6A37835 
 227 0308 9D3DDEAD 		.ascii	"\235=\336\255z\024nTcE\255@\366R\342\202\245:t\021\000"
 227      7A146E54 
 227      6345AD40 
 227      F652E282 
 227      A53A7411 
 228 031d 4DF2BD93 		.ascii	"M\362\275\223]\304{\0378\333]\2555l\221\363\211\202"
 228      5DC47B1F 
 228      38DB5DAD 
 228      356C91F3 
 228      8982
 229 032f E58B6B43 		.ascii	"\345\213kC\006Z\0220\002\272s\307P<\27517\246\225\340"
 229      065A1230 
 229      02BA73C7 
 229      503CBD31 
 229      37A695E0 
 230 0343 AEB9124C 		.ascii	"\256\271\022L\257\354\035\242\356\351\352\311\017\302"
 230      AFEC1DA2 
 230      EEE9EAC9 
 230      0FC2
 231 0351 DD42CCF9 		.ascii	"\335B\314\371\302\301\\\214o\012J~\221sP\207\007\004"
 231      C2C15C8C 
 231      6F0A4A7E 
 231      91735087 
 231      0704
 232 0363 E54AC5B6 		.ascii	"\345J\305\266<\035\036\024\024o\327\3401\214=\202\322"
 232      3C1D1E14 
 232      146FD7E0 
 232      318C3D82 
 232      D2
 233 0374 D1FFF44F 		.ascii	"\321\377\364O\003\345\233B\324c\205\203\0075\330+\254"
 233      03E59B42 
 233      D4638583 
ARM GAS  /var/folders/fq/ltb3dbq95yq6ljzx21t9gnkc0000gn/T//ccMUYtj4.s 			page 18


 233      0735D82B 
 233      AC
 234 0385 5DE8D974 		.ascii	"]\350\331tW\213yL\225\335O:[\302(p\032Q\257\2736\177"
 234      578B794C 
 234      95DD4F3A 
 234      5BC22870 
 234      1A51AFBB 
 235 039b A9C379C2 		.ascii	"\251\303y\302\332\366\362\2576\261x\233\240\210\315"
 235      DAF6F2AF 
 235      36B1789B 
 235      A088CD
 236 03aa CE2034BB 		.ascii	"\316 4\273G\217\012sX\\,\254U\364w\025M\242ko\023\265"
 236      478F0A73 
 236      585C2CAC 
 236      55F47715 
 236      4DA26B6F 
 237 03c0 AD6CAF77 		.ascii	"\255l\257w2\336/\254=\036\274\354F\270TPz\237\3646\013"
 237      32DE2FAC 
 237      3D1EBCEC 
 237      46B85450 
 237      7A9FF436 
 238 03d5 C78CA2C7 		.ascii	"\307\214\242\307\364\326U\206\342J\2726\245\357b\335"
 238      F4D65586 
 238      E24ABA36 
 238      A5EF62DD 
 239 03e5 BD10C826 		.ascii	"\275\020\310&\371\011\2170F\220\\\351\333[\325n\340"
 239      F9098F30 
 239      46905CE9 
 239      DB5BD56E 
 239      E0
 240 03f6 FDD942F2 		.ascii	"\375\331B\362j\370%y\265O\312\253K\252H!\257(\264V\202"
 240      6AF82579 
 240      B54FCAAB 
 240      4BAA4821 
 240      AF28B456 
 241 040b DE5042AF 		.ascii	"\336PB\257#\005\266B\302v+\261?*\261\325\001\251\035"
 241      2305B642 
 241      C2762BB1 
 241      3F2AB1D5 
 241      01A91D
 242 041e 80ED5162 		.ascii	"\200\355Qb\017H\330\313Jl\243\022{R\302\376\246\304"
 242      0F48D8CB 
 242      4A6CA312 
 242      7B52C2FE 
 242      A6C4
 243 0430 FEAAC41E 		.ascii	"\376\252\304\036\224\260?\250\373+G\254J\202^SwW\206"
 243      94B03FA8 
 243      FB2B47AC 
 243      4A825E53 
 243      775786
 244 0443 EE97A05D 		.ascii	"\356\227\240]\352\336\312\320\032\011\372\263zpe\350"
 244      EADECAD0 
 244      1A09FAB3 
 244      7A7065E8 
 245 0453 1109FA93 		.ascii	"\021\011\372\223\022z\025){\001O\253\266\035\000\035"
 245      127A1529 
 245      7B014FAB 
ARM GAS  /var/folders/fq/ltb3dbq95yq6ljzx21t9gnkc0000gn/T//ccMUYtj4.s 			page 19


 245      B61D001D 
 246 0463 746DD85F 		.ascii	"tm\330_\262\367\241doB\311\366\202\014\202\014\200\334"
 246      B2F7A164 
 246      6F42C9F6 
 246      820C820C 
 246      80DC
 247 0475 06F91D64 		.ascii	"\006\371\035d\004\344.\310\035\220~\220!\220>\220{ "
 247      04E42EC8 
 247      1D907E90 
 247      21903E90 
 247      7B20
 248 0487 B7FC254E 		.ascii	"\267\374%N=\251\223<\371E=\302\324i\332\015v\32363\374"
 248      3DA9933C 
 248      F9453DC2 
 248      D469DA0D 
 248      76D33633 
 249 049c 429BA109 		.ascii	"B\233\241\011[9!a\257\250\237\2112AO\332~\240\271!\010"
 249      5B392161 
 249      AFA89F89 
 249      32414FDA 
 249      7EA0B921 
 250 04b1 19C329E9 		.ascii	"\031\303)\351)h1\017\000\333)\267\230a\261\305\250\035"
 250      2968310F 
 250      00DB29B7 
 250      9861B1C5 
 250      A81D
 251 04c3 1F8DC2A9 		.ascii	"\037\215\302\251\377\257\010@A\026\217:G\203\003z\330"
 251      FFAF0840 
 251      41168F3A 
 251      4783037A 
 251      D8
 252 04d4 83801EE6 		.ascii	"\203\200\036\346\361\3670\017\355a7w\271\267h\002\320"
 252      F1F7300F 
 252      ED613777 
 252      B9B76802 
 252      D0
 253 04e5 E477808C 		.ascii	"\344w\200\214\036\363\243\307(\272\345\322\217\267\020"
 253      1EF3A3C7 
 253      28BAE5D2 
 253      8FB710
 254 04f4 6D79252C 		.ascii	"my%,\37593\320\336!4\2247\351\277\031\367\306\307,\256"
 254      FD3933D0 
 254      DE213494 
 254      37E9BF19 
 254      F7C6C72C 
 255 0509 11FAC4D0 		.ascii	"\021\372\304\320\326]\316I\270AP\232[\277\254\013\305"
 255      D65DCE49 
 255      B841509A 
 255      5BBFAC0B 
 255      C5
 256 051a 4D8272BD 		.ascii	"M\202r\275}\330\245\305\347\005\345\360WO\362\303p\247"
 256      7DD8A5C5 
 256      E705E5F0 
 256      574FF2C3 
 256      70A7
 257 052c A0F4EDEB 		.ascii	"\240\364\355\353\262\341\313\302|\264q\364y\010\356"
 257      B2E1CBC2 
ARM GAS  /var/folders/fq/ltb3dbq95yq6ljzx21t9gnkc0000gn/T//ccMUYtj4.s 			page 20


 257      7CB471F4 
 257      7908EE
 258 053b 1694F122 		.ascii	"\026\224\361\"o\017\213\177\021\224cm7x\035\356\245"
 258      6F0F8B7F 
 258      1194636D 
 258      37781DEE 
 258      A5
 259 054c 4AE878F9 		.ascii	"J\350x\371hq\220\330r\214\320p\350\3455\271\344\313"
 259      687190D8 
 259      728CD070 
 259      E8E535B9 
 259      E4CB
 260 055e 7B0C17B1 		.ascii	"{\014\027\261\231}I\017\351p\211\031\343UB_\350\013"
 260      997D490F 
 260      E9708919 
 260      E355425F 
 260      E80B
 261 0570 6D12F6A9 		.ascii	"m\022\366\251\022\373B\255wI\330q%VY\224\255\022\364"
 261      12FB42AD 
 261      7749D871 
 261      25565994 
 261      AD12F4
 262 0583 893AAD0C 		.ascii	"\211:\255\014m\224\240\217T\017&#/I\310gJ\344\304\232"
 262      6D94A08F 
 262      540F2623 
 262      2F49C867 
 262      4AE4C49A 
 263 0597 A4597BC6 		.ascii	"\244Y{\306EJ\0010j\245\320\356\012\354\335*!\222w\355"
 263      454A0130 
 263      6AA5D0EE 
 263      0AECDD2A 
 263      219277ED 
 264 05ab 9476FD4B 		.ascii	"\224v\375K}\327\331\312F\360\007\254\377I\227\010\232"
 264      7DD7D9CA 
 264      46F007AC 
 264      FF499708 
 264      9A
 265 05bc 94412E6B 		.ascii	"\224A.kD9l\004\372\033R;\033F\037\214\033a|\016\343"
 265      44396C04 
 265      FA1B523B 
 265      1B461F8C 
 265      1B617C0E 
 266 05d1 26189D20 		.ascii	"&\030\235 <+\246<\273sK!$\241\370\233 \220\024\345\003"
 266      3C2BA63C 
 266      BB734B21 
 266      24A1F89B 
 266      209014E5 
 267 05e6 D77FE1A5 		.ascii	"\327\177\341\245a\271\274X\207\362\300\370\241\\\314"
 267      61B9BC58 
 267      87F2C0F8 
 267      A15CCC
 268 05f5 244662AD 		.ascii	"$Fb\255\215\014t7\206\006TO\036;\261\326\266\260B\365"
 268      8D0C7437 
 268      8606544F 
 268      1E3BB1D6 
 268      B6B042F5 
 269 0609 9071FA5A 		.ascii	"\220q\372Z[\2125%%\311\272\332\226\270.s\2755)=\325"
ARM GAS  /var/folders/fq/ltb3dbq95yq6ljzx21t9gnkc0000gn/T//ccMUYtj4.s 			page 21


 269      5B8A3525 
 269      25C9BADA 
 269      96B82E73 
 269      BD35293D 
 270 061e 969C664D 		.ascii	"\226\234fMNKvh\027/\377p\206\231\211\212\2144\011\177"
 270      4E4B7668 
 270      172FFF70 
 270      8699898A 
 270      8C34097F 
 271 0632 E9192640 		.ascii	"\351\031&@\233\326\247opd\230,+\227\315\217\026\336"
 271      9BD6A76F 
 271      7064982C 
 271      2B97CD8F 
 271      16DE
 272 0644 8BA2B2B2 		.ascii	"\213\242\262\262L~\236\310D\306 R\022\222)\031\216\324"
 272      4C7E9EC8 
 272      44C62052 
 272      12922919 
 272      8ED4
 273 0656 F9D1D6C4 		.ascii	"\371\321\326\304\224\364\304u\364\203.39\315\001_\034"
 273      94F4C475 
 273      F4832E33 
 273      39CD015F 
 273      1C
 274 0667 7AAB559C 		.ascii	"z\253U\234\276kJ_\3570}\232\2308\327\266!\325\00427"
 274      BE6B4A5F 
 274      EF307D9A 
 274      9838D7B6 
 274      21D50432 
 275 067c 2D3DCD3E 		.ascii	"-=\315>\327n[\235lJNKL\311L\262\233Rm\211k\223\323\354"
 275      D76E5B9D 
 275      6C4A4E4B 
 275      4CC94CB2 
 275      9B526D89 
 276 0694 266B927D 		.ascii	"&k\222}\215-3\305au|\266\336\236\021\271\226\231\363"
 276      8D2D33C5 
 276      61757CB6 
 276      DE9E11B9 
 276      9699F3
 277 06a7 0AC6198E 		.ascii	"\012\306\031\216$\330\012\300a\226\3172\034\366Ts\372"
 277      24D80AC0 
 277      6196CF32 
 277      1CF65473 
 277      FA
 278 06b8 06BB99B8 		.ascii	"\006\273\231\270\364Zd\222\315a\213T|\015MX\305YW\002"
 278      F45A6492 
 278      CD618B54 
 278      7C0D4D58 
 278      C5595702 
 279 06cc FF42FB1A 		.ascii	"\377B\373\032\326\314a\263\205{kb\024\354Y\016\223y"
 279      D6CC61B3 
 279      857B6B62 
 279      14EC590E 
 279      9379
 280 06de 99658905 		.ascii	"\231e\211\005\316o\242\007\\\0235?*\353\035\330 \224"
 280      CE6FA207 
 280      5C13353F 
ARM GAS  /var/folders/fq/ltb3dbq95yq6ljzx21t9gnkc0000gn/T//ccMUYtj4.s 			page 22


 280      2AEB1DD8 
 280      2094
 281 06f0 339B4553 		.ascii	"3\233ES\215y\321b0^\302\351b\022b\2439\313J:\231G&\332"
 281      8D79D162 
 281      305EC2E9 
 281      621262A3 
 281      39CB4A3A 
 282 0708 98F8D8B8 		.ascii	"\230\370\330\270\345\\0Y\360\217\363`\324\304.4\203"
 282      E55C3059 
 282      F08FF360 
 282      D4C42E34 
 282      83
 283 0719 121F4B30 		.ascii	"\022\037K0A\304<\232\276\347c3\027=i\321\0071\226x\221"
 283      41C43C9A 
 283      BEE76333 
 283      173D69D1 
 283      07319678 
 284 072e 1CC79839 		.ascii	"\034\307\2309\315\322\270\217\271\340\025\011+\311\310"
 284      CDD2B88F 
 284      B9E01509 
 284      2BC9C8
 285 073d 5A383686 		.ascii	"Z86\206\323qq\2268\356\243\270\205xE,\247Y\305%p\377"
 285      D3717196 
 285      38EEA3B8 
 285      8578452C 
 285      A759C525 
 286 0753 00CD4A3A 		.ascii	"\000\315J:>"
 286      3E
 287              		.text
 288              		.section	.gnu.lto_.symtab.5d5c33dc93f4b981,"",%progbits
 289 0000 68616C5F 		.ascii	"hal_lld_init\000\000\000\000\000\000\000\000\000\000"
 289      6C6C645F 
 289      696E6974 
 289      00000000 
 289      00000000 
 290 0016 0000AE00 		.ascii	"\000\000\256\000\000\000stm32_clock_init\000\000\000"
 290      00007374 
 290      6D33325F 
 290      636C6F63 
 290      6B5F696E 
 291 002f 00000000 		.ascii	"\000\000\000\000\000\000\000\000\000\260\000\000\000"
 291      00000000 
 291      00B00000 
 291      00
 292 003c 53797374 		.ascii	"SystemCoreClock\000\000\000\000\000\000\000\000\000"
 292      656D436F 
 292      7265436C 
 292      6F636B00 
 292      00000000 
 293 0054 000000BC 		.ascii	"\000\000\000\274\000\000\000"
 293      000000
 294              		.text
 295              		.section	.gnu.lto_.opts,"",%progbits
 296 0000 272D666E 		.ascii	"'-fno-trapv' '-mcpu=cortex-m0' '-mno-thumb-interwor"
 296      6F2D7472 
 296      61707627 
 296      20272D6D 
ARM GAS  /var/folders/fq/ltb3dbq95yq6ljzx21t9gnkc0000gn/T//ccMUYtj4.s 			page 23


 296      6370753D 
 297 0033 6B272027 		.ascii	"k' '-mthumb' '-ggdb' '-O2' '-fomit-frame-pointer' '"
 297      2D6D7468 
 297      756D6227 
 297      20272D67 
 297      67646227 
 298 0066 2D66616C 		.ascii	"-falign-functions=16' '-ffunction-sections' '-fdata"
 298      69676E2D 
 298      66756E63 
 298      74696F6E 
 298      733D3136 
 299 0099 2D736563 		.ascii	"-sections' '-fno-common' '-flto'\000"
 299      74696F6E 
 299      73272027 
 299      2D666E6F 
 299      2D636F6D 
 300              		.text
 301              		.comm	__gnu_lto_v1,1,1
 302              		.comm	__gnu_lto_slim,1,1
 303              		.ident	"GCC: (GNU Tools for ARM Embedded Processors) 4.9.3 20150303 (release) [ARM/embedded-4_9-br
ARM GAS  /var/folders/fq/ltb3dbq95yq6ljzx21t9gnkc0000gn/T//ccMUYtj4.s 			page 24


DEFINED SYMBOLS
                            *ABS*:0000000000000000 hal_lld.c
                            *COM*:0000000000000001 __gnu_lto_v1
                            *COM*:0000000000000001 __gnu_lto_slim

NO UNDEFINED SYMBOLS
