ARM GAS  /var/folders/fq/ltb3dbq95yq6ljzx21t9gnkc0000gn/T//ccW29Qj9.s 			page 1


   1              		.cpu cortex-m0
   2              		.fpu softvfp
   3              		.eabi_attribute 20, 1
   4              		.eabi_attribute 21, 1
   5              		.eabi_attribute 23, 3
   6              		.eabi_attribute 24, 1
   7              		.eabi_attribute 25, 1
   8              		.eabi_attribute 26, 1
   9              		.eabi_attribute 30, 2
  10              		.eabi_attribute 34, 0
  11              		.eabi_attribute 18, 4
  12              		.code	16
  13              		.file	"vectors.c"
  14              		.text
  15              	.Ltext0:
  16              		.section	.gnu.lto_.profile.775fe71dc73b4c8c,"",%progbits
  17 0000 789C6366 		.ascii	"x\234cf```a\200\000F \006\000\000t\000\011"
  17      60606061 
  17      80004620 
  17      06000074 
  17      0009
  18              		.text
  19              		.section	.gnu.lto_.jmpfuncs.775fe71dc73b4c8c,"",%progbits
  20 0000 789C6366 		.ascii	"x\234cf\300\016X\2414#\210\000\000\000\332\000\012"
  20      C00E58A1 
  20      34238800 
  20      0000DA00 
  20      0A
  21              		.text
  22              		.section	.gnu.lto_.inline.775fe71dc73b4c8c,"",%progbits
  23 0000 789C6366 		.ascii	"x\234cf\300\016\204\2414#\003\003\023\220`\0022Y\300"
  23      C00E84A1 
  23      34230303 
  23      13906002 
  23      3259C0
  24 0013 24030300 		.ascii	"$\003\003\000\003R\000#"
  24      03520023 
  25              		.text
  26              		.section	.gnu.lto_.pureconst.775fe71dc73b4c8c,"",%progbits
  27 0000 789C25C1 		.ascii	"x\234%\301\327\001\301\000\024\000\300G\264\350D9=\242"
  27      D701C100 
  27      1400C047 
  27      B4E84439 
  27      3DA2
  28 0012 F7AC64FF 		.ascii	"\367\254d\377%|\270K\"\342\033\177e\224\025U\211\232"
  28      257CB84B 
  28      22E21B7F 
  28      65941555 
  28      899A
  29 0024 BA86A696 		.ascii	"\272\206\246\226T[GWO\337\300\320\310Xfbjf\216\205\245"
  29      545B4757 
  29      4FDFC0D0 
  29      C8586662 
  29      6A668E85 
  30 0039 95B58DAD 		.ascii	"\225\265\215\255\235\334^\341\340\350\344\354\342\352"
  30      9DDC5EE1 
  30      E0E8E4EC 
ARM GAS  /var/folders/fq/ltb3dbq95yq6ljzx21t9gnkc0000gn/T//ccW29Qj9.s 			page 2


  30      E2EA
  31 0047 E6EEE1E9 		.ascii	"\346\356\341\351\345\355\343\007\254\224\011\225"
  31      E5EDE307 
  31      AC940995 
  32              		.text
  33              		.section	.gnu.lto__unhandled_exception.775fe71dc73b4c8c,"",%progbits
  34 0000 789C6366 		.ascii	"x\234cf\300\004&@\\\014\304V@\314\310\312\300\3104\341"
  34      C0042640 
  34      5C0CC456 
  34      40CCC8CA 
  34      C0C834E1 
  35 0014 1C034323 		.ascii	"\034\003C#\007\023#3\210\301\310\314\310\002\021`\201"
  35      07132333 
  35      88C1C8CC 
  35      C8021160 
  35      81
  36 0025 08383232 		.ascii	"\010822\32431\2630\002\011\210\376\227L\037\231\030"
  36      D43331B3 
  36      30020988 
  36      FE974C1F 
  36      9918
  37 0037 271C583D 		.ascii	"'\034X=\203[}iCC\303\207K\233%Z%~210|f\202(`\\\316\250"
  37      835B7D69 
  37      4343C387 
  37      4B9B255A 
  37      257E3231 
  38 0054 CE0054F3 		.ascii	"\316\000T\363\261\345\357un\266\026\240\032\001\210"
  38      B1E5EF75 
  38      6EB616A0 
  38      1A0188
  39 0063 1CE30A46 		.ascii	"\034\343\012F6F \275^\350@\303\377\377\217\227\254\331"
  39      364620BD 
  39      5EE840C3 
  39      FFFF8F97 
  39      ACD9
  40 0075 CA02E43E 		.ascii	"\312\002\344>\001J1\002I&\240\335O\200\226\000-e|\302"
  40      014A3102 
  40      4926A0DD 
  40      4F809600 
  40      2D657CC2 
  41 0089 C402A519 		.ascii	"\304\002\245\031\301FZ\350\351\351CP~\261~r~nn~\236"
  41      C1465AE8 
  41      E9E94350 
  41      7EB17E72 
  41      7E6E6E7E 
  42 009e 7E417E51 		.ascii	"~A~QI\261\276c\220\257\263o\005H\254 3'\265\250X\337"
  42      49B1BE63 
  42      90AFB36F 
  42      0548AC20 
  42      3327B5A8 
  43 00b4 DDD959BF 		.ascii	"\335\331Y\277,5\271$\277\250X/\231\001\000\377\024>"
  43      2C35B924 
  43      BFA8582F 
  43      990100FF 
  43      143E
  44 00c6 80       		.ascii	"\200"
  45              		.text
ARM GAS  /var/folders/fq/ltb3dbq95yq6ljzx21t9gnkc0000gn/T//ccW29Qj9.s 			page 3


  46              		.section	.gnu.lto_.symbol_nodes.775fe71dc73b4c8c,"",%progbits
  47 0000 789C55D3 		.ascii	"x\234U\3237N\003a\000D\341\361\277^\300D\223s\360:g"
  47      374E0361 
  47      0044E1F1 
  47      BF5EC044 
  47      9373F03A 
  48 0015 720E477B 		.ascii	"r\016G{\035\242\344\00444\034\203\2341\341D !$f\272"
  48      1DA2E404 
  48      34341C83 
  48      9C31E144 
  48      20212466 
  49 002a EFF51349 		.ascii	"\357\365\023IJ\"\375.\344\220N;\022\350\354\"\255\220"
  49      4A22FD2E 
  49      E4904E3B 
  49      12E8EC22 
  49      AD90
  50 003c 90FAF3F1 		.ascii	"\220\372\363\361IF!O0\027\210\314E\322\346\022\261\271"
  50      4946214F 
  50      301788CC 
  50      45D2E612 
  50      B1B9
  51 004e 4C97B942 		.ascii	"L\227\271B\267\271J\217\271F\306\\\247\327\334\240\317"
  51      B7B94A8F 
  51      B946C65C 
  51      A7D7DCA0 
  51      CF
  52 005f DCA4DFDC 		.ascii	"\334\244\337\334b\300\334f\320\274\314\220y\205\254"
  52      62C0DC66 
  52      D0BCCC90 
  52      7985AC
  53 006e 799561F3 		.ascii	"y\225a\363\032#\346uF\315\033\214\2317\0317o1a\336f"
  53      1A23E675 
  53      46CD1B8C 
  53      99371937 
  53      6F3161DE 
  54 0083 D2BCC394 		.ascii	"\322\274\303\224y\227i\363\0363\346}f\315\007\314\231"
  54      799769F3 
  54      1E33E67D 
  54      66CD07CC 
  54      99
  55 0094 0F99371F 		.ascii	"\017\2317\037\261`\276\024\213\026\256\304\222\205k"
  55      B160BE14 
  55      8B16AEC4 
  55      92856B
  56 00a3 91B37023 		.ascii	"\221\263p#\022\013\267\"o\341N\024,\334\213\242\205"
  56      120BB722 
  56      6FE14E14 
  56      2CDC8BA2 
  56      85
  57 00b4 0751B2F0 		.ascii	"\007Q\262\360(\312\026\236D\305\302\263\250Zx\0215\013"
  57      28CA169E 
  57      44C5C2B3 
  57      A85A7811 
  57      350B
  58 00c6 AFA26EE1 		.ascii	"\257\242n\341M4,tD\323\302\273hY\370\020\355\377!\376"
  58      4D342C74 
  58      44D3C2BB 
ARM GAS  /var/folders/fq/ltb3dbq95yq6ljzx21t9gnkc0000gn/T//ccW29Qj9.s 			page 4


  58      6859F810 
  58      EDFF21FE 
  59 00da 94CE038A 		.ascii	"\224\316\003\212\277\224\312\376|\343\033\251\331\330"
  59      BF94CAFE 
  59      7CE31BA9 
  59      D9D8
  60 00e8 FD       		.ascii	"\375"
  61              		.text
  62              		.section	.gnu.lto_.refs.775fe71dc73b4c8c,"",%progbits
  63 0000 789C1DC4 		.ascii	"x\234\035\304W\002\301P\000\000\301\227\015\242\013"
  63      5702C150 
  63      0000C197 
  63      0DA20B
  64 000f 89DE49F4 		.ascii	"\211\336I\364z\021\367?\016k>&\016!|\242\360\027E\361"
  64      7A11F73F 
  64      0E6B3E26 
  64      0E217CA2 
  64      F01745F1 
  65 0023 2F2CB68A 		.ascii	"/,\266\212U\255f\211\325\255aMkY\333:\326\265\236\245"
  65      55AD6689 
  65      D5AD614D 
  65      6B59DB3A 
  65      D6B59EA5 
  66 0037 D6B78165 		.ascii	"\326\267\201e\226\333\320F6\266\211Mmfs[\330\322V\266"
  66      96DBD046 
  66      36B6894D 
  66      6D66735B 
  66      D8D256B6 
  67 004b B68D6D6D 		.ascii	"\266\215mmg{+\254\264\203\035\355dg\273\330\325nv\267"
  67      677B2BAC 
  67      B4831DED 
  67      6467BBD8 
  67      D56E76B7 
  68 005f 873D7FBD 		.ascii	"\207=\177\275^\274\211\200\230\012Uj$\324i\320\244E"
  68      5EBC8980 
  68      980A556A 
  68      24D469D0 
  68      A445
  69 0071 9B0E5D7A 		.ascii	"\233\016]z\244\364\031\220\2213d\304\230\011Sf\314Y"
  69      A4F41990 
  69      913364C4 
  69      98095366 
  69      CC59
  70 0083 B064C59A 		.ascii	"\260d\305\232\015[v\354)(9p\344\304\231\013Wn\334y\360"
  70      0D5B76EC 
  70      29283970 
  70      E4C4990B 
  70      576EDC79 
  71 0098 0C5F009E 		.ascii	"\014_\000\236\012\320"
  71      0AD0
  72              		.text
  73              		.section	.gnu.lto_.decls.775fe71dc73b4c8c,"",%progbits
  74 0000 789CB5DA 		.ascii	"x\234\265\332yPUW\232\000\360w\337yl\017|$&\351d\230"
  74      79505557 
  74      9A00F077 
  74      DF796C0F 
  74      7C2426E9 
ARM GAS  /var/folders/fq/ltb3dbq95yq6ljzx21t9gnkc0000gn/T//ccW29Qj9.s 			page 5


  75 0016 998E9374 		.ascii	"\231\216\223tY\231L\"&m\214\251\352\2526\332\225\316"
  75      59994C22 
  75      266D8CA9 
  75      EAAA36DA 
  75      95CE
  76 0028 FC612AD3 		.ascii	"\374a*\323\351\316TuW\027M\200N\250(:\200\231\344\217"
  76      E9CE5475 
  76      57174D80 
  76      4EA8283A 
  76      8099E48F 
  77 003c CC3C4590 		.ascii	"\314<E\220\035\004\331Q\036\213\354\202,\262*\233,\217"
  77      1D04D951 
  77      1E8BEC82 
  77      2CB22A9B 
  77      2C8F
  78 004e 1D954590 		.ascii	"\035\225E\220\345\261\250\354\253\262\013\363\235\355"
  78      E5B1A8EC 
  78      ABB20BF3 
  78      9DED
  79 005c BE7729BA 		.ascii	"\276w)\272s\377\031*\237\337;\367|\367\336\337=\367"
  79      73FF192A 
  79      9FDF3BF7 
  79      7CF7DEDF 
  79      3DF7
  80 006e BCCB21EF 		.ascii	"\274\313!\357!\205B\361\262\240Pl\303\317{\007\024\212"
  80      218542F1 
  80      B2A0506C 
  80      C3CF7B07 
  80      148A
  81 0080 17550A85 		.ascii	"\027U\012\205\022\266}\2560\376\034\204\310\206\250"
  81      12B67DAE 
  81      30FE1C84 
  81      C886A8
  82 008f 80A88568 		.ascii	"\200\250\205h\202\350\200\350\206\350\207\030\201\030"
  82      82E880E8 
  82      86E88718 
  82      8118
  83 009d 87988578 		.ascii	"\207\230\205x\012\261\216w\202c\232C\330@\354\205x\015"
  83      0AB18E77 
  83      82639A43 
  83      D840EC85 
  83      780D
  84 00af E2E710BF 		.ascii	"\342\347\020\277\200x\033\342 \304a\210_A\034\203\370"
  84      80781BE2 
  84      20C46188 
  84      5F411C83 
  84      F8
  85 00c0 14E23388 		.ascii	"\024\3423\210\337C\374\021\342/\020\177\2058\011\341"
  85      DF43FC11 
  85      E22F107F 
  85      853809E1 
  86 00d0 0EF13DC4 		.ascii	"\016\361=\304\377@\\\200\360\207\010\205\210\204\210"
  86      FF405C80 
  86      F0870885 
  86      888488
  87 00df 87488248 		.ascii	"\207H\202H\207\310\201(\204(\203\250\202\250\207h\201"
  87      87C88128 
ARM GAS  /var/folders/fq/ltb3dbq95yq6ljzx21t9gnkc0000gn/T//ccW29Qj9.s 			page 6


  87      842883A8 
  87      82A88768 
  87      81
  88 00f0 B827D06B 		.ascii	"\270'\320kr\207\177\336P*$?\331\224*^\257\300\266\355"
  88      72877FDE 
  88      502A243F 
  88      D9942A5E 
  88      AFC0B6ED 
  89 0104 FC59500A 		.ascii	"\374YP\012\2459O[\255\307\225\202F\275\0177\313\302"
  89      A5394F5B 
  89      ADC79582 
  89      46BD0F37 
  89      CBC2
  90 0116 F4D1E6D0 		.ascii	"\364\321\346\320\264Q\253p\263|c\244S\365j\204\026~"
  90      B451AB70 
  90      B37C63A4 
  90      53F56A84 
  90      167E
  91 0128 42BDB42F 		.ascii	"B\275\264/\250\204\317\177&\244\011vB\272`\007G\315"
  91      A884CF7F 
  91      26A40976 
  91      42BA6007 
  91      47CD
  92 013a 105E857F 		.ascii	"\020^\205\177\377\244\242G\272\236\331\250\267BJ\001"
  92      FFA4A247 
  92      BA9ED9A8 
  92      B7424A01 
  93 014a BF4E8E1E 		.ascii	"\277N\216\036\356T\277\223\011\273\371j\253V\225\306"
  93      EE54BF93 
  93      09BBF96A 
  93      AB5695C6 
  94 015a D38D5F0E 		.ascii	"\323\215_\016\0101\333wU{#o\276\242\314\007\305hu\347"
  94      0831DB77 
  94      557B236F 
  94      BEA2CC07 
  94      C56875E7 
  95 016e B55BDBDB 		.ascii	"\265[\333\333\202\366(>\232\220) !Kx\207\230\3415\305"
  95      82F6283E 
  95      9A902920 
  95      214B7887 
  95      98E135C5 
  96 0182 670BFBF0 		.ascii	"g\013\373\360!\207\022*m\321\177\222\303?\252\033\013"
  96      2187122A 
  96      6DD17F92 
  96      C33FAA1B 
  96      0B
  97 0193 42C885BC 		.ascii	"B\310\205\274\326g]\371\013\372\026\277T\215\306\337"
  97      D6675DF9 
  97      0BFA16BF 
  97      548DC6DF 
  98 01a3 28B215F6 		.ascii	"(\262\025\366\333\331\251S\310\231\217\012\005\202Z"
  98      DBD9A953 
  98      C8998F0A 
  98      05825A
  99 01b2 C865C7A1 		.ascii	"\310e\307\241?\321\260}\365\327\270\003^Z\222\354\253"
  99      3FD1B07D 
  99      F5D7B803 
ARM GAS  /var/folders/fq/ltb3dbq95yq6ljzx21t9gnkc0000gn/T//ccW29Qj9.s 			page 7


  99      5E5A92EC 
  99      AB
 100 01c3 D59ED7CE 		.ascii	"\325\236\327\316\207i\321k\012\341\035;\341_\355\024"
 100      8769D16B 
 100      0AE11D3B 
 100      E15FED14 
 101 01d3 C20D613F 		.ascii	"\302\015a?\351R\010\371p\265yp\265p\246\224\346\320"
 101      E95208F9 
 101      70B57970 
 101      B570A694 
 101      E6D0
 102 01e5 18810C55 		.ascii	"\030\201\014U:9se\314\\\202\015\031\253Wp3\242\271d"
 102      3A397365 
 102      CC5C820D 
 102      19AB5770 
 102      33A2B964 
 103 01f9 404D9A2F 		.ascii	"@M\232/\343\346\340\312\245(K\265/\033:+\275\006:L\306"
 103      E3E6E0CA 
 103      A5284BB5 
 103      2F1B3A2B 
 103      BD063A4C 
 104 020e AE981CFD 		.ascii	"\256\230\034\375-;\241\210\036<\354VM\273\355\336PR"
 104      2D3BA188 
 104      1E3CEC56 
 104      4DBBEDDE 
 104      5052
 105 0220 AED5EE13 		.ascii	"\256\325\356\023\010\275\020\312o\222\362\022a/\337"
 105      08BD10CA 
 105      6F92F212 
 105      612FDF
 106 022f 899C7AAC 		.ascii	"\211\234z\254\255I\365\372\231+\332\350}\244\0136E\256"
 106      AD49F5FA 
 106      992BDAE8 
 106      7DA40B36 
 106      45AE
 107 0241 E8BA910A 		.ascii	"\350\272\221\012\206Z(\025^'E}^\276\213\266\310G X\357"
 107      865A2815 
 107      5E27457D 
 107      5EBE8BB6 
 107      C8472058 
 108 0256 B6A945DC 		.ascii	"\266\251E\334-\224\223\341\200-~\371\336s\002\336\222"
 108      2D9493E1 
 108      802D7EF9 
 108      DE7302DE 
 108      92
 109 0267 03835E26 		.ascii	"\003\203^&\250\204[\002\271\347\263\027\006[\254\340"
 109      A8845B02 
 109      B9E7B317 
 109      065BACE0 
 110 0277 161974BA 		.ascii	"\026\031t\272\234ds}h\325\366\366\257\311\315\271\316"
 110      9C64737D 
 110      68D5F6F6 
 110      AFC9CDB9 
 110      CE
 111 0288 6F8E701B 		.ascii	"o\216p\033*q\223\336\237\012r\177\222\006\3277\254P"
 111      2A7193DE 
 111      9F0A727F 
ARM GAS  /var/folders/fq/ltb3dbq95yq6ljzx21t9gnkc0000gn/T//ccW29Qj9.s 			page 8


 111      9206D737 
 111      AC50
 112 029a 003DDBDF 		.ascii	"\000=\333\337\365U1\337O\220\252\201TCI:\335\271y\013"
 112      F55531DF 
 112      4F90AA81 
 112      5443493A 
 112      DDB9790B 
 113 02ae 4ACA9590 		.ascii	"J\312\225\220*E\322\035L\252\344\244ZBZ\270T\333h\201"
 113      2A45D21D 
 113      4CAAE4A4 
 113      5A425AB8 
 113      54DB6881 
 114 02c2 A26490EA 		.ascii	"\242d\220\352\345\221\032\200\244\247\244\330\352\316"
 114      E5911A80 
 114      A4A7A4D8 
 114      EACE
 115 02d0 685B4A2A 		.ascii	"h[J*\221\220\352DR#&\325qR\023!\345ox=\324\240\014\031"
 115      9190EA44 
 115      522326D5 
 115      71521321 
 115      E56F783D 
 116 02e8 A41679A4 		.ascii	"\244\026y\244V \265\261Q\252\035\236\260\246\244R\011"
 116      5620B5B1 
 116      51AA1D9E 
 116      B0A6A452 
 116      09
 117 02f9 A95924B5 		.ascii	"\251Y$\265cR3'u\020\322\205\262\351~\033T.\203tO\036"
 117      63523327 
 117      7510D285 
 117      B2E97E1B 
 117      542E8374 
 118 030f E93E903A 		.ascii	"\351>\220:)\351ZLy\026\273qe\022\322]\221\324\205Iw"
 118      29E95A4C 
 118      7916BB71 
 118      6512D25D 
 118      91D48549 
 119 0324 39A99B90 		.ascii	"9\251\233\220\242\022c\037\333\240\026\031\244\007\362"
 119      A212631F 
 119      DBA01619 
 119      A407F2
 120 0333 48BD40EA 		.ascii	"H\275@\352\243\244\251\336\305Q6\275\313%\244\036\221"
 120      A3A4A9DE 
 120      C55136BD 
 120      CB25A41E 
 120      91
 121 0344 F410937A 		.ascii	"\364\020\223z8\251\237\220\"\362R\3475hH\006iP\036i"
 121      38A99F90 
 121      22F252E7 
 121      35684806 
 121      69501E69 
 122 0358 0848064A 		.ascii	"\010H\006J\012\353\356\332RR\322-\011i@$\015c\322\000"
 122      0AEBEEDA 
 122      5252D22D 
 122      09694024 
 122      0D63D200 
 123 036c 278D1052 		.ascii	"'\215\020RQE]\245\022\215\313 \215\311#=\002\322cJ\362"
 123      51455DA5 
ARM GAS  /var/folders/fq/ltb3dbq95yq6ljzx21t9gnkc0000gn/T//ccW29Qj9.s 			page 9


 123      128DCB20 
 123      8DC9233D 
 123      02D2634A 
 124 0381 DB7E50C2 		.ascii	"\333~P\302F\351\266\2044*\222\236`\322('\215\023Rz\232"
 124      46E9B684 
 124      342A929E 
 124      60D22827 
 124      8D13527A 
 125 0396 21DC1A2D 		.ascii	"!\334\032-\310 M\312#M\001i\232\222\252u\325\017\330"
 125      C8204DCA 
 125      234D0169 
 125      9A92AA75 
 125      D50FD8
 126 03a9 3BAE4242 		.ascii	";\256BB\232\020I3\2304\301I\263\204\324\021\027?o\211"
 126      9A104933 
 126      9834C149 
 126      B384D411 
 126      173F6F89 
 127 03bd D66590E6 		.ascii	"\326e\220\346\345\221\026\200\264HI\255\013\317g\030"
 127      E5911680 
 127      B44849AD 
 127      0BCF6718 
 128 03cd A952429A 		.ascii	"\251RB\232\023IK\2304\307IO\011\311w\352\341\244\032"
 128      13494B98 
 128      34C7494F 
 128      09C977EA 
 128      E1A41A
 129 03e0 79297F9A 		.ascii	"y)\177\232\264,\217\264\002\244UJ\012\232\273\351\313"
 129      B42C8FB4 
 129      02A4554A 
 129      0A9ABBE9 
 129      CB
 130 03f1 DE717A09 		.ascii	"\336qz\011\351\231HZ\303\244g\234\264NH)]I\005j\024"
 130      E999485A 
 130      C3A4679C 
 130      B44E4829 
 130      5D49056A 
 131 0406 2283B429 		.ascii	"\"\203\264)\217\364\034H[\224\224\032?\230bFI\215\022"
 131      8FF41C48 
 131      5B94941A 
 131      3F986246 
 131      498D12
 132 0419 D28648DA 		.ascii	"\322\206H\332\306\244\015N\322*1\2511 \263\313\014\351"
 132      C6A40D4E 
 132      D22A31A9 
 132      3120B3CB 
 132      0CE9
 133 042b 6490CE2B 		.ascii	"d\220\316+e\221\274\224*\341\202\222\220\256\024\334"
 133      6591BC94 
 133      2AE18292 
 133      90AE14DC 
 134 043b 8F64D3BB 		.ascii	"\217d\323\273IB:\247\344$o\250\304MJ\362!\244\020mi"
 134      49423AA7 
 134      E4246FA8 
 134      C44D4AF2 
 134      21A4106D 
 135 0450 9F39CA90 		.ascii	"\2379\312\220A\362\225G\362\003\222?%\351\007\006\266"
ARM GAS  /var/folders/fq/ltb3dbq95yq6ljzx21t9gnkc0000gn/T//ccW29Qj9.s 			page 10


 135      41F29547 
 135      F203923F 
 135      25E90706 
 135      B6
 136 0461 5594D42C 		.ascii	"U\224\324,!]\024I\001\230t\221\223\002\011)\375\356"
 136      215D1449 
 136      01987491 
 136      93020929 
 136      FDEE
 137 0473 A31C252A 		.ascii	"\243\034%*\221A\012\226G\012\001R(%\305\006\204\024"
 137      91410A96 
 137      470A0152 
 137      2825C506 
 137      8414
 138 0485 5852528B 		.ascii	"XRR\213\204\024$\222.aR\020'\205\021\322\215\305+\225"
 138      84142492 
 138      2E615210 
 138      278511D2 
 138      8DC52B95 
 139 0499 D6482F83 		.ascii	"\326H/\203tY\036)\002H\221\224\264\3306\277\276\207"
 139      74591E29 
 139      02489194 
 139      B4D836BF 
 139      BE87
 140 04ab 925A25A4 		.ascii	"\222Z%\244p\221\024\205I\341\234\024MH^\275\213\327"
 140      70911485 
 140      49E19C14 
 140      4D485EBD 
 140      8BD7
 141 04bd 35E8AE0C 		.ascii	"5\350\256\014R\254<R\034\220\342)\351\246\276|\034Q"
 141      52AC3C52 
 141      1C90E229 
 141      E9A6BE7C 
 141      1C51
 142 04cf 529B8414 		.ascii	"R\233\204\024#\222\256`R\014']%\244\373\343u\221V\250"
 142      2392AE60 
 142      520C275D 
 142      25A4FBE3 
 142      759156A8 
 143 04e3 4F064927 		.ascii	"O\006I'\217\224\010\244$Jj\233+\177\314n\\\273\204\224"
 143      8F9408A4 
 143      244A6A9B 
 143      2B7FCC6E 
 143      5CBB8494 
 144 04f7 20929231 		.ascii	" \222\2221)\201\223R\010\351Y\245o\2735\032\225AJ\225"
 144      29819352 
 144      08E959A5 
 144      6FBB351A 
 144      95414A95 
 145 050b 474A0352 		.ascii	"GJ\003R:%\215L^^f\243\364@B\272&\22220\351\032'e\022"
 145      3A258D4C 
 145      5E5E66A3 
 145      F44042BA 
 145      26923230 
 146 0524 52D24AC3 		.ascii	"R\322J\3039s4-\203\224-\217t\035H9\224\324\261\272\370"
 146      3973342D 
 146      83942D8F 
ARM GAS  /var/folders/fq/ltb3dbq95yq6ljzx21t9gnkc0000gn/T//ccW29Qj9.s 			page 11


 146      741D4839 
 146      94D4B1BA 
 147 0539 843D97FA 		.ascii	"\204=\227\372$\244,\221\224\213IY\234t\203\220R\266"
 147      24A42C91 
 147      948B4959 
 147      9C748390 
 147      52B6
 148 054b 2F8E99A1 		.ascii	"/\216\231\241g2H\371\362H\005@*\244\244\361\364\371"
 148      673248F9 
 148      F2480540 
 148      2AA4A4F1 
 148      F4F9
 149 055d 310D253D 		.ascii	"1\015%=\224\220\362D\322ML\312\343\244\"\372\216+\361"
 149      9490F244 
 149      D24D4CCA 
 149      E3A422FA 
 149      8E2BF1
 150 0570 F3B2445B 		.ascii	"\363\262D[2H%\362H\245@*\243\244\272\324\220`\366\250"
 150      324825F2 
 150      48A5402A 
 150      A3A4BAD4 
 150      9060F6A8 
 151 0584 EC97908A 		.ascii	"\354\227\220\212ER9&\025s\322-B\352\015\216.\266B\027"
 151      45523926 
 151      1573D22D 
 151      42EA0D8E 
 151      2EB64217 
 152 0598 D14F932A 		.ascii	"\321O\223*\344\221*\201T\305\237\336\313W\005J\032\220"
 152      E4912A81 
 152      54C59FDE 
 152      CB57054A 
 152      1A90
 153 05aa 906E8BA4 		.ascii	"\220n\213\244jL\272\315I5\204\344}+wP\203Be\220j\345"
 153      6A4CBACD 
 153      493584E4 
 153      7D2B7750 
 153      83426590 
 154 05c0 91EA8054 		.ascii	"\221\352\200TOIM\327}\306\330(\215KHwDR\003&\335\341"
 154      4F494DD7 
 154      7DC6D828 
 154      8D4B4877 
 154      44520326 
 155 05d6 243D212D 		.ascii	"$=!-\306tmiP\214\014R\223<R3\220Z(i\332{\375\022\233"
 155      C6746D69 
 155      508C0C52 
 155      933C5233 
 155      905A2869 
 156 05ef 4B131252 		.ascii	"K\023\022R\243Hj\305\244FNj#\244\270\321\30415J\222"
 156      A3486AC5 
 156      A4464E6A 
 156      23A4B8D1 
 156      C431354A 
 157 0604 41EA9047 		.ascii	"A\352\220G\272\013\244{\224T4u?\215\335\270I\011\251"
 157      BA0BA47B 
 157      94543475 
 157      3F8DDDB8 
 157      4909A9
ARM GAS  /var/folders/fq/ltb3dbq95yq6ljzx21t9gnkc0000gn/T//ccW29Qj9.s 			page 12


 158 0617 5D24DDC7 		.ascii	"]$\335\307\244vN\352$\244\261\274\231A3\224%\203\324"
 158      A4764EEA 
 158      24A4B1BC 
 158      99413394 
 158      2583D4
 159 062a 2D8FD403 		.ascii	"-\217\324\003\244\007\224\024\222\032|\210\212\246$"
 159      A4079414 
 159      921A7C88 
 159      8AA624
 160 0639 A22E51D4 		.ascii	"\242.Q\324\213E]\\\324GD\343UE\317\225\250P\206\250"
 160      8B455D5C 
 160      D44744E3 
 160      5545CF95 
 160      A85086A8 
 161 064d 5F9E6800 		.ascii	"_\236h\000D\203T\224\031\326Z\304\006iVBz(\222\2060"
 161      44835494 
 161      19D65AC4 
 161      06695642 
 161      7A289286 
 162 0662 E9212719 		.ascii	"\351!'\031\010I\337\332\233\256F\267e\220F\344\221F"
 162      0849DFDA 
 162      9BAE46B7 
 162      659046E4 
 162      9146
 163 0674 81344649 		.ascii	"\2014FI\217\353{\003\331\357\2239\011iX$=\302\244aN"
 163      8FEB7B03 
 163      D9EF9339 
 163      09695824 
 163      3DC2A461 
 164 0689 7A4C4865 		.ascii	"zLHem\323\360\033\246^\006i\\\036i\002H\223\224\364"
 164      6DD3F01B 
 164      A65E0669 
 164      5C1E6902 
 164      489394F4 
 165 069d 7C795CC7 		.ascii	"|y\\\307\036\336\253\022\322\023\2214\205IO8i\232>\226"
 165      1EDEAB12 
 165      D2139134 
 165      85494F38 
 165      699A3E96 
 166 06b1 6AE727AD 		.ascii	"j\347'\255P\273\014\322\254<\322\034\220\346)i\265{"
 166      50BB0CD2 
 166      AC3CD21C 
 166      90E62969 
 166      B57B
 167 06c3 3D91DDB8 		.ascii	"=\221\335\2705\011iF$-`\322\014'-\022R\351\215\361d"
 167      35096946 
 167      242D60D2 
 167      0C272D12 
 167      52E98DF1 
 168 06d8 157A2083 		.ascii	"\025z \203\364T\036\351\031\220\226))p\344\331+T\264"
 168      F4541EE9 
 168      19909629 
 168      2970E4D9 
 168      2B54B4
 169 06eb 29112D89 		.ascii	")\021-\211\242\025,Z\342\242U:\225rn\237\267@\3032D"
 169      A2152C5A 
 169      E2A2553A 
ARM GAS  /var/folders/fq/ltb3dbq95yq6ljzx21t9gnkc0000gn/T//ccW29Qj9.s 			page 13


 169      95726E9F 
 169      B740C332 
 170 0700 EBF2441B 		.ascii	"\353\362D\033 \332\244\242\245\347\005|\265\364\\BZ"
 170      20DAA4A2 
 170      A5E7057C 
 170      B5F45C42 
 170      5A
 171 0711 1349CF31 		.ascii	"\023I\3171i\215\223\266\350\033\256\261\353\0234)C\244"
 171      698D93B6 
 171      E81BAEB1 
 171      EB133429 
 171      43A4
 172 0723 45B244E7 		.ascii	"E\262D\347\220J8\217\350\243\273\370\316\012\373\337"
 172      904A388F 
 172      E8A3BBF8 
 172      CE0AFBDF 
 173 0733 265B12D1 		.ascii	"&[\022\321\266(\362\202J\334\244\242\013\010\213\202"
 173      B628F282 
 173      4ADCA4A2 
 173      0B088B82 
 174 0743 CB7DE635 		.ascii	"\313}\3465hI\006\311G\036\351\"\220|)\251\256F\037\304"
 174      684906C9 
 174      471EE922 
 174      907C29A9 
 174      AE461FC4 
 175 0757 06695B42 		.ascii	"\006i[B\362F\234\344\207I\320\244$\177B\212\035\010"
 175      F2469CE4 
 175      8749D0A4 
 175      247F428A 
 175      1D08
 176 0769 0FD5A04D 		.ascii	"\017\325\240M\031\244@y\244  \005S\322\362\375\226B"
 176      19A44079 
 176      A4202005 
 176      53D2F2FD 
 176      9642
 177 077b B6F0F6BF 		.ascii	"\266\360\366\277fJ\012\020I!\230\024\300I\241\204\024"
 177      664A0A10 
 177      49219814 
 177      C049A184 
 177      14
 178 078c B896B669 		.ascii	"\270\226\266i\215\274U?M\012\223G\012\007\322eJ\272"
 178      8DBC553F 
 178      4D0A9347 
 178      0A07D265 
 178      4ABA
 179 079e E2D79A65 		.ascii	"\342\327\232eCI\001\022\322%\221\024\201I\2278)\222"
 179      43490112 
 179      D2259114 
 179      81499738 
 179      2992
 180 07b0 9074FAA8 		.ascii	"\220t\372\250x\013\024,\203\024-\217\024\003\244XJ\012"
 180      780B142C 
 180      83142D8F 
 180      1403A458 
 180      4A0A
 181 07c2 2A6BBBC7 		.ascii	"*k\273\307\236J\201\022R\224H\212\303\244"
 181      9E4A8112 
ARM GAS  /var/folders/fq/ltb3dbq95yq6ljzx21t9gnkc0000gn/T//ccW29Qj9.s 			page 14


 181      5294488A 
 181      C3A4
 182 07d0 284E8A27 		.ascii	"(N\212'\244\310\321\340\"\015\212\222A\272*\217\224"
 182      A4C8D1E0 
 182      220D8A92 
 182      41BA2A8F 
 182      94
 183 07e1 00241D25 		.ascii	"\000$\035%U,\371\3713R\220\204tE$%b\322\025NJ\"\244"
 183      552CF9F9 
 183      33529084 
 183      74452425 
 183      62D2154E 
 184 07f8 ABDEADBF 		.ascii	"\253\336\255\277@:\031\242\024y\242k J\245\242y\377"
 184      403A19A2 
 184      1479A26B 
 184      204AA5A2 
 184      79FF
 185 080a B82E732A 		.ascii	"\270.s*\212\226\210\222EQ\032\026%sQ:\0215\204\267="
 185      8A968892 
 185      45511A16 
 185      2573513A 
 185      113584B7 
 186 081f 1050860C 		.ascii	"\020P\206\014R\246<R\026\220\262));\337\220\312\326"
 186      52A63C52 
 186      1690B229 
 186      293BDF90 
 186      CAD6
 187 0831 4A311252 		.ascii	"J1\022R\206H\272\216I\031\234\224CH\315\227#\264*\224"
 187      8648BA8E 
 187      49199C94 
 187      4348CD97 
 187      23B42A94 
 188 0845 2F837443 		.ascii	"/\203tC\036)\017H\371\224t-\272\340?\250(V\"\312\025"
 188      1E290F48 
 188      F994742D 
 188      BAE03FA8 
 188      285622CA 
 189 085a 45055894 		.ascii	"E\005X\224\313E\205D\224\027\221\322\251D\3452DE\362"
 189      CB458544 
 189      941791D2 
 189      A944E532 
 189      4445F2
 190 086d 44C5202A 		.ascii	"D\305 *a\203\004\017a\366\277\226\342$\244\233\"\251"
 190      6183040F 
 190      61F6BF96 
 190      E224A49B 
 190      22A9
 191 087f 14936E72 		.ascii	"\024\223nrR\031!=\255\352\350F\250V\006\351\226<\322"
 191      5219213D 
 191      ADEAE846 
 191      A85606E9 
 191      963CD2
 192 0892 6D205550 		.ascii	"m UPRN^\344\006[v_\225\220\312ER%&\225sR\025%\315^i"
 192      524E5EE4 
 192      065B765F 
 192      9590CA45 
 192      52252695 
ARM GAS  /var/folders/fq/ltb3dbq95yq6ljzx21t9gnkc0000gn/T//ccW29Qj9.s 			page 15


 193 08ad 56A25619 		.ascii	"V\242V\031\244\032y\244;@\252\245\244`\303\325.\266"
 193      A41A79A4 
 193      3B40AAA5 
 193      A460C3D5 
 193      2EB6
 194 08bf 0A489090 		.ascii	"\012H\220\220\252ER\035&UsR=!\215\373\255\207\357A\335"
 194      AA45521D 
 194      26557352 
 194      3D218DFB 
 194      AD87EF41 
 195 08d4 32487A79 		.ascii	"2Hzy\244F 5QRwkz,\273q\351\022R\203Hj\306\244\006Nj"
 195      A4462035 
 195      5152776B 
 195      7A2CBB71 
 195      E9125283 
 196 08ef 21A42B7E 		.ascii	"!\244+~\015\227\254\320\220\014R\233<R;\220:(i\364n"
 196      0D97ACD0 
 196      900C529B 
 196      3C523B90 
 196      3A2869F4 
 197 0904 F72A7B06 		.ascii	"\367*{\006dHH\255\"\351.&\265r\322=\372\206k\317IU\222"
 197      644848AD 
 197      22E92E26 
 197      B572D23D 
 197      FA866BCF 
 198 091b 8FE0B436 		.ascii	"\217\340\2646\3700-\001\0111J\362\231[\025Qf7m\350\254"
 198      F8302D01 
 198      09314AF2 
 198      995B1551 
 198      66376DE8 
 199 0930 D1382357 		.ascii	"\3218#W\254\326\253\321\"m\004\372\032\032\325h\203"
 199      ACD6ABD1 
 199      226D04FA 
 199      1A1AD568 
 199      83
 200 0941 36CEA596 		.ascii	"6\316\245\226\007Z\300n\377\242&\310\241\270\265\024"
 200      075AC06E 
 200      FFA226C8 
 200      A1B8B514 
 201 0951 2BD2C41F 		.ascii	"+\322\304\037\030\333\302&\245\376\2616Y#\354'\037$"
 201      18DBC226 
 201      A5FEB136 
 201      5923EC27 
 201      1F24
 202 0963 CE07DF4C 		.ascii	"\316\007\337L\261)\325j-\205\207H-\364p\240\202\354"
 202      B129D56A 
 202      2D858748 
 202      2DF470A0 
 202      82EC
 203 0975 8E7FC807 		.ascii	"\216\177\310\007\210\364C>\205\370\021\237\320\207\366"
 203      88F4433E 
 203      85F8119F 
 203      D087F6
 204 0984 4305A915 		.ascii	"C\005\251\025\036 ;\241\027\341\017\372\224u\233\025"
 204      1E203BA1 
 204      17E10FFA 
 204      94759B15 
ARM GAS  /var/folders/fq/ltb3dbq95yq6ljzx21t9gnkc0000gn/T//ccW29Qj9.s 			page 16


 205 0994 17CC04F5 		.ascii	"\027\314\004\365\376\335w\032\330e'b\010(~\372\325y"
 205      FEDD771A 
 205      D8652762 
 205      08287EFA 
 205      D579
 206 09a6 ED51A11F 		.ascii	"\355Q\241\037\010\335F\002\210\250\001.cn\310'\313\314"
 206      08DD4602 
 206      88A8012E 
 206      636EC827 
 206      CBCC
 207 09b8 C6DF785C 		.ascii	"\306\337x\\Rl\374\310q\020\331\260\312\252\231\344G"
 207      526CFCC8 
 207      7110D9B0 
 207      CAAA99E4 
 207      47
 208 09c9 E668DE8C 		.ascii	"\346h\336\214\014F\364\305s\235\010m\320\306`t\225\277"
 208      0C46F4C5 
 208      739D086D 
 208      D0C66074 
 208      95BF
 209 09db 4A720C7C 		.ascii	"Jr\014|S\214\307\030F6\354\324p)qQsO-\204\3756\004X"
 209      538CC718 
 209      4636ECD4 
 209      70297151 
 209      734F2D84 
 210 09f3 51724DD0 		.ascii	"QrM\320jU\302(T\030\214\300azR\205\342o\035S\030\201"
 210      6A55C228 
 210      54188CC0 
 210      617A5285 
 210      E26F1D53 
 211 0a09 4B363DAC 		.ascii	"K6=\254P\030\265jP#_s\002*\236\\\271\243F\221\264\221"
 211      5018B56A 
 211      50235F73 
 211      022A9E5C 
 211      B9A34691 
 212 0a1f 1211996D 		.ascii	"\022\021\231mFn\267%n\016\367\215\244\333\242$\332w"
 212      466EB725 
 212      6E0EF78D 
 212      A4DBA224 
 212      DA77
 213 0a31 23AB797B 		.ascii	"#\253y{\017*\244\215\346\221\325%\372\321\354\013\270"
 213      0F2AA48D 
 213      E691D525 
 213      FAD1EC0B 
 213      B8
 214 0a42 E95F36F9 		.ascii	"\351_6\371h\017\252\247}\211\347|\"\324\250\2076bVZ"
 214      680FAAA7 
 214      7D89E77C 
 214      22D4A887 
 214      3662565A 
 215 0a56 EA6D49E1 		.ascii	"\352mI\341kd>\265\007\335\261A\223\264\257\243\317'"
 215      6B643EB5 
 215      07DDB141 
 215      93B4AFA3 
 215      CF27
 216 0a68 D30A2DD1 		.ascii	"\323\012-\321\006\377\234\334\206~N\036\3435\321f\206"
 216      06FF9CDC 
ARM GAS  /var/folders/fq/ltb3dbq95yq6ljzx21t9gnkc0000gn/T//ccW29Qj9.s 			page 17


 216      867E4E1E 
 216      E335D166 
 216      86
 217 0a79 36695F4F 		.ascii	"6i_OH\374\266\031\362\266 \215\364\221\266\260=\244"
 217      48FCB619 
 217      F2B6208D 
 217      F491B6B0 
 217      3DA4
 218 0a8b F02DDCBC 		.ascii	"\360-\334\274\030\031q[\203\202i\337\330\272nN\211b"
 218      1819715B 
 218      838269DF 
 218      D8BA6E4E 
 218      8962
 219 0a9d 69636865 		.ascii	"iche\250\306\202\024\036\304\315\366HC\213%\312\245"
 219      A8C68214 
 219      1EC4CDF6 
 219      48438B25 
 219      CAA5
 220 0aaf 7DEBA30F 		.ascii	"}\353\243\017\003lQ\011m\234\253\272~\237\026\036!\317"
 220      036C5109 
 220      6D9CABBA 
 220      7E9F161E 
 220      21CF
 221 0ac1 BCF09E01 		.ascii	"\274\360\236\001%j\240}\315\315\331\257\321\367\003"
 221      256AA07D 
 221      CDCDD9AF 
 221      D1F703
 222 0ad0 1991885B 		.ascii	"\031\221\210[\361aV\244TK\272o\205\204\324\321]_\307"
 222      F16156A4 
 222      544BBA6F 
 222      8584D4D1 
 222      5D5FC7
 223 0ae3 CDB5FEA4 		.ascii	"\315\265\376\244\241\277\363\231\364s\304>\223\336$"
 223      A1BFF399 
 223      F473C43E 
 223      93DE24
 224 0af2 535568C8 		.ascii	"SUh\310x4\210\214\237I{\222{\273\016\263r\003\341\362"
 224      7834888C 
 224      9F497B92 
 224      7BBB0EB3 
 224      7203E1F2 
 225 0b06 2DB497EF 		.ascii	"-\264\227\357DV\366\245>\0216\250\207\272\362\223\257"
 225      4456F6A5 
 225      3E1136A8 
 225      87BAF293 
 225      AF
 226 0b17 1551C851 		.ascii	"\025Q\310Qh\276\3443\221\333e%\274!\371y\011b\277\016"
 226      68BEE433 
 226      91DB6525 
 226      BC21F979 
 226      0962BF0E 
 227 0b2b 66856E36 		.ascii	"f\205n6_{\364\002\"G\037\207\231\023\242z\3118;&\310"
 227      5F7BF402 
 227      22471F87 
 227      9913A27A 
 227      C9383B26 
 228 0b40 A9DE867F 		.ascii	"\251\336\206\177\024\244v\316X;\271{m\232 \026\317\030"
ARM GAS  /var/folders/fq/ltb3dbq95yq6ljzx21t9gnkc0000gn/T//ccW29Qj9.s 			page 18


 228      14A476CE 
 228      583BB97B 
 228      6D9A2016 
 228      CF18
 229 0b52 8B9FEC2C 		.ascii	"\213\237\354,~\274\263x\312X<\266\263\370-I\255V\347"
 229      7EBCB378 
 229      CA583CB6 
 229      B3F82D49 
 229      AD56E7
 230 0b65 FFA6FE20 		.ascii	"\377\246\376 \276~a\233U\362Q\021\264*\251\327\017\326"
 230      BE7E619B 
 230      55F25111 
 230      B42AA9D7 
 230      0FD6
 231 0b77 EF07C941 		.ascii	"\357\007\311A\327v\036tu\247`\333(X\336Y\374lg\361\264"
 231      D7761E74 
 231      75A760DB 
 231      2858DE59 
 231      FC6C67F1 
 232 0b8c B1F8D1EE 		.ascii	"\261\370\321\356\327fDl\032k\027v\326.\356\250]3\326"
 232      D766446C 
 232      1A6B1776 
 232      D62EEEA8 
 232      5D33D6
 233 0b9f CEECAC9D 		.ascii	"\316\354\254\235\336\211X7\026\317\356,\236\333q\340"
 233      DE895837 
 233      16CFEE2C 
 233      9EDB71E0 
 234 0baf 2D63EDD3 		.ascii	"-c\355\323\335\257\316X\273j\254\235\332\035a\254\335"
 234      DDAFCE58 
 234      BB6AAC9D 
 234      DA1D61AC 
 234      DD
 235 0bc0 30D6CEEF 		.ascii	"0\326\316\357n\240\340Kl\036\037\365T\010\367\341vu"
 235      6EA0E04B 
 235      6C1E1FF5 
 235      5408F7E1 
 235      7675
 236 0bd2 923E5C0E 		.ascii	"\222>\\\016O\036!\\\265_\010S\275!\\\200\360\205\360"
 236      4F1E215C 
 236      B55F0853 
 236      BD215C80 
 236      F085F0
 237 0be5 82380771 		.ascii	"\2028\007q\036\"\010\302\037\"\000\"\030\302\017\"\024"
 237      1E2208C2 
 237      1F220022 
 237      18C20F22 
 237      14
 238 0bf6 2210E222 		.ascii	"\"\020\342\"\304%\010\037\010o\325\033\344QGX\317\215"
 238      C425081F 
 238      086FD51B 
 238      E4514758 
 238      CF8D
 239 0c08 ACA5DDC7 		.ascii	"\254\245\335\307\334d\034}\305Y\262\262\373,\021/\327"
 239      DC641C7D 
 239      C559B2B2 
 239      FB2C112F 
ARM GAS  /var/folders/fq/ltb3dbq95yq6ljzx21t9gnkc0000gn/T//ccW29Qj9.s 			page 19


 239      D7
 240 0c19 30D9E95C 		.ascii	"0\331\351\\\005\307\205\207\2710\264\3534%\245\370\221"
 240      05C78587 
 240      B930B4EB 
 240      3425A5F8 
 240      91
 241 0c2a 6C9878DF 		.ascii	"l\230x\337\022\367+\370Wj\370o\012e\202\337J/<\270_"
 241      12F72BF8 
 241      576AF86F 
 241      0A6582DF 
 241      4A2F3CB8 
 242 0c3f 2255014E 		.ascii	"\"U\001N\226B\004\034\245\313\370\320\306;\221\237\335"
 242      9642041C 
 242      A5CBF8D0 
 242      C63B919F 
 242      DD
 243 0c50 C64CB80C 		.ascii	"\306L\270\014C\365\3771l\360\330\320\256F\224\"4D\237"
 243      43F5FF31 
 243      6CF0D8D0 
 243      AE469422 
 243      34449F
 244 0c63 2109FA8C 		.ascii	"!\011\372\214i%\032\247\215\322\274\3205\015y\322}\212"
 244      69251AA7 
 244      8DD2BCD0 
 244      350D79D2 
 244      7D8A
 245 0c75 9B0FF451 		.ascii	"\233\017\364Q\037\220\307\213\025nmz\315,\243\277\375"
 245      1F90C78B 
 245      156E6D7A 
 245      CD2CA3BF 
 245      FD
 246 0c86 5C8B55B1 		.ascii	"\\\213U\261\347\332c\372\\\213\3504\004\230\357\374"
 246      E7DA63FA 
 246      5C8BE834 
 246      0498EFFC 
 247 0c96 AE4DB4CA 		.ascii	"\256M\264\312N\210!o\3368\325^\276\023\256\216\035\015"
 247      4E88216F 
 247      DE38D55E 
 247      BE13AE8E 
 247      1D0D
 248 0ca8 18307F7D 		.ascii	"\0300\177}\336\202,}p\037l\253\011\364\016\267$K\237"
 248      DE822C7D 
 248      701F6CAB 
 248      09F40EB7 
 248      244B9F
 249 0cbb 78155DFA 		.ascii	"x\025]\372lfj\347\324h\235b\347\273S\227\314\361\252"
 249      6C666AE7 
 249      D4689D62 
 249      E7BB5397 
 249      CCF1AA
 250 0cce E7AA8AAD 		.ascii	"\347\252\212\255\203\312\246cK\361\016B\224\012\011"
 250      83CAA663 
 250      4BF10E42 
 250      940A09
 251 0cdd 57542A21 		.ascii	"WT*!AE\327\324\213w\227\225h\233\356V\275|9\321\372"
 251      4145D7D4 
 251      8B779795 
ARM GAS  /var/folders/fq/ltb3dbq95yq6ljzx21t9gnkc0000gn/T//ccW29Qj9.s 			page 20


 251      689BEE56 
 251      BD7C39D1 
 252 0cf2 CD44ADE1 		.ascii	"\315D\255\341\274\341zr\223\215N\017wg{\373u\362k<Q"
 252      BCE17A72 
 252      938D4E0F 
 252      77677BFB 
 252      75F26B3C 
 253 0d07 45EE8EC9 		.ascii	"E\356\216\311U%\222c\343\375\032\233\247\356[\376\270"
 253      55259263 
 253      E3FD1A9B 
 253      A7EE5BFE 
 253      B8
 254 0d18 A1F5D51A 		.ascii	"\241\365\325\032rN\223\231\221\244z\223\236v}\253RE"
 254      724E9399 
 254      91A47A93 
 254      9E767DAB 
 254      5245
 255 0d2a 7AAAECC9 		.ascii	"z\252\354\311/\331\012a\037\351\330\316\012\271\211"
 255      2FD90A61 
 255      1FE9D8CE 
 255      0AB989
 256 0d39 68C79F48 		.ascii	"h\307\237HG-\353\310[\311\364\261\245\035\377K:\232"
 256      472DEBC8 
 256      5BC9F4B1 
 256      A51DFF4B 
 256      3A9A
 257 0d4b 584751AF 		.ascii	"XGQ\257O\223\031=I\356i\322\323\301z\022b\037\257#\323"
 257      4F93193D 
 257      49EE69D2 
 257      D3C17A12 
 257      621FAF23 
 258 0d60 9374B38E 		.ascii	"\223t\263\216\206\3315o\225\351I\372YGG\300B\257\231"
 258      86D9356F 
 258      95E949FA 
 258      594747C0 
 258      42AF99
 259 0d73 E9494658 		.ascii	"\351IFX\307\340\371\244%\272\207\241\204\236d\234\365"
 259      C7E0F9A4 
 259      25BA87A1 
 259      849E649C 
 259      F5
 260 0d84 C4F98457 		.ascii	"\304\371\204W\012\246'\231e\035k\376i\033\226\246'y"
 260      0AA62799 
 260      651D6BFE 
 260      691B96A6 
 260      2779
 261 0d96 CA3ABC27 		.ascii	"\312:\274'#\227\004\323\223\254\263\016\337\332\321"
 261      239704D3 
 261      93ACB30E 
 261      DFDAD1
 262 0da5 627625A5 		.ascii	"bv%\245\364$Z%\355\311\316\276wCr%>\254\303+!!\317\306"
 262      F4245A25 
 262      EDC9CEBE 
 262      77437225 
 262      3EACC32B 
 263 0dbd F42481AC 		.ascii	"\364$\201\254\243fs3Hr%a\254\243\273~b\235\236\335P"
 263      A3667333 
ARM GAS  /var/folders/fq/ltb3dbq95yq6ljzx21t9gnkc0000gn/T//ccW29Qj9.s 			page 21


 263      48722561 
 263      ACA3BB7E 
 263      629D9EDD 
 264 0dd2 9E2B90AE 		.ascii	"\236+\220\256h\326\325\252[XR\322}>\"\035WYGl\317\243"
 264      68D6D5AA 
 264      5B5852D2 
 264      7D3E221D 
 264      5759476C 
 265 0de8 A788CC71 		.ascii	"\247\210\314q%9D\345`?\033\276?\223\272\024V\027\234"
 265      253944E5 
 265      603F1BBE 
 265      3F93BA14 
 265      56179C
 266 0dfb 93B2644B 		.ascii	"\223\262dK\352\020n\346\026\024\373\260:?D\0123Y!\377"
 266      EA106EE6 
 266      1614FBB0 
 266      3A3F440A 
 266      335921FF 
 267 0e0f 369F867E 		.ascii	"6\237\206~\233oi\270\242\226\236\330p\233\231n\260\312"
 267      9B6F69B8 
 267      A2969ED8 
 267      709B996E 
 267      B0CA
 268 0e21 E9FB7165 		.ascii	"\351\373qe6\244\322\0147o\246\335KF\246\304\"V\027\346"
 268      36A4D20C 
 268      376FA6DD 
 268      4B46A6C4 
 268      225617E6 
 269 0e35 5D5242DF 		.ascii	"]RB\337\206\346d\345\223VQ\2501%\336bu+\311\206)\372"
 269      86E664E5 
 269      935651A8 
 269      3125DE62 
 269      752BC986 
 270 0e4b 5D390BDC 		.ascii	"]9\013\334\354o\354\217\323H\2105\254p+\2572\300\202"
 270      EC6FEC8F 
 270      D3488835 
 270      AC702BAF 
 270      32C082
 271 0e5e 9AF4CCA4 		.ascii	"\232\364\314\244g]\354=\256\241\357\361\202\213\333"
 271      675DEC3D 
 271      AEA1EFF1 
 271      828BDB
 272 0e6d F7AC4D49 		.ascii	"\367\254MIm\254,h}\241\225\222\324\2709\2624\363\033"
 272      6DAC2C68 
 272      7DA19592 
 272      D4B839B2 
 272      34F31B
 273 0e80 5351272B 		.ascii	"SQ'+{\022\232\236K\257\320\232,\252|\327\364\326\022"
 273      7B129A9E 
 273      4BAFD09A 
 273      2CAA7CD7 
 273      F4D612
 274 0e93 511FA77B 		.ascii	"Q\037\247{\317\373\251I!\371\023c\341\342\365n:\024"
 274      CFFBA949 
 274      21F91363 
 274      E1E2F56E 
 274      3A14
ARM GAS  /var/folders/fq/ltb3dbq95yq6ljzx21t9gnkc0000gn/T//ccW29Qj9.s 			page 22


 275 0ea5 86660634 		.ascii	"\206f\0064\360A\313\327\325[\222\312=\2709\231\030\022"
 275      F041CBD7 
 275      D55B92CA 
 275      3DB83999 
 275      1812
 276 0eb7 69612A7C 		.ascii	"ia*|\314\352\362\022\037\256\320\373\252!O\207\250\345"
 276      CCEAF212 
 276      1FAED0FB 
 276      AA214F87 
 276      A8E5
 277 0ec9 027353E2 		.ascii	"\002sS\3424\277`\303\371&\372]L[2OB\026\322\224\022"
 277      34BF60C3 
 277      F926FA5D 
 277      4C5B324F 
 277      4216D294 
 278 0ede E2222BE4 		.ascii	"\342\"+\344\313[\015]\3366\024zm\261\367\177\033#\256"
 278      CB5B0D5D 
 278      DE36147A 
 278      6DB1F77F 
 278      1B23AE
 279 0ef1 B2CAD591 		.ascii	"\262\312\325\221\305Vz\352\027\311\"\263F\233*\031\304"
 279      C5567AEA 
 279      17C922B3 
 279      469B2A19 
 279      C4
 280 0f02 2D56E73B 		.ascii	"-V\347;\023\023BOM\236o\223a\331\331JS\342\005D\353"
 280      1313424F 
 280      4D9E6F93 
 280      61D9D94A 
 280      53E20544 
 281 0f17 629AA3D8 		.ascii	"b\232\243\330`\277\204\233\343\271\331\201\266\022\242"
 281      60BF849B 
 281      E3B9D981 
 281      B612A2
 282 0f26 3F2BE4DF 		.ascii	"?+\344\337\206\324\320oC\366\267\316\337USb/#\206\262"
 282      86D4D06F 
 282      43F6B7CE 
 282      DF555362 
 282      2F2386B2 
 283 0f3a 4AFE354A 		.ascii	"J\3765J\015\375\032e\373\335\356$\265)1\222\325\015"
 283      0DFD1A65 
 283      FBDDEE24 
 283      B5293192 
 283      D50D
 284 0f4c 54DFE9B3 		.ascii	"T\337\351\263 u?\303\315G\343u7-M\211\361\254\256\277"
 284      20753FC3 
 284      CD47E375 
 284      372D4D89 
 284      F1ACAEBF 
 285 0f60 A32B8B12 		.ascii	"\243+\213\022_%c\265\236Vl.!&\361kak\177\015]\373oe"
 285      5F2563B5 
 285      9E566C2E 
 285      2126F16B 
 285      616B7F0D 
 286 0f78 AD4DD339 		.ascii	"\255M\3239j\350g\304tV9\226qi\233\216\342?\220\312\345"
 286      6AE867C4 
 286      74563996 
ARM GAS  /var/folders/fq/ltb3dbq95yq6ljzx21t9gnkc0000gn/T//ccW29Qj9.s 			page 23


 286      71699B8E 
 286      E23F90CA 
 287 0f8d F56A3353 		.ascii	"\365j3Sb\016\022'\363\012\275\024\372{\346\366\205\005"
 287      620E1227 
 287      F30ABD14 
 287      FA7BE6F6 
 287      8505
 288 0f9f 0B       		.ascii	"\013"
 289 0fa0 536221AB 		.ascii	"Sb!\253kZ\033}bF\352\376\221L\331\313\361\374q\310\210"
 289      6B5A1B7D 
 289      6246EAFE 
 289      914CD9CB 
 289      F1FC71C8 
 290 0fb5 65AC30FF 		.ascii	"e\2540\377\326\3703J\374'2iG\362\263\331\343q\210\021"
 290      D6F8334A 
 290      FC273269 
 290      47F2B3D9 
 290      E3718811 
 291 0fc9 AB58655C 		.ascii	"\253Xe\\B\317\354\036R\371\317\270Y~\251\250\306\306"
 291      42CFEC1E 
 291      52F9CFB8 
 291      597EA9A8 
 291      C6C6
 292 0fdb 9458CFEA 		.ascii	"\224X\317\352B\302\237\027\320\277\240\177N\036\222"
 292      42C29F17 
 292      D0BFA07F 
 292      4E1E92
 293 0fea 55F7BE34 		.ascii	"U\367\2764\025\266\2602\376\207\203\206\376\3410\022"
 293      15B6B032 
 293      FE878386 
 293      FEE13012 
 294 0ffa 5BD6217D 		.ascii	"[\326!}\377\336"
 294      FFDE
 295 1000 638561DA 		.ascii	"c\205a\332\342\213\326\207\013\265\276\272*\025Y\021"
 295      E28BD687 
 295      0BB5BEBA 
 295      2A155911 
 296 1010 BF6D2714 		.ascii	"\277m'\024\250~\024\376\315N(\204t\023~\253\026A.\206"
 296      A87E14FE 
 296      CD4E2884 
 296      74137EAB 
 296      16412E86 
 297 1024 5C02B914 		.ascii	"\\\002\271\024r\031\344r\310\267 \337\206\\\001\271"
 297      7219E472 
 297      C8B720DF 
 297      865C01B9 
 298 1034 127215E4 		.ascii	"\022r\025\344w\354\204jH5\320\274\003\271\026r\035\344"
 298      77EC846A 
 298      4835D0BC 
 298      03B91672 
 298      1DE4
 299 1046 7AC80D90 		.ascii	"z\310\015\220\365\220\033!7An\206\334\002\271\025r\033"
 299      F5901B21 
 299      37416E86 
 299      DC02B915 
 299      721B
 300 1058 E476C81D 		.ascii	"\344v\310\035\220\357B\276\007\371>\344N\310]\220\273"
ARM GAS  /var/folders/fq/ltb3dbq95yq6ljzx21t9gnkc0000gn/T//ccW29Qj9.s 			page 24


 300      90EF42BE 
 300      07F93EE4 
 300      4EC85D90 
 300      BB
 301 1069 21F7407E 		.ascii	"!\367@~\000\271\027r\037\344\207\220\373!\017@\036\204"
 301      00B91772 
 301      1FE48790 
 301      FB210F40 
 301      1E84
 302 107b 3C04D900 		.ascii	"<\004\331\000y\030\362\010\344Q\310c\220\037A~\014\371"
 302      7918F208 
 302      E451C863 
 302      901F417E 
 302      0CF9
 303 108d 09E471C8 		.ascii	"\011\344q\310\023\220'!OA\236\206<\003y\026\362\234"
 303      13902721 
 303      4F419E86 
 303      3C037916 
 303      F29C
 304 109f EA47F250 		.ascii	"\352G\362P\230H\361\263\"\003\242W\222u\025^\036%C\015"
 304      9848F1B3 
 304      2203A257 
 304      9275155E 
 304      1E25430D 
 305 10b3 5E22A540 		.ascii	"^\"\245@\306\313\244k\220\361R)\0252^.\245A\306K\246"
 305      C6CBA46B 
 305      90F15229 
 305      15325E2E 
 305      A541C64B 
 306 10c8 74C878D9 		.ascii	"t\310x\331\224\001\031/\2352!\343\345S\026d\274\204"
 306      9401192F 
 306      9D3221E3 
 306      E5531664 
 306      BC84
 307 10da 82BB4F96 		.ascii	"\202\273O\226Q\327!\343\245T\016d\274\234\312\205\214"
 307      51D721E3 
 307      A5540E64 
 307      BC9CCA85 
 307      8C
 308 10eb 97543720 		.ascii	"\227T7 \343eU\036d\274\264\312\207\014\313+a^u\030\333"
 308      E365551E 
 308      64BCB4CA 
 308      870CCB2B 
 308      615E7518 
 309 1100 66A6569B 		.ascii	"f\246V\233U\260\300\320\351\014\331s\237\204\362\365"
 309      55B0C0D0 
 309      E90CD973 
 309      9F84F2F5 
 310 1110 055646B2 		.ascii	"\005VF\262\365\005[\345\011:X\237\220\215x\201#,\300"
 310      F5055BE5 
 310      093A589F 
 310      908D7881 
 310      232CC0
 311 1123 FEC2222C 		.ascii	"\376\302\",*^v8\353\366\215\243\233\363I\027g\007\227"
 311      2A5E7638 
 311      EBF68DA3 
 311      9BF34917 
ARM GAS  /var/folders/fq/ltb3dbq95yq6ljzx21t9gnkc0000gn/T//ccW29Qj9.s 			page 25


 311      670797
 312 1136 EF9D5CCE 		.ascii	"\357\235\\\316x\272\236v3\377\355g\177\330w\\q\344\300"
 312      78BA9E76 
 312      33FFED67 
 312      7FD8775C 
 312      71E4C0
 313 1149 017BFADF 		.ascii	"\001{\372\337i\017{\247\323\247N\235v\263?s\332\335"
 313      690F7BA7 
 313      D3A74E9D 
 313      76B33F73 
 313      DADD
 314 115b D3C3FEE3 		.ascii	"\323\303\376\343\337\2358~\342{\274\355\214\353I\027"
 314      DF9D387E 
 314      E27BBCED 
 314      8CEB4917 
 315 116b 770FFBDF 		.ascii	"w\017\373\337\036?n\377\235\213\223\347iw\217\003N\212"
 315      1E3F6EFF 
 315      9D8B93E7 
 315      69778F03 
 315      4E8A
 316 117d 3DBF73F1 		.ascii	"=\277s\361p\361t\370\224\034\327\335\314\361\244\253"
 316      70F174F8 
 316      941CD7DD 
 316      CCF1A4AB 
 317 118d A387CAE9 		.ascii	"\243\207\312\351\033G\367Wv;\233B\365\337.\216\337Z"
 317      1B47F757 
 317      763B9B42 
 317      F5DF2E8E 
 317      DF5A
 318 119f 7F76E2DF 		.ascii	"\177v\342\337\371\036/~\352\350\356\374\211\343\331"
 318      F91E2F7E 
 318      EAE8EEFC 
 318      89E3D9
 319 11ae 93E2315E 		.ascii	"\223\3421^<\341r\352\204\243\233\343\327.|\313\013\307"
 319      3CE172EA 
 319      84A39BE3 
 319      D72E7CCB 
 319      0BC7
 320 11c0 CE7A484A 		.ascii	"\316zHJ\366\376\301\003\272%\233,\277$\244\367\216\263"
 320      F6FEC103 
 320      BA259B2C 
 320      BF24A4F7 
 320      8EB3
 321 11d2 17EF1FE4 		.ascii	"\027\357\037\344/\016\361\027G\254\277\370\362\270x"
 321      2F0EF117 
 321      47ACBFF8 
 321      F2B878
 322 11e1 CCDFB87C 		.ascii	"\314\337\270|u\366\353\023\247\335v\034\340\227\207"
 322      75F6EB13 
 322      A7DD761C 
 322      E09787
 323 11f0 349FBBB8 		.ascii	"4\237\273\2709\177\361%\337n\373\305\017\036\277wu\372"
 323      397FF125 
 323      DF6EFBC5 
 323      0F1EBF77 
 323      75FA
 324 1202 7647DD21 		.ascii	"vG\335!~\374C\374\370\207\216\360\027\334\360\001\257"
ARM GAS  /var/folders/fq/ltb3dbq95yq6ljzx21t9gnkc0000gn/T//ccW29Qj9.s 			page 26


 324      7EFC43FC 
 324      F8878EF0 
 324      17DCF001 
 324      AF
 325 1213 F980D77C 		.ascii	"\371\200\327|\300k>\3405\207y\315a^s\230\327\034\346"
 325      C06B3EE0 
 325      358779CD 
 325      615E7398 
 325      D71CE6
 326 1226 351FF29A 		.ascii	"5\037\362\232\017y\315\207\274\346C^s\204\327\034\341"
 326      0F79CD87 
 326      BCE6435E 
 326      7384D71C 
 326      E1
 327 1237 354778CD 		.ascii	"5Gx\315\021^\363\021\257\371\210\327|\304k>\3425\037"
 327      115EF311 
 327      AFF988D7 
 327      7CC46B3E 
 327      E2351F
 328 124a F39A8F79 		.ascii	"\363\232\217y\315\307\274\346c^s\214\327\034\3435\307"
 328      CDC7BCE6 
 328      635E738C 
 328      D71CE335 
 328      C7
 329 125b 78CDB1E3 		.ascii	"x\315\261\343Vln8xZ\236uu\363\374\345\373\016\236j\007"
 329      566C6E38 
 329      785A9E75 
 329      75F3FCE5 
 329      FB0E9E6A 
 330 1270 07FEF257 		.ascii	"\007\376\362W\366\247\317x\332\177\355\344\364\256\243"
 330      F6A7CF78 
 330      DA7FEDE4 
 330      F4AEA3
 331 127f FB297B88 		.ascii	"\373){\210w\335N\273\271\274\353\342\370\225\253\275"
 331      77DD4EBB 
 331      B9BCEBE2 
 331      F895ABBD 
 332 128f AB9BD3C9 		.ascii	"\253\233\323\311\263\316.\366\247\034\235\276qus\261"
 332      B3CE2EF6 
 332      A71C9DBE 
 332      717573B1 
 333 129f 777076F9 		.ascii	"wpv\371+\271\305\236?\234q\3618\360\215\342\035\031"
 333      2BB9C59E 
 333      3F9C71F1 
 333      38F08DE2 
 333      1D19
 334 12b1 3B7B783A 		.ascii	";{x:\303\251\240X\355\352\346\352\351\340\341\351\350"
 334      C3A9A058 
 334      EDEAE6EA 
 334      E9E0E1E9 
 334      E8
 335 12c2 F4AD8DAB 		.ascii	"\364\255\215\253\373\1779P\226\203\347\036w2a\351\324"
 335      FB7F3950 
 335      9683E71E 
 335      773261E9 
 335      D4
 336 12d3 74B7763B 		.ascii	"t\267v;\345\312_\277\010\263\326\231\236\221o9\345r"
ARM GAS  /var/folders/fq/ltb3dbq95yq6ljzx21t9gnkc0000gn/T//ccW29Qj9.s 			page 27


 336      E5CA5FBF 
 336      08B3D699 
 336      9E916F39 
 336      E572
 337 12e5 EA149D8A 		.ascii	"\352\024\235\212l\313\013_\235\365\220\224\354=\213"
 337      6CCB0B5F 
 337      9DF59094 
 337      EC3D8B
 338 12f4 A7A26493 		.ascii	"\247\242d\223%=\325{N\354\005L\305\357\370T\374\216"
 338      253DD57B 
 338      4EEC054C 
 338      C5EFF854 
 338      FC8E
 339 1306 4F458FEF 		.ascii	"OE\217\357\234x\375\313\316x*\302;\316\025\003\245\007"
 339      9C78FDCB 
 339      CE782AC2 
 339      3BCE1503 
 339      A507
 340 1318 81E97806 		.ascii	"\201\351x\006\246\243\307w|\273\255\307\017\036\236"
 340      A6A3C777 
 340      7CBBADC7 
 340      0F1E9E
 341 1327 783AB2B6 		.ascii	"x:\262\266\005\033nKv\201\036\026\036\220\341\255fu"
 341      051B6E4B 
 341      76811E16 
 341      1E90E1AD 
 341      6675
 342 1339 806D50A8 		.ascii	"\200mP\250\316z\2708\357up8\345\350\352F\007\304\001"
 342      CE7AB838 
 342      EF757038 
 342      E5E8EA46 
 342      07C401
 343 134c 0EE9E0F0 		.ascii	"\016\351\340\360\177\375d\024\363"
 343      7FFD6414 
 343      F3
 344              		.text
 345              		.section	.gnu.lto_.symtab.775fe71dc73b4c8c,"",%progbits
 346 0000 5F756E68 		.ascii	"_unhandled_exception\000\000\000\000\000\000\000\000"
 346      616E646C 
 346      65645F65 
 346      78636570 
 346      74696F6E 
 347 001c 00000000 		.ascii	"\000\000\000\000\254\000\000\000Reset_Handler\000\000"
 347      AC000000 
 347      52657365 
 347      745F4861 
 347      6E646C65 
 348 0033 01000000 		.ascii	"\001\000\000\000\000\000\000\000\000\000\276\000\000"
 348      00000000 
 348      0000BE00 
 348      00
 349 0040 004E4D49 		.ascii	"\000NMI_Handler\000\000\001\000\000\000\000\000\000"
 349      5F48616E 
 349      646C6572 
 349      00000100 
 349      00000000 
 350 0055 000000C4 		.ascii	"\000\000\000\304\000\000\000HardFault_Handler\000\000"
ARM GAS  /var/folders/fq/ltb3dbq95yq6ljzx21t9gnkc0000gn/T//ccW29Qj9.s 			page 28


 350      00000048 
 350      61726446 
 350      61756C74 
 350      5F48616E 
 351 006f 01000000 		.ascii	"\001\000\000\000\000\000\000\000\000\000\312\000\000"
 351      00000000 
 351      0000CA00 
 351      00
 352 007c 004D656D 		.ascii	"\000MemManage_Handler\000\000\001\000\000\000\000\000"
 352      4D616E61 
 352      67655F48 
 352      616E646C 
 352      65720000 
 353 0096 00000000 		.ascii	"\000\000\000\000\320\000\000\000BusFault_Handler\000"
 353      D0000000 
 353      42757346 
 353      61756C74 
 353      5F48616E 
 354 00af 00010000 		.ascii	"\000\001\000\000\000\000\000\000\000\000\000\326\000"
 354      00000000 
 354      000000D6 
 354      00
 355 00bc 00005573 		.ascii	"\000\000UsageFault_Handler\000\000\001\000\000\000\000"
 355      61676546 
 355      61756C74 
 355      5F48616E 
 355      646C6572 
 356 00d7 00000000 		.ascii	"\000\000\000\000\000\334\000\000\000Vector1C\000\000"
 356      00DC0000 
 356      00566563 
 356      746F7231 
 356      430000
 357 00ea 01000000 		.ascii	"\001\000\000\000\000\000\000\000\000\000\342\000\000"
 357      00000000 
 357      0000E200 
 357      00
 358 00f7 00566563 		.ascii	"\000Vector20\000\000\001\000\000\000\000\000\000\000"
 358      746F7232 
 358      30000001 
 358      00000000 
 358      000000
 359 010a 0000E800 		.ascii	"\000\000\350\000\000\000Vector24\000\000\001\000\000"
 359      00005665 
 359      63746F72 
 359      32340000 
 359      010000
 360 011d 00000000 		.ascii	"\000\000\000\000\000\000\000\356\000\000\000Vector2"
 360      000000EE 
 360      00000056 
 360      6563746F 
 360      7232
 361 012f 38000001 		.ascii	"8\000\000\001\000\000\000\000\000\000\000\000\000\364"
 361      00000000 
 361      00000000 
 361      00F4
 362 013d 00000053 		.ascii	"\000\000\000SVC_Handler\000\000\001\000\000\000\000"
 362      56435F48 
ARM GAS  /var/folders/fq/ltb3dbq95yq6ljzx21t9gnkc0000gn/T//ccW29Qj9.s 			page 29


 362      616E646C 
 362      65720000 
 362      01000000 
 363 0152 00000000 		.ascii	"\000\000\000\000\000\372\000\000\000DebugMon_Handle"
 363      00FA0000 
 363      00446562 
 363      75674D6F 
 363      6E5F4861 
 364 016a 72000001 		.ascii	"r\000\000\001\000\000\000\000\000\000\000\000\000\000"
 364      00000000 
 364      00000000 
 364      0000
 365 0178 01000056 		.ascii	"\001\000\000Vector34\000\000\001\000\000\000\000\000"
 365      6563746F 
 365      72333400 
 365      00010000 
 365      000000
 366 018b 00000000 		.ascii	"\000\000\000\000\006\001\000\000PendSV_Handler\000\000"
 366      06010000 
 366      50656E64 
 366      53565F48 
 366      616E646C 
 367 01a3 01000000 		.ascii	"\001\000\000\000\000\000\000\000\000\000\014\001\000"
 367      00000000 
 367      00000C01 
 367      00
 368 01b0 00537973 		.ascii	"\000SysTick_Handler\000\000\001\000\000\000\000\000"
 368      5469636B 
 368      5F48616E 
 368      646C6572 
 368      00000100 
 369 01c8 00000000 		.ascii	"\000\000\000\000\022\001\000\000Vector40\000\000\001"
 369      12010000 
 369      56656374 
 369      6F723430 
 369      000001
 370 01db 00000000 		.ascii	"\000\000\000\000\000\000\000\000\000\030\001\000\000"
 370      00000000 
 370      00180100 
 370      00
 371 01e8 56656374 		.ascii	"Vector44\000\000\001\000\000\000\000\000\000\000\000"
 371      6F723434 
 371      00000100 
 371      00000000 
 371      000000
 372 01fb 001E0100 		.ascii	"\000\036\001\000\000Vector48\000\000\001\000\000\000"
 372      00566563 
 372      746F7234 
 372      38000001 
 372      000000
 373 020e 00000000 		.ascii	"\000\000\000\000\000\000$\001\000\000Vector4C\000\000"
 373      00002401 
 373      00005665 
 373      63746F72 
 373      34430000 
 374 0222 01000000 		.ascii	"\001\000\000\000\000\000\000\000\000\000*\001\000\000"
 374      00000000 
ARM GAS  /var/folders/fq/ltb3dbq95yq6ljzx21t9gnkc0000gn/T//ccW29Qj9.s 			page 30


 374      00002A01 
 374      0000
 375 0230 56656374 		.ascii	"Vector50\000\000\001\000\000\000\000\000\000\000\000"
 375      6F723530 
 375      00000100 
 375      00000000 
 375      000000
 376 0243 00300100 		.ascii	"\0000\001\000\000Vector54\000\000\001\000\000\000\000"
 376      00566563 
 376      746F7235 
 376      34000001 
 376      00000000 
 377 0257 00000000 		.ascii	"\000\000\000\000\0006\001\000\000Vector58\000\000\001"
 377      00360100 
 377      00566563 
 377      746F7235 
 377      38000001 
 378 026b 00000000 		.ascii	"\000\000\000\000\000\000\000\000\000<\001\000\000Ve"
 378      00000000 
 378      003C0100 
 378      005665
 379 027a 63746F72 		.ascii	"ctor5C\000\000\001\000\000\000\000\000\000\000\000\000"
 379      35430000 
 379      01000000 
 379      00000000 
 379      0000
 380 028c 42010000 		.ascii	"B\001\000\000Vector60\000\000\001\000\000\000\000\000"
 380      56656374 
 380      6F723630 
 380      00000100 
 380      00000000 
 381 02a0 00000000 		.ascii	"\000\000\000\000H\001\000\000Vector64\000\000\001\000"
 381      48010000 
 381      56656374 
 381      6F723634 
 381      00000100 
 382 02b4 00000000 		.ascii	"\000\000\000\000\000\000\000\000N\001\000\000Vector"
 382      00000000 
 382      4E010000 
 382      56656374 
 382      6F72
 383 02c6 36380000 		.ascii	"68\000\000\001\000\000\000\000\000\000\000\000\000T"
 383      01000000 
 383      00000000 
 383      000054
 384 02d5 01000056 		.ascii	"\001\000\000Vector6C\000\000\001\000\000\000\000\000"
 384      6563746F 
 384      72364300 
 384      00010000 
 384      000000
 385 02e8 00000000 		.ascii	"\000\000\000\000Z\001\000\000Vector70\000\000\001\000"
 385      5A010000 
 385      56656374 
 385      6F723730 
 385      00000100 
 386 02fc 00000000 		.ascii	"\000\000\000\000\000\000\000\000`\001\000\000Vector"
 386      00000000 
ARM GAS  /var/folders/fq/ltb3dbq95yq6ljzx21t9gnkc0000gn/T//ccW29Qj9.s 			page 31


 386      60010000 
 386      56656374 
 386      6F72
 387 030e 37340000 		.ascii	"74\000\000\001\000\000\000\000\000\000\000\000\000f"
 387      01000000 
 387      00000000 
 387      000066
 388 031d 01000056 		.ascii	"\001\000\000Vector78\000\000\001\000\000\000\000\000"
 388      6563746F 
 388      72373800 
 388      00010000 
 388      000000
 389 0330 00000000 		.ascii	"\000\000\000\000l\001\000\000Vector7C\000\000\001\000"
 389      6C010000 
 389      56656374 
 389      6F723743 
 389      00000100 
 390 0344 00000000 		.ascii	"\000\000\000\000\000\000\000\000r\001\000\000Vector"
 390      00000000 
 390      72010000 
 390      56656374 
 390      6F72
 391 0356 38300000 		.ascii	"80\000\000\001\000\000\000\000\000\000\000\000\000x"
 391      01000000 
 391      00000000 
 391      000078
 392 0365 01000056 		.ascii	"\001\000\000Vector84\000\000\001\000\000\000\000\000"
 392      6563746F 
 392      72383400 
 392      00010000 
 392      000000
 393 0378 00000000 		.ascii	"\000\000\000\000~\001\000\000Vector88\000\000\001\000"
 393      7E010000 
 393      56656374 
 393      6F723838 
 393      00000100 
 394 038c 00000000 		.ascii	"\000\000\000\000\000\000\000\000\204\001\000\000Vec"
 394      00000000 
 394      84010000 
 394      566563
 395 039b 746F7238 		.ascii	"tor8C\000\000\001\000\000\000\000\000\000\000\000\000"
 395      43000001 
 395      00000000 
 395      00000000 
 395      00
 396 03ac 8A010000 		.ascii	"\212\001\000\000Vector90\000\000\001\000\000\000\000"
 396      56656374 
 396      6F723930 
 396      00000100 
 396      000000
 397 03bf 00000000 		.ascii	"\000\000\000\000\000\220\001\000\000Vector94\000\000"
 397      00900100 
 397      00566563 
 397      746F7239 
 397      340000
 398 03d2 01000000 		.ascii	"\001\000\000\000\000\000\000\000\000\000\226\001\000"
 398      00000000 
ARM GAS  /var/folders/fq/ltb3dbq95yq6ljzx21t9gnkc0000gn/T//ccW29Qj9.s 			page 32


 398      00009601 
 398      00
 399 03df 00566563 		.ascii	"\000Vector98\000\000\001\000\000\000\000\000\000\000"
 399      746F7239 
 399      38000001 
 399      00000000 
 399      000000
 400 03f2 00009C01 		.ascii	"\000\000\234\001\000\000"
 400      0000
 401 03f8 56656374 		.ascii	"Vector9C\000\000\001\000\000\000\000\000\000\000\000"
 401      6F723943 
 401      00000100 
 401      00000000 
 401      000000
 402 040b 00A20100 		.ascii	"\000\242\001\000\000VectorA0\000\000\001\000\000\000"
 402      00566563 
 402      746F7241 
 402      30000001 
 402      000000
 403 041e 00000000 		.ascii	"\000\000\000\000\000\000\250\001\000\000VectorA4\000"
 403      0000A801 
 403      00005665 
 403      63746F72 
 403      413400
 404 0431 00010000 		.ascii	"\000\001\000\000\000\000\000\000\000\000\000\256\001"
 404      00000000 
 404      000000AE 
 404      01
 405 043e 00005665 		.ascii	"\000\000VectorA8\000\000\001\000\000\000\000\000\000"
 405      63746F72 
 405      41380000 
 405      01000000 
 405      000000
 406 0451 000000B4 		.ascii	"\000\000\000\264\001\000\000VectorAC\000\000\001\000"
 406      01000056 
 406      6563746F 
 406      72414300 
 406      000100
 407 0464 00000000 		.ascii	"\000\000\000\000\000\000\000\000\272\001\000\000Vec"
 407      00000000 
 407      BA010000 
 407      566563
 408 0473 746F7242 		.ascii	"torB0\000\000\001\000\000\000\000\000\000\000\000\000"
 408      30000001 
 408      00000000 
 408      00000000 
 408      00
 409 0484 C0010000 		.ascii	"\300\001\000\000VectorB4\000\000\001\000\000\000\000"
 409      56656374 
 409      6F724234 
 409      00000100 
 409      000000
 410 0497 00000000 		.ascii	"\000\000\000\000\000\306\001\000\000VectorB8\000\000"
 410      00C60100 
 410      00566563 
 410      746F7242 
 410      380000
ARM GAS  /var/folders/fq/ltb3dbq95yq6ljzx21t9gnkc0000gn/T//ccW29Qj9.s 			page 33


 411 04aa 01000000 		.ascii	"\001\000\000\000\000\000\000\000\000\000\314\001\000"
 411      00000000 
 411      0000CC01 
 411      00
 412 04b7 00566563 		.ascii	"\000VectorBC\000\000\001\000\000\000\000\000\000\000"
 412      746F7242 
 412      43000001 
 412      00000000 
 412      000000
 413 04ca 0000D201 		.ascii	"\000\000\322\001\000\000_vectors\000\000\000\000\000"
 413      00005F76 
 413      6563746F 
 413      72730000 
 413      000000
 414 04dd 00000000 		.ascii	"\000\000\000\000\000\000\000r\002\000\000__main_sta"
 414      00000072 
 414      0200005F 
 414      5F6D6169 
 414      6E5F7374 
 415 04f2 636B5F65 		.ascii	"ck_end__\000\000\002\000\000\000\000\000\000\000\000"
 415      6E645F5F 
 415      00000200 
 415      00000000 
 415      000000
 416 0505 00220200 		.ascii	"\000\"\002\000\000"
 416      00
 417              		.text
 418              		.section	.gnu.lto_.opts,"",%progbits
 419 0000 272D666E 		.ascii	"'-fno-trapv' '-mcpu=cortex-m0' '-mno-thumb-interwor"
 419      6F2D7472 
 419      61707627 
 419      20272D6D 
 419      6370753D 
 420 0033 6B272027 		.ascii	"k' '-mthumb' '-ggdb' '-O2' '-fomit-frame-pointer' '"
 420      2D6D7468 
 420      756D6227 
 420      20272D67 
 420      67646227 
 421 0066 2D66616C 		.ascii	"-falign-functions=16' '-ffunction-sections' '-fdata"
 421      69676E2D 
 421      66756E63 
 421      74696F6E 
 421      733D3136 
 422 0099 2D736563 		.ascii	"-sections' '-fno-common' '-flto'\000"
 422      74696F6E 
 422      73272027 
 422      2D666E6F 
 422      2D636F6D 
 423              		.text
 424              		.comm	__gnu_lto_v1,1,1
 425              		.comm	__gnu_lto_slim,1,1
 426              		.ident	"GCC: (GNU Tools for ARM Embedded Processors) 4.9.3 20150303 (release) [ARM/embedded-4_9-br
ARM GAS  /var/folders/fq/ltb3dbq95yq6ljzx21t9gnkc0000gn/T//ccW29Qj9.s 			page 34


DEFINED SYMBOLS
                            *ABS*:0000000000000000 vectors.c
                            *COM*:0000000000000001 __gnu_lto_v1
                            *COM*:0000000000000001 __gnu_lto_slim

NO UNDEFINED SYMBOLS
